Using pre-set license
Built from '2021.3/staging' branch; Version is '2021.3.11f1 (0a5ca18544bf) revision 679073'; Using compiler version '192829333'; Build Type 'Release'
OS: 'Windows 10  (10.0.19044) 64bit Professional' Language: 'ko' Physical Memory: 16197 MB
BatchMode: 1, IsHumanControllingUs: 0, StartBugReporterOnCrash: 0, Is64bit: 1, IsPro: 1

COMMAND LINE ARGUMENTS:
C:\Program Files\Unity\Hub\Editor\2021.3.11f1\Editor\Unity.exe
-adb2
-batchMode
-noUpm
-name
AssetImportWorker15
-projectPath
C:/Users/alstn/Documents/GitHub/RTS-GAME/RTS GAME
-logFile
Logs/AssetImportWorker15.log
-srvPort
63452
Successfully changed project path to: C:/Users/alstn/Documents/GitHub/RTS-GAME/RTS GAME
C:/Users/alstn/Documents/GitHub/RTS-GAME/RTS GAME
[UnityMemory] Configuration Parameters - Can be set up in boot.config
    "memorysetup-bucket-allocator-granularity=16"
    "memorysetup-bucket-allocator-bucket-count=8"
    "memorysetup-bucket-allocator-block-size=33554432"
    "memorysetup-bucket-allocator-block-count=8"
    "memorysetup-main-allocator-block-size=16777216"
    "memorysetup-thread-allocator-block-size=16777216"
    "memorysetup-gfx-main-allocator-block-size=16777216"
    "memorysetup-gfx-thread-allocator-block-size=16777216"
    "memorysetup-cache-allocator-block-size=4194304"
    "memorysetup-typetree-allocator-block-size=2097152"
    "memorysetup-profiler-bucket-allocator-granularity=16"
    "memorysetup-profiler-bucket-allocator-bucket-count=8"
    "memorysetup-profiler-bucket-allocator-block-size=33554432"
    "memorysetup-profiler-bucket-allocator-block-count=8"
    "memorysetup-profiler-allocator-block-size=16777216"
    "memorysetup-profiler-editor-allocator-block-size=1048576"
    "memorysetup-temp-allocator-size-main=16777216"
    "memorysetup-job-temp-allocator-block-size=2097152"
    "memorysetup-job-temp-allocator-block-size-background=1048576"
    "memorysetup-job-temp-allocator-reduction-small-platforms=262144"
    "memorysetup-temp-allocator-size-background-worker=32768"
    "memorysetup-temp-allocator-size-job-worker=262144"
    "memorysetup-temp-allocator-size-preload-manager=33554432"
    "memorysetup-temp-allocator-size-nav-mesh-worker=65536"
    "memorysetup-temp-allocator-size-audio-worker=65536"
    "memorysetup-temp-allocator-size-cloud-worker=32768"
    "memorysetup-temp-allocator-size-gi-baking-worker=262144"
    "memorysetup-temp-allocator-size-gfx=262144"
Refreshing native plugins compatible for Editor in 97.94 ms, found 3 plugins.
Preloading 0 native plugins for Editor in 0.00 ms.
Initialize engine version: 2021.3.11f1 (0a5ca18544bf)
[Subsystems] Discovering subsystems at path C:/Program Files/Unity/Hub/Editor/2021.3.11f1/Editor/Data/Resources/UnitySubsystems
[Subsystems] Discovering subsystems at path C:/Users/alstn/Documents/GitHub/RTS-GAME/RTS GAME/Assets
GfxDevice: creating device client; threaded=0; jobified=0
Direct3D:
    Version:  Direct3D 11.0 [level 11.1]
    Renderer: AMD Radeon RX 6600 (ID=0x73ff)
    Vendor:   ATI
    VRAM:     8147 MB
    Driver:   31.0.14033.1012
Initialize mono
Mono path[0] = 'C:/Program Files/Unity/Hub/Editor/2021.3.11f1/Editor/Data/Managed'
Mono path[1] = 'C:/Program Files/Unity/Hub/Editor/2021.3.11f1/Editor/Data/MonoBleedingEdge/lib/mono/unityjit-win32'
Mono config path = 'C:/Program Files/Unity/Hub/Editor/2021.3.11f1/Editor/Data/MonoBleedingEdge/etc'
Using monoOptions --debugger-agent=transport=dt_socket,embedding=1,server=y,suspend=n,address=127.0.0.1:56368
Begin MonoManager ReloadAssembly
Registering precompiled unity dll's ...
Register platform support module: C:/Program Files/Unity/Hub/Editor/2021.3.11f1/Editor/Data/PlaybackEngines/AndroidPlayer/UnityEditor.Android.Extensions.dll
Register platform support module: C:/Program Files/Unity/Hub/Editor/2021.3.11f1/Editor/Data/PlaybackEngines/iOSSupport/UnityEditor.iOS.Extensions.dll
Register platform support module: C:/Program Files/Unity/Hub/Editor/2021.3.11f1/Editor/Data/PlaybackEngines/WindowsStandaloneSupport/UnityEditor.WindowsStandalone.Extensions.dll
Registered in 0.013011 seconds.
Native extension for WindowsStandalone target not found
[usbmuxd] Start listen thread
Native extension for iOS target not found
Native extension for Android target not found
[usbmuxd] Listen thread started
Refreshing native plugins compatible for Editor in 93.15 ms, found 3 plugins.
Preloading 0 native plugins for Editor in 0.00 ms.
Mono: successfully reloaded assembly
- Completed reload, in  1.051 seconds
Domain Reload Profiling:
	ReloadAssembly (1053ms)
		BeginReloadAssembly (101ms)
			ExecutionOrderSort (0ms)
			DisableScriptedObjects (0ms)
			BackupInstance (0ms)
			ReleaseScriptingObjects (0ms)
			CreateAndSetChildDomain (1ms)
		EndReloadAssembly (766ms)
			LoadAssemblies (97ms)
			RebuildTransferFunctionScriptingTraits (0ms)
			SetupTypeCache (214ms)
			ReleaseScriptCaches (0ms)
			RebuildScriptCaches (58ms)
			SetupLoadedEditorAssemblies (395ms)
				LogAssemblyErrors (0ms)
				InitializePlatformSupportModulesInManaged (82ms)
				SetLoadedEditorAssemblies (0ms)
				RefreshPlugins (93ms)
				BeforeProcessingInitializeOnLoad (3ms)
				ProcessInitializeOnLoadAttributes (148ms)
				ProcessInitializeOnLoadMethodAttributes (69ms)
				AfterProcessingInitializeOnLoad (0ms)
				EditorAssembliesLoaded (0ms)
			ExecutionOrderSort2 (0ms)
			AwakeInstancesAfterBackupRestoration (0ms)
Platform modules already initialized, skipping
Registering precompiled user dll's ...
Registered in 0.005937 seconds.
Begin MonoManager ReloadAssembly
Symbol file LoadedFromMemory doesn't match image C:\Users\alstn\Documents\GitHub\RTS-GAME\RTS GAME\Library\PackageCache\com.unity.visualscripting@1.7.8\Editor\VisualScripting.Core\Dependencies\YamlDotNet\Unity.VisualScripting.YamlDotNet.dll
Symbol file LoadedFromMemory doesn't match image C:\Users\alstn\Documents\GitHub\RTS-GAME\RTS GAME\Library\PackageCache\com.unity.visualscripting@1.7.8\Editor\VisualScripting.Core\Dependencies\DotNetZip\Unity.VisualScripting.IonicZip.dll
Native extension for WindowsStandalone target not found
Native extension for iOS target not found
Native extension for Android target not found
Refreshing native plugins compatible for Editor in 0.44 ms, found 3 plugins.
Preloading 0 native plugins for Editor in 0.00 ms.
Mono: successfully reloaded assembly
- Completed reload, in  0.857 seconds
Domain Reload Profiling:
	ReloadAssembly (858ms)
		BeginReloadAssembly (198ms)
			ExecutionOrderSort (0ms)
			DisableScriptedObjects (4ms)
			BackupInstance (0ms)
			ReleaseScriptingObjects (0ms)
			CreateAndSetChildDomain (124ms)
		EndReloadAssembly (576ms)
			LoadAssemblies (62ms)
			RebuildTransferFunctionScriptingTraits (0ms)
			SetupTypeCache (181ms)
			ReleaseScriptCaches (0ms)
			RebuildScriptCaches (33ms)
			SetupLoadedEditorAssemblies (272ms)
				LogAssemblyErrors (0ms)
				InitializePlatformSupportModulesInManaged (19ms)
				SetLoadedEditorAssemblies (0ms)
				RefreshPlugins (0ms)
				BeforeProcessingInitializeOnLoad (61ms)
				ProcessInitializeOnLoadAttributes (156ms)
				ProcessInitializeOnLoadMethodAttributes (27ms)
				AfterProcessingInitializeOnLoad (7ms)
				EditorAssembliesLoaded (0ms)
			ExecutionOrderSort2 (0ms)
			AwakeInstancesAfterBackupRestoration (5ms)
Platform modules already initialized, skipping
========================================================================
Worker process is ready to serve import requests
Launched and connected shader compiler UnityShaderCompiler.exe after 0.03 seconds
Refreshing native plugins compatible for Editor in 0.42 ms, found 3 plugins.
Preloading 0 native plugins for Editor in 0.00 ms.
Unloading 3535 Unused Serialized files (Serialized files now loaded: 0)
Unloading 29 unused Assets / (57.0 KB). Loaded Objects now: 4005.
Memory consumption went from 132.7 MB to 132.7 MB.
Total: 2.191900 ms (FindLiveObjects: 0.165300 ms CreateObjectMapping: 0.076200 ms MarkObjects: 1.879900 ms  DeleteObjects: 0.069600 ms)

AssetImportParameters requested are different than current active one (requested -> active):
  custom:video-decoder-ogg-theora: a1e56fd34408186e4bbccfd4996cb3dc -> 
  custom:container-muxer-webm: aa71ff27fc2769a1b78a27578f13a17b -> 
  custom:container-demuxer-webm: 4f35f7cbe854078d1ac9338744f61a02 -> 
  custom:video-encoder-webm-vp8: eb34c28f22e8b96e1ab97ce403110664 -> 
  custom:video-codec-MediaFoundation-h265: 746d11721c4dcdbdad8f713fa42b33f4 -> 
  custom:audio-encoder-webm-vorbis: bf7c407c2cedff20999df2af8eb42d56 -> 
  custom:framework-win-MediaFoundation: 216162199b28c13a410421893ffa2e32 -> 
  custom:container-demuxer-ogg: 62fdf1f143b41e24485cea50d1cbac27 -> 
  custom:video-decoder-webm-vp8: 9c59270c3fd7afecdb556c50c9e8de78 -> 
  custom:audio-decoder-ogg-vorbis: bf7c407c2cedff20999df2af8eb42d56 -> 
========================================================================
Received Import Request.
  Time since last request: 45855.235622 seconds.
  path: Assets/4. Image/Undead/Undead_Cossbowman.png
  artifactKey: Guid(2ddc08a0b122b5940bec807a28638f04) Importer(815301076,1909f56bfc062723c751e8b465ee728b)
Start importing Assets/4. Image/Undead/Undead_Cossbowman.png using Guid(2ddc08a0b122b5940bec807a28638f04) Importer(815301076,1909f56bfc062723c751e8b465ee728b)  -> (artifact id: '8511ad48115520dadb35accfede8ef28') in 0.096975 seconds 
========================================================================
Received Import Request.
  Time since last request: 0.000033 seconds.
  path: Assets/4. Image/Undead/Undead_Slave.png
  artifactKey: Guid(4ec3db3522a467a44a839f55d261d388) Importer(815301076,1909f56bfc062723c751e8b465ee728b)
Start importing Assets/4. Image/Undead/Undead_Slave.png using Guid(4ec3db3522a467a44a839f55d261d388) Importer(815301076,1909f56bfc062723c751e8b465ee728b)  -> (artifact id: '03d7ec65a46e19124f5e159202a0154f') in 0.013302 seconds 
========================================================================
Received Import Request.
  Time since last request: 7.896287 seconds.
  path: Assets/4. Image/Undead/Undead_Cossbowman.png
  artifactKey: Guid(2ddc08a0b122b5940bec807a28638f04) Importer(815301076,1909f56bfc062723c751e8b465ee728b)
Start importing Assets/4. Image/Undead/Undead_Cossbowman.png using Guid(2ddc08a0b122b5940bec807a28638f04) Importer(815301076,1909f56bfc062723c751e8b465ee728b)  -> (artifact id: 'ee562aa7f93941e10b7b3af7a6d09111') in 0.013675 seconds 
========================================================================
Received Import Request.
  Time since last request: 0.000030 seconds.
  path: Assets/4. Image/Undead/Undead_Gargolye.png
  artifactKey: Guid(d1c965fa23d39dc4386efe29932b45a1) Importer(815301076,1909f56bfc062723c751e8b465ee728b)
Start importing Assets/4. Image/Undead/Undead_Gargolye.png using Guid(d1c965fa23d39dc4386efe29932b45a1) Importer(815301076,1909f56bfc062723c751e8b465ee728b)  -> (artifact id: '62168738ae288e72579b2c4e4a83a816') in 0.015196 seconds 
========================================================================
Received Import Request.
  Time since last request: 0.000031 seconds.
  path: Assets/4. Image/Undead/Undead_Slave.png
  artifactKey: Guid(4ec3db3522a467a44a839f55d261d388) Importer(815301076,1909f56bfc062723c751e8b465ee728b)
Start importing Assets/4. Image/Undead/Undead_Slave.png using Guid(4ec3db3522a467a44a839f55d261d388) Importer(815301076,1909f56bfc062723c751e8b465ee728b)  -> (artifact id: '7f433d539e0e4a2606458b527b908beb') in 0.012055 seconds 
========================================================================
Received Import Request.
  Time since last request: 6.788642 seconds.
  path: Assets/3. Prefebs/createunit/Sentinel_Unit.prefab
  artifactKey: Guid(50616e9ae43bd674bb88611e1fb7ce96) Importer(815301076,1909f56bfc062723c751e8b465ee728b)
Start importing Assets/3. Prefebs/createunit/Sentinel_Unit.prefab using Guid(50616e9ae43bd674bb88611e1fb7ce96) Importer(815301076,1909f56bfc062723c751e8b465ee728b)  -> (artifact id: '3b09ca27b7b4973541480c90434e2018') in 0.016504 seconds 
========================================================================
Received Import Request.
  Time since last request: 7.750552 seconds.
  path: Assets/4. Image/Undead/Undead_Slave.png
  artifactKey: Guid(4ec3db3522a467a44a839f55d261d388) Importer(815301076,1909f56bfc062723c751e8b465ee728b)
Start importing Assets/4. Image/Undead/Undead_Slave.png using Guid(4ec3db3522a467a44a839f55d261d388) Importer(815301076,1909f56bfc062723c751e8b465ee728b)  -> (artifact id: 'ff511a15cd8e6212fea6a9f5f11535cb') in 0.039979 seconds 
========================================================================
Received Import Request.
  Time since last request: 11.375955 seconds.
  path: Assets/4. Image/Undead/Undead_Skeleton.png
  artifactKey: Guid(baeea7d75389fbc41bb19ea73b511ef7) Importer(815301076,1909f56bfc062723c751e8b465ee728b)
Start importing Assets/4. Image/Undead/Undead_Skeleton.png using Guid(baeea7d75389fbc41bb19ea73b511ef7) Importer(815301076,1909f56bfc062723c751e8b465ee728b)  -> (artifact id: 'a7362d3d9220b93faa24ca406c74fd71') in 0.016534 seconds 
========================================================================
Received Import Request.
  Time since last request: 4.529746 seconds.
  path: Assets/4. Image/Undead/Undead_Lich.png
  artifactKey: Guid(e98f9f2fada5c2c45b5debd2d05e382b) Importer(815301076,1909f56bfc062723c751e8b465ee728b)
Start importing Assets/4. Image/Undead/Undead_Lich.png using Guid(e98f9f2fada5c2c45b5debd2d05e382b) Importer(815301076,1909f56bfc062723c751e8b465ee728b)  -> (artifact id: '737a0b928aa95201290de53c4f09e544') in 0.015925 seconds 
========================================================================
Received Prepare
Registering precompiled user dll's ...
Registered in 0.005985 seconds.
Begin MonoManager ReloadAssembly
Symbol file LoadedFromMemory doesn't match image C:\Users\alstn\Documents\GitHub\RTS-GAME\RTS GAME\Library\PackageCache\com.unity.visualscripting@1.7.8\Editor\VisualScripting.Core\Dependencies\YamlDotNet\Unity.VisualScripting.YamlDotNet.dll
Symbol file LoadedFromMemory doesn't match image C:\Users\alstn\Documents\GitHub\RTS-GAME\RTS GAME\Library\PackageCache\com.unity.visualscripting@1.7.8\Editor\VisualScripting.Core\Dependencies\DotNetZip\Unity.VisualScripting.IonicZip.dll
Native extension for WindowsStandalone target not found
Native extension for iOS target not found
Native extension for Android target not found
Refreshing native plugins compatible for Editor in 0.77 ms, found 3 plugins.
Preloading 0 native plugins for Editor in 0.00 ms.
Mono: successfully reloaded assembly
- Completed reload, in  0.800 seconds
Domain Reload Profiling:
	ReloadAssembly (800ms)
		BeginReloadAssembly (109ms)
			ExecutionOrderSort (0ms)
			DisableScriptedObjects (6ms)
			BackupInstance (0ms)
			ReleaseScriptingObjects (0ms)
			CreateAndSetChildDomain (28ms)
		EndReloadAssembly (610ms)
			LoadAssemblies (71ms)
			RebuildTransferFunctionScriptingTraits (0ms)
			SetupTypeCache (188ms)
			ReleaseScriptCaches (1ms)
			RebuildScriptCaches (29ms)
			SetupLoadedEditorAssemblies (289ms)
				LogAssemblyErrors (0ms)
				InitializePlatformSupportModulesInManaged (27ms)
				SetLoadedEditorAssemblies (1ms)
				RefreshPlugins (1ms)
				BeforeProcessingInitializeOnLoad (56ms)
				ProcessInitializeOnLoadAttributes (163ms)
				ProcessInitializeOnLoadMethodAttributes (32ms)
				AfterProcessingInitializeOnLoad (9ms)
				EditorAssembliesLoaded (0ms)
			ExecutionOrderSort2 (0ms)
			AwakeInstancesAfterBackupRestoration (6ms)
Platform modules already initialized, skipping
Refreshing native plugins compatible for Editor in 1.60 ms, found 3 plugins.
Preloading 0 native plugins for Editor in 0.00 ms.
Unloading 3511 Unused Serialized files (Serialized files now loaded: 0)
Unloading 19 unused Assets / (25.4 KB). Loaded Objects now: 4024.
Memory consumption went from 135.0 MB to 135.0 MB.
Total: 2.816100 ms (FindLiveObjects: 0.221000 ms CreateObjectMapping: 0.117800 ms MarkObjects: 2.451300 ms  DeleteObjects: 0.025100 ms)

AssetImportParameters requested are different than current active one (requested -> active):
  custom:video-decoder-ogg-theora: a1e56fd34408186e4bbccfd4996cb3dc -> 
  custom:container-muxer-webm: aa71ff27fc2769a1b78a27578f13a17b -> 
  custom:container-demuxer-webm: 4f35f7cbe854078d1ac9338744f61a02 -> 
  custom:video-encoder-webm-vp8: eb34c28f22e8b96e1ab97ce403110664 -> 
  custom:video-codec-MediaFoundation-h265: 746d11721c4dcdbdad8f713fa42b33f4 -> 
  custom:audio-encoder-webm-vorbis: bf7c407c2cedff20999df2af8eb42d56 -> 
  custom:framework-win-MediaFoundation: 216162199b28c13a410421893ffa2e32 -> 
  custom:container-demuxer-ogg: 62fdf1f143b41e24485cea50d1cbac27 -> 
  custom:video-decoder-webm-vp8: 9c59270c3fd7afecdb556c50c9e8de78 -> 
  custom:audio-decoder-ogg-vorbis: bf7c407c2cedff20999df2af8eb42d56 -> 
========================================================================
Received Import Request.
  Time since last request: 16.374685 seconds.
  path: Assets/4. Image/Undead/Undead_Cossbowman.png
  artifactKey: Guid(2ddc08a0b122b5940bec807a28638f04) Importer(815301076,1909f56bfc062723c751e8b465ee728b)
Start importing Assets/4. Image/Undead/Undead_Cossbowman.png using Guid(2ddc08a0b122b5940bec807a28638f04) Importer(815301076,1909f56bfc062723c751e8b465ee728b)  -> (artifact id: '0e4d440109473f150c314e9b6ebee54c') in 0.049414 seconds 
========================================================================
Received Import Request.
  Time since last request: 31.637373 seconds.
  path: Assets/4. Image/Undead/Undead_Gargolye.png
  artifactKey: Guid(d1c965fa23d39dc4386efe29932b45a1) Importer(815301076,1909f56bfc062723c751e8b465ee728b)
Start importing Assets/4. Image/Undead/Undead_Gargolye.png using Guid(d1c965fa23d39dc4386efe29932b45a1) Importer(815301076,1909f56bfc062723c751e8b465ee728b)  -> (artifact id: '9741b055fd4c1d8f80b77ef38e98341c') in 0.016469 seconds 
========================================================================
Received Import Request.
  Time since last request: 4.222722 seconds.
  path: Assets/4. Image/Undead/Undead_Siege Engine.png
  artifactKey: Guid(f95cb3c3fe663e34a958b115748d8711) Importer(815301076,1909f56bfc062723c751e8b465ee728b)
Start importing Assets/4. Image/Undead/Undead_Siege Engine.png using Guid(f95cb3c3fe663e34a958b115748d8711) Importer(815301076,1909f56bfc062723c751e8b465ee728b)  -> (artifact id: 'c68769e95bca2a0955daa6efc9bccfb7') in 0.014919 seconds 
========================================================================
Received Import Request.
  Time since last request: 2.078752 seconds.
  path: Assets/4. Image/Undead/Undead_Death Rider.png
  artifactKey: Guid(becf2dc853fd6994da1f7b14f65e4a14) Importer(815301076,1909f56bfc062723c751e8b465ee728b)
Start importing Assets/4. Image/Undead/Undead_Death Rider.png using Guid(becf2dc853fd6994da1f7b14f65e4a14) Importer(815301076,1909f56bfc062723c751e8b465ee728b)  -> (artifact id: '04f4651f2bf4ff08653f6a2a54794d29') in 0.016549 seconds 
========================================================================
Received Import Request.
  Time since last request: 21.679490 seconds.
  path: Assets/RTS Mini Legion Fantasy PBR/Mini Legion Warband PBR/Prefabs/Bandwagon MaskTint.prefab
  artifactKey: Guid(c3117e8d6ea664f41970c42a5c119591) Importer(815301076,1909f56bfc062723c751e8b465ee728b)
Start importing Assets/RTS Mini Legion Fantasy PBR/Mini Legion Warband PBR/Prefabs/Bandwagon MaskTint.prefab using Guid(c3117e8d6ea664f41970c42a5c119591) Importer(815301076,1909f56bfc062723c751e8b465ee728b)  -> (artifact id: '76502c4f3c091c038f0ec66e6ff40bb3') in 0.269906 seconds 
========================================================================
Received Import Request.
  Time since last request: 0.000038 seconds.
  path: Assets/RTS Mini Legion Fantasy PBR/Mini Legion Warband PBR/Prefabs/HeadHunter Standard.prefab
  artifactKey: Guid(e832e597ac71628439a476072664cdea) Importer(815301076,1909f56bfc062723c751e8b465ee728b)
Start importing Assets/RTS Mini Legion Fantasy PBR/Mini Legion Warband PBR/Prefabs/HeadHunter Standard.prefab using Guid(e832e597ac71628439a476072664cdea) Importer(815301076,1909f56bfc062723c751e8b465ee728b)  -> (artifact id: '8d5d3e67d96723339750113d4d92d558') in 0.213984 seconds 
========================================================================
Received Import Request.
  Time since last request: 0.000048 seconds.
  path: Assets/RTS Mini Legion Fantasy PBR/Mini Legion Warband PBR/Prefabs/Grunt Standard.prefab
  artifactKey: Guid(078f8dbbda7240040841bfe37b5aeeee) Importer(815301076,1909f56bfc062723c751e8b465ee728b)
Start importing Assets/RTS Mini Legion Fantasy PBR/Mini Legion Warband PBR/Prefabs/Grunt Standard.prefab using Guid(078f8dbbda7240040841bfe37b5aeeee) Importer(815301076,1909f56bfc062723c751e8b465ee728b)  -> (artifact id: 'a2b4013236d4181516cd5e037cfb0fb4') in 0.211793 seconds 
========================================================================
Received Import Request.
  Time since last request: 0.000034 seconds.
  path: Assets/RTS Mini Legion Fantasy PBR/Mini Legion Warband PBR/Prefabs/Berserker Standard.prefab
  artifactKey: Guid(700aedd82e4405846beb241387f55082) Importer(815301076,1909f56bfc062723c751e8b465ee728b)
Start importing Assets/RTS Mini Legion Fantasy PBR/Mini Legion Warband PBR/Prefabs/Berserker Standard.prefab using Guid(700aedd82e4405846beb241387f55082) Importer(815301076,1909f56bfc062723c751e8b465ee728b)  -> (artifact id: '958f7a19e64d17dbeea64a4b007ced7b') in 0.238028 seconds 
========================================================================
Received Import Request.
  Time since last request: 0.000037 seconds.
  path: Assets/RTS Mini Legion Fantasy PBR/Mini Legion Warband PBR/Prefabs/Berserker MaskTint.prefab
  artifactKey: Guid(27c59390d415b0743a5f9ee443d86f55) Importer(815301076,1909f56bfc062723c751e8b465ee728b)
Start importing Assets/RTS Mini Legion Fantasy PBR/Mini Legion Warband PBR/Prefabs/Berserker MaskTint.prefab using Guid(27c59390d415b0743a5f9ee443d86f55) Importer(815301076,1909f56bfc062723c751e8b465ee728b)  -> (artifact id: 'd3f4e8fc6ef8d4c0a5d877753d1bc187') in 0.221853 seconds 
========================================================================
Received Import Request.
  Time since last request: 0.000042 seconds.
  path: Assets/RTS Mini Legion Fantasy PBR/Mini Legion Warband PBR/Prefabs/HogRider Standard.prefab
  artifactKey: Guid(8c68f085c5b9c174ba6be60a1a4b4639) Importer(815301076,1909f56bfc062723c751e8b465ee728b)
Start importing Assets/RTS Mini Legion Fantasy PBR/Mini Legion Warband PBR/Prefabs/HogRider Standard.prefab using Guid(8c68f085c5b9c174ba6be60a1a4b4639) Importer(815301076,1909f56bfc062723c751e8b465ee728b)  -> (artifact id: '5b16a5c883f9dc3fe4e52ae83085488f') in 0.231903 seconds 
========================================================================
Received Import Request.
  Time since last request: 0.003787 seconds.
  path: Assets/RTS Mini Legion Fantasy PBR/Mini Legion Warband PBR/Prefabs/Grunt MaskTint.prefab
  artifactKey: Guid(4dc0401276d0dbe4a83b8eb35676572d) Importer(815301076,1909f56bfc062723c751e8b465ee728b)
Start importing Assets/RTS Mini Legion Fantasy PBR/Mini Legion Warband PBR/Prefabs/Grunt MaskTint.prefab using Guid(4dc0401276d0dbe4a83b8eb35676572d) Importer(815301076,1909f56bfc062723c751e8b465ee728b)  -> (artifact id: 'c86dab81b5a808cfabce2911d3652372') in 0.242745 seconds 
========================================================================
Received Import Request.
  Time since last request: 0.000023 seconds.
  path: Assets/RTS Mini Legion Fantasy PBR/Mini Legion Warband PBR/Prefabs/Warlock Standard.prefab
  artifactKey: Guid(7743970d390edcf4c93b92b244e1d7cd) Importer(815301076,1909f56bfc062723c751e8b465ee728b)
Start importing Assets/RTS Mini Legion Fantasy PBR/Mini Legion Warband PBR/Prefabs/Warlock Standard.prefab using Guid(7743970d390edcf4c93b92b244e1d7cd) Importer(815301076,1909f56bfc062723c751e8b465ee728b)  -> (artifact id: 'd1e52e1f86fad8451b9d7376526f4e2a') in 0.300373 seconds 
Editor requested this worker to shutdown with reason: Scaling down because of idle timeout
AssetImportWorker is now disconnected from the server
Process exiting
Exiting without the bug reporter. Application will terminate with return code 0