Using pre-set license
Built from '2021.3/staging' branch; Version is '2021.3.11f1 (0a5ca18544bf) revision 679073'; Using compiler version '192829333'; Build Type 'Release'
OS: 'Windows 10  (10.0.19044) 64bit Professional' Language: 'ko' Physical Memory: 16197 MB
BatchMode: 1, IsHumanControllingUs: 0, StartBugReporterOnCrash: 0, Is64bit: 1, IsPro: 1

COMMAND LINE ARGUMENTS:
C:\Program Files\Unity\Hub\Editor\2021.3.11f1\Editor\Unity.exe
-adb2
-batchMode
-noUpm
-name
AssetImportWorker1
-projectPath
C:/Users/alstn/Documents/GitHub/RTS-GAME/RTS GAME
-logFile
Logs/AssetImportWorker1.log
-srvPort
52325
Successfully changed project path to: C:/Users/alstn/Documents/GitHub/RTS-GAME/RTS GAME
C:/Users/alstn/Documents/GitHub/RTS-GAME/RTS GAME
[UnityMemory] Configuration Parameters - Can be set up in boot.config
    "memorysetup-bucket-allocator-granularity=16"
    "memorysetup-bucket-allocator-bucket-count=8"
    "memorysetup-bucket-allocator-block-size=33554432"
    "memorysetup-bucket-allocator-block-count=8"
    "memorysetup-main-allocator-block-size=16777216"
    "memorysetup-thread-allocator-block-size=16777216"
    "memorysetup-gfx-main-allocator-block-size=16777216"
    "memorysetup-gfx-thread-allocator-block-size=16777216"
    "memorysetup-cache-allocator-block-size=4194304"
    "memorysetup-typetree-allocator-block-size=2097152"
    "memorysetup-profiler-bucket-allocator-granularity=16"
    "memorysetup-profiler-bucket-allocator-bucket-count=8"
    "memorysetup-profiler-bucket-allocator-block-size=33554432"
    "memorysetup-profiler-bucket-allocator-block-count=8"
    "memorysetup-profiler-allocator-block-size=16777216"
    "memorysetup-profiler-editor-allocator-block-size=1048576"
    "memorysetup-temp-allocator-size-main=16777216"
    "memorysetup-job-temp-allocator-block-size=2097152"
    "memorysetup-job-temp-allocator-block-size-background=1048576"
    "memorysetup-job-temp-allocator-reduction-small-platforms=262144"
    "memorysetup-temp-allocator-size-background-worker=32768"
    "memorysetup-temp-allocator-size-job-worker=262144"
    "memorysetup-temp-allocator-size-preload-manager=33554432"
    "memorysetup-temp-allocator-size-nav-mesh-worker=65536"
    "memorysetup-temp-allocator-size-audio-worker=65536"
    "memorysetup-temp-allocator-size-cloud-worker=32768"
    "memorysetup-temp-allocator-size-gi-baking-worker=262144"
    "memorysetup-temp-allocator-size-gfx=262144"
Refreshing native plugins compatible for Editor in 77.23 ms, found 3 plugins.
Preloading 0 native plugins for Editor in 0.00 ms.
Initialize engine version: 2021.3.11f1 (0a5ca18544bf)
[Subsystems] Discovering subsystems at path C:/Program Files/Unity/Hub/Editor/2021.3.11f1/Editor/Data/Resources/UnitySubsystems
[Subsystems] Discovering subsystems at path C:/Users/alstn/Documents/GitHub/RTS-GAME/RTS GAME/Assets
GfxDevice: creating device client; threaded=0; jobified=0
Direct3D:
    Version:  Direct3D 11.0 [level 11.1]
    Renderer: AMD Radeon RX 6600 (ID=0x73ff)
    Vendor:   ATI
    VRAM:     8147 MB
    Driver:   30.0.14023.3004
Initialize mono
Mono path[0] = 'C:/Program Files/Unity/Hub/Editor/2021.3.11f1/Editor/Data/Managed'
Mono path[1] = 'C:/Program Files/Unity/Hub/Editor/2021.3.11f1/Editor/Data/MonoBleedingEdge/lib/mono/unityjit-win32'
Mono config path = 'C:/Program Files/Unity/Hub/Editor/2021.3.11f1/Editor/Data/MonoBleedingEdge/etc'
Using monoOptions --debugger-agent=transport=dt_socket,embedding=1,server=y,suspend=n,address=127.0.0.1:56492
Begin MonoManager ReloadAssembly
Registering precompiled unity dll's ...
Register platform support module: C:/Program Files/Unity/Hub/Editor/2021.3.11f1/Editor/Data/PlaybackEngines/AndroidPlayer/UnityEditor.Android.Extensions.dll
Register platform support module: C:/Program Files/Unity/Hub/Editor/2021.3.11f1/Editor/Data/PlaybackEngines/iOSSupport/UnityEditor.iOS.Extensions.dll
Register platform support module: C:/Program Files/Unity/Hub/Editor/2021.3.11f1/Editor/Data/PlaybackEngines/WindowsStandaloneSupport/UnityEditor.WindowsStandalone.Extensions.dll
Registered in 0.007369 seconds.
Native extension for WindowsStandalone target not found
[usbmuxd] Start listen thread
[usbmuxd] Listen thread started
Native extension for iOS target not found
Native extension for Android target not found
Refreshing native plugins compatible for Editor in 73.18 ms, found 3 plugins.
Preloading 0 native plugins for Editor in 0.00 ms.
Mono: successfully reloaded assembly
- Completed reload, in  0.556 seconds
Domain Reload Profiling:
	ReloadAssembly (557ms)
		BeginReloadAssembly (64ms)
			ExecutionOrderSort (0ms)
			DisableScriptedObjects (0ms)
			BackupInstance (0ms)
			ReleaseScriptingObjects (0ms)
			CreateAndSetChildDomain (1ms)
		EndReloadAssembly (388ms)
			LoadAssemblies (61ms)
			RebuildTransferFunctionScriptingTraits (0ms)
			SetupTypeCache (91ms)
			ReleaseScriptCaches (0ms)
			RebuildScriptCaches (22ms)
			SetupLoadedEditorAssemblies (235ms)
				LogAssemblyErrors (0ms)
				InitializePlatformSupportModulesInManaged (52ms)
				SetLoadedEditorAssemblies (0ms)
				RefreshPlugins (73ms)
				BeforeProcessingInitializeOnLoad (1ms)
				ProcessInitializeOnLoadAttributes (71ms)
				ProcessInitializeOnLoadMethodAttributes (37ms)
				AfterProcessingInitializeOnLoad (0ms)
				EditorAssembliesLoaded (0ms)
			ExecutionOrderSort2 (0ms)
			AwakeInstancesAfterBackupRestoration (0ms)
Platform modules already initialized, skipping
Registering precompiled user dll's ...
Registered in 0.004236 seconds.
Begin MonoManager ReloadAssembly
Symbol file LoadedFromMemory doesn't match image C:\Users\alstn\Documents\GitHub\RTS-GAME\RTS GAME\Library\PackageCache\com.unity.visualscripting@1.7.8\Editor\VisualScripting.Core\Dependencies\YamlDotNet\Unity.VisualScripting.YamlDotNet.dll
Symbol file LoadedFromMemory doesn't match image C:\Users\alstn\Documents\GitHub\RTS-GAME\RTS GAME\Library\PackageCache\com.unity.visualscripting@1.7.8\Editor\VisualScripting.Core\Dependencies\DotNetZip\Unity.VisualScripting.IonicZip.dll
Native extension for WindowsStandalone target not found
Native extension for iOS target not found
Native extension for Android target not found
Refreshing native plugins compatible for Editor in 0.92 ms, found 3 plugins.
Preloading 0 native plugins for Editor in 0.00 ms.
Mono: successfully reloaded assembly
- Completed reload, in  0.975 seconds
Domain Reload Profiling:
	ReloadAssembly (976ms)
		BeginReloadAssembly (194ms)
			ExecutionOrderSort (0ms)
			DisableScriptedObjects (6ms)
			BackupInstance (0ms)
			ReleaseScriptingObjects (0ms)
			CreateAndSetChildDomain (122ms)
		EndReloadAssembly (684ms)
			LoadAssemblies (65ms)
			RebuildTransferFunctionScriptingTraits (0ms)
			SetupTypeCache (244ms)
			ReleaseScriptCaches (1ms)
			RebuildScriptCaches (42ms)
			SetupLoadedEditorAssemblies (296ms)
				LogAssemblyErrors (0ms)
				InitializePlatformSupportModulesInManaged (21ms)
				SetLoadedEditorAssemblies (0ms)
				RefreshPlugins (1ms)
				BeforeProcessingInitializeOnLoad (65ms)
				ProcessInitializeOnLoadAttributes (179ms)
				ProcessInitializeOnLoadMethodAttributes (22ms)
				AfterProcessingInitializeOnLoad (7ms)
				EditorAssembliesLoaded (0ms)
			ExecutionOrderSort2 (0ms)
			AwakeInstancesAfterBackupRestoration (7ms)
Platform modules already initialized, skipping
========================================================================
Worker process is ready to serve import requests
Launched and connected shader compiler UnityShaderCompiler.exe after 0.05 seconds
Refreshing native plugins compatible for Editor in 0.65 ms, found 3 plugins.
Preloading 0 native plugins for Editor in 0.00 ms.
Unloading 3384 Unused Serialized files (Serialized files now loaded: 0)
Unloading 27 unused Assets / (115.1 KB). Loaded Objects now: 3844.
Memory consumption went from 125.6 MB to 125.5 MB.
Total: 4.863500 ms (FindLiveObjects: 0.324000 ms CreateObjectMapping: 0.351100 ms MarkObjects: 3.980700 ms  DeleteObjects: 0.205800 ms)

AssetImportParameters requested are different than current active one (requested -> active):
  custom:video-decoder-ogg-theora: a1e56fd34408186e4bbccfd4996cb3dc -> 
  custom:container-muxer-webm: aa71ff27fc2769a1b78a27578f13a17b -> 
  custom:container-demuxer-webm: 4f35f7cbe854078d1ac9338744f61a02 -> 
  custom:video-encoder-webm-vp8: eb34c28f22e8b96e1ab97ce403110664 -> 
  custom:video-codec-MediaFoundation-h265: 746d11721c4dcdbdad8f713fa42b33f4 -> 
  custom:audio-encoder-webm-vorbis: bf7c407c2cedff20999df2af8eb42d56 -> 
  custom:framework-win-MediaFoundation: 216162199b28c13a410421893ffa2e32 -> 
  custom:container-demuxer-ogg: 62fdf1f143b41e24485cea50d1cbac27 -> 
  custom:video-decoder-webm-vp8: 9c59270c3fd7afecdb556c50c9e8de78 -> 
  custom:audio-decoder-ogg-vorbis: bf7c407c2cedff20999df2af8eb42d56 -> 
========================================================================
Received Import Request.
  Time since last request: 930693.280609 seconds.
  path: Assets/RTS Mini Legion Fantasy PBR/Mini Legion Human PBR/Materials/Skybox_Mat.mat
  artifactKey: Guid(d2d7dc5fec8d6b34d8640a166d001212) Importer(815301076,1909f56bfc062723c751e8b465ee728b)
Start importing Assets/RTS Mini Legion Fantasy PBR/Mini Legion Human PBR/Materials/Skybox_Mat.mat using Guid(d2d7dc5fec8d6b34d8640a166d001212) Importer(815301076,1909f56bfc062723c751e8b465ee728b)  -> (artifact id: '988fdeb11eb3d3fa4e256c8ad37f1566') in 0.256296 seconds 
========================================================================
Received Import Request.
  Time since last request: 0.000022 seconds.
  path: Assets/RTS Mini Legion Fantasy PBR/Mini Legion Human PBR/Materials/MaskTintPBR 2.mat
  artifactKey: Guid(cc637a490b9dadd45a2e13179d47666a) Importer(815301076,1909f56bfc062723c751e8b465ee728b)
Start importing Assets/RTS Mini Legion Fantasy PBR/Mini Legion Human PBR/Materials/MaskTintPBR 2.mat using Guid(cc637a490b9dadd45a2e13179d47666a) Importer(815301076,1909f56bfc062723c751e8b465ee728b)  -> (artifact id: '2058271e8e6856be6b3932835828b752') in 0.222456 seconds 
========================================================================
Received Import Request.
  Time since last request: 0.000045 seconds.
  path: Assets/RTS Mini Legion Fantasy PBR/Mini Legion Human PBR/Meshes/Griffin_Default.fbx
  artifactKey: Guid(3fd8c6231965a3e49b05cc710e979d21) Importer(815301076,1909f56bfc062723c751e8b465ee728b)
Start importing Assets/RTS Mini Legion Fantasy PBR/Mini Legion Human PBR/Meshes/Griffin_Default.fbx using Guid(3fd8c6231965a3e49b05cc710e979d21) Importer(815301076,1909f56bfc062723c751e8b465ee728b)  -> (artifact id: '0303ac7c2a909a4218287bb86bfbac1d') in 0.324864 seconds 
========================================================================
Received Import Request.
  Time since last request: 0.000025 seconds.
  path: Assets/RTS Mini Legion Fantasy PBR/Mini Legion Human PBR/Textures/StandardPBR/Emission.png
  artifactKey: Guid(e285419e7c88adf4887d37e94cfe2edf) Importer(815301076,1909f56bfc062723c751e8b465ee728b)
Start importing Assets/RTS Mini Legion Fantasy PBR/Mini Legion Human PBR/Textures/StandardPBR/Emission.png using Guid(e285419e7c88adf4887d37e94cfe2edf) Importer(815301076,1909f56bfc062723c751e8b465ee728b)  -> (artifact id: '18bf532a78f28c5f5fc32b31b204ec48') in 0.027211 seconds 
========================================================================
Received Import Request.
  Time since last request: 0.000032 seconds.
  path: Assets/RTS Mini Legion Fantasy PBR/Mini Legion Human PBR/Meshes/Worker_Default.fbx
  artifactKey: Guid(cfea109b7d0952745a08458e5d189170) Importer(815301076,1909f56bfc062723c751e8b465ee728b)
Start importing Assets/RTS Mini Legion Fantasy PBR/Mini Legion Human PBR/Meshes/Worker_Default.fbx using Guid(cfea109b7d0952745a08458e5d189170) Importer(815301076,1909f56bfc062723c751e8b465ee728b)  -> (artifact id: '16e775d210abc5223f624443679fa4cd') in 0.021976 seconds 
========================================================================
Received Import Request.
  Time since last request: 0.000022 seconds.
  path: Assets/RTS Mini Legion Fantasy PBR/Mini Legion Human PBR/Textures/MaskTintPBR/SAM.png
  artifactKey: Guid(f8c50de224de53946886747a8a9eed93) Importer(815301076,1909f56bfc062723c751e8b465ee728b)
Start importing Assets/RTS Mini Legion Fantasy PBR/Mini Legion Human PBR/Textures/MaskTintPBR/SAM.png using Guid(f8c50de224de53946886747a8a9eed93) Importer(815301076,1909f56bfc062723c751e8b465ee728b)  -> (artifact id: '17a04a492dcc70cc556d6e8cf7fa9a7a') in 0.016661 seconds 
========================================================================
Received Import Request.
  Time since last request: 0.000022 seconds.
  path: Assets/RTS Mini Legion Fantasy PBR/Mini Legion Human PBR/Materials/Stage.mat
  artifactKey: Guid(26c8d0a88c1116b45b1c3f1c170f0c16) Importer(815301076,1909f56bfc062723c751e8b465ee728b)
Start importing Assets/RTS Mini Legion Fantasy PBR/Mini Legion Human PBR/Materials/Stage.mat using Guid(26c8d0a88c1116b45b1c3f1c170f0c16) Importer(815301076,1909f56bfc062723c751e8b465ee728b)  -> (artifact id: 'f31aa2b28913905e2046d21a42dc8817') in 0.182258 seconds 
========================================================================
Received Import Request.
  Time since last request: 8.378648 seconds.
  path: Assets/RTS Mini Legion Fantasy PBR/Mini Legion Sentinel PBR/Materials/MaskTintPBR 3.mat
  artifactKey: Guid(676c046802148744fb6e184db90f7f69) Importer(815301076,1909f56bfc062723c751e8b465ee728b)
Start importing Assets/RTS Mini Legion Fantasy PBR/Mini Legion Sentinel PBR/Materials/MaskTintPBR 3.mat using Guid(676c046802148744fb6e184db90f7f69) Importer(815301076,1909f56bfc062723c751e8b465ee728b)  -> (artifact id: 'eef23c2c7aac9284d1765a05dbbf61fa') in 0.166100 seconds 
========================================================================
Received Import Request.
  Time since last request: 0.000020 seconds.
  path: Assets/RTS Mini Legion Fantasy PBR/Mini Legion Sentinel PBR/Materials/Skybox_Mat.mat
  artifactKey: Guid(aa94d3e0403885c44b11d3c62e24ac01) Importer(815301076,1909f56bfc062723c751e8b465ee728b)
Start importing Assets/RTS Mini Legion Fantasy PBR/Mini Legion Sentinel PBR/Materials/Skybox_Mat.mat using Guid(aa94d3e0403885c44b11d3c62e24ac01) Importer(815301076,1909f56bfc062723c751e8b465ee728b)  -> (artifact id: '066cbc6b5e7c1d04deb885e6a0c7d89c') in 0.012753 seconds 
========================================================================
Received Import Request.
  Time since last request: 4.379323 seconds.
  path: Assets/RTS Mini Legion Fantasy PBR/Mini Legion Sentinel PBR/Animations/Battle Owl/Die.fbx
  artifactKey: Guid(5c31cf560adaf8343821ab699cbaae9a) Importer(815301076,1909f56bfc062723c751e8b465ee728b)
Start importing Assets/RTS Mini Legion Fantasy PBR/Mini Legion Sentinel PBR/Animations/Battle Owl/Die.fbx using Guid(5c31cf560adaf8343821ab699cbaae9a) Importer(815301076,1909f56bfc062723c751e8b465ee728b)  -> (artifact id: 'a50402c3fd01f0a3b7cc05bd990ee6c6') in 0.022959 seconds 
========================================================================
Received Import Request.
  Time since last request: 0.000021 seconds.
  path: Assets/RTS Mini Legion Fantasy PBR/Mini Legion Sentinel PBR/Animations/Battle Owl/Get Hit.fbx
  artifactKey: Guid(3bea97452b357d34c82c08cf1b17df60) Importer(815301076,1909f56bfc062723c751e8b465ee728b)
Start importing Assets/RTS Mini Legion Fantasy PBR/Mini Legion Sentinel PBR/Animations/Battle Owl/Get Hit.fbx using Guid(3bea97452b357d34c82c08cf1b17df60) Importer(815301076,1909f56bfc062723c751e8b465ee728b)  -> (artifact id: '3e9e342ee1d13f6c81f625ada930f7e9') in 0.024540 seconds 
========================================================================
Received Import Request.
  Time since last request: 11.306113 seconds.
  path: Assets/RTS Mini Legion Fantasy PBR/Mini Legion Sentinel PBR/Animations/Demon Hunter/Die.fbx
  artifactKey: Guid(ae8ad9cb8042fa2468519644b111ff71) Importer(815301076,1909f56bfc062723c751e8b465ee728b)
Start importing Assets/RTS Mini Legion Fantasy PBR/Mini Legion Sentinel PBR/Animations/Demon Hunter/Die.fbx using Guid(ae8ad9cb8042fa2468519644b111ff71) Importer(815301076,1909f56bfc062723c751e8b465ee728b)  -> (artifact id: '5944efba01d4631d50d3d9ad0679d82a') in 0.023945 seconds 
========================================================================
Received Import Request.
  Time since last request: 0.000023 seconds.
  path: Assets/RTS Mini Legion Fantasy PBR/Mini Legion Sentinel PBR/Animations/Demon Hunter/Get Hit.fbx
  artifactKey: Guid(bebe93b08ea74974384231e8b0b9997e) Importer(815301076,1909f56bfc062723c751e8b465ee728b)
Start importing Assets/RTS Mini Legion Fantasy PBR/Mini Legion Sentinel PBR/Animations/Demon Hunter/Get Hit.fbx using Guid(bebe93b08ea74974384231e8b0b9997e) Importer(815301076,1909f56bfc062723c751e8b465ee728b)  -> (artifact id: 'a5a72dfe87c94a30f8e9652e172da097') in 0.023103 seconds 
========================================================================
Received Import Request.
  Time since last request: 0.000021 seconds.
  path: Assets/RTS Mini Legion Fantasy PBR/Mini Legion Sentinel PBR/Animations/Demon Hunter/Victory.fbx
  artifactKey: Guid(14dcd6c5211a82b47a0521a024bfb919) Importer(815301076,1909f56bfc062723c751e8b465ee728b)
Start importing Assets/RTS Mini Legion Fantasy PBR/Mini Legion Sentinel PBR/Animations/Demon Hunter/Victory.fbx using Guid(14dcd6c5211a82b47a0521a024bfb919) Importer(815301076,1909f56bfc062723c751e8b465ee728b)  -> (artifact id: '38d1158ac7c7d57729c2326e13a3f081') in 0.025278 seconds 
========================================================================
Received Import Request.
  Time since last request: 0.441487 seconds.
  path: Assets/RTS Mini Legion Fantasy PBR/Mini Legion Sentinel PBR/Animations/Dryad/Die.fbx
  artifactKey: Guid(e74e217c0cb38814ea9af63d5fd085e4) Importer(815301076,1909f56bfc062723c751e8b465ee728b)
Start importing Assets/RTS Mini Legion Fantasy PBR/Mini Legion Sentinel PBR/Animations/Dryad/Die.fbx using Guid(e74e217c0cb38814ea9af63d5fd085e4) Importer(815301076,1909f56bfc062723c751e8b465ee728b)  -> (artifact id: 'd036f7a89c1fdc5e339bd6976aa58025') in 0.080786 seconds 
========================================================================
Received Import Request.
  Time since last request: 0.000031 seconds.
  path: Assets/RTS Mini Legion Fantasy PBR/Mini Legion Sentinel PBR/Animations/Dryad/Walk.fbx
  artifactKey: Guid(acca0b1ee46dad94687bba01f6f88d4f) Importer(815301076,1909f56bfc062723c751e8b465ee728b)
Start importing Assets/RTS Mini Legion Fantasy PBR/Mini Legion Sentinel PBR/Animations/Dryad/Walk.fbx using Guid(acca0b1ee46dad94687bba01f6f88d4f) Importer(815301076,1909f56bfc062723c751e8b465ee728b)  -> (artifact id: '87f4da34bbdc7e53732bf63aa83f8786') in 0.021683 seconds 
========================================================================
Received Import Request.
  Time since last request: 0.225887 seconds.
  path: Assets/RTS Mini Legion Fantasy PBR/Mini Legion Sentinel PBR/Animations/Elf Ranger/Attack02Routine.fbx
  artifactKey: Guid(864bd0c38f146e44282f07a24a32b0be) Importer(815301076,1909f56bfc062723c751e8b465ee728b)
Start importing Assets/RTS Mini Legion Fantasy PBR/Mini Legion Sentinel PBR/Animations/Elf Ranger/Attack02Routine.fbx using Guid(864bd0c38f146e44282f07a24a32b0be) Importer(815301076,1909f56bfc062723c751e8b465ee728b)  -> (artifact id: '568530b8e4c30e1221efd0784f6a7566') in 0.020900 seconds 
========================================================================
Received Import Request.
  Time since last request: 0.000019 seconds.
  path: Assets/RTS Mini Legion Fantasy PBR/Mini Legion Sentinel PBR/Animations/Elf Ranger/Idle.fbx
  artifactKey: Guid(a7a78de98d82912469006c807faf3e47) Importer(815301076,1909f56bfc062723c751e8b465ee728b)
Start importing Assets/RTS Mini Legion Fantasy PBR/Mini Legion Sentinel PBR/Animations/Elf Ranger/Idle.fbx using Guid(a7a78de98d82912469006c807faf3e47) Importer(815301076,1909f56bfc062723c751e8b465ee728b)  -> (artifact id: 'd30aa33e7b29c4b09d88c49df0967ebf') in 0.022921 seconds 
========================================================================
Received Import Request.
  Time since last request: 0.000020 seconds.
  path: Assets/RTS Mini Legion Fantasy PBR/Mini Legion Sentinel PBR/Animations/Elf Ranger/Attack02Start.fbx
  artifactKey: Guid(191d38db8f4335642a745773cee99c97) Importer(815301076,1909f56bfc062723c751e8b465ee728b)
Start importing Assets/RTS Mini Legion Fantasy PBR/Mini Legion Sentinel PBR/Animations/Elf Ranger/Attack02Start.fbx using Guid(191d38db8f4335642a745773cee99c97) Importer(815301076,1909f56bfc062723c751e8b465ee728b)  -> (artifact id: '0f82e7cd9f145f2a432981d270798deb') in 0.022513 seconds 
========================================================================
Received Import Request.
  Time since last request: 0.356173 seconds.
  path: Assets/RTS Mini Legion Fantasy PBR/Mini Legion Sentinel PBR/Animations/Knome/Idle.fbx
  artifactKey: Guid(5e32d9985d9ae7f47b5cae74a8c1ba04) Importer(815301076,1909f56bfc062723c751e8b465ee728b)
Start importing Assets/RTS Mini Legion Fantasy PBR/Mini Legion Sentinel PBR/Animations/Knome/Idle.fbx using Guid(5e32d9985d9ae7f47b5cae74a8c1ba04) Importer(815301076,1909f56bfc062723c751e8b465ee728b)  -> (artifact id: '3d68f497977ba39548fd767346a8739d') in 0.018331 seconds 
========================================================================
Received Import Request.
  Time since last request: 0.000034 seconds.
  path: Assets/RTS Mini Legion Fantasy PBR/Mini Legion Sentinel PBR/Animations/Knome/Work_Start.fbx
  artifactKey: Guid(f7de9a9f208752146abeaa1dae3d7963) Importer(815301076,1909f56bfc062723c751e8b465ee728b)
Start importing Assets/RTS Mini Legion Fantasy PBR/Mini Legion Sentinel PBR/Animations/Knome/Work_Start.fbx using Guid(f7de9a9f208752146abeaa1dae3d7963) Importer(815301076,1909f56bfc062723c751e8b465ee728b)  -> (artifact id: 'ec1506d20a45ef09bfefbefd7d2e1591') in 0.032423 seconds 
========================================================================
Received Import Request.
  Time since last request: 0.000033 seconds.
  path: Assets/RTS Mini Legion Fantasy PBR/Mini Legion Sentinel PBR/Animations/Knome/Victory.fbx
  artifactKey: Guid(7ed3ce0e8227cd64994a42b79f861b38) Importer(815301076,1909f56bfc062723c751e8b465ee728b)
Start importing Assets/RTS Mini Legion Fantasy PBR/Mini Legion Sentinel PBR/Animations/Knome/Victory.fbx using Guid(7ed3ce0e8227cd64994a42b79f861b38) Importer(815301076,1909f56bfc062723c751e8b465ee728b)  -> (artifact id: '5d5b338844e69b452844c92b07030d33') in 0.022492 seconds 
========================================================================
Received Import Request.
  Time since last request: 42.904057 seconds.
  path: Assets/RTS Mini Legion Fantasy PBR/Mini Legion Human PBR/Prefabs/Arrow_MaskTint_PBR.prefab
  artifactKey: Guid(1564820e12bb87d42825fbdba90a6bbe) Importer(815301076,1909f56bfc062723c751e8b465ee728b)
Start importing Assets/RTS Mini Legion Fantasy PBR/Mini Legion Human PBR/Prefabs/Arrow_MaskTint_PBR.prefab using Guid(1564820e12bb87d42825fbdba90a6bbe) Importer(815301076,1909f56bfc062723c751e8b465ee728b)  -> (artifact id: 'a136f5077178a11e96af1328986b57c6') in 0.022339 seconds 
========================================================================
Received Import Request.
  Time since last request: 0.000035 seconds.
  path: Assets/RTS Mini Legion Fantasy PBR/Mini Legion Human PBR/Prefabs/Horseman_MaskTint_PBR.prefab
  artifactKey: Guid(59b324b4f29ed2744afaa69c2a3d07c5) Importer(815301076,1909f56bfc062723c751e8b465ee728b)
Start importing Assets/RTS Mini Legion Fantasy PBR/Mini Legion Human PBR/Prefabs/Horseman_MaskTint_PBR.prefab using Guid(59b324b4f29ed2744afaa69c2a3d07c5) Importer(815301076,1909f56bfc062723c751e8b465ee728b)  -> (artifact id: '6a638cbdd4e79b83f0f2a80eb6f922b4') in 0.052279 seconds 
========================================================================
Received Import Request.
  Time since last request: 0.000022 seconds.
  path: Assets/RTS Mini Legion Fantasy PBR/Mini Legion Human PBR/Prefabs/Griffin_Standard_PBR.prefab
  artifactKey: Guid(3f64128d889615c40af20932376b6623) Importer(815301076,1909f56bfc062723c751e8b465ee728b)
Start importing Assets/RTS Mini Legion Fantasy PBR/Mini Legion Human PBR/Prefabs/Griffin_Standard_PBR.prefab using Guid(3f64128d889615c40af20932376b6623) Importer(815301076,1909f56bfc062723c751e8b465ee728b)  -> (artifact id: 'bae1a923caf13e168cd832e068f16e40') in 0.207242 seconds 
========================================================================
Received Import Request.
  Time since last request: 0.000055 seconds.
  path: Assets/RTS Mini Legion Fantasy PBR/Mini Legion Human PBR/Prefabs/Arrow_Standard_PBR.prefab
  artifactKey: Guid(183ac3d3c1f24904f8cf5b32a2df8e72) Importer(815301076,1909f56bfc062723c751e8b465ee728b)
Start importing Assets/RTS Mini Legion Fantasy PBR/Mini Legion Human PBR/Prefabs/Arrow_Standard_PBR.prefab using Guid(183ac3d3c1f24904f8cf5b32a2df8e72) Importer(815301076,1909f56bfc062723c751e8b465ee728b)  -> (artifact id: '87d3376d3271d66788721f434f7192d0') in 0.030807 seconds 
========================================================================
Received Import Request.
  Time since last request: 0.000028 seconds.
  path: Assets/RTS Mini Legion Fantasy PBR/Mini Legion Human PBR/Prefabs/Worker_MaskTint_PBR.prefab
  artifactKey: Guid(e36becba876fdf4489728aa92d5160e4) Importer(815301076,1909f56bfc062723c751e8b465ee728b)
Start importing Assets/RTS Mini Legion Fantasy PBR/Mini Legion Human PBR/Prefabs/Worker_MaskTint_PBR.prefab using Guid(e36becba876fdf4489728aa92d5160e4) Importer(815301076,1909f56bfc062723c751e8b465ee728b)  -> (artifact id: '97d19021a52b474e583c69c017a53e73') in 0.037389 seconds 
========================================================================
Received Prepare
Refreshing native plugins compatible for Editor in 3.98 ms, found 3 plugins.
Preloading 0 native plugins for Editor in 0.00 ms.
Unloading 20 Unused Serialized files (Serialized files now loaded: 0)
Unloading 20 unused Assets / (77.6 KB). Loaded Objects now: 3894.
Memory consumption went from 77.6 MB to 77.5 MB.
Total: 2.928200 ms (FindLiveObjects: 0.205800 ms CreateObjectMapping: 0.163900 ms MarkObjects: 2.427700 ms  DeleteObjects: 0.128100 ms)

AssetImportParameters requested are different than current active one (requested -> active):
  custom:video-decoder-ogg-theora: a1e56fd34408186e4bbccfd4996cb3dc -> 
  custom:container-muxer-webm: aa71ff27fc2769a1b78a27578f13a17b -> 
  custom:container-demuxer-webm: 4f35f7cbe854078d1ac9338744f61a02 -> 
  custom:video-encoder-webm-vp8: eb34c28f22e8b96e1ab97ce403110664 -> 
  custom:video-codec-MediaFoundation-h265: 746d11721c4dcdbdad8f713fa42b33f4 -> 
  custom:audio-encoder-webm-vorbis: bf7c407c2cedff20999df2af8eb42d56 -> 
  custom:framework-win-MediaFoundation: 216162199b28c13a410421893ffa2e32 -> 
  custom:container-demuxer-ogg: 62fdf1f143b41e24485cea50d1cbac27 -> 
  custom:video-decoder-webm-vp8: 9c59270c3fd7afecdb556c50c9e8de78 -> 
  custom:audio-decoder-ogg-vorbis: bf7c407c2cedff20999df2af8eb42d56 -> 
========================================================================
Received Prepare
Refreshing native plugins compatible for Editor in 3.02 ms, found 3 plugins.
Preloading 0 native plugins for Editor in 0.00 ms.
Unloading 20 Unused Serialized files (Serialized files now loaded: 0)
Unloading 20 unused Assets / (77.4 KB). Loaded Objects now: 3894.
Memory consumption went from 77.6 MB to 77.5 MB.
Total: 2.792900 ms (FindLiveObjects: 0.265000 ms CreateObjectMapping: 0.097100 ms MarkObjects: 2.364600 ms  DeleteObjects: 0.065400 ms)

AssetImportParameters requested are different than current active one (requested -> active):
  custom:video-decoder-ogg-theora: a1e56fd34408186e4bbccfd4996cb3dc -> 
  custom:container-muxer-webm: aa71ff27fc2769a1b78a27578f13a17b -> 
  custom:container-demuxer-webm: 4f35f7cbe854078d1ac9338744f61a02 -> 
  custom:video-encoder-webm-vp8: eb34c28f22e8b96e1ab97ce403110664 -> 
  custom:video-codec-MediaFoundation-h265: 746d11721c4dcdbdad8f713fa42b33f4 -> 
  custom:audio-encoder-webm-vorbis: bf7c407c2cedff20999df2af8eb42d56 -> 
  custom:framework-win-MediaFoundation: 216162199b28c13a410421893ffa2e32 -> 
  custom:container-demuxer-ogg: 62fdf1f143b41e24485cea50d1cbac27 -> 
  custom:video-decoder-webm-vp8: 9c59270c3fd7afecdb556c50c9e8de78 -> 
  custom:audio-decoder-ogg-vorbis: bf7c407c2cedff20999df2af8eb42d56 -> 
========================================================================
Received Import Request.
  Time since last request: 80.485798 seconds.
  path: Assets/RTS Mini Legion Fantasy PBR/Mini Legion Human PBR/Prefabs/Archer_Standard_PBR.prefab
  artifactKey: Guid(6d2439cd37ba6e840b4923bb19250362) Importer(815301076,1909f56bfc062723c751e8b465ee728b)
Start importing Assets/RTS Mini Legion Fantasy PBR/Mini Legion Human PBR/Prefabs/Archer_Standard_PBR.prefab using Guid(6d2439cd37ba6e840b4923bb19250362) Importer(815301076,1909f56bfc062723c751e8b465ee728b)  -> (artifact id: '207e510b88c2010bcac5cadac972cbe0') in 0.610130 seconds 
========================================================================
Received Import Request.
  Time since last request: 0.000023 seconds.
  path: Assets/RTS Mini Legion Fantasy PBR/Mini Legion Human PBR/Prefabs/Horseman_MaskTint_PBR.prefab
  artifactKey: Guid(59b324b4f29ed2744afaa69c2a3d07c5) Importer(815301076,1909f56bfc062723c751e8b465ee728b)
Start importing Assets/RTS Mini Legion Fantasy PBR/Mini Legion Human PBR/Prefabs/Horseman_MaskTint_PBR.prefab using Guid(59b324b4f29ed2744afaa69c2a3d07c5) Importer(815301076,1909f56bfc062723c751e8b465ee728b)  -> (artifact id: '4437d893ef6878a072eda8adc4339cf5') in 0.699387 seconds 
========================================================================
Received Import Request.
  Time since last request: 0.000040 seconds.
  path: Assets/RTS Mini Legion Fantasy PBR/Mini Legion Human PBR/Prefabs/Mage_MaskTint_PBR.prefab
  artifactKey: Guid(a021d4c16b41cf843852641deb18eedb) Importer(815301076,1909f56bfc062723c751e8b465ee728b)
Start importing Assets/RTS Mini Legion Fantasy PBR/Mini Legion Human PBR/Prefabs/Mage_MaskTint_PBR.prefab using Guid(a021d4c16b41cf843852641deb18eedb) Importer(815301076,1909f56bfc062723c751e8b465ee728b)  -> (artifact id: '88b9282c068c5d61daa2460285c33d26') in 0.922498 seconds 
========================================================================
Received Import Request.
  Time since last request: 0.001691 seconds.
  path: Assets/RTS Mini Legion Fantasy PBR/Mini Legion Human PBR/Prefabs/Knight_MaskTint_PBR.prefab
  artifactKey: Guid(92fbc376d5a16964c9aceb17460f042c) Importer(815301076,1909f56bfc062723c751e8b465ee728b)
Start importing Assets/RTS Mini Legion Fantasy PBR/Mini Legion Human PBR/Prefabs/Knight_MaskTint_PBR.prefab using Guid(92fbc376d5a16964c9aceb17460f042c) Importer(815301076,1909f56bfc062723c751e8b465ee728b)  -> (artifact id: '63abb82641e1133f7cc03da47e904566') in 1.296555 seconds 
========================================================================
Received Import Request.
  Time since last request: 0.000029 seconds.
  path: Assets/RTS Mini Legion Fantasy PBR/Mini Legion Human PBR/Prefabs/Griffin_MaskTint_PBR.prefab
  artifactKey: Guid(f0cf22427bab3b14eb687853d07b1edc) Importer(815301076,1909f56bfc062723c751e8b465ee728b)
Start importing Assets/RTS Mini Legion Fantasy PBR/Mini Legion Human PBR/Prefabs/Griffin_MaskTint_PBR.prefab using Guid(f0cf22427bab3b14eb687853d07b1edc) Importer(815301076,1909f56bfc062723c751e8b465ee728b)  -> (artifact id: '803e9d6818861314e727ff97f9c1f25d') in 3.775937 seconds 
========================================================================
Received Import Request.
  Time since last request: 0.000048 seconds.
  path: Assets/RTS Mini Legion Fantasy PBR/Mini Legion Human PBR/Prefabs/Knight_Standard_PBR.prefab
  artifactKey: Guid(08692a020ee2d1944a4c8792c92c8664) Importer(815301076,1909f56bfc062723c751e8b465ee728b)
Start importing Assets/RTS Mini Legion Fantasy PBR/Mini Legion Human PBR/Prefabs/Knight_Standard_PBR.prefab using Guid(08692a020ee2d1944a4c8792c92c8664) Importer(815301076,1909f56bfc062723c751e8b465ee728b)  -> (artifact id: '68c0d659dc5741b865025008e08c39b0') in 0.193523 seconds 
========================================================================
Received Import Request.
  Time since last request: 0.000032 seconds.
  path: Assets/RTS Mini Legion Fantasy PBR/Mini Legion Human PBR/Prefabs/Worker_Standard_PBR.prefab
  artifactKey: Guid(10dee972df12121478097dffc9d265b4) Importer(815301076,1909f56bfc062723c751e8b465ee728b)
Start importing Assets/RTS Mini Legion Fantasy PBR/Mini Legion Human PBR/Prefabs/Worker_Standard_PBR.prefab using Guid(10dee972df12121478097dffc9d265b4) Importer(815301076,1909f56bfc062723c751e8b465ee728b)  -> (artifact id: 'd914ce7b01846303b3f03603e28a1f10') in 0.263556 seconds 
========================================================================
Received Prepare
Registering precompiled user dll's ...
Registered in 0.004799 seconds.
Begin MonoManager ReloadAssembly
Symbol file LoadedFromMemory doesn't match image C:\Users\alstn\Documents\GitHub\RTS-GAME\RTS GAME\Library\PackageCache\com.unity.visualscripting@1.7.8\Editor\VisualScripting.Core\Dependencies\YamlDotNet\Unity.VisualScripting.YamlDotNet.dll
Symbol file LoadedFromMemory doesn't match image C:\Users\alstn\Documents\GitHub\RTS-GAME\RTS GAME\Library\PackageCache\com.unity.visualscripting@1.7.8\Editor\VisualScripting.Core\Dependencies\DotNetZip\Unity.VisualScripting.IonicZip.dll
Native extension for WindowsStandalone target not found
Native extension for iOS target not found
Native extension for Android target not found
Refreshing native plugins compatible for Editor in 0.43 ms, found 3 plugins.
Preloading 0 native plugins for Editor in 0.00 ms.
Mono: successfully reloaded assembly
- Completed reload, in  0.886 seconds
Domain Reload Profiling:
	ReloadAssembly (886ms)
		BeginReloadAssembly (130ms)
			ExecutionOrderSort (0ms)
			DisableScriptedObjects (3ms)
			BackupInstance (0ms)
			ReleaseScriptingObjects (0ms)
			CreateAndSetChildDomain (35ms)
		EndReloadAssembly (668ms)
			LoadAssemblies (91ms)
			RebuildTransferFunctionScriptingTraits (0ms)
			SetupTypeCache (233ms)
			ReleaseScriptCaches (2ms)
			RebuildScriptCaches (42ms)
			SetupLoadedEditorAssemblies (272ms)
				LogAssemblyErrors (0ms)
				InitializePlatformSupportModulesInManaged (33ms)
				SetLoadedEditorAssemblies (0ms)
				RefreshPlugins (0ms)
				BeforeProcessingInitializeOnLoad (51ms)
				ProcessInitializeOnLoadAttributes (155ms)
				ProcessInitializeOnLoadMethodAttributes (25ms)
				AfterProcessingInitializeOnLoad (7ms)
				EditorAssembliesLoaded (0ms)
			ExecutionOrderSort2 (0ms)
			AwakeInstancesAfterBackupRestoration (5ms)
Platform modules already initialized, skipping
Refreshing native plugins compatible for Editor in 1.52 ms, found 3 plugins.
Preloading 0 native plugins for Editor in 0.00 ms.
Unloading 3375 Unused Serialized files (Serialized files now loaded: 0)
Unloading 20 unused Assets / (80.2 KB). Loaded Objects now: 3896.
Memory consumption went from 142.9 MB to 142.9 MB.
Total: 2.925700 ms (FindLiveObjects: 0.179100 ms CreateObjectMapping: 0.071900 ms MarkObjects: 2.581800 ms  DeleteObjects: 0.091100 ms)

AssetImportParameters requested are different than current active one (requested -> active):
  custom:video-decoder-ogg-theora: a1e56fd34408186e4bbccfd4996cb3dc -> 
  custom:container-muxer-webm: aa71ff27fc2769a1b78a27578f13a17b -> 
  custom:container-demuxer-webm: 4f35f7cbe854078d1ac9338744f61a02 -> 
  custom:video-encoder-webm-vp8: eb34c28f22e8b96e1ab97ce403110664 -> 
  custom:video-codec-MediaFoundation-h265: 746d11721c4dcdbdad8f713fa42b33f4 -> 
  custom:audio-encoder-webm-vorbis: bf7c407c2cedff20999df2af8eb42d56 -> 
  custom:framework-win-MediaFoundation: 216162199b28c13a410421893ffa2e32 -> 
  custom:container-demuxer-ogg: 62fdf1f143b41e24485cea50d1cbac27 -> 
  custom:video-decoder-webm-vp8: 9c59270c3fd7afecdb556c50c9e8de78 -> 
  custom:audio-decoder-ogg-vorbis: bf7c407c2cedff20999df2af8eb42d56 -> 
========================================================================
Received Import Request.
  Time since last request: 5.251492 seconds.
  path: Assets/RTS Mini Legion Fantasy PBR/Mini Legion Human PBR/Prefabs/SiegeEngine_Standard_PBR.prefab
  artifactKey: Guid(6f6dfe953abe4da4e8cb674a610b409a) Importer(815301076,1909f56bfc062723c751e8b465ee728b)
Start importing Assets/RTS Mini Legion Fantasy PBR/Mini Legion Human PBR/Prefabs/SiegeEngine_Standard_PBR.prefab using Guid(6f6dfe953abe4da4e8cb674a610b409a) Importer(815301076,1909f56bfc062723c751e8b465ee728b)  -> (artifact id: '588eb428331fb1ddbadb0988240beffd') in 0.280923 seconds 
========================================================================
Received Import Request.
  Time since last request: 46.082922 seconds.
  path: Assets/RTS Mini Legion Fantasy PBR/Mini Legion Sentinel PBR/Prefabs/Battle Owl StandardPBR.prefab
  artifactKey: Guid(082efe6b753d5ad4d91ef2a9734b3150) Importer(815301076,1909f56bfc062723c751e8b465ee728b)
Start importing Assets/RTS Mini Legion Fantasy PBR/Mini Legion Sentinel PBR/Prefabs/Battle Owl StandardPBR.prefab using Guid(082efe6b753d5ad4d91ef2a9734b3150) Importer(815301076,1909f56bfc062723c751e8b465ee728b)  -> (artifact id: '68b6a0e2fa09f418511509b180e2313e') in 0.268322 seconds 
========================================================================
Received Import Request.
  Time since last request: 0.000019 seconds.
  path: Assets/RTS Mini Legion Fantasy PBR/Mini Legion Sentinel PBR/Prefabs/Treeant StandardPBR.prefab
  artifactKey: Guid(25fc950b121325e4b8df442a9126d166) Importer(815301076,1909f56bfc062723c751e8b465ee728b)
Start importing Assets/RTS Mini Legion Fantasy PBR/Mini Legion Sentinel PBR/Prefabs/Treeant StandardPBR.prefab using Guid(25fc950b121325e4b8df442a9126d166) Importer(815301076,1909f56bfc062723c751e8b465ee728b)  -> (artifact id: '2e6cfa4f1e4de59e25227602f0158cb9') in 0.150011 seconds 
========================================================================
Received Import Request.
  Time since last request: 0.000027 seconds.
  path: Assets/RTS Mini Legion Fantasy PBR/Mini Legion Sentinel PBR/Prefabs/Rock Golem MaskTintPBR.prefab
  artifactKey: Guid(fab392df2fc7f314ca1814ba8885b9d3) Importer(815301076,1909f56bfc062723c751e8b465ee728b)
Start importing Assets/RTS Mini Legion Fantasy PBR/Mini Legion Sentinel PBR/Prefabs/Rock Golem MaskTintPBR.prefab using Guid(fab392df2fc7f314ca1814ba8885b9d3) Importer(815301076,1909f56bfc062723c751e8b465ee728b)  -> (artifact id: '36da5a68a95b5978295281b48e9179b3') in 0.488013 seconds 
========================================================================
Received Import Request.
  Time since last request: 0.000023 seconds.
  path: Assets/RTS Mini Legion Fantasy PBR/Mini Legion Sentinel PBR/Prefabs/Druid MaskTintPBR.prefab
  artifactKey: Guid(3fd678722a38d4746a929b5c615e4018) Importer(815301076,1909f56bfc062723c751e8b465ee728b)
Start importing Assets/RTS Mini Legion Fantasy PBR/Mini Legion Sentinel PBR/Prefabs/Druid MaskTintPBR.prefab using Guid(3fd678722a38d4746a929b5c615e4018) Importer(815301076,1909f56bfc062723c751e8b465ee728b)  -> (artifact id: '3fab9950c577129b7bb46ad45512ac1f') in 0.284262 seconds 
========================================================================
Received Import Request.
  Time since last request: 0.007842 seconds.
  path: Assets/RTS Mini Legion Fantasy PBR/Mini Legion Sentinel PBR/Prefabs/RockStandardPBR.prefab
  artifactKey: Guid(b487174ae0b422c4eb6a5a2f5792d42e) Importer(815301076,1909f56bfc062723c751e8b465ee728b)
Start importing Assets/RTS Mini Legion Fantasy PBR/Mini Legion Sentinel PBR/Prefabs/RockStandardPBR.prefab using Guid(b487174ae0b422c4eb6a5a2f5792d42e) Importer(815301076,1909f56bfc062723c751e8b465ee728b)  -> (artifact id: '5d197d1ade7860c662914f20ceff7438') in 0.265019 seconds 
========================================================================
Received Import Request.
  Time since last request: 0.000027 seconds.
  path: Assets/RTS Mini Legion Fantasy PBR/Mini Legion Sentinel PBR/Prefabs/Elf Ranger MaskTintPBR.prefab
  artifactKey: Guid(1c66a04e2728b9c45aa5c8bc37e2db70) Importer(815301076,1909f56bfc062723c751e8b465ee728b)
Start importing Assets/RTS Mini Legion Fantasy PBR/Mini Legion Sentinel PBR/Prefabs/Elf Ranger MaskTintPBR.prefab using Guid(1c66a04e2728b9c45aa5c8bc37e2db70) Importer(815301076,1909f56bfc062723c751e8b465ee728b)  -> (artifact id: '01fe81bfa6bbfa8dc04e3a414e50234c') in 0.275789 seconds 
