Using pre-set license
Built from '2021.3/staging' branch; Version is '2021.3.11f1 (0a5ca18544bf) revision 679073'; Using compiler version '192829333'; Build Type 'Release'
OS: 'Windows 10  (10.0.19045) 64bit Core' Language: 'ko' Physical Memory: 8105 MB
BatchMode: 1, IsHumanControllingUs: 0, StartBugReporterOnCrash: 0, Is64bit: 1, IsPro: 1

COMMAND LINE ARGUMENTS:
D:\Unity\2021.3.11f1\Editor\Unity.exe
-adb2
-batchMode
-noUpm
-name
AssetImportWorker0
-projectPath
D:/Unity 프로젝트/RTS-GAME/RTS GAME
-logFile
Logs/AssetImportWorker0.log
-srvPort
58654
Successfully changed project path to: D:/Unity 프로젝트/RTS-GAME/RTS GAME
D:/Unity 프로젝트/RTS-GAME/RTS GAME
[UnityMemory] Configuration Parameters - Can be set up in boot.config
    "memorysetup-bucket-allocator-granularity=16"
    "memorysetup-bucket-allocator-bucket-count=8"
    "memorysetup-bucket-allocator-block-size=33554432"
    "memorysetup-bucket-allocator-block-count=8"
    "memorysetup-main-allocator-block-size=16777216"
    "memorysetup-thread-allocator-block-size=16777216"
    "memorysetup-gfx-main-allocator-block-size=16777216"
    "memorysetup-gfx-thread-allocator-block-size=16777216"
    "memorysetup-cache-allocator-block-size=4194304"
    "memorysetup-typetree-allocator-block-size=2097152"
    "memorysetup-profiler-bucket-allocator-granularity=16"
    "memorysetup-profiler-bucket-allocator-bucket-count=8"
    "memorysetup-profiler-bucket-allocator-block-size=33554432"
    "memorysetup-profiler-bucket-allocator-block-count=8"
    "memorysetup-profiler-allocator-block-size=16777216"
    "memorysetup-profiler-editor-allocator-block-size=1048576"
    "memorysetup-temp-allocator-size-main=16777216"
    "memorysetup-job-temp-allocator-block-size=2097152"
    "memorysetup-job-temp-allocator-block-size-background=1048576"
    "memorysetup-job-temp-allocator-reduction-small-platforms=262144"
    "memorysetup-temp-allocator-size-background-worker=32768"
    "memorysetup-temp-allocator-size-job-worker=262144"
    "memorysetup-temp-allocator-size-preload-manager=33554432"
    "memorysetup-temp-allocator-size-nav-mesh-worker=65536"
    "memorysetup-temp-allocator-size-audio-worker=65536"
    "memorysetup-temp-allocator-size-cloud-worker=32768"
    "memorysetup-temp-allocator-size-gi-baking-worker=262144"
    "memorysetup-temp-allocator-size-gfx=262144"
Refreshing native plugins compatible for Editor in 174.97 ms, found 3 plugins.
Preloading 0 native plugins for Editor in 0.00 ms.
Initialize engine version: 2021.3.11f1 (0a5ca18544bf)
[Subsystems] Discovering subsystems at path D:/Unity/2021.3.11f1/Editor/Data/Resources/UnitySubsystems
[Subsystems] Discovering subsystems at path D:/Unity 프로젝트/RTS-GAME/RTS GAME/Assets
GfxDevice: creating device client; threaded=0; jobified=0
Direct3D:
    Version:  Direct3D 11.0 [level 11.1]
    Renderer: NVIDIA GeForce GTX 1050 (ID=0x1c8d)
    Vendor:   NVIDIA
    VRAM:     4021 MB
    Driver:   24.21.13.9907
Initialize mono
Mono path[0] = 'D:/Unity/2021.3.11f1/Editor/Data/Managed'
Mono path[1] = 'D:/Unity/2021.3.11f1/Editor/Data/MonoBleedingEdge/lib/mono/unityjit-win32'
Mono config path = 'D:/Unity/2021.3.11f1/Editor/Data/MonoBleedingEdge/etc'
Using monoOptions --debugger-agent=transport=dt_socket,embedding=1,server=y,suspend=n,address=127.0.0.1:56656
Begin MonoManager ReloadAssembly
Registering precompiled unity dll's ...
Register platform support module: D:/Unity/2021.3.11f1/Editor/Data/PlaybackEngines/AndroidPlayer/UnityEditor.Android.Extensions.dll
Register platform support module: D:/Unity/2021.3.11f1/Editor/Data/PlaybackEngines/WindowsStandaloneSupport/UnityEditor.WindowsStandalone.Extensions.dll
Registered in 0.005907 seconds.
Native extension for WindowsStandalone target not found
Native extension for Android target not found
Refreshing native plugins compatible for Editor in 142.22 ms, found 3 plugins.
Preloading 0 native plugins for Editor in 0.00 ms.
Mono: successfully reloaded assembly
- Completed reload, in  1.157 seconds
Domain Reload Profiling:
	ReloadAssembly (1158ms)
		BeginReloadAssembly (156ms)
			ExecutionOrderSort (0ms)
			DisableScriptedObjects (0ms)
			BackupInstance (0ms)
			ReleaseScriptingObjects (0ms)
			CreateAndSetChildDomain (1ms)
		EndReloadAssembly (833ms)
			LoadAssemblies (157ms)
			RebuildTransferFunctionScriptingTraits (0ms)
			SetupTypeCache (194ms)
			ReleaseScriptCaches (0ms)
			RebuildScriptCaches (49ms)
			SetupLoadedEditorAssemblies (514ms)
				LogAssemblyErrors (0ms)
				InitializePlatformSupportModulesInManaged (97ms)
				SetLoadedEditorAssemblies (0ms)
				RefreshPlugins (142ms)
				BeforeProcessingInitializeOnLoad (2ms)
				ProcessInitializeOnLoadAttributes (173ms)
				ProcessInitializeOnLoadMethodAttributes (99ms)
				AfterProcessingInitializeOnLoad (0ms)
				EditorAssembliesLoaded (0ms)
			ExecutionOrderSort2 (0ms)
			AwakeInstancesAfterBackupRestoration (0ms)
Platform modules already initialized, skipping
Registering precompiled user dll's ...
Registered in 0.013883 seconds.
Begin MonoManager ReloadAssembly
Symbol file LoadedFromMemory doesn't match image D:\Unity 프로젝트\RTS-GAME\RTS GAME\Library\PackageCache\com.unity.visualscripting@1.7.8\Editor\VisualScripting.Core\Dependencies\YamlDotNet\Unity.VisualScripting.YamlDotNet.dll
Symbol file LoadedFromMemory doesn't match image D:\Unity 프로젝트\RTS-GAME\RTS GAME\Library\PackageCache\com.unity.visualscripting@1.7.8\Editor\VisualScripting.Core\Dependencies\DotNetZip\Unity.VisualScripting.IonicZip.dll
Native extension for WindowsStandalone target not found
Native extension for Android target not found
Refreshing native plugins compatible for Editor in 1.08 ms, found 3 plugins.
Preloading 0 native plugins for Editor in 0.00 ms.
Mono: successfully reloaded assembly
- Completed reload, in  2.164 seconds
Domain Reload Profiling:
	ReloadAssembly (2165ms)
		BeginReloadAssembly (406ms)
			ExecutionOrderSort (0ms)
			DisableScriptedObjects (11ms)
			BackupInstance (0ms)
			ReleaseScriptingObjects (0ms)
			CreateAndSetChildDomain (189ms)
		EndReloadAssembly (1569ms)
			LoadAssemblies (226ms)
			RebuildTransferFunctionScriptingTraits (0ms)
			SetupTypeCache (524ms)
			ReleaseScriptCaches (2ms)
			RebuildScriptCaches (104ms)
			SetupLoadedEditorAssemblies (696ms)
				LogAssemblyErrors (0ms)
				InitializePlatformSupportModulesInManaged (27ms)
				SetLoadedEditorAssemblies (1ms)
				RefreshPlugins (1ms)
				BeforeProcessingInitializeOnLoad (139ms)
				ProcessInitializeOnLoadAttributes (440ms)
				ProcessInitializeOnLoadMethodAttributes (81ms)
				AfterProcessingInitializeOnLoad (8ms)
				EditorAssembliesLoaded (0ms)
			ExecutionOrderSort2 (0ms)
			AwakeInstancesAfterBackupRestoration (23ms)
Platform modules already initialized, skipping
========================================================================
Worker process is ready to serve import requests
Launched and connected shader compiler UnityShaderCompiler.exe after 0.19 seconds
Refreshing native plugins compatible for Editor in 1.37 ms, found 3 plugins.
Preloading 0 native plugins for Editor in 0.00 ms.
Unloading 3773 Unused Serialized files (Serialized files now loaded: 0)
Unloading 35 unused Assets / (57.5 KB). Loaded Objects now: 4241.
Memory consumption went from 137.3 MB to 137.2 MB.
Total: 4.120900 ms (FindLiveObjects: 0.378200 ms CreateObjectMapping: 0.414200 ms MarkObjects: 3.189700 ms  DeleteObjects: 0.137800 ms)

AssetImportParameters requested are different than current active one (requested -> active):
  custom:video-decoder-ogg-theora: a1e56fd34408186e4bbccfd4996cb3dc -> 
  custom:container-muxer-webm: aa71ff27fc2769a1b78a27578f13a17b -> 
  custom:container-demuxer-webm: 4f35f7cbe854078d1ac9338744f61a02 -> 
  custom:video-encoder-webm-vp8: eb34c28f22e8b96e1ab97ce403110664 -> 
  custom:video-codec-MediaFoundation-h265: 746d11721c4dcdbdad8f713fa42b33f4 -> 
  custom:audio-encoder-webm-vorbis: bf7c407c2cedff20999df2af8eb42d56 -> 
  custom:framework-win-MediaFoundation: 216162199b28c13a410421893ffa2e32 -> 
  custom:container-demuxer-ogg: 62fdf1f143b41e24485cea50d1cbac27 -> 
  custom:video-decoder-webm-vp8: 9c59270c3fd7afecdb556c50c9e8de78 -> 
  custom:audio-decoder-ogg-vorbis: bf7c407c2cedff20999df2af8eb42d56 -> 
========================================================================
Received Import Request.
  Time since last request: 765057.340089 seconds.
  path: Assets/2. Scripts/MonsterAI
  artifactKey: Guid(5d4dc7d79c40b95458569d98dd455ba4) Importer(815301076,1909f56bfc062723c751e8b465ee728b)
Start importing Assets/2. Scripts/MonsterAI using Guid(5d4dc7d79c40b95458569d98dd455ba4) Importer(815301076,1909f56bfc062723c751e8b465ee728b)  -> (artifact id: 'c28a169d6245f8a97b8bb6cdf4c4535d') in 0.123605 seconds 
========================================================================
Received Import Request.
  Time since last request: 1127.598220 seconds.
  path: Assets/2. Scripts
  artifactKey: Guid(37e9cef78ec6be84a8b6afe7c9bd5894) Importer(815301076,1909f56bfc062723c751e8b465ee728b)
Start importing Assets/2. Scripts using Guid(37e9cef78ec6be84a8b6afe7c9bd5894) Importer(815301076,1909f56bfc062723c751e8b465ee728b)  -> (artifact id: 'e9ec625c305cf433b6e7b9530fbb101a') in 0.002335 seconds 
========================================================================
Received Import Request.
  Time since last request: 10.622342 seconds.
  path: Assets/2. Scripts/Scene Loader
  artifactKey: Guid(d3331daeae87b0247880bf637b32090b) Importer(815301076,1909f56bfc062723c751e8b465ee728b)
Start importing Assets/2. Scripts/Scene Loader using Guid(d3331daeae87b0247880bf637b32090b) Importer(815301076,1909f56bfc062723c751e8b465ee728b)  -> (artifact id: 'a4bd6d26553f816f3dba9e60e006ba7c') in 0.003033 seconds 
========================================================================
Received Import Request.
  Time since last request: 7.210311 seconds.
  path: Assets/2. Scripts/Scene Loader/NewBehaviourScript.cs
  artifactKey: Guid(7b410ff86a940354495639839ccc9813) Importer(815301076,1909f56bfc062723c751e8b465ee728b)
Start importing Assets/2. Scripts/Scene Loader/NewBehaviourScript.cs using Guid(7b410ff86a940354495639839ccc9813) Importer(815301076,1909f56bfc062723c751e8b465ee728b)  -> (artifact id: '602f0ace09c923ea33a05e5d95d4d38c') in 0.060771 seconds 
========================================================================
Received Prepare
Registering precompiled user dll's ...
Registered in 0.012113 seconds.
Begin MonoManager ReloadAssembly
Symbol file LoadedFromMemory doesn't match image D:\Unity 프로젝트\RTS-GAME\RTS GAME\Library\PackageCache\com.unity.visualscripting@1.7.8\Editor\VisualScripting.Core\Dependencies\YamlDotNet\Unity.VisualScripting.YamlDotNet.dll
Symbol file LoadedFromMemory doesn't match image D:\Unity 프로젝트\RTS-GAME\RTS GAME\Library\PackageCache\com.unity.visualscripting@1.7.8\Editor\VisualScripting.Core\Dependencies\DotNetZip\Unity.VisualScripting.IonicZip.dll
Native extension for WindowsStandalone target not found
Native extension for Android target not found
Refreshing native plugins compatible for Editor in 1.56 ms, found 3 plugins.
Preloading 0 native plugins for Editor in 0.00 ms.
Mono: successfully reloaded assembly
- Completed reload, in  1.949 seconds
Domain Reload Profiling:
	ReloadAssembly (1950ms)
		BeginReloadAssembly (380ms)
			ExecutionOrderSort (0ms)
			DisableScriptedObjects (21ms)
			BackupInstance (0ms)
			ReleaseScriptingObjects (0ms)
			CreateAndSetChildDomain (137ms)
		EndReloadAssembly (1431ms)
			LoadAssemblies (196ms)
			RebuildTransferFunctionScriptingTraits (0ms)
			SetupTypeCache (481ms)
			ReleaseScriptCaches (2ms)
			RebuildScriptCaches (144ms)
			SetupLoadedEditorAssemblies (537ms)
				LogAssemblyErrors (0ms)
				InitializePlatformSupportModulesInManaged (35ms)
				SetLoadedEditorAssemblies (1ms)
				RefreshPlugins (2ms)
				BeforeProcessingInitializeOnLoad (110ms)
				ProcessInitializeOnLoadAttributes (316ms)
				ProcessInitializeOnLoadMethodAttributes (69ms)
				AfterProcessingInitializeOnLoad (4ms)
				EditorAssembliesLoaded (0ms)
			ExecutionOrderSort2 (0ms)
			AwakeInstancesAfterBackupRestoration (21ms)
Platform modules already initialized, skipping
Refreshing native plugins compatible for Editor in 3.21 ms, found 3 plugins.
Preloading 0 native plugins for Editor in 0.00 ms.
Unloading 3748 Unused Serialized files (Serialized files now loaded: 0)
Unloading 23 unused Assets / (24.7 KB). Loaded Objects now: 4246.
Memory consumption went from 135.0 MB to 135.0 MB.
Total: 9.348500 ms (FindLiveObjects: 0.415600 ms CreateObjectMapping: 0.376400 ms MarkObjects: 8.236700 ms  DeleteObjects: 0.315800 ms)

AssetImportParameters requested are different than current active one (requested -> active):
  custom:video-decoder-ogg-theora: a1e56fd34408186e4bbccfd4996cb3dc -> 
  custom:container-muxer-webm: aa71ff27fc2769a1b78a27578f13a17b -> 
  custom:container-demuxer-webm: 4f35f7cbe854078d1ac9338744f61a02 -> 
  custom:video-encoder-webm-vp8: eb34c28f22e8b96e1ab97ce403110664 -> 
  custom:video-codec-MediaFoundation-h265: 746d11721c4dcdbdad8f713fa42b33f4 -> 
  custom:audio-encoder-webm-vorbis: bf7c407c2cedff20999df2af8eb42d56 -> 
  custom:framework-win-MediaFoundation: 216162199b28c13a410421893ffa2e32 -> 
  custom:container-demuxer-ogg: 62fdf1f143b41e24485cea50d1cbac27 -> 
  custom:video-decoder-webm-vp8: 9c59270c3fd7afecdb556c50c9e8de78 -> 
  custom:audio-decoder-ogg-vorbis: bf7c407c2cedff20999df2af8eb42d56 -> 
========================================================================
Received Import Request.
  Time since last request: 51.977586 seconds.
  path: Assets/2. Scripts/Scene Loader/SceneLoader.cs
  artifactKey: Guid(7b410ff86a940354495639839ccc9813) Importer(815301076,1909f56bfc062723c751e8b465ee728b)
Start importing Assets/2. Scripts/Scene Loader/SceneLoader.cs using Guid(7b410ff86a940354495639839ccc9813) Importer(815301076,1909f56bfc062723c751e8b465ee728b)  -> (artifact id: '12196c40cec65154c4bf979dfd6dce72') in 0.022039 seconds 
========================================================================
Received Prepare
Registering precompiled user dll's ...
Registered in 0.033687 seconds.
Begin MonoManager ReloadAssembly
Symbol file LoadedFromMemory doesn't match image D:\Unity 프로젝트\RTS-GAME\RTS GAME\Library\PackageCache\com.unity.visualscripting@1.7.8\Editor\VisualScripting.Core\Dependencies\YamlDotNet\Unity.VisualScripting.YamlDotNet.dll
Symbol file LoadedFromMemory doesn't match image D:\Unity 프로젝트\RTS-GAME\RTS GAME\Library\PackageCache\com.unity.visualscripting@1.7.8\Editor\VisualScripting.Core\Dependencies\DotNetZip\Unity.VisualScripting.IonicZip.dll
Native extension for WindowsStandalone target not found
Native extension for Android target not found
Refreshing native plugins compatible for Editor in 1.69 ms, found 3 plugins.
Preloading 0 native plugins for Editor in 0.00 ms.
Mono: successfully reloaded assembly
- Completed reload, in  4.693 seconds
Domain Reload Profiling:
	ReloadAssembly (4694ms)
		BeginReloadAssembly (842ms)
			ExecutionOrderSort (0ms)
			DisableScriptedObjects (9ms)
			BackupInstance (0ms)
			ReleaseScriptingObjects (0ms)
			CreateAndSetChildDomain (57ms)
		EndReloadAssembly (3577ms)
			LoadAssemblies (2467ms)
			RebuildTransferFunctionScriptingTraits (0ms)
			SetupTypeCache (427ms)
			ReleaseScriptCaches (2ms)
			RebuildScriptCaches (63ms)
			SetupLoadedEditorAssemblies (1119ms)
				LogAssemblyErrors (0ms)
				InitializePlatformSupportModulesInManaged (34ms)
				SetLoadedEditorAssemblies (1ms)
				RefreshPlugins (2ms)
				BeforeProcessingInitializeOnLoad (112ms)
				ProcessInitializeOnLoadAttributes (474ms)
				ProcessInitializeOnLoadMethodAttributes (491ms)
				AfterProcessingInitializeOnLoad (4ms)
				EditorAssembliesLoaded (0ms)
			ExecutionOrderSort2 (0ms)
			AwakeInstancesAfterBackupRestoration (24ms)
Platform modules already initialized, skipping
Refreshing native plugins compatible for Editor in 39.00 ms, found 3 plugins.
Preloading 0 native plugins for Editor in 0.00 ms.
Unloading 3748 Unused Serialized files (Serialized files now loaded: 0)
Unloading 23 unused Assets / (24.6 KB). Loaded Objects now: 4250.
Memory consumption went from 135.0 MB to 135.0 MB.
Total: 5.501800 ms (FindLiveObjects: 0.461100 ms CreateObjectMapping: 0.517800 ms MarkObjects: 4.480300 ms  DeleteObjects: 0.041500 ms)

AssetImportParameters requested are different than current active one (requested -> active):
  custom:video-decoder-ogg-theora: a1e56fd34408186e4bbccfd4996cb3dc -> 
  custom:container-muxer-webm: aa71ff27fc2769a1b78a27578f13a17b -> 
  custom:container-demuxer-webm: 4f35f7cbe854078d1ac9338744f61a02 -> 
  custom:video-encoder-webm-vp8: eb34c28f22e8b96e1ab97ce403110664 -> 
  custom:video-codec-MediaFoundation-h265: 746d11721c4dcdbdad8f713fa42b33f4 -> 
  custom:audio-encoder-webm-vorbis: bf7c407c2cedff20999df2af8eb42d56 -> 
  custom:framework-win-MediaFoundation: 216162199b28c13a410421893ffa2e32 -> 
  custom:container-demuxer-ogg: 62fdf1f143b41e24485cea50d1cbac27 -> 
  custom:video-decoder-webm-vp8: 9c59270c3fd7afecdb556c50c9e8de78 -> 
  custom:audio-decoder-ogg-vorbis: bf7c407c2cedff20999df2af8eb42d56 -> 
========================================================================
Received Import Request.
  Time since last request: 173.205096 seconds.
  path: Assets/2. Scripts/Scene Loader/SceneLoader.cs
  artifactKey: Guid(7b410ff86a940354495639839ccc9813) Importer(815301076,1909f56bfc062723c751e8b465ee728b)
Start importing Assets/2. Scripts/Scene Loader/SceneLoader.cs using Guid(7b410ff86a940354495639839ccc9813) Importer(815301076,1909f56bfc062723c751e8b465ee728b)  -> (artifact id: '1e9220159988e9253f4ab9559484dde1') in 0.018781 seconds 
========================================================================
Received Prepare
Registering precompiled user dll's ...
Registered in 0.010546 seconds.
Begin MonoManager ReloadAssembly
Symbol file LoadedFromMemory doesn't match image D:\Unity 프로젝트\RTS-GAME\RTS GAME\Library\PackageCache\com.unity.visualscripting@1.7.8\Editor\VisualScripting.Core\Dependencies\YamlDotNet\Unity.VisualScripting.YamlDotNet.dll
Symbol file LoadedFromMemory doesn't match image D:\Unity 프로젝트\RTS-GAME\RTS GAME\Library\PackageCache\com.unity.visualscripting@1.7.8\Editor\VisualScripting.Core\Dependencies\DotNetZip\Unity.VisualScripting.IonicZip.dll
Native extension for WindowsStandalone target not found
Native extension for Android target not found
Refreshing native plugins compatible for Editor in 1.33 ms, found 3 plugins.
Preloading 0 native plugins for Editor in 0.00 ms.
Mono: successfully reloaded assembly
- Completed reload, in  1.547 seconds
Domain Reload Profiling:
	ReloadAssembly (1548ms)
		BeginReloadAssembly (225ms)
			ExecutionOrderSort (0ms)
			DisableScriptedObjects (14ms)
			BackupInstance (0ms)
			ReleaseScriptingObjects (0ms)
			CreateAndSetChildDomain (56ms)
		EndReloadAssembly (1179ms)
			LoadAssemblies (178ms)
			RebuildTransferFunctionScriptingTraits (0ms)
			SetupTypeCache (428ms)
			ReleaseScriptCaches (2ms)
			RebuildScriptCaches (59ms)
			SetupLoadedEditorAssemblies (479ms)
				LogAssemblyErrors (0ms)
				InitializePlatformSupportModulesInManaged (30ms)
				SetLoadedEditorAssemblies (1ms)
				RefreshPlugins (2ms)
				BeforeProcessingInitializeOnLoad (89ms)
				ProcessInitializeOnLoadAttributes (298ms)
				ProcessInitializeOnLoadMethodAttributes (55ms)
				AfterProcessingInitializeOnLoad (5ms)
				EditorAssembliesLoaded (0ms)
			ExecutionOrderSort2 (0ms)
			AwakeInstancesAfterBackupRestoration (25ms)
Platform modules already initialized, skipping
Refreshing native plugins compatible for Editor in 2.98 ms, found 3 plugins.
Preloading 0 native plugins for Editor in 0.00 ms.
Unloading 3748 Unused Serialized files (Serialized files now loaded: 0)
Unloading 23 unused Assets / (24.6 KB). Loaded Objects now: 4254.
Memory consumption went from 135.0 MB to 135.0 MB.
Total: 4.726400 ms (FindLiveObjects: 0.358000 ms CreateObjectMapping: 0.225800 ms MarkObjects: 4.097500 ms  DeleteObjects: 0.043800 ms)

AssetImportParameters requested are different than current active one (requested -> active):
  custom:video-decoder-ogg-theora: a1e56fd34408186e4bbccfd4996cb3dc -> 
  custom:container-muxer-webm: aa71ff27fc2769a1b78a27578f13a17b -> 
  custom:container-demuxer-webm: 4f35f7cbe854078d1ac9338744f61a02 -> 
  custom:video-encoder-webm-vp8: eb34c28f22e8b96e1ab97ce403110664 -> 
  custom:video-codec-MediaFoundation-h265: 746d11721c4dcdbdad8f713fa42b33f4 -> 
  custom:audio-encoder-webm-vorbis: bf7c407c2cedff20999df2af8eb42d56 -> 
  custom:framework-win-MediaFoundation: 216162199b28c13a410421893ffa2e32 -> 
  custom:container-demuxer-ogg: 62fdf1f143b41e24485cea50d1cbac27 -> 
  custom:video-decoder-webm-vp8: 9c59270c3fd7afecdb556c50c9e8de78 -> 
  custom:audio-decoder-ogg-vorbis: bf7c407c2cedff20999df2af8eb42d56 -> 
========================================================================
Received Import Request.
  Time since last request: 592.391278 seconds.
  path: Assets/2. Scripts/Scene Loader/SceneLoader.cs
  artifactKey: Guid(7b410ff86a940354495639839ccc9813) Importer(815301076,1909f56bfc062723c751e8b465ee728b)
Start importing Assets/2. Scripts/Scene Loader/SceneLoader.cs using Guid(7b410ff86a940354495639839ccc9813) Importer(815301076,1909f56bfc062723c751e8b465ee728b)  -> (artifact id: '713dad9f9f7fbce6c110b4c52368a428') in 0.014372 seconds 
========================================================================
Received Prepare
Registering precompiled user dll's ...
Registered in 0.021079 seconds.
Begin MonoManager ReloadAssembly
Symbol file LoadedFromMemory doesn't match image D:\Unity 프로젝트\RTS-GAME\RTS GAME\Library\PackageCache\com.unity.visualscripting@1.7.8\Editor\VisualScripting.Core\Dependencies\YamlDotNet\Unity.VisualScripting.YamlDotNet.dll
Symbol file LoadedFromMemory doesn't match image D:\Unity 프로젝트\RTS-GAME\RTS GAME\Library\PackageCache\com.unity.visualscripting@1.7.8\Editor\VisualScripting.Core\Dependencies\DotNetZip\Unity.VisualScripting.IonicZip.dll
Native extension for WindowsStandalone target not found
Native extension for Android target not found
Refreshing native plugins compatible for Editor in 1.17 ms, found 3 plugins.
Preloading 0 native plugins for Editor in 0.00 ms.
Mono: successfully reloaded assembly
- Completed reload, in  1.835 seconds
Domain Reload Profiling:
	ReloadAssembly (1836ms)
		BeginReloadAssembly (293ms)
			ExecutionOrderSort (0ms)
			DisableScriptedObjects (12ms)
			BackupInstance (0ms)
			ReleaseScriptingObjects (0ms)
			CreateAndSetChildDomain (86ms)
		EndReloadAssembly (1345ms)
			LoadAssemblies (224ms)
			RebuildTransferFunctionScriptingTraits (0ms)
			SetupTypeCache (519ms)
			ReleaseScriptCaches (1ms)
			RebuildScriptCaches (84ms)
			SetupLoadedEditorAssemblies (495ms)
				LogAssemblyErrors (0ms)
				InitializePlatformSupportModulesInManaged (29ms)
				SetLoadedEditorAssemblies (1ms)
				RefreshPlugins (1ms)
				BeforeProcessingInitializeOnLoad (101ms)
				ProcessInitializeOnLoadAttributes (304ms)
				ProcessInitializeOnLoadMethodAttributes (53ms)
				AfterProcessingInitializeOnLoad (5ms)
				EditorAssembliesLoaded (0ms)
			ExecutionOrderSort2 (0ms)
			AwakeInstancesAfterBackupRestoration (22ms)
Platform modules already initialized, skipping
Refreshing native plugins compatible for Editor in 4.19 ms, found 3 plugins.
Preloading 0 native plugins for Editor in 0.00 ms.
Unloading 3747 Unused Serialized files (Serialized files now loaded: 0)
Unloading 24 unused Assets / (24.7 KB). Loaded Objects now: 4257.
Memory consumption went from 135.0 MB to 135.0 MB.
Total: 6.806300 ms (FindLiveObjects: 0.453300 ms CreateObjectMapping: 0.387900 ms MarkObjects: 5.914600 ms  DeleteObjects: 0.049200 ms)

AssetImportParameters requested are different than current active one (requested -> active):
  custom:video-decoder-ogg-theora: a1e56fd34408186e4bbccfd4996cb3dc -> 
  custom:container-muxer-webm: aa71ff27fc2769a1b78a27578f13a17b -> 
  custom:container-demuxer-webm: 4f35f7cbe854078d1ac9338744f61a02 -> 
  custom:video-encoder-webm-vp8: eb34c28f22e8b96e1ab97ce403110664 -> 
  custom:video-codec-MediaFoundation-h265: 746d11721c4dcdbdad8f713fa42b33f4 -> 
  custom:audio-encoder-webm-vorbis: bf7c407c2cedff20999df2af8eb42d56 -> 
  custom:framework-win-MediaFoundation: 216162199b28c13a410421893ffa2e32 -> 
  custom:container-demuxer-ogg: 62fdf1f143b41e24485cea50d1cbac27 -> 
  custom:video-decoder-webm-vp8: 9c59270c3fd7afecdb556c50c9e8de78 -> 
  custom:audio-decoder-ogg-vorbis: bf7c407c2cedff20999df2af8eb42d56 -> 
========================================================================
Received Import Request.
  Time since last request: 1655.337006 seconds.
  path: Assets/3. Prefebs/Units/My/Warband/Bandwagon Standard.prefab
  artifactKey: Guid(334dc27e9305392439bd74caaf3086bc) Importer(815301076,1909f56bfc062723c751e8b465ee728b)
Start importing Assets/3. Prefebs/Units/My/Warband/Bandwagon Standard.prefab using Guid(334dc27e9305392439bd74caaf3086bc) Importer(815301076,1909f56bfc062723c751e8b465ee728b)  -> (artifact id: '3508a42e918d9bbe89ad97f01f348134') in 4.136461 seconds 
========================================================================
Received Import Request.
  Time since last request: 0.000028 seconds.
  path: Assets/RTS Mini Legion Fantasy PBR/Mini Legion Human PBR/Materials/Skybox_Mat.mat
  artifactKey: Guid(d2d7dc5fec8d6b34d8640a166d001212) Importer(815301076,1909f56bfc062723c751e8b465ee728b)
Start importing Assets/RTS Mini Legion Fantasy PBR/Mini Legion Human PBR/Materials/Skybox_Mat.mat using Guid(d2d7dc5fec8d6b34d8640a166d001212) Importer(815301076,1909f56bfc062723c751e8b465ee728b)  -> (artifact id: 'ba111bf18aa6b01fcbe65457b18cc768') in 0.325091 seconds 
========================================================================
Received Import Request.
  Time since last request: 0.000053 seconds.
  path: Assets/3. Prefebs/Units/My/Warband/HogRider Standard.prefab
  artifactKey: Guid(9bd6067e840a7354e9c23e9af517ee06) Importer(815301076,1909f56bfc062723c751e8b465ee728b)
Start importing Assets/3. Prefebs/Units/My/Warband/HogRider Standard.prefab using Guid(9bd6067e840a7354e9c23e9af517ee06) Importer(815301076,1909f56bfc062723c751e8b465ee728b)  -> (artifact id: '257f4f77bfe966a26fbb60b46dd7d94e') in 1.008326 seconds 
========================================================================
Received Import Request.
  Time since last request: 0.000043 seconds.
  path: Assets/3. Prefebs/Units/My/Warband/HeadHunter Standard.prefab
  artifactKey: Guid(79e3e79dae4815247a26e597863cf9bd) Importer(815301076,1909f56bfc062723c751e8b465ee728b)
Start importing Assets/3. Prefebs/Units/My/Warband/HeadHunter Standard.prefab using Guid(79e3e79dae4815247a26e597863cf9bd) Importer(815301076,1909f56bfc062723c751e8b465ee728b)  -> (artifact id: 'ff31982040f5d4d99a703638bef6c771') in 1.851343 seconds 
========================================================================
Received Import Request.
  Time since last request: 0.000041 seconds.
  path: Assets/3. Prefebs/Units/My/Warband/Drake Standard.prefab
  artifactKey: Guid(74c6a11887ecd8b4493ca558900afa66) Importer(815301076,1909f56bfc062723c751e8b465ee728b)
Start importing Assets/3. Prefebs/Units/My/Warband/Drake Standard.prefab using Guid(74c6a11887ecd8b4493ca558900afa66) Importer(815301076,1909f56bfc062723c751e8b465ee728b)  -> (artifact id: 'd43345037ea5cdb7d250d30ba3074225') in 0.925387 seconds 
========================================================================
Received Import Request.
  Time since last request: 0.000048 seconds.
  path: Assets/RTS Mini Legion Fantasy PBR/Mini Legion Human PBR/Materials/MaskTintPBR.mat
  artifactKey: Guid(c32e8727045fd3b4ca86ead1a85e57af) Importer(815301076,1909f56bfc062723c751e8b465ee728b)
Start importing Assets/RTS Mini Legion Fantasy PBR/Mini Legion Human PBR/Materials/MaskTintPBR.mat using Guid(c32e8727045fd3b4ca86ead1a85e57af) Importer(815301076,1909f56bfc062723c751e8b465ee728b)  -> (artifact id: 'd47b8fa68a0228f977701e256667ae43') in 0.366844 seconds 
========================================================================
Received Import Request.
  Time since last request: 0.000038 seconds.
  path: Assets/3. Prefebs/Units/My/Warband/Warlock Standard.prefab
  artifactKey: Guid(4c67c04846a72e64688a2ac506212673) Importer(815301076,1909f56bfc062723c751e8b465ee728b)
Start importing Assets/3. Prefebs/Units/My/Warband/Warlock Standard.prefab using Guid(4c67c04846a72e64688a2ac506212673) Importer(815301076,1909f56bfc062723c751e8b465ee728b)  -> (artifact id: '90812aca99ca12f2a9a8ca5a6f3716f0') in 0.290502 seconds 
========================================================================
Received Import Request.
  Time since last request: 0.000033 seconds.
  path: Assets/4. Image/Crystal.png
  artifactKey: Guid(52005c93df204a845a86bfd27ced38c7) Importer(815301076,1909f56bfc062723c751e8b465ee728b)
Start importing Assets/4. Image/Crystal.png using Guid(52005c93df204a845a86bfd27ced38c7) Importer(815301076,1909f56bfc062723c751e8b465ee728b)  -> (artifact id: '8a2de1e82156c3e70d4d82e0cd2097a6') in 0.755898 seconds 
========================================================================
Received Import Request.
  Time since last request: 0.000043 seconds.
  path: Assets/RTS Mini Legion Fantasy PBR/Mini Legion Human PBR/Materials/Stage.mat
  artifactKey: Guid(26c8d0a88c1116b45b1c3f1c170f0c16) Importer(815301076,1909f56bfc062723c751e8b465ee728b)
Start importing Assets/RTS Mini Legion Fantasy PBR/Mini Legion Human PBR/Materials/Stage.mat using Guid(26c8d0a88c1116b45b1c3f1c170f0c16) Importer(815301076,1909f56bfc062723c751e8b465ee728b)  -> (artifact id: '94aedabc60c50bfa02c3fa35b71ffc52') in 0.057703 seconds 
========================================================================
Received Import Request.
  Time since last request: 0.000037 seconds.
  path: Assets/4. Image/게임로고_파란색-removebg-preview.png
  artifactKey: Guid(f5f0654739d1bad45a2c8dfda2a331af) Importer(815301076,1909f56bfc062723c751e8b465ee728b)
Start importing Assets/4. Image/게임로고_파란색-removebg-preview.png using Guid(f5f0654739d1bad45a2c8dfda2a331af) Importer(815301076,1909f56bfc062723c751e8b465ee728b)  -> (artifact id: '8a790eb42eb386d1ab2d9219743bb966') in 0.149563 seconds 
========================================================================
Received Import Request.
  Time since last request: 39.880644 seconds.
  path: Assets/RTS Mini Legion Fantasy PBR/Mini Legion Human PBR/Prefabs/Archer_MaskTint_PBR.prefab
  artifactKey: Guid(1f6bd790195ecb24b8a15f105fd5b8cc) Importer(815301076,1909f56bfc062723c751e8b465ee728b)
Start importing Assets/RTS Mini Legion Fantasy PBR/Mini Legion Human PBR/Prefabs/Archer_MaskTint_PBR.prefab using Guid(1f6bd790195ecb24b8a15f105fd5b8cc) Importer(815301076,1909f56bfc062723c751e8b465ee728b) Asset 'Archer': Transition 'AnyState -> Victory' in state 'AnyState' doesn't have an Exit Time or any condition, transition will be ignored
UnityEngine.StackTraceUtility:ExtractStackTrace ()
UnityEditor.EditorUtility:Internal_InstantiateRemoveAllNonAnimationComponentsSingle (UnityEngine.Object,UnityEngine.Vector3,UnityEngine.Quaternion)
UnityEditor.EditorUtility:InstantiateRemoveAllNonAnimationComponents (UnityEngine.Object,UnityEngine.Vector3,UnityEngine.Quaternion)
UnityEditor.EditorUtility:InstantiateForAnimatorPreview (UnityEngine.Object)
UnityEditor.GameObjectInspector/PreviewData:UpdateGameObject (UnityEngine.Object)
UnityEditor.GameObjectInspector/PreviewData:.ctor (UnityEngine.Object)
UnityEditor.GameObjectInspector:GetPreviewData ()
UnityEditor.GameObjectInspector:RenderStaticPreview (string,UnityEngine.Object[],int,int)
UnityEditor.AssetPreviewUpdater:CreatePreview (UnityEngine.Object,UnityEngine.Object[],string,int,int)
UnityEditor.AssetPreviewUpdater:CreatePreviewForAsset (UnityEngine.Object,UnityEngine.Object[],string)

[C:\buildslave\unity\build\Editor\Src\Animation\StateMachine.cpp line 1845]

 -> (artifact id: '37d2be80abd37eab16b8ed87f1fd5891') in 1.642888 seconds 
========================================================================
Received Import Request.
  Time since last request: 0.000049 seconds.
  path: Assets/RTS Mini Legion Fantasy PBR/Mini Legion Human PBR/Prefabs/SiegeEngine_MaskTint_PBR.prefab
  artifactKey: Guid(36b81740e0e79fe48b608c0e6add0571) Importer(815301076,1909f56bfc062723c751e8b465ee728b)
Start importing Assets/RTS Mini Legion Fantasy PBR/Mini Legion Human PBR/Prefabs/SiegeEngine_MaskTint_PBR.prefab using Guid(36b81740e0e79fe48b608c0e6add0571) Importer(815301076,1909f56bfc062723c751e8b465ee728b)  -> (artifact id: 'a52c59bcb2c7a5e57696fd790056f57f') in 0.961026 seconds 
========================================================================
Received Import Request.
  Time since last request: 0.000063 seconds.
  path: Assets/RTS Mini Legion Fantasy PBR/Mini Legion Human PBR/Prefabs/Griffin_Standard_PBR.prefab
  artifactKey: Guid(3f64128d889615c40af20932376b6623) Importer(815301076,1909f56bfc062723c751e8b465ee728b)
Start importing Assets/RTS Mini Legion Fantasy PBR/Mini Legion Human PBR/Prefabs/Griffin_Standard_PBR.prefab using Guid(3f64128d889615c40af20932376b6623) Importer(815301076,1909f56bfc062723c751e8b465ee728b)  -> (artifact id: '7f9d488a79c9bbfedcf0dfafc682260f') in 0.746917 seconds 
========================================================================
Received Import Request.
  Time since last request: 0.000028 seconds.
  path: Assets/RTS Mini Legion Fantasy PBR/Mini Legion Human PBR/Prefabs/Footman_MaskTint_PBR.prefab
  artifactKey: Guid(c6cf683f5d9f8434b805accfe50c6776) Importer(815301076,1909f56bfc062723c751e8b465ee728b)
Start importing Assets/RTS Mini Legion Fantasy PBR/Mini Legion Human PBR/Prefabs/Footman_MaskTint_PBR.prefab using Guid(c6cf683f5d9f8434b805accfe50c6776) Importer(815301076,1909f56bfc062723c751e8b465ee728b)  -> (artifact id: 'b6b6b20ef666a965b59ca4b26a8f2d53') in 1.047503 seconds 
========================================================================
Received Import Request.
  Time since last request: 0.000039 seconds.
  path: Assets/RTS Mini Legion Fantasy PBR/Mini Legion Human PBR/Prefabs/Mage_Standard_PBR.prefab
  artifactKey: Guid(910c5e08d2262d84fb81f1244abb0203) Importer(815301076,1909f56bfc062723c751e8b465ee728b)
Start importing Assets/RTS Mini Legion Fantasy PBR/Mini Legion Human PBR/Prefabs/Mage_Standard_PBR.prefab using Guid(910c5e08d2262d84fb81f1244abb0203) Importer(815301076,1909f56bfc062723c751e8b465ee728b)  -> (artifact id: '3fe419c254b7095be25fa001198e7bcb') in 0.609722 seconds 
========================================================================
Received Import Request.
  Time since last request: 0.000039 seconds.
  path: Assets/RTS Mini Legion Fantasy PBR/Mini Legion Human PBR/Prefabs/Horseman_Standard_PBR.prefab
  artifactKey: Guid(f82dfd85b4b5e68419f26eea3505c38d) Importer(815301076,1909f56bfc062723c751e8b465ee728b)
Start importing Assets/RTS Mini Legion Fantasy PBR/Mini Legion Human PBR/Prefabs/Horseman_Standard_PBR.prefab using Guid(f82dfd85b4b5e68419f26eea3505c38d) Importer(815301076,1909f56bfc062723c751e8b465ee728b)  -> (artifact id: '186b64fd7e7841ffdc88eec3168789d8') in 0.742454 seconds 
========================================================================
Received Import Request.
  Time since last request: 0.000073 seconds.
  path: Assets/RTS Mini Legion Fantasy PBR/Mini Legion Human PBR/Prefabs/Arrow_MaskTint_PBR.prefab
  artifactKey: Guid(1564820e12bb87d42825fbdba90a6bbe) Importer(815301076,1909f56bfc062723c751e8b465ee728b)
Start importing Assets/RTS Mini Legion Fantasy PBR/Mini Legion Human PBR/Prefabs/Arrow_MaskTint_PBR.prefab using Guid(1564820e12bb87d42825fbdba90a6bbe) Importer(815301076,1909f56bfc062723c751e8b465ee728b)  -> (artifact id: 'dffbb9168348c5277eb8007a2e173ac5') in 0.449944 seconds 
========================================================================
Received Import Request.
  Time since last request: 0.000040 seconds.
  path: Assets/RTS Mini Legion Fantasy PBR/Mini Legion Human PBR/Prefabs/Arrow_Standard_PBR.prefab
  artifactKey: Guid(183ac3d3c1f24904f8cf5b32a2df8e72) Importer(815301076,1909f56bfc062723c751e8b465ee728b)
Start importing Assets/RTS Mini Legion Fantasy PBR/Mini Legion Human PBR/Prefabs/Arrow_Standard_PBR.prefab using Guid(183ac3d3c1f24904f8cf5b32a2df8e72) Importer(815301076,1909f56bfc062723c751e8b465ee728b)  -> (artifact id: 'eb56d0a9a3f304256bd5bda5908b3655') in 0.683016 seconds 
========================================================================
Received Import Request.
  Time since last request: 0.000036 seconds.
  path: Assets/RTS Mini Legion Fantasy PBR/Mini Legion Human PBR/Prefabs/Footman_Standard_PBR.prefab
  artifactKey: Guid(4d23ea62cdf6b3f4dac6776dffc2a927) Importer(815301076,1909f56bfc062723c751e8b465ee728b)
Start importing Assets/RTS Mini Legion Fantasy PBR/Mini Legion Human PBR/Prefabs/Footman_Standard_PBR.prefab using Guid(4d23ea62cdf6b3f4dac6776dffc2a927) Importer(815301076,1909f56bfc062723c751e8b465ee728b)  -> (artifact id: '3115545cbd9e8057a8ca5bac28a9bf6e') in 0.757881 seconds 
========================================================================
Received Import Request.
  Time since last request: 0.000044 seconds.
  path: Assets/RTS Mini Legion Fantasy PBR/Mini Legion Human PBR/Prefabs/Worker_MaskTint_PBR.prefab
  artifactKey: Guid(e36becba876fdf4489728aa92d5160e4) Importer(815301076,1909f56bfc062723c751e8b465ee728b)
Start importing Assets/RTS Mini Legion Fantasy PBR/Mini Legion Human PBR/Prefabs/Worker_MaskTint_PBR.prefab using Guid(e36becba876fdf4489728aa92d5160e4) Importer(815301076,1909f56bfc062723c751e8b465ee728b)  -> (artifact id: '99cf08e63b4272639ed441f633a7d5fb') in 0.412472 seconds 
========================================================================
Received Import Request.
  Time since last request: 97.794225 seconds.
  path: Assets/RTS Mini Legion Fantasy PBR/Mini Legion Human PBR/Meshes/Archer_Arrow.fbx
  artifactKey: Guid(9449d94729654824bb5a6bd9138eb008) Importer(815301076,1909f56bfc062723c751e8b465ee728b)
Start importing Assets/RTS Mini Legion Fantasy PBR/Mini Legion Human PBR/Meshes/Archer_Arrow.fbx using Guid(9449d94729654824bb5a6bd9138eb008) Importer(815301076,1909f56bfc062723c751e8b465ee728b)  -> (artifact id: '8855d86a19edd9b6390c0bf72161ada4') in 0.545595 seconds 
========================================================================
Received Import Request.
  Time since last request: 0.000032 seconds.
  path: Assets/RTS Mini Legion Fantasy PBR/Mini Legion Human PBR/Meshes/Horseman_Default.fbx
  artifactKey: Guid(5a7eb8f0a9269b748a649a15f9e39d52) Importer(815301076,1909f56bfc062723c751e8b465ee728b)
Start importing Assets/RTS Mini Legion Fantasy PBR/Mini Legion Human PBR/Meshes/Horseman_Default.fbx using Guid(5a7eb8f0a9269b748a649a15f9e39d52) Importer(815301076,1909f56bfc062723c751e8b465ee728b)  -> (artifact id: '04b377fe3d1e111a0b1bb2aa0e6c0d4b') in 0.095417 seconds 
========================================================================
Received Import Request.
  Time since last request: 0.000034 seconds.
  path: Assets/RTS Mini Legion Fantasy PBR/Mini Legion Human PBR/Animations/Archer/Archer_Victory.fbx
  artifactKey: Guid(a96f18fcde7c4e94a8fab7314eec3df3) Importer(815301076,1909f56bfc062723c751e8b465ee728b)
Start importing Assets/RTS Mini Legion Fantasy PBR/Mini Legion Human PBR/Animations/Archer/Archer_Victory.fbx using Guid(a96f18fcde7c4e94a8fab7314eec3df3) Importer(815301076,1909f56bfc062723c751e8b465ee728b)  -> (artifact id: 'b92db62e67909d4b9b76557cdec33612') in 0.063013 seconds 
========================================================================
Received Import Request.
  Time since last request: 0.000027 seconds.
  path: Assets/RTS Mini Legion Fantasy PBR/Mini Legion Human PBR/Animations/Archer/Archer_Death.fbx
  artifactKey: Guid(d105f836780ac9945b4ca176f2f7b192) Importer(815301076,1909f56bfc062723c751e8b465ee728b)
Start importing Assets/RTS Mini Legion Fantasy PBR/Mini Legion Human PBR/Animations/Archer/Archer_Death.fbx using Guid(d105f836780ac9945b4ca176f2f7b192) Importer(815301076,1909f56bfc062723c751e8b465ee728b)  -> (artifact id: 'e6e63e57493d36b22315a93b214b2c6b') in 0.061536 seconds 
========================================================================
Received Import Request.
  Time since last request: 0.000085 seconds.
  path: Assets/RTS Mini Legion Fantasy PBR/Mini Legion Human PBR/Meshes/Footman_Default.fbx
  artifactKey: Guid(80a7a657c76f98d498e0de6c108c509b) Importer(815301076,1909f56bfc062723c751e8b465ee728b)
Start importing Assets/RTS Mini Legion Fantasy PBR/Mini Legion Human PBR/Meshes/Footman_Default.fbx using Guid(80a7a657c76f98d498e0de6c108c509b) Importer(815301076,1909f56bfc062723c751e8b465ee728b)  -> (artifact id: '98665c2591a9bf1f738375ea527b149e') in 0.056357 seconds 
========================================================================
Received Import Request.
  Time since last request: 0.000036 seconds.
  path: Assets/RTS Mini Legion Fantasy PBR/Mini Legion Human PBR/Meshes/Stage.fbx
  artifactKey: Guid(10f7143bde2ec2848be6793111eba02e) Importer(815301076,1909f56bfc062723c751e8b465ee728b)
Start importing Assets/RTS Mini Legion Fantasy PBR/Mini Legion Human PBR/Meshes/Stage.fbx using Guid(10f7143bde2ec2848be6793111eba02e) Importer(815301076,1909f56bfc062723c751e8b465ee728b)  -> (artifact id: '983516a065bb6e24b8510d6b436a2a7f') in 0.075663 seconds 
========================================================================
Received Import Request.
  Time since last request: 0.000032 seconds.
  path: Assets/RTS Mini Legion Fantasy PBR/Mini Legion Human PBR/Animations/Archer/Archer_attack02_Start.fbx
  artifactKey: Guid(fb6d093b9589b984fbf5148b570fbcaf) Importer(815301076,1909f56bfc062723c751e8b465ee728b)
Start importing Assets/RTS Mini Legion Fantasy PBR/Mini Legion Human PBR/Animations/Archer/Archer_attack02_Start.fbx using Guid(fb6d093b9589b984fbf5148b570fbcaf) Importer(815301076,1909f56bfc062723c751e8b465ee728b)  -> (artifact id: '7cbd7d583cafdb8c95d4aeababe7bf6e') in 0.097688 seconds 
========================================================================
Received Import Request.
  Time since last request: 0.000042 seconds.
  path: Assets/RTS Mini Legion Fantasy PBR/Mini Legion Human PBR/Meshes/Knight_Default.fbx
  artifactKey: Guid(a765fdc3eb3b7b047b2ad91edf248951) Importer(815301076,1909f56bfc062723c751e8b465ee728b)
Start importing Assets/RTS Mini Legion Fantasy PBR/Mini Legion Human PBR/Meshes/Knight_Default.fbx using Guid(a765fdc3eb3b7b047b2ad91edf248951) Importer(815301076,1909f56bfc062723c751e8b465ee728b)  -> (artifact id: '22062fedd71d0cc120e59b77ef8976a3') in 0.039630 seconds 
========================================================================
Received Import Request.
  Time since last request: 0.000047 seconds.
  path: Assets/RTS Mini Legion Fantasy PBR/Mini Legion Human PBR/Meshes/Worker_Default.fbx
  artifactKey: Guid(cfea109b7d0952745a08458e5d189170) Importer(815301076,1909f56bfc062723c751e8b465ee728b)
Start importing Assets/RTS Mini Legion Fantasy PBR/Mini Legion Human PBR/Meshes/Worker_Default.fbx using Guid(cfea109b7d0952745a08458e5d189170) Importer(815301076,1909f56bfc062723c751e8b465ee728b)  -> (artifact id: '7066b4f1d549f543ced676bbc7f98c04') in 0.046492 seconds 
========================================================================
Received Import Request.
  Time since last request: 0.000040 seconds.
  path: Assets/RTS Mini Legion Fantasy PBR/Mini Legion Human PBR/Meshes/Mage_Default.fbx
  artifactKey: Guid(85817aa52585f7c448b111fe88f56c41) Importer(815301076,1909f56bfc062723c751e8b465ee728b)
Start importing Assets/RTS Mini Legion Fantasy PBR/Mini Legion Human PBR/Meshes/Mage_Default.fbx using Guid(85817aa52585f7c448b111fe88f56c41) Importer(815301076,1909f56bfc062723c751e8b465ee728b)  -> (artifact id: '0bf54773398158822e9fe700793ec77f') in 0.055567 seconds 
========================================================================
Received Import Request.
  Time since last request: 0.000038 seconds.
  path: Assets/RTS Mini Legion Fantasy PBR/Mini Legion Human PBR/Meshes/SiegeEngine_Default.fbx
  artifactKey: Guid(bf1e427ad46c6de45b9fc19a10cc3008) Importer(815301076,1909f56bfc062723c751e8b465ee728b)
Start importing Assets/RTS Mini Legion Fantasy PBR/Mini Legion Human PBR/Meshes/SiegeEngine_Default.fbx using Guid(bf1e427ad46c6de45b9fc19a10cc3008) Importer(815301076,1909f56bfc062723c751e8b465ee728b)  -> (artifact id: '13bfccc9d34b2887c7b2d0ecea40267c') in 0.038322 seconds 
========================================================================
Received Import Request.
  Time since last request: 1.165241 seconds.
  path: Assets/RTS Mini Legion Fantasy PBR/Mini Legion Human PBR/Animations/Archer/Archer.controller
  artifactKey: Guid(9aed75fe1cfc44a4cb7d15ddd9c17891) Importer(815301076,1909f56bfc062723c751e8b465ee728b)
Start importing Assets/RTS Mini Legion Fantasy PBR/Mini Legion Human PBR/Animations/Archer/Archer.controller using Guid(9aed75fe1cfc44a4cb7d15ddd9c17891) Importer(815301076,1909f56bfc062723c751e8b465ee728b)  -> (artifact id: '3c6e48a82491f52efffaa5f675ecbb2d') in 0.020376 seconds 
========================================================================
Received Import Request.
  Time since last request: 1.486429 seconds.
  path: Assets/RTS Mini Legion Fantasy PBR/Mini Legion Human PBR/Animations/Archer/Archer 1.controller
  artifactKey: Guid(51f1c3e8efc84924baf9a33edea3ca57) Importer(815301076,1909f56bfc062723c751e8b465ee728b)
Start importing Assets/RTS Mini Legion Fantasy PBR/Mini Legion Human PBR/Animations/Archer/Archer 1.controller using Guid(51f1c3e8efc84924baf9a33edea3ca57) Importer(815301076,1909f56bfc062723c751e8b465ee728b)  -> (artifact id: '2a44a4287f7003273900afaea46cbce0') in 0.017169 seconds 
========================================================================
Received Prepare
Registering precompiled user dll's ...
Registered in 0.009765 seconds.
Begin MonoManager ReloadAssembly
Symbol file LoadedFromMemory doesn't match image D:\Unity 프로젝트\RTS-GAME\RTS GAME\Library\PackageCache\com.unity.visualscripting@1.7.8\Editor\VisualScripting.Core\Dependencies\YamlDotNet\Unity.VisualScripting.YamlDotNet.dll
Symbol file LoadedFromMemory doesn't match image D:\Unity 프로젝트\RTS-GAME\RTS GAME\Library\PackageCache\com.unity.visualscripting@1.7.8\Editor\VisualScripting.Core\Dependencies\DotNetZip\Unity.VisualScripting.IonicZip.dll
Native extension for WindowsStandalone target not found
Native extension for Android target not found
Refreshing native plugins compatible for Editor in 1.63 ms, found 3 plugins.
Preloading 0 native plugins for Editor in 0.00 ms.
Mono: successfully reloaded assembly
- Completed reload, in  2.921 seconds
Domain Reload Profiling:
	ReloadAssembly (2922ms)
		BeginReloadAssembly (582ms)
			ExecutionOrderSort (0ms)
			DisableScriptedObjects (38ms)
			BackupInstance (0ms)
			ReleaseScriptingObjects (0ms)
			CreateAndSetChildDomain (245ms)
		EndReloadAssembly (2154ms)
			LoadAssemblies (257ms)
			RebuildTransferFunctionScriptingTraits (0ms)
			SetupTypeCache (696ms)
			ReleaseScriptCaches (4ms)
			RebuildScriptCaches (199ms)
			SetupLoadedEditorAssemblies (732ms)
				LogAssemblyErrors (0ms)
				InitializePlatformSupportModulesInManaged (140ms)
				SetLoadedEditorAssemblies (1ms)
				RefreshPlugins (2ms)
				BeforeProcessingInitializeOnLoad (126ms)
				ProcessInitializeOnLoadAttributes (393ms)
				ProcessInitializeOnLoadMethodAttributes (65ms)
				AfterProcessingInitializeOnLoad (5ms)
				EditorAssembliesLoaded (0ms)
			ExecutionOrderSort2 (0ms)
			AwakeInstancesAfterBackupRestoration (24ms)
Platform modules already initialized, skipping
Refreshing native plugins compatible for Editor in 2.96 ms, found 3 plugins.
Preloading 0 native plugins for Editor in 0.00 ms.
Unloading 3747 Unused Serialized files (Serialized files now loaded: 0)
Unloading 23 unused Assets / (24.7 KB). Loaded Objects now: 4315.
Memory consumption went from 153.3 MB to 153.3 MB.
Total: 4.965700 ms (FindLiveObjects: 0.475200 ms CreateObjectMapping: 0.352700 ms MarkObjects: 4.092800 ms  DeleteObjects: 0.043500 ms)

AssetImportParameters requested are different than current active one (requested -> active):
  custom:video-decoder-ogg-theora: a1e56fd34408186e4bbccfd4996cb3dc -> 
  custom:container-muxer-webm: aa71ff27fc2769a1b78a27578f13a17b -> 
  custom:container-demuxer-webm: 4f35f7cbe854078d1ac9338744f61a02 -> 
  custom:video-encoder-webm-vp8: eb34c28f22e8b96e1ab97ce403110664 -> 
  custom:video-codec-MediaFoundation-h265: 746d11721c4dcdbdad8f713fa42b33f4 -> 
  custom:audio-encoder-webm-vorbis: bf7c407c2cedff20999df2af8eb42d56 -> 
  custom:framework-win-MediaFoundation: 216162199b28c13a410421893ffa2e32 -> 
  custom:container-demuxer-ogg: 62fdf1f143b41e24485cea50d1cbac27 -> 
  custom:video-decoder-webm-vp8: 9c59270c3fd7afecdb556c50c9e8de78 -> 
  custom:audio-decoder-ogg-vorbis: bf7c407c2cedff20999df2af8eb42d56 -> 
========================================================================
Received Prepare
Registering precompiled user dll's ...
Registered in 0.016675 seconds.
Begin MonoManager ReloadAssembly
Symbol file LoadedFromMemory doesn't match image D:\Unity 프로젝트\RTS-GAME\RTS GAME\Library\PackageCache\com.unity.visualscripting@1.7.8\Editor\VisualScripting.Core\Dependencies\YamlDotNet\Unity.VisualScripting.YamlDotNet.dll
Symbol file LoadedFromMemory doesn't match image D:\Unity 프로젝트\RTS-GAME\RTS GAME\Library\PackageCache\com.unity.visualscripting@1.7.8\Editor\VisualScripting.Core\Dependencies\DotNetZip\Unity.VisualScripting.IonicZip.dll
Native extension for WindowsStandalone target not found
Native extension for Android target not found
Refreshing native plugins compatible for Editor in 1.03 ms, found 3 plugins.
Preloading 0 native plugins for Editor in 0.00 ms.
Mono: successfully reloaded assembly
- Completed reload, in  2.153 seconds
Domain Reload Profiling:
	ReloadAssembly (2155ms)
		BeginReloadAssembly (249ms)
			ExecutionOrderSort (0ms)
			DisableScriptedObjects (9ms)
			BackupInstance (0ms)
			ReleaseScriptingObjects (0ms)
			CreateAndSetChildDomain (53ms)
		EndReloadAssembly (1730ms)
			LoadAssemblies (203ms)
			RebuildTransferFunctionScriptingTraits (0ms)
			SetupTypeCache (494ms)
			ReleaseScriptCaches (3ms)
			RebuildScriptCaches (86ms)
			SetupLoadedEditorAssemblies (895ms)
				LogAssemblyErrors (0ms)
				InitializePlatformSupportModulesInManaged (51ms)
				SetLoadedEditorAssemblies (1ms)
				RefreshPlugins (1ms)
				BeforeProcessingInitializeOnLoad (156ms)
				ProcessInitializeOnLoadAttributes (507ms)
				ProcessInitializeOnLoadMethodAttributes (173ms)
				AfterProcessingInitializeOnLoad (5ms)
				EditorAssembliesLoaded (0ms)
			ExecutionOrderSort2 (0ms)
			AwakeInstancesAfterBackupRestoration (24ms)
Platform modules already initialized, skipping
Refreshing native plugins compatible for Editor in 4.89 ms, found 3 plugins.
Preloading 0 native plugins for Editor in 0.00 ms.
Unloading 3747 Unused Serialized files (Serialized files now loaded: 0)
Unloading 23 unused Assets / (24.7 KB). Loaded Objects now: 4319.
Memory consumption went from 153.3 MB to 153.3 MB.
Total: 6.471900 ms (FindLiveObjects: 0.532000 ms CreateObjectMapping: 0.353100 ms MarkObjects: 5.537800 ms  DeleteObjects: 0.047800 ms)

AssetImportParameters requested are different than current active one (requested -> active):
  custom:video-decoder-ogg-theora: a1e56fd34408186e4bbccfd4996cb3dc -> 
  custom:container-muxer-webm: aa71ff27fc2769a1b78a27578f13a17b -> 
  custom:container-demuxer-webm: 4f35f7cbe854078d1ac9338744f61a02 -> 
  custom:video-encoder-webm-vp8: eb34c28f22e8b96e1ab97ce403110664 -> 
  custom:video-codec-MediaFoundation-h265: 746d11721c4dcdbdad8f713fa42b33f4 -> 
  custom:audio-encoder-webm-vorbis: bf7c407c2cedff20999df2af8eb42d56 -> 
  custom:framework-win-MediaFoundation: 216162199b28c13a410421893ffa2e32 -> 
  custom:container-demuxer-ogg: 62fdf1f143b41e24485cea50d1cbac27 -> 
  custom:video-decoder-webm-vp8: 9c59270c3fd7afecdb556c50c9e8de78 -> 
  custom:audio-decoder-ogg-vorbis: bf7c407c2cedff20999df2af8eb42d56 -> 
========================================================================
Received Prepare
Registering precompiled user dll's ...
Registered in 0.013838 seconds.
Begin MonoManager ReloadAssembly
Symbol file LoadedFromMemory doesn't match image D:\Unity 프로젝트\RTS-GAME\RTS GAME\Library\PackageCache\com.unity.visualscripting@1.7.8\Editor\VisualScripting.Core\Dependencies\YamlDotNet\Unity.VisualScripting.YamlDotNet.dll
Symbol file LoadedFromMemory doesn't match image D:\Unity 프로젝트\RTS-GAME\RTS GAME\Library\PackageCache\com.unity.visualscripting@1.7.8\Editor\VisualScripting.Core\Dependencies\DotNetZip\Unity.VisualScripting.IonicZip.dll
Native extension for WindowsStandalone target not found
Native extension for Android target not found
Refreshing native plugins compatible for Editor in 0.82 ms, found 3 plugins.
Preloading 0 native plugins for Editor in 0.00 ms.
Mono: successfully reloaded assembly
- Completed reload, in  1.817 seconds
Domain Reload Profiling:
	ReloadAssembly (1818ms)
		BeginReloadAssembly (503ms)
			ExecutionOrderSort (0ms)
			DisableScriptedObjects (10ms)
			BackupInstance (0ms)
			ReleaseScriptingObjects (0ms)
			CreateAndSetChildDomain (53ms)
		EndReloadAssembly (1172ms)
			LoadAssemblies (453ms)
			RebuildTransferFunctionScriptingTraits (0ms)
			SetupTypeCache (406ms)
			ReleaseScriptCaches (2ms)
			RebuildScriptCaches (60ms)
			SetupLoadedEditorAssemblies (494ms)
				LogAssemblyErrors (0ms)
				InitializePlatformSupportModulesInManaged (30ms)
				SetLoadedEditorAssemblies (1ms)
				RefreshPlugins (1ms)
				BeforeProcessingInitializeOnLoad (89ms)
				ProcessInitializeOnLoadAttributes (318ms)
				ProcessInitializeOnLoadMethodAttributes (50ms)
				AfterProcessingInitializeOnLoad (5ms)
				EditorAssembliesLoaded (0ms)
			ExecutionOrderSort2 (0ms)
			AwakeInstancesAfterBackupRestoration (22ms)
Platform modules already initialized, skipping
Refreshing native plugins compatible for Editor in 6.51 ms, found 3 plugins.
Preloading 0 native plugins for Editor in 0.00 ms.
Unloading 3747 Unused Serialized files (Serialized files now loaded: 0)
Unloading 23 unused Assets / (24.6 KB). Loaded Objects now: 4323.
Memory consumption went from 153.3 MB to 153.3 MB.
Total: 6.889900 ms (FindLiveObjects: 0.389200 ms CreateObjectMapping: 0.347200 ms MarkObjects: 6.119100 ms  DeleteObjects: 0.033100 ms)

AssetImportParameters requested are different than current active one (requested -> active):
  custom:video-decoder-ogg-theora: a1e56fd34408186e4bbccfd4996cb3dc -> 
  custom:container-muxer-webm: aa71ff27fc2769a1b78a27578f13a17b -> 
  custom:container-demuxer-webm: 4f35f7cbe854078d1ac9338744f61a02 -> 
  custom:video-encoder-webm-vp8: eb34c28f22e8b96e1ab97ce403110664 -> 
  custom:video-codec-MediaFoundation-h265: 746d11721c4dcdbdad8f713fa42b33f4 -> 
  custom:audio-encoder-webm-vorbis: bf7c407c2cedff20999df2af8eb42d56 -> 
  custom:framework-win-MediaFoundation: 216162199b28c13a410421893ffa2e32 -> 
  custom:container-demuxer-ogg: 62fdf1f143b41e24485cea50d1cbac27 -> 
  custom:video-decoder-webm-vp8: 9c59270c3fd7afecdb556c50c9e8de78 -> 
  custom:audio-decoder-ogg-vorbis: bf7c407c2cedff20999df2af8eb42d56 -> 
========================================================================
Received Prepare
Registering precompiled user dll's ...
Registered in 0.032865 seconds.
Begin MonoManager ReloadAssembly
Symbol file LoadedFromMemory doesn't match image D:\Unity 프로젝트\RTS-GAME\RTS GAME\Library\PackageCache\com.unity.visualscripting@1.7.8\Editor\VisualScripting.Core\Dependencies\YamlDotNet\Unity.VisualScripting.YamlDotNet.dll
Symbol file LoadedFromMemory doesn't match image D:\Unity 프로젝트\RTS-GAME\RTS GAME\Library\PackageCache\com.unity.visualscripting@1.7.8\Editor\VisualScripting.Core\Dependencies\DotNetZip\Unity.VisualScripting.IonicZip.dll
Native extension for WindowsStandalone target not found
Native extension for Android target not found
Refreshing native plugins compatible for Editor in 4.11 ms, found 3 plugins.
Preloading 0 native plugins for Editor in 0.00 ms.
Mono: successfully reloaded assembly
- Completed reload, in  2.914 seconds
Domain Reload Profiling:
	ReloadAssembly (2916ms)
		BeginReloadAssembly (446ms)
			ExecutionOrderSort (0ms)
			DisableScriptedObjects (16ms)
			BackupInstance (0ms)
			ReleaseScriptingObjects (0ms)
			CreateAndSetChildDomain (89ms)
		EndReloadAssembly (2240ms)
			LoadAssemblies (347ms)
			RebuildTransferFunctionScriptingTraits (0ms)
			SetupTypeCache (704ms)
			ReleaseScriptCaches (2ms)
			RebuildScriptCaches (97ms)
			SetupLoadedEditorAssemblies (1133ms)
				LogAssemblyErrors (0ms)
				InitializePlatformSupportModulesInManaged (75ms)
				SetLoadedEditorAssemblies (1ms)
				RefreshPlugins (6ms)
				BeforeProcessingInitializeOnLoad (241ms)
				ProcessInitializeOnLoadAttributes (728ms)
				ProcessInitializeOnLoadMethodAttributes (76ms)
				AfterProcessingInitializeOnLoad (5ms)
				EditorAssembliesLoaded (0ms)
			ExecutionOrderSort2 (0ms)
			AwakeInstancesAfterBackupRestoration (31ms)
Platform modules already initialized, skipping
Refreshing native plugins compatible for Editor in 4.27 ms, found 3 plugins.
Preloading 0 native plugins for Editor in 0.00 ms.
Unloading 3747 Unused Serialized files (Serialized files now loaded: 0)
Unloading 23 unused Assets / (24.7 KB). Loaded Objects now: 4327.
Memory consumption went from 153.3 MB to 153.3 MB.
Total: 6.913400 ms (FindLiveObjects: 0.341700 ms CreateObjectMapping: 0.236400 ms MarkObjects: 6.282700 ms  DeleteObjects: 0.051400 ms)

AssetImportParameters requested are different than current active one (requested -> active):
  custom:video-decoder-ogg-theora: a1e56fd34408186e4bbccfd4996cb3dc -> 
  custom:container-muxer-webm: aa71ff27fc2769a1b78a27578f13a17b -> 
  custom:container-demuxer-webm: 4f35f7cbe854078d1ac9338744f61a02 -> 
  custom:video-encoder-webm-vp8: eb34c28f22e8b96e1ab97ce403110664 -> 
  custom:video-codec-MediaFoundation-h265: 746d11721c4dcdbdad8f713fa42b33f4 -> 
  custom:audio-encoder-webm-vorbis: bf7c407c2cedff20999df2af8eb42d56 -> 
  custom:framework-win-MediaFoundation: 216162199b28c13a410421893ffa2e32 -> 
  custom:container-demuxer-ogg: 62fdf1f143b41e24485cea50d1cbac27 -> 
  custom:video-decoder-webm-vp8: 9c59270c3fd7afecdb556c50c9e8de78 -> 
  custom:audio-decoder-ogg-vorbis: bf7c407c2cedff20999df2af8eb42d56 -> 
========================================================================
Received Prepare
Registering precompiled user dll's ...
Registered in 0.015428 seconds.
Begin MonoManager ReloadAssembly
Symbol file LoadedFromMemory doesn't match image D:\Unity 프로젝트\RTS-GAME\RTS GAME\Library\PackageCache\com.unity.visualscripting@1.7.8\Editor\VisualScripting.Core\Dependencies\YamlDotNet\Unity.VisualScripting.YamlDotNet.dll
Symbol file LoadedFromMemory doesn't match image D:\Unity 프로젝트\RTS-GAME\RTS GAME\Library\PackageCache\com.unity.visualscripting@1.7.8\Editor\VisualScripting.Core\Dependencies\DotNetZip\Unity.VisualScripting.IonicZip.dll
Native extension for WindowsStandalone target not found
Native extension for Android target not found
Refreshing native plugins compatible for Editor in 1.49 ms, found 3 plugins.
Preloading 0 native plugins for Editor in 0.00 ms.
Mono: successfully reloaded assembly
- Completed reload, in  6.769 seconds
Domain Reload Profiling:
	ReloadAssembly (6778ms)
		BeginReloadAssembly (2474ms)
			ExecutionOrderSort (0ms)
			DisableScriptedObjects (113ms)
			BackupInstance (0ms)
			ReleaseScriptingObjects (0ms)
			CreateAndSetChildDomain (654ms)
		EndReloadAssembly (3885ms)
			LoadAssemblies (3314ms)
			RebuildTransferFunctionScriptingTraits (0ms)
			SetupTypeCache (738ms)
			ReleaseScriptCaches (5ms)
			RebuildScriptCaches (91ms)
			SetupLoadedEditorAssemblies (802ms)
				LogAssemblyErrors (0ms)
				InitializePlatformSupportModulesInManaged (44ms)
				SetLoadedEditorAssemblies (1ms)
				RefreshPlugins (2ms)
				BeforeProcessingInitializeOnLoad (220ms)
				ProcessInitializeOnLoadAttributes (448ms)
				ProcessInitializeOnLoadMethodAttributes (80ms)
				AfterProcessingInitializeOnLoad (8ms)
				EditorAssembliesLoaded (0ms)
			ExecutionOrderSort2 (0ms)
			AwakeInstancesAfterBackupRestoration (29ms)
Platform modules already initialized, skipping
Refreshing native plugins compatible for Editor in 49.06 ms, found 3 plugins.
Preloading 0 native plugins for Editor in 0.00 ms.
Unloading 3747 Unused Serialized files (Serialized files now loaded: 0)
Unloading 23 unused Assets / (24.7 KB). Loaded Objects now: 4331.
Memory consumption went from 153.3 MB to 153.3 MB.
Total: 8.817000 ms (FindLiveObjects: 0.559500 ms CreateObjectMapping: 0.434900 ms MarkObjects: 6.930500 ms  DeleteObjects: 0.888000 ms)

AssetImportParameters requested are different than current active one (requested -> active):
  custom:video-decoder-ogg-theora: a1e56fd34408186e4bbccfd4996cb3dc -> 
  custom:container-muxer-webm: aa71ff27fc2769a1b78a27578f13a17b -> 
  custom:container-demuxer-webm: 4f35f7cbe854078d1ac9338744f61a02 -> 
  custom:video-encoder-webm-vp8: eb34c28f22e8b96e1ab97ce403110664 -> 
  custom:video-codec-MediaFoundation-h265: 746d11721c4dcdbdad8f713fa42b33f4 -> 
  custom:audio-encoder-webm-vorbis: bf7c407c2cedff20999df2af8eb42d56 -> 
  custom:framework-win-MediaFoundation: 216162199b28c13a410421893ffa2e32 -> 
  custom:container-demuxer-ogg: 62fdf1f143b41e24485cea50d1cbac27 -> 
  custom:video-decoder-webm-vp8: 9c59270c3fd7afecdb556c50c9e8de78 -> 
  custom:audio-decoder-ogg-vorbis: bf7c407c2cedff20999df2af8eb42d56 -> 
