Using pre-set license
Built from '2021.3/staging' branch; Version is '2021.3.11f1 (0a5ca18544bf) revision 679073'; Using compiler version '192829333'; Build Type 'Release'
OS: 'Windows 10  (10.0.19044) 64bit Professional' Language: 'ko' Physical Memory: 16197 MB
BatchMode: 1, IsHumanControllingUs: 0, StartBugReporterOnCrash: 0, Is64bit: 1, IsPro: 1

COMMAND LINE ARGUMENTS:
C:\Program Files\Unity\Hub\Editor\2021.3.11f1\Editor\Unity.exe
-adb2
-batchMode
-noUpm
-name
AssetImportWorker16
-projectPath
C:/Users/alstn/Documents/GitHub/RTS-GAME/RTS GAME
-logFile
Logs/AssetImportWorker16.log
-srvPort
63452
Successfully changed project path to: C:/Users/alstn/Documents/GitHub/RTS-GAME/RTS GAME
C:/Users/alstn/Documents/GitHub/RTS-GAME/RTS GAME
[UnityMemory] Configuration Parameters - Can be set up in boot.config
    "memorysetup-bucket-allocator-granularity=16"
    "memorysetup-bucket-allocator-bucket-count=8"
    "memorysetup-bucket-allocator-block-size=33554432"
    "memorysetup-bucket-allocator-block-count=8"
    "memorysetup-main-allocator-block-size=16777216"
    "memorysetup-thread-allocator-block-size=16777216"
    "memorysetup-gfx-main-allocator-block-size=16777216"
    "memorysetup-gfx-thread-allocator-block-size=16777216"
    "memorysetup-cache-allocator-block-size=4194304"
    "memorysetup-typetree-allocator-block-size=2097152"
    "memorysetup-profiler-bucket-allocator-granularity=16"
    "memorysetup-profiler-bucket-allocator-bucket-count=8"
    "memorysetup-profiler-bucket-allocator-block-size=33554432"
    "memorysetup-profiler-bucket-allocator-block-count=8"
    "memorysetup-profiler-allocator-block-size=16777216"
    "memorysetup-profiler-editor-allocator-block-size=1048576"
    "memorysetup-temp-allocator-size-main=16777216"
    "memorysetup-job-temp-allocator-block-size=2097152"
    "memorysetup-job-temp-allocator-block-size-background=1048576"
    "memorysetup-job-temp-allocator-reduction-small-platforms=262144"
    "memorysetup-temp-allocator-size-background-worker=32768"
    "memorysetup-temp-allocator-size-job-worker=262144"
    "memorysetup-temp-allocator-size-preload-manager=33554432"
    "memorysetup-temp-allocator-size-nav-mesh-worker=65536"
    "memorysetup-temp-allocator-size-audio-worker=65536"
    "memorysetup-temp-allocator-size-cloud-worker=32768"
    "memorysetup-temp-allocator-size-gi-baking-worker=262144"
    "memorysetup-temp-allocator-size-gfx=262144"
Refreshing native plugins compatible for Editor in 57.34 ms, found 3 plugins.
Preloading 0 native plugins for Editor in 0.00 ms.
Initialize engine version: 2021.3.11f1 (0a5ca18544bf)
[Subsystems] Discovering subsystems at path C:/Program Files/Unity/Hub/Editor/2021.3.11f1/Editor/Data/Resources/UnitySubsystems
[Subsystems] Discovering subsystems at path C:/Users/alstn/Documents/GitHub/RTS-GAME/RTS GAME/Assets
GfxDevice: creating device client; threaded=0; jobified=0
Direct3D:
    Version:  Direct3D 11.0 [level 11.1]
    Renderer: AMD Radeon RX 6600 (ID=0x73ff)
    Vendor:   ATI
    VRAM:     8147 MB
    Driver:   31.0.14033.1012
Initialize mono
Mono path[0] = 'C:/Program Files/Unity/Hub/Editor/2021.3.11f1/Editor/Data/Managed'
Mono path[1] = 'C:/Program Files/Unity/Hub/Editor/2021.3.11f1/Editor/Data/MonoBleedingEdge/lib/mono/unityjit-win32'
Mono config path = 'C:/Program Files/Unity/Hub/Editor/2021.3.11f1/Editor/Data/MonoBleedingEdge/etc'
Using monoOptions --debugger-agent=transport=dt_socket,embedding=1,server=y,suspend=n,address=127.0.0.1:56608
Begin MonoManager ReloadAssembly
Registering precompiled unity dll's ...
Register platform support module: C:/Program Files/Unity/Hub/Editor/2021.3.11f1/Editor/Data/PlaybackEngines/AndroidPlayer/UnityEditor.Android.Extensions.dll
Register platform support module: C:/Program Files/Unity/Hub/Editor/2021.3.11f1/Editor/Data/PlaybackEngines/iOSSupport/UnityEditor.iOS.Extensions.dll
Register platform support module: C:/Program Files/Unity/Hub/Editor/2021.3.11f1/Editor/Data/PlaybackEngines/WindowsStandaloneSupport/UnityEditor.WindowsStandalone.Extensions.dll
Registered in 0.007517 seconds.
Native extension for WindowsStandalone target not found
[usbmuxd] Start listen thread
[usbmuxd] Listen thread started
Native extension for iOS target not found
Native extension for Android target not found
Refreshing native plugins compatible for Editor in 56.53 ms, found 3 plugins.
Preloading 0 native plugins for Editor in 0.00 ms.
Mono: successfully reloaded assembly
- Completed reload, in  0.478 seconds
Domain Reload Profiling:
	ReloadAssembly (478ms)
		BeginReloadAssembly (55ms)
			ExecutionOrderSort (0ms)
			DisableScriptedObjects (0ms)
			BackupInstance (0ms)
			ReleaseScriptingObjects (0ms)
			CreateAndSetChildDomain (1ms)
		EndReloadAssembly (340ms)
			LoadAssemblies (53ms)
			RebuildTransferFunctionScriptingTraits (0ms)
			SetupTypeCache (72ms)
			ReleaseScriptCaches (0ms)
			RebuildScriptCaches (22ms)
			SetupLoadedEditorAssemblies (209ms)
				LogAssemblyErrors (0ms)
				InitializePlatformSupportModulesInManaged (49ms)
				SetLoadedEditorAssemblies (0ms)
				RefreshPlugins (57ms)
				BeforeProcessingInitializeOnLoad (1ms)
				ProcessInitializeOnLoadAttributes (71ms)
				ProcessInitializeOnLoadMethodAttributes (31ms)
				AfterProcessingInitializeOnLoad (0ms)
				EditorAssembliesLoaded (0ms)
			ExecutionOrderSort2 (0ms)
			AwakeInstancesAfterBackupRestoration (0ms)
Platform modules already initialized, skipping
Registering precompiled user dll's ...
Registered in 0.005006 seconds.
Begin MonoManager ReloadAssembly
Symbol file LoadedFromMemory doesn't match image C:\Users\alstn\Documents\GitHub\RTS-GAME\RTS GAME\Library\PackageCache\com.unity.visualscripting@1.7.8\Editor\VisualScripting.Core\Dependencies\YamlDotNet\Unity.VisualScripting.YamlDotNet.dll
Symbol file LoadedFromMemory doesn't match image C:\Users\alstn\Documents\GitHub\RTS-GAME\RTS GAME\Library\PackageCache\com.unity.visualscripting@1.7.8\Editor\VisualScripting.Core\Dependencies\DotNetZip\Unity.VisualScripting.IonicZip.dll
Native extension for WindowsStandalone target not found
Native extension for iOS target not found
Native extension for Android target not found
Refreshing native plugins compatible for Editor in 0.67 ms, found 3 plugins.
Preloading 0 native plugins for Editor in 0.00 ms.
Mono: successfully reloaded assembly
- Completed reload, in  0.853 seconds
Domain Reload Profiling:
	ReloadAssembly (854ms)
		BeginReloadAssembly (192ms)
			ExecutionOrderSort (0ms)
			DisableScriptedObjects (4ms)
			BackupInstance (0ms)
			ReleaseScriptingObjects (0ms)
			CreateAndSetChildDomain (120ms)
		EndReloadAssembly (572ms)
			LoadAssemblies (60ms)
			RebuildTransferFunctionScriptingTraits (0ms)
			SetupTypeCache (178ms)
			ReleaseScriptCaches (0ms)
			RebuildScriptCaches (36ms)
			SetupLoadedEditorAssemblies (268ms)
				LogAssemblyErrors (0ms)
				InitializePlatformSupportModulesInManaged (19ms)
				SetLoadedEditorAssemblies (0ms)
				RefreshPlugins (1ms)
				BeforeProcessingInitializeOnLoad (59ms)
				ProcessInitializeOnLoadAttributes (156ms)
				ProcessInitializeOnLoadMethodAttributes (26ms)
				AfterProcessingInitializeOnLoad (7ms)
				EditorAssembliesLoaded (0ms)
			ExecutionOrderSort2 (0ms)
			AwakeInstancesAfterBackupRestoration (4ms)
Platform modules already initialized, skipping
========================================================================
Worker process is ready to serve import requests
Launched and connected shader compiler UnityShaderCompiler.exe after 0.03 seconds
Refreshing native plugins compatible for Editor in 0.43 ms, found 3 plugins.
Preloading 0 native plugins for Editor in 0.00 ms.
Unloading 3535 Unused Serialized files (Serialized files now loaded: 0)
Unloading 29 unused Assets / (57.0 KB). Loaded Objects now: 4005.
Memory consumption went from 132.7 MB to 132.7 MB.
Total: 2.420100 ms (FindLiveObjects: 0.199300 ms CreateObjectMapping: 0.088400 ms MarkObjects: 2.053800 ms  DeleteObjects: 0.077700 ms)

AssetImportParameters requested are different than current active one (requested -> active):
  custom:video-decoder-ogg-theora: a1e56fd34408186e4bbccfd4996cb3dc -> 
  custom:container-muxer-webm: aa71ff27fc2769a1b78a27578f13a17b -> 
  custom:container-demuxer-webm: 4f35f7cbe854078d1ac9338744f61a02 -> 
  custom:video-encoder-webm-vp8: eb34c28f22e8b96e1ab97ce403110664 -> 
  custom:video-codec-MediaFoundation-h265: 746d11721c4dcdbdad8f713fa42b33f4 -> 
  custom:audio-encoder-webm-vorbis: bf7c407c2cedff20999df2af8eb42d56 -> 
  custom:framework-win-MediaFoundation: 216162199b28c13a410421893ffa2e32 -> 
  custom:container-demuxer-ogg: 62fdf1f143b41e24485cea50d1cbac27 -> 
  custom:video-decoder-webm-vp8: 9c59270c3fd7afecdb556c50c9e8de78 -> 
  custom:audio-decoder-ogg-vorbis: bf7c407c2cedff20999df2af8eb42d56 -> 
========================================================================
Received Import Request.
  Time since last request: 45863.252599 seconds.
  path: Assets/4. Image/Undead/Undead_Death Rider.png
  artifactKey: Guid(becf2dc853fd6994da1f7b14f65e4a14) Importer(815301076,1909f56bfc062723c751e8b465ee728b)
Start importing Assets/4. Image/Undead/Undead_Death Rider.png using Guid(becf2dc853fd6994da1f7b14f65e4a14) Importer(815301076,1909f56bfc062723c751e8b465ee728b)  -> (artifact id: 'c134f13fa8fd57f8e01282e4b7dadee3') in 0.077980 seconds 
========================================================================
Received Prepare
Registering precompiled user dll's ...
Registered in 0.006361 seconds.
Begin MonoManager ReloadAssembly
Symbol file LoadedFromMemory doesn't match image C:\Users\alstn\Documents\GitHub\RTS-GAME\RTS GAME\Library\PackageCache\com.unity.visualscripting@1.7.8\Editor\VisualScripting.Core\Dependencies\YamlDotNet\Unity.VisualScripting.YamlDotNet.dll
Symbol file LoadedFromMemory doesn't match image C:\Users\alstn\Documents\GitHub\RTS-GAME\RTS GAME\Library\PackageCache\com.unity.visualscripting@1.7.8\Editor\VisualScripting.Core\Dependencies\DotNetZip\Unity.VisualScripting.IonicZip.dll
Native extension for WindowsStandalone target not found
Native extension for iOS target not found
Native extension for Android target not found
Refreshing native plugins compatible for Editor in 0.67 ms, found 3 plugins.
Preloading 0 native plugins for Editor in 0.00 ms.
Mono: successfully reloaded assembly
- Completed reload, in  0.805 seconds
Domain Reload Profiling:
	ReloadAssembly (805ms)
		BeginReloadAssembly (119ms)
			ExecutionOrderSort (0ms)
			DisableScriptedObjects (5ms)
			BackupInstance (0ms)
			ReleaseScriptingObjects (0ms)
			CreateAndSetChildDomain (37ms)
		EndReloadAssembly (610ms)
			LoadAssemblies (69ms)
			RebuildTransferFunctionScriptingTraits (0ms)
			SetupTypeCache (192ms)
			ReleaseScriptCaches (1ms)
			RebuildScriptCaches (29ms)
			SetupLoadedEditorAssemblies (290ms)
				LogAssemblyErrors (0ms)
				InitializePlatformSupportModulesInManaged (28ms)
				SetLoadedEditorAssemblies (0ms)
				RefreshPlugins (1ms)
				BeforeProcessingInitializeOnLoad (56ms)
				ProcessInitializeOnLoadAttributes (163ms)
				ProcessInitializeOnLoadMethodAttributes (31ms)
				AfterProcessingInitializeOnLoad (10ms)
				EditorAssembliesLoaded (0ms)
			ExecutionOrderSort2 (0ms)
			AwakeInstancesAfterBackupRestoration (6ms)
Platform modules already initialized, skipping
Refreshing native plugins compatible for Editor in 1.78 ms, found 3 plugins.
Preloading 0 native plugins for Editor in 0.00 ms.
Unloading 3511 Unused Serialized files (Serialized files now loaded: 0)
Unloading 18 unused Assets / (24.6 KB). Loaded Objects now: 4011.
Memory consumption went from 130.7 MB to 130.7 MB.
Total: 2.289000 ms (FindLiveObjects: 0.225300 ms CreateObjectMapping: 0.088900 ms MarkObjects: 1.955400 ms  DeleteObjects: 0.018900 ms)

AssetImportParameters requested are different than current active one (requested -> active):
  custom:video-decoder-ogg-theora: a1e56fd34408186e4bbccfd4996cb3dc -> 
  custom:container-muxer-webm: aa71ff27fc2769a1b78a27578f13a17b -> 
  custom:container-demuxer-webm: 4f35f7cbe854078d1ac9338744f61a02 -> 
  custom:video-encoder-webm-vp8: eb34c28f22e8b96e1ab97ce403110664 -> 
  custom:video-codec-MediaFoundation-h265: 746d11721c4dcdbdad8f713fa42b33f4 -> 
  custom:audio-encoder-webm-vorbis: bf7c407c2cedff20999df2af8eb42d56 -> 
  custom:framework-win-MediaFoundation: 216162199b28c13a410421893ffa2e32 -> 
  custom:container-demuxer-ogg: 62fdf1f143b41e24485cea50d1cbac27 -> 
  custom:video-decoder-webm-vp8: 9c59270c3fd7afecdb556c50c9e8de78 -> 
  custom:audio-decoder-ogg-vorbis: bf7c407c2cedff20999df2af8eb42d56 -> 
========================================================================
Received Import Request.
  Time since last request: 106.629189 seconds.
  path: Assets/RTS Mini Legion Fantasy PBR/Mini Legion Warband PBR/Prefabs/Bandwagon Standard.prefab
  artifactKey: Guid(650519c504e52c946bd39107b7929193) Importer(815301076,1909f56bfc062723c751e8b465ee728b)
Start importing Assets/RTS Mini Legion Fantasy PBR/Mini Legion Warband PBR/Prefabs/Bandwagon Standard.prefab using Guid(650519c504e52c946bd39107b7929193) Importer(815301076,1909f56bfc062723c751e8b465ee728b)  -> (artifact id: 'f715e20043276b4e71154f0b3f43975c') in 0.455224 seconds 
========================================================================
Received Import Request.
  Time since last request: 0.000024 seconds.
  path: Assets/RTS Mini Legion Fantasy PBR/Mini Legion Warband PBR/Prefabs/Warlock MaskTint.prefab
  artifactKey: Guid(31c0791c7a6c46742b4d019e9e174c30) Importer(815301076,1909f56bfc062723c751e8b465ee728b)
Start importing Assets/RTS Mini Legion Fantasy PBR/Mini Legion Warband PBR/Prefabs/Warlock MaskTint.prefab using Guid(31c0791c7a6c46742b4d019e9e174c30) Importer(815301076,1909f56bfc062723c751e8b465ee728b)  -> (artifact id: '6c44095246785245ffe75dac9b4cf43b') in 0.212757 seconds 
========================================================================
Received Import Request.
  Time since last request: 0.000023 seconds.
  path: Assets/RTS Mini Legion Fantasy PBR/Mini Legion Warband PBR/Prefabs/HogRider MaskTint.prefab
  artifactKey: Guid(b9a8da29bd09fa4488a0921a076241eb) Importer(815301076,1909f56bfc062723c751e8b465ee728b)
Start importing Assets/RTS Mini Legion Fantasy PBR/Mini Legion Warband PBR/Prefabs/HogRider MaskTint.prefab using Guid(b9a8da29bd09fa4488a0921a076241eb) Importer(815301076,1909f56bfc062723c751e8b465ee728b)  -> (artifact id: '7f12fa1ce2442527589bec89cfd82aaa') in 0.208601 seconds 
========================================================================
Received Import Request.
  Time since last request: 0.000046 seconds.
  path: Assets/RTS Mini Legion Fantasy PBR/Mini Legion Warband PBR/Prefabs/Minion MaskTint.prefab
  artifactKey: Guid(1045fa298dd541142911d398d336b3b4) Importer(815301076,1909f56bfc062723c751e8b465ee728b)
Start importing Assets/RTS Mini Legion Fantasy PBR/Mini Legion Warband PBR/Prefabs/Minion MaskTint.prefab using Guid(1045fa298dd541142911d398d336b3b4) Importer(815301076,1909f56bfc062723c751e8b465ee728b)  -> (artifact id: '3277f92312b265d689e71ca93dab57fd') in 0.258842 seconds 
========================================================================
Received Import Request.
  Time since last request: 0.000029 seconds.
  path: Assets/RTS Mini Legion Fantasy PBR/Mini Legion Warband PBR/Prefabs/Minion Standard.prefab
  artifactKey: Guid(884c15e3eb28db240bffc0f127a9da50) Importer(815301076,1909f56bfc062723c751e8b465ee728b)
Start importing Assets/RTS Mini Legion Fantasy PBR/Mini Legion Warband PBR/Prefabs/Minion Standard.prefab using Guid(884c15e3eb28db240bffc0f127a9da50) Importer(815301076,1909f56bfc062723c751e8b465ee728b)  -> (artifact id: 'a9d4bc2ff4ff14487ee4ce78307c7bcf') in 0.198772 seconds 
========================================================================
Received Import Request.
  Time since last request: 0.000027 seconds.
  path: Assets/RTS Mini Legion Fantasy PBR/Mini Legion Warband PBR/Prefabs/Drake Standard.prefab
  artifactKey: Guid(cf43d30d89ea2f24dacdaf887d60204f) Importer(815301076,1909f56bfc062723c751e8b465ee728b)
Start importing Assets/RTS Mini Legion Fantasy PBR/Mini Legion Warband PBR/Prefabs/Drake Standard.prefab using Guid(cf43d30d89ea2f24dacdaf887d60204f) Importer(815301076,1909f56bfc062723c751e8b465ee728b)  -> (artifact id: 'e087089c54e9edb14e0dd66e0c4926f4') in 0.225522 seconds 
========================================================================
Received Import Request.
  Time since last request: 0.000087 seconds.
  path: Assets/RTS Mini Legion Fantasy PBR/Mini Legion Warband PBR/Prefabs/HeadHunter MaskTint.prefab
  artifactKey: Guid(c7fc9262fdae31e4899ac46cdc127a36) Importer(815301076,1909f56bfc062723c751e8b465ee728b)
Start importing Assets/RTS Mini Legion Fantasy PBR/Mini Legion Warband PBR/Prefabs/HeadHunter MaskTint.prefab using Guid(c7fc9262fdae31e4899ac46cdc127a36) Importer(815301076,1909f56bfc062723c751e8b465ee728b)  -> (artifact id: '68f050ffd480b48afd848c681eef37fd') in 0.319475 seconds 
========================================================================
Received Import Request.
  Time since last request: 0.000034 seconds.
  path: Assets/RTS Mini Legion Fantasy PBR/Mini Legion Warband PBR/Prefabs/Drake MaskTint.prefab
  artifactKey: Guid(5e8d0433a3b25614889b02c47e093dd5) Importer(815301076,1909f56bfc062723c751e8b465ee728b)
Start importing Assets/RTS Mini Legion Fantasy PBR/Mini Legion Warband PBR/Prefabs/Drake MaskTint.prefab using Guid(5e8d0433a3b25614889b02c47e093dd5) Importer(815301076,1909f56bfc062723c751e8b465ee728b)  -> (artifact id: '75da3f0de89f7594072984d17198bb38') in 0.206140 seconds 
========================================================================
Received Import Request.
  Time since last request: 163.474312 seconds.
  path: Assets/4. Image/Warband/Warband_Berserker.png
  artifactKey: Guid(62738194f8ca21348bc09d2fac03a513) Importer(815301076,1909f56bfc062723c751e8b465ee728b)
Start importing Assets/4. Image/Warband/Warband_Berserker.png using Guid(62738194f8ca21348bc09d2fac03a513) Importer(815301076,1909f56bfc062723c751e8b465ee728b)  -> (artifact id: '7d1cfe7d88cf286f93ebd3c00ac27ffe') in 0.026722 seconds 
========================================================================
Received Import Request.
  Time since last request: 0.000027 seconds.
  path: Assets/4. Image/Warband/Warband_Warlock.png
  artifactKey: Guid(16d88eb1a95449541a8b04e8ae5f764b) Importer(815301076,1909f56bfc062723c751e8b465ee728b)
Start importing Assets/4. Image/Warband/Warband_Warlock.png using Guid(16d88eb1a95449541a8b04e8ae5f764b) Importer(815301076,1909f56bfc062723c751e8b465ee728b)  -> (artifact id: '29a53d0b38aaa3fc633eb86f10716407') in 0.016168 seconds 
========================================================================
Received Import Request.
  Time since last request: 0.000023 seconds.
  path: Assets/4. Image/Warband/Warband_HogRider.png
  artifactKey: Guid(48074f24bcac1a84e92d7a7e57f6c39f) Importer(815301076,1909f56bfc062723c751e8b465ee728b)
Start importing Assets/4. Image/Warband/Warband_HogRider.png using Guid(48074f24bcac1a84e92d7a7e57f6c39f) Importer(815301076,1909f56bfc062723c751e8b465ee728b)  -> (artifact id: '0c16958ffe9c8eee534b475f5de6d66e') in 0.013506 seconds 
========================================================================
Received Import Request.
  Time since last request: 0.000018 seconds.
  path: Assets/4. Image/Warband/Warband_Drake.png
  artifactKey: Guid(0debf4f4bad1c7945bca2753ce3764bb) Importer(815301076,1909f56bfc062723c751e8b465ee728b)
Start importing Assets/4. Image/Warband/Warband_Drake.png using Guid(0debf4f4bad1c7945bca2753ce3764bb) Importer(815301076,1909f56bfc062723c751e8b465ee728b)  -> (artifact id: '5e7d136955fb2a48c4c52a7a1520b242') in 0.013069 seconds 
========================================================================
Received Import Request.
  Time since last request: 0.000024 seconds.
  path: Assets/4. Image/Warband/Warband_Headhunter.png
  artifactKey: Guid(873ded0ae3503664e97d21a8dacd66e8) Importer(815301076,1909f56bfc062723c751e8b465ee728b)
Start importing Assets/4. Image/Warband/Warband_Headhunter.png using Guid(873ded0ae3503664e97d21a8dacd66e8) Importer(815301076,1909f56bfc062723c751e8b465ee728b)  -> (artifact id: '8cdfef30f69395a26bba91d4d6e2713b') in 0.011822 seconds 
========================================================================
Received Import Request.
  Time since last request: 0.000031 seconds.
  path: Assets/4. Image/Warband/Warband_Grunt.png
  artifactKey: Guid(e46cb96f199d1d540be30477808dba3f) Importer(815301076,1909f56bfc062723c751e8b465ee728b)
Start importing Assets/4. Image/Warband/Warband_Grunt.png using Guid(e46cb96f199d1d540be30477808dba3f) Importer(815301076,1909f56bfc062723c751e8b465ee728b)  -> (artifact id: '7dda8f6ea5d17ef5e55e3a52097214a4') in 0.013381 seconds 
========================================================================
Received Import Request.
  Time since last request: 7.865476 seconds.
  path: Assets/4. Image/Warband/Warband_Drake.png
  artifactKey: Guid(0debf4f4bad1c7945bca2753ce3764bb) Importer(815301076,1909f56bfc062723c751e8b465ee728b)
Start importing Assets/4. Image/Warband/Warband_Drake.png using Guid(0debf4f4bad1c7945bca2753ce3764bb) Importer(815301076,1909f56bfc062723c751e8b465ee728b)  -> (artifact id: '274647a92a5bf7372dc191c9924bb4b7') in 0.011978 seconds 
========================================================================
Received Import Request.
  Time since last request: 0.000029 seconds.
  path: Assets/4. Image/Warband/Warband_Warlock.png
  artifactKey: Guid(16d88eb1a95449541a8b04e8ae5f764b) Importer(815301076,1909f56bfc062723c751e8b465ee728b)
Start importing Assets/4. Image/Warband/Warband_Warlock.png using Guid(16d88eb1a95449541a8b04e8ae5f764b) Importer(815301076,1909f56bfc062723c751e8b465ee728b)  -> (artifact id: '5bb04aec609184d85ff70d6554f9191d') in 0.016646 seconds 
========================================================================
Received Import Request.
  Time since last request: 0.000022 seconds.
  path: Assets/4. Image/Warband/Warband_Headhunter.png
  artifactKey: Guid(873ded0ae3503664e97d21a8dacd66e8) Importer(815301076,1909f56bfc062723c751e8b465ee728b)
Start importing Assets/4. Image/Warband/Warband_Headhunter.png using Guid(873ded0ae3503664e97d21a8dacd66e8) Importer(815301076,1909f56bfc062723c751e8b465ee728b)  -> (artifact id: 'd847c7881aca7525170a5905befb2d4e') in 0.012553 seconds 
========================================================================
Received Import Request.
  Time since last request: 0.000030 seconds.
  path: Assets/4. Image/Warband/Warband_Grunt.png
  artifactKey: Guid(e46cb96f199d1d540be30477808dba3f) Importer(815301076,1909f56bfc062723c751e8b465ee728b)
Start importing Assets/4. Image/Warband/Warband_Grunt.png using Guid(e46cb96f199d1d540be30477808dba3f) Importer(815301076,1909f56bfc062723c751e8b465ee728b)  -> (artifact id: 'b6df8a75cecd02f25ac8a419b9012844') in 0.010952 seconds 
Editor requested this worker to shutdown with reason: Scaling down because of idle timeout
AssetImportWorker is now disconnected from the server
Process exiting
Exiting without the bug reporter. Application will terminate with return code 0