Using pre-set license
Built from '2021.3/staging' branch; Version is '2021.3.11f1 (0a5ca18544bf) revision 679073'; Using compiler version '192829333'; Build Type 'Release'
OS: 'Windows 10  (10.0.19044) 64bit Professional' Language: 'ko' Physical Memory: 16197 MB
BatchMode: 1, IsHumanControllingUs: 0, StartBugReporterOnCrash: 0, Is64bit: 1, IsPro: 1

COMMAND LINE ARGUMENTS:
C:\Program Files\Unity\Hub\Editor\2021.3.11f1\Editor\Unity.exe
-adb2
-batchMode
-noUpm
-name
AssetImportWorker2
-projectPath
C:/Users/alstn/Documents/GitHub/RTS-GAME/RTS GAME
-logFile
Logs/AssetImportWorker2.log
-srvPort
63452
Successfully changed project path to: C:/Users/alstn/Documents/GitHub/RTS-GAME/RTS GAME
C:/Users/alstn/Documents/GitHub/RTS-GAME/RTS GAME
[UnityMemory] Configuration Parameters - Can be set up in boot.config
    "memorysetup-bucket-allocator-granularity=16"
    "memorysetup-bucket-allocator-bucket-count=8"
    "memorysetup-bucket-allocator-block-size=33554432"
    "memorysetup-bucket-allocator-block-count=8"
    "memorysetup-main-allocator-block-size=16777216"
    "memorysetup-thread-allocator-block-size=16777216"
    "memorysetup-gfx-main-allocator-block-size=16777216"
    "memorysetup-gfx-thread-allocator-block-size=16777216"
    "memorysetup-cache-allocator-block-size=4194304"
    "memorysetup-typetree-allocator-block-size=2097152"
    "memorysetup-profiler-bucket-allocator-granularity=16"
    "memorysetup-profiler-bucket-allocator-bucket-count=8"
    "memorysetup-profiler-bucket-allocator-block-size=33554432"
    "memorysetup-profiler-bucket-allocator-block-count=8"
    "memorysetup-profiler-allocator-block-size=16777216"
    "memorysetup-profiler-editor-allocator-block-size=1048576"
    "memorysetup-temp-allocator-size-main=16777216"
    "memorysetup-job-temp-allocator-block-size=2097152"
    "memorysetup-job-temp-allocator-block-size-background=1048576"
    "memorysetup-job-temp-allocator-reduction-small-platforms=262144"
    "memorysetup-temp-allocator-size-background-worker=32768"
    "memorysetup-temp-allocator-size-job-worker=262144"
    "memorysetup-temp-allocator-size-preload-manager=33554432"
    "memorysetup-temp-allocator-size-nav-mesh-worker=65536"
    "memorysetup-temp-allocator-size-audio-worker=65536"
    "memorysetup-temp-allocator-size-cloud-worker=32768"
    "memorysetup-temp-allocator-size-gi-baking-worker=262144"
    "memorysetup-temp-allocator-size-gfx=262144"
Refreshing native plugins compatible for Editor in 58.26 ms, found 3 plugins.
Preloading 0 native plugins for Editor in 0.00 ms.
Initialize engine version: 2021.3.11f1 (0a5ca18544bf)
[Subsystems] Discovering subsystems at path C:/Program Files/Unity/Hub/Editor/2021.3.11f1/Editor/Data/Resources/UnitySubsystems
[Subsystems] Discovering subsystems at path C:/Users/alstn/Documents/GitHub/RTS-GAME/RTS GAME/Assets
GfxDevice: creating device client; threaded=0; jobified=0
Direct3D:
    Version:  Direct3D 11.0 [level 11.1]
    Renderer: AMD Radeon RX 6600 (ID=0x73ff)
    Vendor:   ATI
    VRAM:     8147 MB
    Driver:   31.0.14033.1012
Initialize mono
Mono path[0] = 'C:/Program Files/Unity/Hub/Editor/2021.3.11f1/Editor/Data/Managed'
Mono path[1] = 'C:/Program Files/Unity/Hub/Editor/2021.3.11f1/Editor/Data/MonoBleedingEdge/lib/mono/unityjit-win32'
Mono config path = 'C:/Program Files/Unity/Hub/Editor/2021.3.11f1/Editor/Data/MonoBleedingEdge/etc'
Using monoOptions --debugger-agent=transport=dt_socket,embedding=1,server=y,suspend=n,address=127.0.0.1:56352
Begin MonoManager ReloadAssembly
Registering precompiled unity dll's ...
Register platform support module: C:/Program Files/Unity/Hub/Editor/2021.3.11f1/Editor/Data/PlaybackEngines/AndroidPlayer/UnityEditor.Android.Extensions.dll
Register platform support module: C:/Program Files/Unity/Hub/Editor/2021.3.11f1/Editor/Data/PlaybackEngines/iOSSupport/UnityEditor.iOS.Extensions.dll
Register platform support module: C:/Program Files/Unity/Hub/Editor/2021.3.11f1/Editor/Data/PlaybackEngines/WindowsStandaloneSupport/UnityEditor.WindowsStandalone.Extensions.dll
Registered in 0.006432 seconds.
Native extension for WindowsStandalone target not found
[usbmuxd] Start listen thread
[usbmuxd] Listen thread started
Native extension for iOS target not found
Native extension for Android target not found
Refreshing native plugins compatible for Editor in 58.05 ms, found 3 plugins.
Preloading 0 native plugins for Editor in 0.00 ms.
Mono: successfully reloaded assembly
- Completed reload, in  0.486 seconds
Domain Reload Profiling:
	ReloadAssembly (486ms)
		BeginReloadAssembly (56ms)
			ExecutionOrderSort (0ms)
			DisableScriptedObjects (0ms)
			BackupInstance (0ms)
			ReleaseScriptingObjects (0ms)
			CreateAndSetChildDomain (1ms)
		EndReloadAssembly (347ms)
			LoadAssemblies (55ms)
			RebuildTransferFunctionScriptingTraits (0ms)
			SetupTypeCache (80ms)
			ReleaseScriptCaches (0ms)
			RebuildScriptCaches (19ms)
			SetupLoadedEditorAssemblies (208ms)
				LogAssemblyErrors (0ms)
				InitializePlatformSupportModulesInManaged (49ms)
				SetLoadedEditorAssemblies (0ms)
				RefreshPlugins (58ms)
				BeforeProcessingInitializeOnLoad (1ms)
				ProcessInitializeOnLoadAttributes (66ms)
				ProcessInitializeOnLoadMethodAttributes (33ms)
				AfterProcessingInitializeOnLoad (0ms)
				EditorAssembliesLoaded (0ms)
			ExecutionOrderSort2 (0ms)
			AwakeInstancesAfterBackupRestoration (0ms)
Platform modules already initialized, skipping
Registering precompiled user dll's ...
Registered in 0.005356 seconds.
Begin MonoManager ReloadAssembly
Symbol file LoadedFromMemory doesn't match image C:\Users\alstn\Documents\GitHub\RTS-GAME\RTS GAME\Library\PackageCache\com.unity.visualscripting@1.7.8\Editor\VisualScripting.Core\Dependencies\YamlDotNet\Unity.VisualScripting.YamlDotNet.dll
Symbol file LoadedFromMemory doesn't match image C:\Users\alstn\Documents\GitHub\RTS-GAME\RTS GAME\Library\PackageCache\com.unity.visualscripting@1.7.8\Editor\VisualScripting.Core\Dependencies\DotNetZip\Unity.VisualScripting.IonicZip.dll
Native extension for WindowsStandalone target not found
Native extension for iOS target not found
Native extension for Android target not found
Refreshing native plugins compatible for Editor in 0.47 ms, found 3 plugins.
Preloading 0 native plugins for Editor in 0.00 ms.
Mono: successfully reloaded assembly
- Completed reload, in  0.933 seconds
Domain Reload Profiling:
	ReloadAssembly (933ms)
		BeginReloadAssembly (250ms)
			ExecutionOrderSort (0ms)
			DisableScriptedObjects (5ms)
			BackupInstance (0ms)
			ReleaseScriptingObjects (0ms)
			CreateAndSetChildDomain (136ms)
		EndReloadAssembly (576ms)
			LoadAssemblies (106ms)
			RebuildTransferFunctionScriptingTraits (0ms)
			SetupTypeCache (184ms)
			ReleaseScriptCaches (0ms)
			RebuildScriptCaches (37ms)
			SetupLoadedEditorAssemblies (264ms)
				LogAssemblyErrors (0ms)
				InitializePlatformSupportModulesInManaged (18ms)
				SetLoadedEditorAssemblies (0ms)
				RefreshPlugins (1ms)
				BeforeProcessingInitializeOnLoad (57ms)
				ProcessInitializeOnLoadAttributes (155ms)
				ProcessInitializeOnLoadMethodAttributes (26ms)
				AfterProcessingInitializeOnLoad (6ms)
				EditorAssembliesLoaded (0ms)
			ExecutionOrderSort2 (0ms)
			AwakeInstancesAfterBackupRestoration (5ms)
Platform modules already initialized, skipping
========================================================================
Worker process is ready to serve import requests
Launched and connected shader compiler UnityShaderCompiler.exe after 0.03 seconds
Refreshing native plugins compatible for Editor in 0.42 ms, found 3 plugins.
Preloading 0 native plugins for Editor in 0.00 ms.
Unloading 3535 Unused Serialized files (Serialized files now loaded: 0)
Unloading 29 unused Assets / (57.8 KB). Loaded Objects now: 4004.
Memory consumption went from 132.5 MB to 132.4 MB.
Total: 2.267000 ms (FindLiveObjects: 0.169200 ms CreateObjectMapping: 0.079900 ms MarkObjects: 1.940600 ms  DeleteObjects: 0.076700 ms)

AssetImportParameters requested are different than current active one (requested -> active):
  custom:video-decoder-ogg-theora: a1e56fd34408186e4bbccfd4996cb3dc -> 
  custom:container-muxer-webm: aa71ff27fc2769a1b78a27578f13a17b -> 
  custom:container-demuxer-webm: 4f35f7cbe854078d1ac9338744f61a02 -> 
  custom:video-encoder-webm-vp8: eb34c28f22e8b96e1ab97ce403110664 -> 
  custom:video-codec-MediaFoundation-h265: 746d11721c4dcdbdad8f713fa42b33f4 -> 
  custom:audio-encoder-webm-vorbis: bf7c407c2cedff20999df2af8eb42d56 -> 
  custom:framework-win-MediaFoundation: 216162199b28c13a410421893ffa2e32 -> 
  custom:container-demuxer-ogg: 62fdf1f143b41e24485cea50d1cbac27 -> 
  custom:video-decoder-webm-vp8: 9c59270c3fd7afecdb556c50c9e8de78 -> 
  custom:audio-decoder-ogg-vorbis: bf7c407c2cedff20999df2af8eb42d56 -> 
========================================================================
Received Import Request.
  Time since last request: 26566.818971 seconds.
  path: Assets/3. Prefebs/Units/My
  artifactKey: Guid(90a7019aeb3699043bc22d777f01f13d) Importer(815301076,1909f56bfc062723c751e8b465ee728b)
Start importing Assets/3. Prefebs/Units/My using Guid(90a7019aeb3699043bc22d777f01f13d) Importer(815301076,1909f56bfc062723c751e8b465ee728b)  -> (artifact id: '3882f45f1b94a53df5624ed09127dc09') in 0.009836 seconds 
========================================================================
Received Prepare
Registering precompiled user dll's ...
Registered in 0.005708 seconds.
Begin MonoManager ReloadAssembly
Symbol file LoadedFromMemory doesn't match image C:\Users\alstn\Documents\GitHub\RTS-GAME\RTS GAME\Library\PackageCache\com.unity.visualscripting@1.7.8\Editor\VisualScripting.Core\Dependencies\YamlDotNet\Unity.VisualScripting.YamlDotNet.dll
Symbol file LoadedFromMemory doesn't match image C:\Users\alstn\Documents\GitHub\RTS-GAME\RTS GAME\Library\PackageCache\com.unity.visualscripting@1.7.8\Editor\VisualScripting.Core\Dependencies\DotNetZip\Unity.VisualScripting.IonicZip.dll
Native extension for WindowsStandalone target not found
Native extension for iOS target not found
Native extension for Android target not found
Refreshing native plugins compatible for Editor in 0.49 ms, found 3 plugins.
Preloading 0 native plugins for Editor in 0.00 ms.
Mono: successfully reloaded assembly
- Completed reload, in  0.755 seconds
Domain Reload Profiling:
	ReloadAssembly (755ms)
		BeginReloadAssembly (105ms)
			ExecutionOrderSort (0ms)
			DisableScriptedObjects (5ms)
			BackupInstance (0ms)
			ReleaseScriptingObjects (0ms)
			CreateAndSetChildDomain (29ms)
		EndReloadAssembly (577ms)
			LoadAssemblies (63ms)
			RebuildTransferFunctionScriptingTraits (0ms)
			SetupTypeCache (197ms)
			ReleaseScriptCaches (1ms)
			RebuildScriptCaches (33ms)
			SetupLoadedEditorAssemblies (246ms)
				LogAssemblyErrors (0ms)
				InitializePlatformSupportModulesInManaged (29ms)
				SetLoadedEditorAssemblies (0ms)
				RefreshPlugins (1ms)
				BeforeProcessingInitializeOnLoad (54ms)
				ProcessInitializeOnLoadAttributes (132ms)
				ProcessInitializeOnLoadMethodAttributes (23ms)
				AfterProcessingInitializeOnLoad (6ms)
				EditorAssembliesLoaded (0ms)
			ExecutionOrderSort2 (0ms)
			AwakeInstancesAfterBackupRestoration (5ms)
Platform modules already initialized, skipping
Refreshing native plugins compatible for Editor in 1.32 ms, found 3 plugins.
Preloading 0 native plugins for Editor in 0.00 ms.
Unloading 3511 Unused Serialized files (Serialized files now loaded: 0)
Unloading 18 unused Assets / (24.6 KB). Loaded Objects now: 4007.
Memory consumption went from 130.4 MB to 130.4 MB.
Total: 2.062800 ms (FindLiveObjects: 0.167700 ms CreateObjectMapping: 0.074000 ms MarkObjects: 1.797700 ms  DeleteObjects: 0.022500 ms)

AssetImportParameters requested are different than current active one (requested -> active):
  custom:video-decoder-ogg-theora: a1e56fd34408186e4bbccfd4996cb3dc -> 
  custom:container-muxer-webm: aa71ff27fc2769a1b78a27578f13a17b -> 
  custom:container-demuxer-webm: 4f35f7cbe854078d1ac9338744f61a02 -> 
  custom:video-encoder-webm-vp8: eb34c28f22e8b96e1ab97ce403110664 -> 
  custom:video-codec-MediaFoundation-h265: 746d11721c4dcdbdad8f713fa42b33f4 -> 
  custom:audio-encoder-webm-vorbis: bf7c407c2cedff20999df2af8eb42d56 -> 
  custom:framework-win-MediaFoundation: 216162199b28c13a410421893ffa2e32 -> 
  custom:container-demuxer-ogg: 62fdf1f143b41e24485cea50d1cbac27 -> 
  custom:video-decoder-webm-vp8: 9c59270c3fd7afecdb556c50c9e8de78 -> 
  custom:audio-decoder-ogg-vorbis: bf7c407c2cedff20999df2af8eb42d56 -> 
========================================================================
Received Prepare
Registering precompiled user dll's ...
Registered in 0.004692 seconds.
Begin MonoManager ReloadAssembly
Symbol file LoadedFromMemory doesn't match image C:\Users\alstn\Documents\GitHub\RTS-GAME\RTS GAME\Library\PackageCache\com.unity.visualscripting@1.7.8\Editor\VisualScripting.Core\Dependencies\YamlDotNet\Unity.VisualScripting.YamlDotNet.dll
Symbol file LoadedFromMemory doesn't match image C:\Users\alstn\Documents\GitHub\RTS-GAME\RTS GAME\Library\PackageCache\com.unity.visualscripting@1.7.8\Editor\VisualScripting.Core\Dependencies\DotNetZip\Unity.VisualScripting.IonicZip.dll
Native extension for WindowsStandalone target not found
Native extension for iOS target not found
Native extension for Android target not found
Refreshing native plugins compatible for Editor in 0.53 ms, found 3 plugins.
Preloading 0 native plugins for Editor in 0.00 ms.
Mono: successfully reloaded assembly
- Completed reload, in  0.787 seconds
Domain Reload Profiling:
	ReloadAssembly (787ms)
		BeginReloadAssembly (112ms)
			ExecutionOrderSort (0ms)
			DisableScriptedObjects (5ms)
			BackupInstance (0ms)
			ReleaseScriptingObjects (0ms)
			CreateAndSetChildDomain (26ms)
		EndReloadAssembly (602ms)
			LoadAssemblies (75ms)
			RebuildTransferFunctionScriptingTraits (0ms)
			SetupTypeCache (190ms)
			ReleaseScriptCaches (1ms)
			RebuildScriptCaches (32ms)
			SetupLoadedEditorAssemblies (276ms)
				LogAssemblyErrors (0ms)
				InitializePlatformSupportModulesInManaged (29ms)
				SetLoadedEditorAssemblies (0ms)
				RefreshPlugins (1ms)
				BeforeProcessingInitializeOnLoad (53ms)
				ProcessInitializeOnLoadAttributes (158ms)
				ProcessInitializeOnLoadMethodAttributes (28ms)
				AfterProcessingInitializeOnLoad (7ms)
				EditorAssembliesLoaded (0ms)
			ExecutionOrderSort2 (0ms)
			AwakeInstancesAfterBackupRestoration (6ms)
Platform modules already initialized, skipping
Refreshing native plugins compatible for Editor in 1.67 ms, found 3 plugins.
Preloading 0 native plugins for Editor in 0.00 ms.
Unloading 3511 Unused Serialized files (Serialized files now loaded: 0)
Unloading 18 unused Assets / (24.6 KB). Loaded Objects now: 4010.
Memory consumption went from 130.4 MB to 130.4 MB.
Total: 2.323200 ms (FindLiveObjects: 0.197600 ms CreateObjectMapping: 0.110900 ms MarkObjects: 1.990300 ms  DeleteObjects: 0.023500 ms)

AssetImportParameters requested are different than current active one (requested -> active):
  custom:video-decoder-ogg-theora: a1e56fd34408186e4bbccfd4996cb3dc -> 
  custom:container-muxer-webm: aa71ff27fc2769a1b78a27578f13a17b -> 
  custom:container-demuxer-webm: 4f35f7cbe854078d1ac9338744f61a02 -> 
  custom:video-encoder-webm-vp8: eb34c28f22e8b96e1ab97ce403110664 -> 
  custom:video-codec-MediaFoundation-h265: 746d11721c4dcdbdad8f713fa42b33f4 -> 
  custom:audio-encoder-webm-vorbis: bf7c407c2cedff20999df2af8eb42d56 -> 
  custom:framework-win-MediaFoundation: 216162199b28c13a410421893ffa2e32 -> 
  custom:container-demuxer-ogg: 62fdf1f143b41e24485cea50d1cbac27 -> 
  custom:video-decoder-webm-vp8: 9c59270c3fd7afecdb556c50c9e8de78 -> 
  custom:audio-decoder-ogg-vorbis: bf7c407c2cedff20999df2af8eb42d56 -> 
========================================================================
Received Import Request.
  Time since last request: 695.167436 seconds.
  path: Assets/3. Prefebs/Units/My/Human
  artifactKey: Guid(9d2c73dd2068d4545a042922d3dcf6ac) Importer(815301076,1909f56bfc062723c751e8b465ee728b)
Start importing Assets/3. Prefebs/Units/My/Human using Guid(9d2c73dd2068d4545a042922d3dcf6ac) Importer(815301076,1909f56bfc062723c751e8b465ee728b)  -> (artifact id: '6cfab608d845badf3233e6f954a846bf') in 0.011235 seconds 
========================================================================
Received Import Request.
  Time since last request: 0.027343 seconds.
  path: Assets/3. Prefebs/Units/My/Human/Archer_Standard_PBR.prefab
  artifactKey: Guid(beea34203aacb834b91e2a4b289ce9f7) Importer(815301076,1909f56bfc062723c751e8b465ee728b)
Start importing Assets/3. Prefebs/Units/My/Human/Archer_Standard_PBR.prefab using Guid(beea34203aacb834b91e2a4b289ce9f7) Importer(815301076,1909f56bfc062723c751e8b465ee728b) Asset 'Archer': Transition 'AnyState -> Victory' in state 'AnyState' doesn't have an Exit Time or any condition, transition will be ignored
UnityEngine.StackTraceUtility:ExtractStackTrace ()
UnityEditor.EditorUtility:Internal_InstantiateRemoveAllNonAnimationComponentsSingle (UnityEngine.Object,UnityEngine.Vector3,UnityEngine.Quaternion)
UnityEditor.EditorUtility:InstantiateRemoveAllNonAnimationComponents (UnityEngine.Object,UnityEngine.Vector3,UnityEngine.Quaternion)
UnityEditor.EditorUtility:InstantiateForAnimatorPreview (UnityEngine.Object)
UnityEditor.GameObjectInspector/PreviewData:UpdateGameObject (UnityEngine.Object)
UnityEditor.GameObjectInspector/PreviewData:.ctor (UnityEngine.Object)
UnityEditor.GameObjectInspector:GetPreviewData ()
UnityEditor.GameObjectInspector:RenderStaticPreview (string,UnityEngine.Object[],int,int)
UnityEditor.AssetPreviewUpdater:CreatePreview (UnityEngine.Object,UnityEngine.Object[],string,int,int)
UnityEditor.AssetPreviewUpdater:CreatePreviewForAsset (UnityEngine.Object,UnityEngine.Object[],string)

[C:\buildslave\unity\build\Editor\Src\Animation\StateMachine.cpp line 1845]

 -> (artifact id: 'e68377c929470e41524bddc659ed4cb8') in 0.402163 seconds 
========================================================================
Received Import Request.
  Time since last request: 0.005740 seconds.
  path: Assets/3. Prefebs/Units/My/Human/Worker_Standard_PBR.prefab
  artifactKey: Guid(d528cd331b231554c9378763f755cc6f) Importer(815301076,1909f56bfc062723c751e8b465ee728b)
Start importing Assets/3. Prefebs/Units/My/Human/Worker_Standard_PBR.prefab using Guid(d528cd331b231554c9378763f755cc6f) Importer(815301076,1909f56bfc062723c751e8b465ee728b)  -> (artifact id: 'ac214fec6796349f5a2d083f339edbf6') in 0.227845 seconds 
========================================================================
Received Import Request.
  Time since last request: 0.000025 seconds.
  path: Assets/3. Prefebs/Units/My/Human/Horseman_Standard_PBR.prefab
  artifactKey: Guid(eed858001959d9c4c85152d984d42f21) Importer(815301076,1909f56bfc062723c751e8b465ee728b)
Start importing Assets/3. Prefebs/Units/My/Human/Horseman_Standard_PBR.prefab using Guid(eed858001959d9c4c85152d984d42f21) Importer(815301076,1909f56bfc062723c751e8b465ee728b)  -> (artifact id: '7e625c1a7c9047ac1f891a28e6703bca') in 0.246596 seconds 
========================================================================
Received Import Request.
  Time since last request: 0.000028 seconds.
  path: Assets/3. Prefebs/Units/My/Human/Knight_Standard_PBR.prefab
  artifactKey: Guid(a781d5759ef7f2747981d392b926d8cf) Importer(815301076,1909f56bfc062723c751e8b465ee728b)
Start importing Assets/3. Prefebs/Units/My/Human/Knight_Standard_PBR.prefab using Guid(a781d5759ef7f2747981d392b926d8cf) Importer(815301076,1909f56bfc062723c751e8b465ee728b)  -> (artifact id: '132952e5d37fa29a9904d6334c7a18e4') in 0.182830 seconds 
========================================================================
Received Import Request.
  Time since last request: 12.451138 seconds.
  path: Assets/2. Scripts/New Folder
  artifactKey: Guid(4c900a8cbc3be28498d6e5ec7c89de1a) Importer(815301076,1909f56bfc062723c751e8b465ee728b)
Start importing Assets/2. Scripts/New Folder using Guid(4c900a8cbc3be28498d6e5ec7c89de1a) Importer(815301076,1909f56bfc062723c751e8b465ee728b)  -> (artifact id: 'd2a26ff29aa62f0fb531b2ea17b32588') in 0.005879 seconds 
========================================================================
Received Import Request.
  Time since last request: 3.008596 seconds.
  path: Assets/2. Scripts/AStar Algorithm
  artifactKey: Guid(cade0f8b2e016124e91009c472361558) Importer(815301076,1909f56bfc062723c751e8b465ee728b)
Start importing Assets/2. Scripts/AStar Algorithm using Guid(cade0f8b2e016124e91009c472361558) Importer(815301076,1909f56bfc062723c751e8b465ee728b)  -> (artifact id: 'b76dacb51d24030295c8348f97a86ee7') in 0.005842 seconds 
========================================================================
Received Import Request.
  Time since last request: 0.604421 seconds.
  path: Assets/2. Scripts/HpBar
  artifactKey: Guid(7ba9fd868c57b4545b70d6e491931d3d) Importer(815301076,1909f56bfc062723c751e8b465ee728b)
Start importing Assets/2. Scripts/HpBar using Guid(7ba9fd868c57b4545b70d6e491931d3d) Importer(815301076,1909f56bfc062723c751e8b465ee728b)  -> (artifact id: 'bb865c68ce4f971a065ac6c393ea39a6') in 0.002034 seconds 
========================================================================
Received Import Request.
  Time since last request: 0.678620 seconds.
  path: Assets/2. Scripts/MonsterAI
  artifactKey: Guid(5d4dc7d79c40b95458569d98dd455ba4) Importer(815301076,1909f56bfc062723c751e8b465ee728b)
Start importing Assets/2. Scripts/MonsterAI using Guid(5d4dc7d79c40b95458569d98dd455ba4) Importer(815301076,1909f56bfc062723c751e8b465ee728b)  -> (artifact id: '2b17ba6ecca108a070c33dde8a106cab') in 0.002108 seconds 
========================================================================
Received Import Request.
  Time since last request: 0.783452 seconds.
  path: Assets/2. Scripts/Spawn
  artifactKey: Guid(1b7857152f86d3243ad955aaa5175579) Importer(815301076,1909f56bfc062723c751e8b465ee728b)
Start importing Assets/2. Scripts/Spawn using Guid(1b7857152f86d3243ad955aaa5175579) Importer(815301076,1909f56bfc062723c751e8b465ee728b)  -> (artifact id: '1aa08b6a00a1b63d613d3965bf240ed2') in 0.002088 seconds 
========================================================================
Received Import Request.
  Time since last request: 1.898068 seconds.
  path: Assets/2. Scripts/MonsterAI/State
  artifactKey: Guid(8eacc01e58715c6459124003303da891) Importer(815301076,1909f56bfc062723c751e8b465ee728b)
Start importing Assets/2. Scripts/MonsterAI/State using Guid(8eacc01e58715c6459124003303da891) Importer(815301076,1909f56bfc062723c751e8b465ee728b)  -> (artifact id: 'd968e27e9bab640824be25beba87ca2b') in 0.006188 seconds 
========================================================================
Received Import Request.
  Time since last request: 176.710477 seconds.
  path: Assets/2. Scripts/HpBar/Hp_Bar.cs
  artifactKey: Guid(68d6298a09d5ebf4ca522100c44b5284) Importer(815301076,1909f56bfc062723c751e8b465ee728b)
Start importing Assets/2. Scripts/HpBar/Hp_Bar.cs using Guid(68d6298a09d5ebf4ca522100c44b5284) Importer(815301076,1909f56bfc062723c751e8b465ee728b)  -> (artifact id: 'fbbb213e6bf91b9a431b40e41c200f75') in 0.007970 seconds 
========================================================================
Received Prepare
Registering precompiled user dll's ...
Registered in 0.004298 seconds.
Begin MonoManager ReloadAssembly
Symbol file LoadedFromMemory doesn't match image C:\Users\alstn\Documents\GitHub\RTS-GAME\RTS GAME\Library\PackageCache\com.unity.visualscripting@1.7.8\Editor\VisualScripting.Core\Dependencies\YamlDotNet\Unity.VisualScripting.YamlDotNet.dll
Symbol file LoadedFromMemory doesn't match image C:\Users\alstn\Documents\GitHub\RTS-GAME\RTS GAME\Library\PackageCache\com.unity.visualscripting@1.7.8\Editor\VisualScripting.Core\Dependencies\DotNetZip\Unity.VisualScripting.IonicZip.dll
Native extension for WindowsStandalone target not found
Native extension for iOS target not found
Native extension for Android target not found
Refreshing native plugins compatible for Editor in 0.53 ms, found 3 plugins.
Preloading 0 native plugins for Editor in 0.00 ms.
Mono: successfully reloaded assembly
- Completed reload, in  0.758 seconds
Domain Reload Profiling:
	ReloadAssembly (759ms)
		BeginReloadAssembly (108ms)
			ExecutionOrderSort (0ms)
			DisableScriptedObjects (4ms)
			BackupInstance (0ms)
			ReleaseScriptingObjects (0ms)
			CreateAndSetChildDomain (31ms)
		EndReloadAssembly (577ms)
			LoadAssemblies (66ms)
			RebuildTransferFunctionScriptingTraits (0ms)
			SetupTypeCache (204ms)
			ReleaseScriptCaches (1ms)
			RebuildScriptCaches (32ms)
			SetupLoadedEditorAssemblies (238ms)
				LogAssemblyErrors (0ms)
				InitializePlatformSupportModulesInManaged (28ms)
				SetLoadedEditorAssemblies (0ms)
				RefreshPlugins (1ms)
				BeforeProcessingInitializeOnLoad (50ms)
				ProcessInitializeOnLoadAttributes (129ms)
				ProcessInitializeOnLoadMethodAttributes (23ms)
				AfterProcessingInitializeOnLoad (7ms)
				EditorAssembliesLoaded (0ms)
			ExecutionOrderSort2 (0ms)
			AwakeInstancesAfterBackupRestoration (5ms)
Platform modules already initialized, skipping
Refreshing native plugins compatible for Editor in 1.52 ms, found 3 plugins.
Preloading 0 native plugins for Editor in 0.00 ms.
Unloading 3511 Unused Serialized files (Serialized files now loaded: 0)
Unloading 18 unused Assets / (24.7 KB). Loaded Objects now: 4022.
Memory consumption went from 147.6 MB to 147.6 MB.
Total: 2.098600 ms (FindLiveObjects: 0.170700 ms CreateObjectMapping: 0.073500 ms MarkObjects: 1.834100 ms  DeleteObjects: 0.019500 ms)

AssetImportParameters requested are different than current active one (requested -> active):
  custom:video-decoder-ogg-theora: a1e56fd34408186e4bbccfd4996cb3dc -> 
  custom:container-muxer-webm: aa71ff27fc2769a1b78a27578f13a17b -> 
  custom:container-demuxer-webm: 4f35f7cbe854078d1ac9338744f61a02 -> 
  custom:video-encoder-webm-vp8: eb34c28f22e8b96e1ab97ce403110664 -> 
  custom:video-codec-MediaFoundation-h265: 746d11721c4dcdbdad8f713fa42b33f4 -> 
  custom:audio-encoder-webm-vorbis: bf7c407c2cedff20999df2af8eb42d56 -> 
  custom:framework-win-MediaFoundation: 216162199b28c13a410421893ffa2e32 -> 
  custom:container-demuxer-ogg: 62fdf1f143b41e24485cea50d1cbac27 -> 
  custom:video-decoder-webm-vp8: 9c59270c3fd7afecdb556c50c9e8de78 -> 
  custom:audio-decoder-ogg-vorbis: bf7c407c2cedff20999df2af8eb42d56 -> 
========================================================================
Received Import Request.
  Time since last request: 284.167620 seconds.
  path: Assets/2. Scripts/HpBar/Hp_Bar.cs
  artifactKey: Guid(68d6298a09d5ebf4ca522100c44b5284) Importer(815301076,1909f56bfc062723c751e8b465ee728b)
Start importing Assets/2. Scripts/HpBar/Hp_Bar.cs using Guid(68d6298a09d5ebf4ca522100c44b5284) Importer(815301076,1909f56bfc062723c751e8b465ee728b)  -> (artifact id: 'e51b375639961731f61568467810a13d') in 0.006918 seconds 
========================================================================
Received Prepare
Registering precompiled user dll's ...
Registered in 0.004913 seconds.
Begin MonoManager ReloadAssembly
Symbol file LoadedFromMemory doesn't match image C:\Users\alstn\Documents\GitHub\RTS-GAME\RTS GAME\Library\PackageCache\com.unity.visualscripting@1.7.8\Editor\VisualScripting.Core\Dependencies\YamlDotNet\Unity.VisualScripting.YamlDotNet.dll
Symbol file LoadedFromMemory doesn't match image C:\Users\alstn\Documents\GitHub\RTS-GAME\RTS GAME\Library\PackageCache\com.unity.visualscripting@1.7.8\Editor\VisualScripting.Core\Dependencies\DotNetZip\Unity.VisualScripting.IonicZip.dll
Native extension for WindowsStandalone target not found
Native extension for iOS target not found
Native extension for Android target not found
Refreshing native plugins compatible for Editor in 0.69 ms, found 3 plugins.
Preloading 0 native plugins for Editor in 0.00 ms.
Mono: successfully reloaded assembly
- Completed reload, in  0.767 seconds
Domain Reload Profiling:
	ReloadAssembly (767ms)
		BeginReloadAssembly (110ms)
			ExecutionOrderSort (0ms)
			DisableScriptedObjects (4ms)
			BackupInstance (0ms)
			ReleaseScriptingObjects (0ms)
			CreateAndSetChildDomain (31ms)
		EndReloadAssembly (587ms)
			LoadAssemblies (68ms)
			RebuildTransferFunctionScriptingTraits (0ms)
			SetupTypeCache (204ms)
			ReleaseScriptCaches (1ms)
			RebuildScriptCaches (32ms)
			SetupLoadedEditorAssemblies (243ms)
				LogAssemblyErrors (0ms)
				InitializePlatformSupportModulesInManaged (29ms)
				SetLoadedEditorAssemblies (0ms)
				RefreshPlugins (1ms)
				BeforeProcessingInitializeOnLoad (56ms)
				ProcessInitializeOnLoadAttributes (127ms)
				ProcessInitializeOnLoadMethodAttributes (23ms)
				AfterProcessingInitializeOnLoad (7ms)
				EditorAssembliesLoaded (0ms)
			ExecutionOrderSort2 (0ms)
			AwakeInstancesAfterBackupRestoration (5ms)
Platform modules already initialized, skipping
Refreshing native plugins compatible for Editor in 1.38 ms, found 3 plugins.
Preloading 0 native plugins for Editor in 0.00 ms.
Unloading 3511 Unused Serialized files (Serialized files now loaded: 0)
Unloading 18 unused Assets / (24.6 KB). Loaded Objects now: 4025.
Memory consumption went from 147.6 MB to 147.6 MB.
Total: 2.262000 ms (FindLiveObjects: 0.170200 ms CreateObjectMapping: 0.080600 ms MarkObjects: 1.992300 ms  DeleteObjects: 0.018100 ms)

AssetImportParameters requested are different than current active one (requested -> active):
  custom:video-decoder-ogg-theora: a1e56fd34408186e4bbccfd4996cb3dc -> 
  custom:container-muxer-webm: aa71ff27fc2769a1b78a27578f13a17b -> 
  custom:container-demuxer-webm: 4f35f7cbe854078d1ac9338744f61a02 -> 
  custom:video-encoder-webm-vp8: eb34c28f22e8b96e1ab97ce403110664 -> 
  custom:video-codec-MediaFoundation-h265: 746d11721c4dcdbdad8f713fa42b33f4 -> 
  custom:audio-encoder-webm-vorbis: bf7c407c2cedff20999df2af8eb42d56 -> 
  custom:framework-win-MediaFoundation: 216162199b28c13a410421893ffa2e32 -> 
  custom:container-demuxer-ogg: 62fdf1f143b41e24485cea50d1cbac27 -> 
  custom:video-decoder-webm-vp8: 9c59270c3fd7afecdb556c50c9e8de78 -> 
  custom:audio-decoder-ogg-vorbis: bf7c407c2cedff20999df2af8eb42d56 -> 
========================================================================
Received Import Request.
  Time since last request: 1048.693321 seconds.
  path: Assets/2. Scripts/HpBar/Hp_Bar.cs
  artifactKey: Guid(68d6298a09d5ebf4ca522100c44b5284) Importer(815301076,1909f56bfc062723c751e8b465ee728b)
Start importing Assets/2. Scripts/HpBar/Hp_Bar.cs using Guid(68d6298a09d5ebf4ca522100c44b5284) Importer(815301076,1909f56bfc062723c751e8b465ee728b)  -> (artifact id: '14b23c81d1e61ffb99ca21cd7571fc82') in 0.010157 seconds 
========================================================================
Received Prepare
Registering precompiled user dll's ...
Registered in 0.004163 seconds.
Begin MonoManager ReloadAssembly
Symbol file LoadedFromMemory doesn't match image C:\Users\alstn\Documents\GitHub\RTS-GAME\RTS GAME\Library\PackageCache\com.unity.visualscripting@1.7.8\Editor\VisualScripting.Core\Dependencies\YamlDotNet\Unity.VisualScripting.YamlDotNet.dll
Symbol file LoadedFromMemory doesn't match image C:\Users\alstn\Documents\GitHub\RTS-GAME\RTS GAME\Library\PackageCache\com.unity.visualscripting@1.7.8\Editor\VisualScripting.Core\Dependencies\DotNetZip\Unity.VisualScripting.IonicZip.dll
Native extension for WindowsStandalone target not found
Native extension for iOS target not found
Native extension for Android target not found
Refreshing native plugins compatible for Editor in 0.53 ms, found 3 plugins.
Preloading 0 native plugins for Editor in 0.00 ms.
Mono: successfully reloaded assembly
- Completed reload, in  0.770 seconds
Domain Reload Profiling:
	ReloadAssembly (770ms)
		BeginReloadAssembly (105ms)
			ExecutionOrderSort (0ms)
			DisableScriptedObjects (4ms)
			BackupInstance (0ms)
			ReleaseScriptingObjects (0ms)
			CreateAndSetChildDomain (30ms)
		EndReloadAssembly (587ms)
			LoadAssemblies (66ms)
			RebuildTransferFunctionScriptingTraits (0ms)
			SetupTypeCache (199ms)
			ReleaseScriptCaches (1ms)
			RebuildScriptCaches (32ms)
			SetupLoadedEditorAssemblies (254ms)
				LogAssemblyErrors (0ms)
				InitializePlatformSupportModulesInManaged (28ms)
				SetLoadedEditorAssemblies (0ms)
				RefreshPlugins (1ms)
				BeforeProcessingInitializeOnLoad (55ms)
				ProcessInitializeOnLoadAttributes (134ms)
				ProcessInitializeOnLoadMethodAttributes (29ms)
				AfterProcessingInitializeOnLoad (7ms)
				EditorAssembliesLoaded (0ms)
			ExecutionOrderSort2 (0ms)
			AwakeInstancesAfterBackupRestoration (5ms)
Platform modules already initialized, skipping
Refreshing native plugins compatible for Editor in 1.46 ms, found 3 plugins.
Preloading 0 native plugins for Editor in 0.00 ms.
Unloading 3511 Unused Serialized files (Serialized files now loaded: 0)
Unloading 18 unused Assets / (24.8 KB). Loaded Objects now: 4028.
Memory consumption went from 147.6 MB to 147.6 MB.
Total: 2.312600 ms (FindLiveObjects: 0.173900 ms CreateObjectMapping: 0.089200 ms MarkObjects: 2.027300 ms  DeleteObjects: 0.021300 ms)

AssetImportParameters requested are different than current active one (requested -> active):
  custom:video-decoder-ogg-theora: a1e56fd34408186e4bbccfd4996cb3dc -> 
  custom:container-muxer-webm: aa71ff27fc2769a1b78a27578f13a17b -> 
  custom:container-demuxer-webm: 4f35f7cbe854078d1ac9338744f61a02 -> 
  custom:video-encoder-webm-vp8: eb34c28f22e8b96e1ab97ce403110664 -> 
  custom:video-codec-MediaFoundation-h265: 746d11721c4dcdbdad8f713fa42b33f4 -> 
  custom:audio-encoder-webm-vorbis: bf7c407c2cedff20999df2af8eb42d56 -> 
  custom:framework-win-MediaFoundation: 216162199b28c13a410421893ffa2e32 -> 
  custom:container-demuxer-ogg: 62fdf1f143b41e24485cea50d1cbac27 -> 
  custom:video-decoder-webm-vp8: 9c59270c3fd7afecdb556c50c9e8de78 -> 
  custom:audio-decoder-ogg-vorbis: bf7c407c2cedff20999df2af8eb42d56 -> 
========================================================================
Received Prepare
Registering precompiled user dll's ...
Registered in 0.004846 seconds.
Begin MonoManager ReloadAssembly
Symbol file LoadedFromMemory doesn't match image C:\Users\alstn\Documents\GitHub\RTS-GAME\RTS GAME\Library\PackageCache\com.unity.visualscripting@1.7.8\Editor\VisualScripting.Core\Dependencies\YamlDotNet\Unity.VisualScripting.YamlDotNet.dll
Symbol file LoadedFromMemory doesn't match image C:\Users\alstn\Documents\GitHub\RTS-GAME\RTS GAME\Library\PackageCache\com.unity.visualscripting@1.7.8\Editor\VisualScripting.Core\Dependencies\DotNetZip\Unity.VisualScripting.IonicZip.dll
Native extension for WindowsStandalone target not found
Native extension for iOS target not found
Native extension for Android target not found
Refreshing native plugins compatible for Editor in 0.63 ms, found 3 plugins.
Preloading 0 native plugins for Editor in 0.00 ms.
Mono: successfully reloaded assembly
- Completed reload, in  0.781 seconds
Domain Reload Profiling:
	ReloadAssembly (781ms)
		BeginReloadAssembly (102ms)
			ExecutionOrderSort (0ms)
			DisableScriptedObjects (4ms)
			BackupInstance (0ms)
			ReleaseScriptingObjects (0ms)
			CreateAndSetChildDomain (26ms)
		EndReloadAssembly (603ms)
			LoadAssemblies (64ms)
			RebuildTransferFunctionScriptingTraits (0ms)
			SetupTypeCache (193ms)
			ReleaseScriptCaches (1ms)
			RebuildScriptCaches (33ms)
			SetupLoadedEditorAssemblies (277ms)
				LogAssemblyErrors (0ms)
				InitializePlatformSupportModulesInManaged (27ms)
				SetLoadedEditorAssemblies (0ms)
				RefreshPlugins (1ms)
				BeforeProcessingInitializeOnLoad (56ms)
				ProcessInitializeOnLoadAttributes (156ms)
				ProcessInitializeOnLoadMethodAttributes (29ms)
				AfterProcessingInitializeOnLoad (7ms)
				EditorAssembliesLoaded (0ms)
			ExecutionOrderSort2 (0ms)
			AwakeInstancesAfterBackupRestoration (6ms)
Platform modules already initialized, skipping
Refreshing native plugins compatible for Editor in 1.56 ms, found 3 plugins.
Preloading 0 native plugins for Editor in 0.00 ms.
Unloading 3511 Unused Serialized files (Serialized files now loaded: 0)
Unloading 18 unused Assets / (24.7 KB). Loaded Objects now: 4031.
Memory consumption went from 147.7 MB to 147.6 MB.
Total: 2.543700 ms (FindLiveObjects: 0.199500 ms CreateObjectMapping: 0.100500 ms MarkObjects: 2.224300 ms  DeleteObjects: 0.018600 ms)

AssetImportParameters requested are different than current active one (requested -> active):
  custom:video-decoder-ogg-theora: a1e56fd34408186e4bbccfd4996cb3dc -> 
  custom:container-muxer-webm: aa71ff27fc2769a1b78a27578f13a17b -> 
  custom:container-demuxer-webm: 4f35f7cbe854078d1ac9338744f61a02 -> 
  custom:video-encoder-webm-vp8: eb34c28f22e8b96e1ab97ce403110664 -> 
  custom:video-codec-MediaFoundation-h265: 746d11721c4dcdbdad8f713fa42b33f4 -> 
  custom:audio-encoder-webm-vorbis: bf7c407c2cedff20999df2af8eb42d56 -> 
  custom:framework-win-MediaFoundation: 216162199b28c13a410421893ffa2e32 -> 
  custom:container-demuxer-ogg: 62fdf1f143b41e24485cea50d1cbac27 -> 
  custom:video-decoder-webm-vp8: 9c59270c3fd7afecdb556c50c9e8de78 -> 
  custom:audio-decoder-ogg-vorbis: bf7c407c2cedff20999df2af8eb42d56 -> 
========================================================================
Received Import Request.
  Time since last request: 303.626756 seconds.
  path: Assets/3. Prefebs/Units/Enemy/Human/Archer_MaskTint_PBR.prefab
  artifactKey: Guid(4821ecf090accc34cad4d12d1dfb4214) Importer(815301076,1909f56bfc062723c751e8b465ee728b)
Start importing Assets/3. Prefebs/Units/Enemy/Human/Archer_MaskTint_PBR.prefab using Guid(4821ecf090accc34cad4d12d1dfb4214) Importer(815301076,1909f56bfc062723c751e8b465ee728b) Asset 'Archer': Transition 'AnyState -> Victory' in state 'AnyState' doesn't have an Exit Time or any condition, transition will be ignored
UnityEngine.StackTraceUtility:ExtractStackTrace ()
UnityEditor.EditorUtility:Internal_InstantiateRemoveAllNonAnimationComponentsSingle (UnityEngine.Object,UnityEngine.Vector3,UnityEngine.Quaternion)
UnityEditor.EditorUtility:InstantiateRemoveAllNonAnimationComponents (UnityEngine.Object,UnityEngine.Vector3,UnityEngine.Quaternion)
UnityEditor.EditorUtility:InstantiateForAnimatorPreview (UnityEngine.Object)
UnityEditor.GameObjectInspector/PreviewData:UpdateGameObject (UnityEngine.Object)
UnityEditor.GameObjectInspector/PreviewData:.ctor (UnityEngine.Object)
UnityEditor.GameObjectInspector:GetPreviewData ()
UnityEditor.GameObjectInspector:RenderStaticPreview (string,UnityEngine.Object[],int,int)
UnityEditor.AssetPreviewUpdater:CreatePreview (UnityEngine.Object,UnityEngine.Object[],string,int,int)
UnityEditor.AssetPreviewUpdater:CreatePreviewForAsset (UnityEngine.Object,UnityEngine.Object[],string)

[C:\buildslave\unity\build\Editor\Src\Animation\StateMachine.cpp line 1845]

 -> (artifact id: '18ef5d2f118e25c438631df7574cb877') in 0.377749 seconds 
========================================================================
Received Import Request.
  Time since last request: 0.000020 seconds.
  path: Assets/3. Prefebs/Units/Enemy/Human/Worker_MaskTint_PBR.prefab
  artifactKey: Guid(5dbcabce3b30b35429494fbe5690c74a) Importer(815301076,1909f56bfc062723c751e8b465ee728b)
Start importing Assets/3. Prefebs/Units/Enemy/Human/Worker_MaskTint_PBR.prefab using Guid(5dbcabce3b30b35429494fbe5690c74a) Importer(815301076,1909f56bfc062723c751e8b465ee728b)  -> (artifact id: '72fc77d8f4a95e502950c19cb10c26de') in 0.157218 seconds 
========================================================================
Received Import Request.
  Time since last request: 0.000043 seconds.
  path: Assets/3. Prefebs/Units/My/Sentinel/Rock Golem StandardPBR.prefab
  artifactKey: Guid(b7f53c3859741ad48ab226f656b97c45) Importer(815301076,1909f56bfc062723c751e8b465ee728b)
Start importing Assets/3. Prefebs/Units/My/Sentinel/Rock Golem StandardPBR.prefab using Guid(b7f53c3859741ad48ab226f656b97c45) Importer(815301076,1909f56bfc062723c751e8b465ee728b)  -> (artifact id: '24dda586d40444112929abf4650bc46b') in 0.261420 seconds 
========================================================================
Received Import Request.
  Time since last request: 0.000028 seconds.
  path: Assets/3. Prefebs/Units/My/Sentinel/Druid StandardPBR.prefab
  artifactKey: Guid(087ae1c9a97f3134caae740afa28253d) Importer(815301076,1909f56bfc062723c751e8b465ee728b)
Start importing Assets/3. Prefebs/Units/My/Sentinel/Druid StandardPBR.prefab using Guid(087ae1c9a97f3134caae740afa28253d) Importer(815301076,1909f56bfc062723c751e8b465ee728b)  -> (artifact id: '8e9abb401509d71603d0c03c601d4873') in 0.248146 seconds 
========================================================================
Received Import Request.
  Time since last request: 0.000034 seconds.
  path: Assets/3. Prefebs/Units/Enemy/Human/Griffin_MaskTint_PBR.prefab
  artifactKey: Guid(921a7f8e7af4279438aa986368fe6e01) Importer(815301076,1909f56bfc062723c751e8b465ee728b)
Start importing Assets/3. Prefebs/Units/Enemy/Human/Griffin_MaskTint_PBR.prefab using Guid(921a7f8e7af4279438aa986368fe6e01) Importer(815301076,1909f56bfc062723c751e8b465ee728b)  -> (artifact id: '7a11280d517af90887bd6db6665b8c93') in 0.195450 seconds 
========================================================================
Received Import Request.
  Time since last request: 0.000017 seconds.
  path: Assets/3. Prefebs/Units/My/Sentinel/Demon Hunter StandardPBR.prefab
  artifactKey: Guid(afca957642c642a4eb429c119c9e7224) Importer(815301076,1909f56bfc062723c751e8b465ee728b)
Start importing Assets/3. Prefebs/Units/My/Sentinel/Demon Hunter StandardPBR.prefab using Guid(afca957642c642a4eb429c119c9e7224) Importer(815301076,1909f56bfc062723c751e8b465ee728b)  -> (artifact id: '30effd41b457e5e32153733741a88b5b') in 0.276724 seconds 
========================================================================
Received Import Request.
  Time since last request: 0.000027 seconds.
  path: Assets/3. Prefebs/Units/My/Sentinel/Dryad StandardPBR.prefab
  artifactKey: Guid(70b1bc6861e0df14ab9f57a96bc9e560) Importer(815301076,1909f56bfc062723c751e8b465ee728b)
Start importing Assets/3. Prefebs/Units/My/Sentinel/Dryad StandardPBR.prefab using Guid(70b1bc6861e0df14ab9f57a96bc9e560) Importer(815301076,1909f56bfc062723c751e8b465ee728b)  -> (artifact id: '9f61e96f91ca716801c47d739588e0d7') in 0.261880 seconds 
========================================================================
Received Import Request.
  Time since last request: 0.000031 seconds.
  path: Assets/3. Prefebs/Units/My/Sentinel/Battle Owl StandardPBR.prefab
  artifactKey: Guid(f1295f6c1c4dfed49bf67520d2099268) Importer(815301076,1909f56bfc062723c751e8b465ee728b)
Start importing Assets/3. Prefebs/Units/My/Sentinel/Battle Owl StandardPBR.prefab using Guid(f1295f6c1c4dfed49bf67520d2099268) Importer(815301076,1909f56bfc062723c751e8b465ee728b)  -> (artifact id: '9ddba5d2e45f1d93760455f5bd2b6801') in 0.280604 seconds 
========================================================================
Received Import Request.
  Time since last request: 10.856989 seconds.
  path: Assets/RTS Mini Legion Fantasy PBR/Mini Legion Human PBR/Animations/Archer/Archer_Attack01_Start.fbx
  artifactKey: Guid(9a51aabbef2ec75438f36f217675f3b8) Importer(815301076,1909f56bfc062723c751e8b465ee728b)
Start importing Assets/RTS Mini Legion Fantasy PBR/Mini Legion Human PBR/Animations/Archer/Archer_Attack01_Start.fbx using Guid(9a51aabbef2ec75438f36f217675f3b8) Importer(815301076,1909f56bfc062723c751e8b465ee728b)  -> (artifact id: '05c4f1c13f4dcb79eb3dff07c4bd4587') in 0.099323 seconds 
========================================================================
Received Import Request.
  Time since last request: 0.000021 seconds.
  path: Assets/RTS Mini Legion Fantasy PBR/Mini Legion Human PBR/Animations/Archer/Archer_GetHit.fbx
  artifactKey: Guid(b3ce16fccca3cd54d8b250faf4a38926) Importer(815301076,1909f56bfc062723c751e8b465ee728b)
Start importing Assets/RTS Mini Legion Fantasy PBR/Mini Legion Human PBR/Animations/Archer/Archer_GetHit.fbx using Guid(b3ce16fccca3cd54d8b250faf4a38926) Importer(815301076,1909f56bfc062723c751e8b465ee728b)  -> (artifact id: '555c32bdf36f369d0e872c7922586094') in 0.024588 seconds 
========================================================================
Received Import Request.
  Time since last request: 0.000025 seconds.
  path: Assets/RTS Mini Legion Fantasy PBR/Mini Legion Human PBR/Animations/Archer/Archer_attack02_Start.fbx
  artifactKey: Guid(fb6d093b9589b984fbf5148b570fbcaf) Importer(815301076,1909f56bfc062723c751e8b465ee728b)
Start importing Assets/RTS Mini Legion Fantasy PBR/Mini Legion Human PBR/Animations/Archer/Archer_attack02_Start.fbx using Guid(fb6d093b9589b984fbf5148b570fbcaf) Importer(815301076,1909f56bfc062723c751e8b465ee728b)  -> (artifact id: '26c9808c6be884bdc8b8640b44cc5807') in 0.025712 seconds 
========================================================================
Received Import Request.
  Time since last request: 0.000028 seconds.
  path: Assets/RTS Mini Legion Fantasy PBR/Mini Legion Human PBR/Animations/Archer/Archer_Walk.fbx
  artifactKey: Guid(ddf5cebbfa5f8a34cb844a76e4a790e9) Importer(815301076,1909f56bfc062723c751e8b465ee728b)
Start importing Assets/RTS Mini Legion Fantasy PBR/Mini Legion Human PBR/Animations/Archer/Archer_Walk.fbx using Guid(ddf5cebbfa5f8a34cb844a76e4a790e9) Importer(815301076,1909f56bfc062723c751e8b465ee728b)  -> (artifact id: 'c2205158ba272bf21d35181ca4e2d04c') in 0.021873 seconds 
Editor requested this worker to shutdown with reason: Scaling down because of idle timeout
AssetImportWorker is now disconnected from the server
Process exiting
Exiting without the bug reporter. Application will terminate with return code 0