Using pre-set license
Built from '2021.3/staging' branch; Version is '2021.3.11f1 (0a5ca18544bf) revision 679073'; Using compiler version '192829333'; Build Type 'Release'
OS: 'Windows 10  (10.0.19045) 64bit Core' Language: 'ko' Physical Memory: 8105 MB
BatchMode: 1, IsHumanControllingUs: 0, StartBugReporterOnCrash: 0, Is64bit: 1, IsPro: 1

COMMAND LINE ARGUMENTS:
D:\Unity\2021.3.11f1\Editor\Unity.exe
-adb2
-batchMode
-noUpm
-name
AssetImportWorker7
-projectPath
D:/Unity 프로젝트/RTS-GAME/RTS GAME
-logFile
Logs/AssetImportWorker7.log
-srvPort
59952
Successfully changed project path to: D:/Unity 프로젝트/RTS-GAME/RTS GAME
D:/Unity 프로젝트/RTS-GAME/RTS GAME
[UnityMemory] Configuration Parameters - Can be set up in boot.config
    "memorysetup-bucket-allocator-granularity=16"
    "memorysetup-bucket-allocator-bucket-count=8"
    "memorysetup-bucket-allocator-block-size=33554432"
    "memorysetup-bucket-allocator-block-count=8"
    "memorysetup-main-allocator-block-size=16777216"
    "memorysetup-thread-allocator-block-size=16777216"
    "memorysetup-gfx-main-allocator-block-size=16777216"
    "memorysetup-gfx-thread-allocator-block-size=16777216"
    "memorysetup-cache-allocator-block-size=4194304"
    "memorysetup-typetree-allocator-block-size=2097152"
    "memorysetup-profiler-bucket-allocator-granularity=16"
    "memorysetup-profiler-bucket-allocator-bucket-count=8"
    "memorysetup-profiler-bucket-allocator-block-size=33554432"
    "memorysetup-profiler-bucket-allocator-block-count=8"
    "memorysetup-profiler-allocator-block-size=16777216"
    "memorysetup-profiler-editor-allocator-block-size=1048576"
    "memorysetup-temp-allocator-size-main=16777216"
    "memorysetup-job-temp-allocator-block-size=2097152"
    "memorysetup-job-temp-allocator-block-size-background=1048576"
    "memorysetup-job-temp-allocator-reduction-small-platforms=262144"
    "memorysetup-temp-allocator-size-background-worker=32768"
    "memorysetup-temp-allocator-size-job-worker=262144"
    "memorysetup-temp-allocator-size-preload-manager=33554432"
    "memorysetup-temp-allocator-size-nav-mesh-worker=65536"
    "memorysetup-temp-allocator-size-audio-worker=65536"
    "memorysetup-temp-allocator-size-cloud-worker=32768"
    "memorysetup-temp-allocator-size-gi-baking-worker=262144"
    "memorysetup-temp-allocator-size-gfx=262144"
Refreshing native plugins compatible for Editor in 302.68 ms, found 3 plugins.
Preloading 0 native plugins for Editor in 0.00 ms.
Initialize engine version: 2021.3.11f1 (0a5ca18544bf)
[Subsystems] Discovering subsystems at path D:/Unity/2021.3.11f1/Editor/Data/Resources/UnitySubsystems
[Subsystems] Discovering subsystems at path D:/Unity 프로젝트/RTS-GAME/RTS GAME/Assets
GfxDevice: creating device client; threaded=0; jobified=0
Direct3D:
    Version:  Direct3D 11.0 [level 11.1]
    Renderer: NVIDIA GeForce GTX 1050 (ID=0x1c8d)
    Vendor:   NVIDIA
    VRAM:     4021 MB
    Driver:   24.21.13.9907
Initialize mono
Mono path[0] = 'D:/Unity/2021.3.11f1/Editor/Data/Managed'
Mono path[1] = 'D:/Unity/2021.3.11f1/Editor/Data/MonoBleedingEdge/lib/mono/unityjit-win32'
Mono config path = 'D:/Unity/2021.3.11f1/Editor/Data/MonoBleedingEdge/etc'
Using monoOptions --debugger-agent=transport=dt_socket,embedding=1,server=y,suspend=n,address=127.0.0.1:56152
Begin MonoManager ReloadAssembly
Registering precompiled unity dll's ...
Register platform support module: D:/Unity/2021.3.11f1/Editor/Data/PlaybackEngines/AndroidPlayer/UnityEditor.Android.Extensions.dll
Register platform support module: D:/Unity/2021.3.11f1/Editor/Data/PlaybackEngines/WindowsStandaloneSupport/UnityEditor.WindowsStandalone.Extensions.dll
Registered in 0.005008 seconds.
Native extension for WindowsStandalone target not found
Native extension for Android target not found
Refreshing native plugins compatible for Editor in 460.89 ms, found 3 plugins.
Preloading 0 native plugins for Editor in 0.00 ms.
Mono: successfully reloaded assembly
- Completed reload, in  3.339 seconds
Domain Reload Profiling:
	ReloadAssembly (3340ms)
		BeginReloadAssembly (407ms)
			ExecutionOrderSort (0ms)
			DisableScriptedObjects (0ms)
			BackupInstance (0ms)
			ReleaseScriptingObjects (0ms)
			CreateAndSetChildDomain (2ms)
		EndReloadAssembly (1946ms)
			LoadAssemblies (464ms)
			RebuildTransferFunctionScriptingTraits (1ms)
			SetupTypeCache (307ms)
			ReleaseScriptCaches (0ms)
			RebuildScriptCaches (79ms)
			SetupLoadedEditorAssemblies (1376ms)
				LogAssemblyErrors (0ms)
				InitializePlatformSupportModulesInManaged (395ms)
				SetLoadedEditorAssemblies (1ms)
				RefreshPlugins (461ms)
				BeforeProcessingInitializeOnLoad (5ms)
				ProcessInitializeOnLoadAttributes (284ms)
				ProcessInitializeOnLoadMethodAttributes (231ms)
				AfterProcessingInitializeOnLoad (0ms)
				EditorAssembliesLoaded (0ms)
			ExecutionOrderSort2 (0ms)
			AwakeInstancesAfterBackupRestoration (0ms)
Platform modules already initialized, skipping
Registering precompiled user dll's ...
Registered in 0.018380 seconds.
Begin MonoManager ReloadAssembly
Symbol file LoadedFromMemory doesn't match image D:\Unity 프로젝트\RTS-GAME\RTS GAME\Library\PackageCache\com.unity.visualscripting@1.7.8\Editor\VisualScripting.Core\Dependencies\YamlDotNet\Unity.VisualScripting.YamlDotNet.dll
Symbol file LoadedFromMemory doesn't match image D:\Unity 프로젝트\RTS-GAME\RTS GAME\Library\PackageCache\com.unity.visualscripting@1.7.8\Editor\VisualScripting.Core\Dependencies\DotNetZip\Unity.VisualScripting.IonicZip.dll
Native extension for WindowsStandalone target not found
Native extension for Android target not found
Refreshing native plugins compatible for Editor in 1.23 ms, found 3 plugins.
Preloading 0 native plugins for Editor in 0.00 ms.
Mono: successfully reloaded assembly
- Completed reload, in  2.576 seconds
Domain Reload Profiling:
	ReloadAssembly (2578ms)
		BeginReloadAssembly (383ms)
			ExecutionOrderSort (0ms)
			DisableScriptedObjects (16ms)
			BackupInstance (0ms)
			ReleaseScriptingObjects (0ms)
			CreateAndSetChildDomain (146ms)
		EndReloadAssembly (1969ms)
			LoadAssemblies (215ms)
			RebuildTransferFunctionScriptingTraits (0ms)
			SetupTypeCache (563ms)
			ReleaseScriptCaches (1ms)
			RebuildScriptCaches (117ms)
			SetupLoadedEditorAssemblies (992ms)
				LogAssemblyErrors (0ms)
				InitializePlatformSupportModulesInManaged (31ms)
				SetLoadedEditorAssemblies (1ms)
				RefreshPlugins (1ms)
				BeforeProcessingInitializeOnLoad (217ms)
				ProcessInitializeOnLoadAttributes (647ms)
				ProcessInitializeOnLoadMethodAttributes (86ms)
				AfterProcessingInitializeOnLoad (8ms)
				EditorAssembliesLoaded (1ms)
			ExecutionOrderSort2 (0ms)
			AwakeInstancesAfterBackupRestoration (31ms)
Platform modules already initialized, skipping
========================================================================
Worker process is ready to serve import requests
Launched and connected shader compiler UnityShaderCompiler.exe after 0.39 seconds
Refreshing native plugins compatible for Editor in 1.11 ms, found 3 plugins.
Preloading 0 native plugins for Editor in 0.00 ms.
Unloading 3538 Unused Serialized files (Serialized files now loaded: 0)
Unloading 29 unused Assets / (57.1 KB). Loaded Objects now: 4010.
Memory consumption went from 129.4 MB to 129.3 MB.
Total: 11.622200 ms (FindLiveObjects: 0.614200 ms CreateObjectMapping: 0.587300 ms MarkObjects: 10.208100 ms  DeleteObjects: 0.210300 ms)

AssetImportParameters requested are different than current active one (requested -> active):
  custom:video-decoder-ogg-theora: a1e56fd34408186e4bbccfd4996cb3dc -> 
  custom:container-muxer-webm: aa71ff27fc2769a1b78a27578f13a17b -> 
  custom:container-demuxer-webm: 4f35f7cbe854078d1ac9338744f61a02 -> 
  custom:video-encoder-webm-vp8: eb34c28f22e8b96e1ab97ce403110664 -> 
  custom:video-codec-MediaFoundation-h265: 746d11721c4dcdbdad8f713fa42b33f4 -> 
  custom:audio-encoder-webm-vorbis: bf7c407c2cedff20999df2af8eb42d56 -> 
  custom:framework-win-MediaFoundation: 216162199b28c13a410421893ffa2e32 -> 
  custom:container-demuxer-ogg: 62fdf1f143b41e24485cea50d1cbac27 -> 
  custom:video-decoder-webm-vp8: 9c59270c3fd7afecdb556c50c9e8de78 -> 
  custom:audio-decoder-ogg-vorbis: bf7c407c2cedff20999df2af8eb42d56 -> 
========================================================================
Received Import Request.
  Time since last request: 159717.878174 seconds.
  path: Assets/3. Prefebs/Units/My/Sentinel/Druid StandardPBR.prefab
  artifactKey: Guid(087ae1c9a97f3134caae740afa28253d) Importer(815301076,1909f56bfc062723c751e8b465ee728b)
Start importing Assets/3. Prefebs/Units/My/Sentinel/Druid StandardPBR.prefab using Guid(087ae1c9a97f3134caae740afa28253d) Importer(815301076,1909f56bfc062723c751e8b465ee728b)  -> (artifact id: 'b0ab85d84ebb7133c1a2a6e1b042fece') in 5.233069 seconds 
========================================================================
Received Import Request.
  Time since last request: 0.000596 seconds.
  path: Assets/3. Prefebs/Units/My/Sentinel/Knome StandardPBR.prefab
  artifactKey: Guid(85204cf2f716f26419087a3415ce116a) Importer(815301076,1909f56bfc062723c751e8b465ee728b)
Start importing Assets/3. Prefebs/Units/My/Sentinel/Knome StandardPBR.prefab using Guid(85204cf2f716f26419087a3415ce116a) Importer(815301076,1909f56bfc062723c751e8b465ee728b)  -> (artifact id: '2f74ec0c8f9f35285a8059bda9c39896') in 2.358753 seconds 
========================================================================
Received Import Request.
  Time since last request: 0.000094 seconds.
  path: Assets/3. Prefebs/Units/My/Sentinel/Dryad StandardPBR.prefab
  artifactKey: Guid(70b1bc6861e0df14ab9f57a96bc9e560) Importer(815301076,1909f56bfc062723c751e8b465ee728b)
Start importing Assets/3. Prefebs/Units/My/Sentinel/Dryad StandardPBR.prefab using Guid(70b1bc6861e0df14ab9f57a96bc9e560) Importer(815301076,1909f56bfc062723c751e8b465ee728b)  -> (artifact id: '4a695d6107b2b8357c0827b4974846dd') in 1.568374 seconds 
========================================================================
Received Import Request.
  Time since last request: 0.000054 seconds.
  path: Assets/3. Prefebs/Units/My/Sentinel/Demon Hunter StandardPBR.prefab
  artifactKey: Guid(afca957642c642a4eb429c119c9e7224) Importer(815301076,1909f56bfc062723c751e8b465ee728b)
Start importing Assets/3. Prefebs/Units/My/Sentinel/Demon Hunter StandardPBR.prefab using Guid(afca957642c642a4eb429c119c9e7224) Importer(815301076,1909f56bfc062723c751e8b465ee728b)  -> (artifact id: '89b4d0979dc55efda3c56f738e650cc8') in 1.454673 seconds 
========================================================================
Received Import Request.
  Time since last request: 0.014619 seconds.
  path: Assets/3. Prefebs/Units/My/Sentinel/Battle Owl StandardPBR.prefab
  artifactKey: Guid(f1295f6c1c4dfed49bf67520d2099268) Importer(815301076,1909f56bfc062723c751e8b465ee728b)
Start importing Assets/3. Prefebs/Units/My/Sentinel/Battle Owl StandardPBR.prefab using Guid(f1295f6c1c4dfed49bf67520d2099268) Importer(815301076,1909f56bfc062723c751e8b465ee728b)  -> (artifact id: 'd06f7dd394e3654658c63a39a0405aa9') in 1.104100 seconds 
========================================================================
Received Import Request.
  Time since last request: 10.165005 seconds.
  path: Assets/3. Prefebs/Units/Enemy/Sentinel/Druid MaskTintPBR.prefab
  artifactKey: Guid(c84f48321753c1246abac12c322e73dc) Importer(815301076,1909f56bfc062723c751e8b465ee728b)
Start importing Assets/3. Prefebs/Units/Enemy/Sentinel/Druid MaskTintPBR.prefab using Guid(c84f48321753c1246abac12c322e73dc) Importer(815301076,1909f56bfc062723c751e8b465ee728b)  -> (artifact id: '23c7c0f96fabe26184a044f5345f2750') in 1.709704 seconds 
========================================================================
Received Import Request.
  Time since last request: 0.000297 seconds.
  path: Assets/3. Prefebs/Units/Enemy/Sentinel/Rock Golem MaskTintPBR.prefab
  artifactKey: Guid(a3660829625d9d4469975ceca292b943) Importer(815301076,1909f56bfc062723c751e8b465ee728b)
Start importing Assets/3. Prefebs/Units/Enemy/Sentinel/Rock Golem MaskTintPBR.prefab using Guid(a3660829625d9d4469975ceca292b943) Importer(815301076,1909f56bfc062723c751e8b465ee728b)  -> (artifact id: 'bf23ae8707189fc71b3ab9ed3c7c05b9') in 1.402118 seconds 
========================================================================
Received Import Request.
  Time since last request: 24.532688 seconds.
  path: Assets/3. Prefebs/Units/My/Undead/Death Rider Standard.prefab
  artifactKey: Guid(36d111ace180aa3428c046ef66f26e3c) Importer(815301076,1909f56bfc062723c751e8b465ee728b)
Start importing Assets/3. Prefebs/Units/My/Undead/Death Rider Standard.prefab using Guid(36d111ace180aa3428c046ef66f26e3c) Importer(815301076,1909f56bfc062723c751e8b465ee728b)  -> (artifact id: '7200ad128b99916d5b007a9c72b86f51') in 2.614504 seconds 
========================================================================
Received Import Request.
  Time since last request: 0.000040 seconds.
  path: Assets/3. Prefebs/Units/My/Undead/Skeleton Warrior Standard.prefab
  artifactKey: Guid(33bccf29630fb0340bf6f4204871e918) Importer(815301076,1909f56bfc062723c751e8b465ee728b)
Start importing Assets/3. Prefebs/Units/My/Undead/Skeleton Warrior Standard.prefab using Guid(33bccf29630fb0340bf6f4204871e918) Importer(815301076,1909f56bfc062723c751e8b465ee728b)  -> (artifact id: '189de088bb1c5bee0c43c3e0c94a9063') in 1.597893 seconds 
========================================================================
Received Import Request.
  Time since last request: 0.000061 seconds.
  path: Assets/3. Prefebs/Units/My/Undead/Slave Standard.prefab
  artifactKey: Guid(c6c0e2b4caf61074387580f8cc7f1657) Importer(815301076,1909f56bfc062723c751e8b465ee728b)
Start importing Assets/3. Prefebs/Units/My/Undead/Slave Standard.prefab using Guid(c6c0e2b4caf61074387580f8cc7f1657) Importer(815301076,1909f56bfc062723c751e8b465ee728b)  -> (artifact id: '77f199c126eff9ac364ca158b328a181') in 1.709981 seconds 
========================================================================
Received Import Request.
  Time since last request: 311.984087 seconds.
  path: Assets/3. Prefebs/Units/My/Warband/Warlock Standard.prefab
  artifactKey: Guid(4c67c04846a72e64688a2ac506212673) Importer(815301076,1909f56bfc062723c751e8b465ee728b)
Start importing Assets/3. Prefebs/Units/My/Warband/Warlock Standard.prefab using Guid(4c67c04846a72e64688a2ac506212673) Importer(815301076,1909f56bfc062723c751e8b465ee728b)  -> (artifact id: '6e7b339259afbe0c84e3a4d04988164d') in 1.551692 seconds 
========================================================================
Received Import Request.
  Time since last request: 7.101170 seconds.
  path: Assets/3. Prefebs/Units/My/Warband/Warlock Standard.prefab
  artifactKey: Guid(4c67c04846a72e64688a2ac506212673) Importer(815301076,1909f56bfc062723c751e8b465ee728b)
Start importing Assets/3. Prefebs/Units/My/Warband/Warlock Standard.prefab using Guid(4c67c04846a72e64688a2ac506212673) Importer(815301076,1909f56bfc062723c751e8b465ee728b)  -> (artifact id: '5e0ae11705890e1936d5f65526154ee0') in 2.303907 seconds 
========================================================================
Received Import Request.
  Time since last request: 0.000041 seconds.
  path: Assets/3. Prefebs/Units/My/Warband/Minion Standard.prefab
  artifactKey: Guid(52d20adc58c68e948a2240c8f04fd644) Importer(815301076,1909f56bfc062723c751e8b465ee728b)
Start importing Assets/3. Prefebs/Units/My/Warband/Minion Standard.prefab using Guid(52d20adc58c68e948a2240c8f04fd644) Importer(815301076,1909f56bfc062723c751e8b465ee728b)  -> (artifact id: 'fddcac607b5a60ef28e1a1fca97318be') in 1.001605 seconds 
========================================================================
Received Prepare
Registering precompiled user dll's ...
Registered in 0.015024 seconds.
Begin MonoManager ReloadAssembly
Symbol file LoadedFromMemory doesn't match image D:\Unity 프로젝트\RTS-GAME\RTS GAME\Library\PackageCache\com.unity.visualscripting@1.7.8\Editor\VisualScripting.Core\Dependencies\YamlDotNet\Unity.VisualScripting.YamlDotNet.dll
Symbol file LoadedFromMemory doesn't match image D:\Unity 프로젝트\RTS-GAME\RTS GAME\Library\PackageCache\com.unity.visualscripting@1.7.8\Editor\VisualScripting.Core\Dependencies\DotNetZip\Unity.VisualScripting.IonicZip.dll
Native extension for WindowsStandalone target not found
Native extension for Android target not found
Refreshing native plugins compatible for Editor in 1.44 ms, found 3 plugins.
Preloading 0 native plugins for Editor in 0.00 ms.
Mono: successfully reloaded assembly
- Completed reload, in  3.760 seconds
Domain Reload Profiling:
	ReloadAssembly (3761ms)
		BeginReloadAssembly (444ms)
			ExecutionOrderSort (0ms)
			DisableScriptedObjects (16ms)
			BackupInstance (0ms)
			ReleaseScriptingObjects (3ms)
			CreateAndSetChildDomain (106ms)
		EndReloadAssembly (2987ms)
			LoadAssemblies (354ms)
			RebuildTransferFunctionScriptingTraits (0ms)
			SetupTypeCache (1139ms)
			ReleaseScriptCaches (3ms)
			RebuildScriptCaches (180ms)
			SetupLoadedEditorAssemblies (1126ms)
				LogAssemblyErrors (0ms)
				InitializePlatformSupportModulesInManaged (55ms)
				SetLoadedEditorAssemblies (1ms)
				RefreshPlugins (2ms)
				BeforeProcessingInitializeOnLoad (201ms)
				ProcessInitializeOnLoadAttributes (736ms)
				ProcessInitializeOnLoadMethodAttributes (123ms)
				AfterProcessingInitializeOnLoad (7ms)
				EditorAssembliesLoaded (0ms)
			ExecutionOrderSort2 (0ms)
			AwakeInstancesAfterBackupRestoration (69ms)
Platform modules already initialized, skipping
Refreshing native plugins compatible for Editor in 3.96 ms, found 3 plugins.
Preloading 0 native plugins for Editor in 0.00 ms.
Unloading 3514 Unused Serialized files (Serialized files now loaded: 0)
Unloading 18 unused Assets / (24.7 KB). Loaded Objects now: 4022.
Memory consumption went from 144.5 MB to 144.5 MB.
Total: 26.878500 ms (FindLiveObjects: 3.789800 ms CreateObjectMapping: 1.239500 ms MarkObjects: 21.783300 ms  DeleteObjects: 0.063500 ms)

AssetImportParameters requested are different than current active one (requested -> active):
  custom:video-decoder-ogg-theora: a1e56fd34408186e4bbccfd4996cb3dc -> 
  custom:container-muxer-webm: aa71ff27fc2769a1b78a27578f13a17b -> 
  custom:container-demuxer-webm: 4f35f7cbe854078d1ac9338744f61a02 -> 
  custom:video-encoder-webm-vp8: eb34c28f22e8b96e1ab97ce403110664 -> 
  custom:video-codec-MediaFoundation-h265: 746d11721c4dcdbdad8f713fa42b33f4 -> 
  custom:audio-encoder-webm-vorbis: bf7c407c2cedff20999df2af8eb42d56 -> 
  custom:framework-win-MediaFoundation: 216162199b28c13a410421893ffa2e32 -> 
  custom:container-demuxer-ogg: 62fdf1f143b41e24485cea50d1cbac27 -> 
  custom:video-decoder-webm-vp8: 9c59270c3fd7afecdb556c50c9e8de78 -> 
  custom:audio-decoder-ogg-vorbis: bf7c407c2cedff20999df2af8eb42d56 -> 
========================================================================
Received Prepare
Registering precompiled user dll's ...
Registered in 0.016789 seconds.
Begin MonoManager ReloadAssembly
Symbol file LoadedFromMemory doesn't match image D:\Unity 프로젝트\RTS-GAME\RTS GAME\Library\PackageCache\com.unity.visualscripting@1.7.8\Editor\VisualScripting.Core\Dependencies\YamlDotNet\Unity.VisualScripting.YamlDotNet.dll
Symbol file LoadedFromMemory doesn't match image D:\Unity 프로젝트\RTS-GAME\RTS GAME\Library\PackageCache\com.unity.visualscripting@1.7.8\Editor\VisualScripting.Core\Dependencies\DotNetZip\Unity.VisualScripting.IonicZip.dll
Native extension for WindowsStandalone target not found
Native extension for Android target not found
Refreshing native plugins compatible for Editor in 2.10 ms, found 3 plugins.
Preloading 0 native plugins for Editor in 0.00 ms.
Mono: successfully reloaded assembly
- Completed reload, in  4.045 seconds
Domain Reload Profiling:
	ReloadAssembly (4047ms)
		BeginReloadAssembly (401ms)
			ExecutionOrderSort (0ms)
			DisableScriptedObjects (19ms)
			BackupInstance (0ms)
			ReleaseScriptingObjects (0ms)
			CreateAndSetChildDomain (98ms)
		EndReloadAssembly (3305ms)
			LoadAssemblies (328ms)
			RebuildTransferFunctionScriptingTraits (0ms)
			SetupTypeCache (1321ms)
			ReleaseScriptCaches (3ms)
			RebuildScriptCaches (217ms)
			SetupLoadedEditorAssemblies (1211ms)
				LogAssemblyErrors (0ms)
				InitializePlatformSupportModulesInManaged (76ms)
				SetLoadedEditorAssemblies (1ms)
				RefreshPlugins (2ms)
				BeforeProcessingInitializeOnLoad (196ms)
				ProcessInitializeOnLoadAttributes (849ms)
				ProcessInitializeOnLoadMethodAttributes (80ms)
				AfterProcessingInitializeOnLoad (5ms)
				EditorAssembliesLoaded (0ms)
			ExecutionOrderSort2 (0ms)
			AwakeInstancesAfterBackupRestoration (35ms)
Platform modules already initialized, skipping
Refreshing native plugins compatible for Editor in 4.43 ms, found 3 plugins.
Preloading 0 native plugins for Editor in 0.00 ms.
Unloading 3514 Unused Serialized files (Serialized files now loaded: 0)
Unloading 18 unused Assets / (24.7 KB). Loaded Objects now: 4025.
Memory consumption went from 144.5 MB to 144.5 MB.
Total: 11.270600 ms (FindLiveObjects: 0.409600 ms CreateObjectMapping: 0.269300 ms MarkObjects: 10.539400 ms  DeleteObjects: 0.050200 ms)

AssetImportParameters requested are different than current active one (requested -> active):
  custom:video-decoder-ogg-theora: a1e56fd34408186e4bbccfd4996cb3dc -> 
  custom:container-muxer-webm: aa71ff27fc2769a1b78a27578f13a17b -> 
  custom:container-demuxer-webm: 4f35f7cbe854078d1ac9338744f61a02 -> 
  custom:video-encoder-webm-vp8: eb34c28f22e8b96e1ab97ce403110664 -> 
  custom:video-codec-MediaFoundation-h265: 746d11721c4dcdbdad8f713fa42b33f4 -> 
  custom:audio-encoder-webm-vorbis: bf7c407c2cedff20999df2af8eb42d56 -> 
  custom:framework-win-MediaFoundation: 216162199b28c13a410421893ffa2e32 -> 
  custom:container-demuxer-ogg: 62fdf1f143b41e24485cea50d1cbac27 -> 
  custom:video-decoder-webm-vp8: 9c59270c3fd7afecdb556c50c9e8de78 -> 
  custom:audio-decoder-ogg-vorbis: bf7c407c2cedff20999df2af8eb42d56 -> 
========================================================================
Received Prepare
Registering precompiled user dll's ...
Registered in 0.018360 seconds.
Begin MonoManager ReloadAssembly
Symbol file LoadedFromMemory doesn't match image D:\Unity 프로젝트\RTS-GAME\RTS GAME\Library\PackageCache\com.unity.visualscripting@1.7.8\Editor\VisualScripting.Core\Dependencies\YamlDotNet\Unity.VisualScripting.YamlDotNet.dll
Symbol file LoadedFromMemory doesn't match image D:\Unity 프로젝트\RTS-GAME\RTS GAME\Library\PackageCache\com.unity.visualscripting@1.7.8\Editor\VisualScripting.Core\Dependencies\DotNetZip\Unity.VisualScripting.IonicZip.dll
Native extension for WindowsStandalone target not found
Native extension for Android target not found
Refreshing native plugins compatible for Editor in 1.67 ms, found 3 plugins.
Preloading 0 native plugins for Editor in 0.00 ms.
Mono: successfully reloaded assembly
- Completed reload, in  4.368 seconds
Domain Reload Profiling:
	ReloadAssembly (4369ms)
		BeginReloadAssembly (408ms)
			ExecutionOrderSort (0ms)
			DisableScriptedObjects (17ms)
			BackupInstance (0ms)
			ReleaseScriptingObjects (0ms)
			CreateAndSetChildDomain (109ms)
		EndReloadAssembly (3566ms)
			LoadAssemblies (436ms)
			RebuildTransferFunctionScriptingTraits (0ms)
			SetupTypeCache (1316ms)
			ReleaseScriptCaches (11ms)
			RebuildScriptCaches (248ms)
			SetupLoadedEditorAssemblies (1380ms)
				LogAssemblyErrors (0ms)
				InitializePlatformSupportModulesInManaged (115ms)
				SetLoadedEditorAssemblies (1ms)
				RefreshPlugins (2ms)
				BeforeProcessingInitializeOnLoad (228ms)
				ProcessInitializeOnLoadAttributes (924ms)
				ProcessInitializeOnLoadMethodAttributes (98ms)
				AfterProcessingInitializeOnLoad (11ms)
				EditorAssembliesLoaded (0ms)
			ExecutionOrderSort2 (0ms)
			AwakeInstancesAfterBackupRestoration (48ms)
Platform modules already initialized, skipping
Refreshing native plugins compatible for Editor in 6.65 ms, found 3 plugins.
Preloading 0 native plugins for Editor in 0.00 ms.
Unloading 3514 Unused Serialized files (Serialized files now loaded: 0)
Unloading 18 unused Assets / (24.6 KB). Loaded Objects now: 4028.
Memory consumption went from 144.5 MB to 144.5 MB.
Total: 12.418000 ms (FindLiveObjects: 0.362800 ms CreateObjectMapping: 0.237100 ms MarkObjects: 11.770200 ms  DeleteObjects: 0.046300 ms)

AssetImportParameters requested are different than current active one (requested -> active):
  custom:video-decoder-ogg-theora: a1e56fd34408186e4bbccfd4996cb3dc -> 
  custom:container-muxer-webm: aa71ff27fc2769a1b78a27578f13a17b -> 
  custom:container-demuxer-webm: 4f35f7cbe854078d1ac9338744f61a02 -> 
  custom:video-encoder-webm-vp8: eb34c28f22e8b96e1ab97ce403110664 -> 
  custom:video-codec-MediaFoundation-h265: 746d11721c4dcdbdad8f713fa42b33f4 -> 
  custom:audio-encoder-webm-vorbis: bf7c407c2cedff20999df2af8eb42d56 -> 
  custom:framework-win-MediaFoundation: 216162199b28c13a410421893ffa2e32 -> 
  custom:container-demuxer-ogg: 62fdf1f143b41e24485cea50d1cbac27 -> 
  custom:video-decoder-webm-vp8: 9c59270c3fd7afecdb556c50c9e8de78 -> 
  custom:audio-decoder-ogg-vorbis: bf7c407c2cedff20999df2af8eb42d56 -> 
========================================================================
Received Import Request.
  Time since last request: 140.522901 seconds.
  path: Assets/3. Prefebs/Units/My/Warband/Berserker Standard.prefab
  artifactKey: Guid(e331f429439fa6f418d7343bbb82562a) Importer(815301076,1909f56bfc062723c751e8b465ee728b)
Start importing Assets/3. Prefebs/Units/My/Warband/Berserker Standard.prefab using Guid(e331f429439fa6f418d7343bbb82562a) Importer(815301076,1909f56bfc062723c751e8b465ee728b)  -> (artifact id: '4828fb88965ebbf78d07ddae1e19174a') in 3.191208 seconds 
========================================================================
Received Import Request.
  Time since last request: 0.000042 seconds.
  path: Assets/3. Prefebs/Units/My/Warband/HeadHunter Standard.prefab
  artifactKey: Guid(79e3e79dae4815247a26e597863cf9bd) Importer(815301076,1909f56bfc062723c751e8b465ee728b)
Start importing Assets/3. Prefebs/Units/My/Warband/HeadHunter Standard.prefab using Guid(79e3e79dae4815247a26e597863cf9bd) Importer(815301076,1909f56bfc062723c751e8b465ee728b)  -> (artifact id: '7a0f31c13eed6e75716ba474de7e7f96') in 3.176847 seconds 
========================================================================
Received Import Request.
  Time since last request: 0.000053 seconds.
  path: Assets/3. Prefebs/Units/My/Warband/Minion Standard.prefab
  artifactKey: Guid(52d20adc58c68e948a2240c8f04fd644) Importer(815301076,1909f56bfc062723c751e8b465ee728b)
Start importing Assets/3. Prefebs/Units/My/Warband/Minion Standard.prefab using Guid(52d20adc58c68e948a2240c8f04fd644) Importer(815301076,1909f56bfc062723c751e8b465ee728b)  -> (artifact id: '485a75aab05e945c85d2ab782fd2d67d') in 2.600702 seconds 
========================================================================
Received Prepare
Registering precompiled user dll's ...
Registered in 0.056902 seconds.
Begin MonoManager ReloadAssembly
Symbol file LoadedFromMemory doesn't match image D:\Unity 프로젝트\RTS-GAME\RTS GAME\Library\PackageCache\com.unity.visualscripting@1.7.8\Editor\VisualScripting.Core\Dependencies\YamlDotNet\Unity.VisualScripting.YamlDotNet.dll
Symbol file LoadedFromMemory doesn't match image D:\Unity 프로젝트\RTS-GAME\RTS GAME\Library\PackageCache\com.unity.visualscripting@1.7.8\Editor\VisualScripting.Core\Dependencies\DotNetZip\Unity.VisualScripting.IonicZip.dll
Native extension for WindowsStandalone target not found
Native extension for Android target not found
Refreshing native plugins compatible for Editor in 1.56 ms, found 3 plugins.
Preloading 0 native plugins for Editor in 0.00 ms.
Mono: successfully reloaded assembly
- Completed reload, in  4.363 seconds
Domain Reload Profiling:
	ReloadAssembly (4366ms)
		BeginReloadAssembly (636ms)
			ExecutionOrderSort (0ms)
			DisableScriptedObjects (25ms)
			BackupInstance (0ms)
			ReleaseScriptingObjects (0ms)
			CreateAndSetChildDomain (163ms)
		EndReloadAssembly (3318ms)
			LoadAssemblies (498ms)
			RebuildTransferFunctionScriptingTraits (0ms)
			SetupTypeCache (1186ms)
			ReleaseScriptCaches (21ms)
			RebuildScriptCaches (174ms)
			SetupLoadedEditorAssemblies (1276ms)
				LogAssemblyErrors (0ms)
				InitializePlatformSupportModulesInManaged (83ms)
				SetLoadedEditorAssemblies (1ms)
				RefreshPlugins (2ms)
				BeforeProcessingInitializeOnLoad (273ms)
				ProcessInitializeOnLoadAttributes (788ms)
				ProcessInitializeOnLoadMethodAttributes (118ms)
				AfterProcessingInitializeOnLoad (11ms)
				EditorAssembliesLoaded (1ms)
			ExecutionOrderSort2 (0ms)
			AwakeInstancesAfterBackupRestoration (60ms)
Platform modules already initialized, skipping
Refreshing native plugins compatible for Editor in 3.94 ms, found 3 plugins.
Preloading 0 native plugins for Editor in 0.00 ms.
Unloading 3514 Unused Serialized files (Serialized files now loaded: 0)
Unloading 18 unused Assets / (24.7 KB). Loaded Objects now: 4031.
Memory consumption went from 144.5 MB to 144.5 MB.
Total: 6.869100 ms (FindLiveObjects: 0.677800 ms CreateObjectMapping: 0.531500 ms MarkObjects: 5.611600 ms  DeleteObjects: 0.046900 ms)

AssetImportParameters requested are different than current active one (requested -> active):
  custom:video-decoder-ogg-theora: a1e56fd34408186e4bbccfd4996cb3dc -> 
  custom:container-muxer-webm: aa71ff27fc2769a1b78a27578f13a17b -> 
  custom:container-demuxer-webm: 4f35f7cbe854078d1ac9338744f61a02 -> 
  custom:video-encoder-webm-vp8: eb34c28f22e8b96e1ab97ce403110664 -> 
  custom:video-codec-MediaFoundation-h265: 746d11721c4dcdbdad8f713fa42b33f4 -> 
  custom:audio-encoder-webm-vorbis: bf7c407c2cedff20999df2af8eb42d56 -> 
  custom:framework-win-MediaFoundation: 216162199b28c13a410421893ffa2e32 -> 
  custom:container-demuxer-ogg: 62fdf1f143b41e24485cea50d1cbac27 -> 
  custom:video-decoder-webm-vp8: 9c59270c3fd7afecdb556c50c9e8de78 -> 
  custom:audio-decoder-ogg-vorbis: bf7c407c2cedff20999df2af8eb42d56 -> 
========================================================================
Received Import Request.
  Time since last request: 22.078684 seconds.
  path: Assets/3. Prefebs/Units/My/Warband/Warlock Standard.prefab
  artifactKey: Guid(4c67c04846a72e64688a2ac506212673) Importer(815301076,1909f56bfc062723c751e8b465ee728b)
Start importing Assets/3. Prefebs/Units/My/Warband/Warlock Standard.prefab using Guid(4c67c04846a72e64688a2ac506212673) Importer(815301076,1909f56bfc062723c751e8b465ee728b)  -> (artifact id: '2a25b856fed1d64ee5179697dbe75e70') in 0.849563 seconds 
========================================================================
Received Import Request.
  Time since last request: 55.572698 seconds.
  path: Assets/3. Prefebs/Units/My/Warband/Berserker Standard.prefab
  artifactKey: Guid(e331f429439fa6f418d7343bbb82562a) Importer(815301076,1909f56bfc062723c751e8b465ee728b)
Start importing Assets/3. Prefebs/Units/My/Warband/Berserker Standard.prefab using Guid(e331f429439fa6f418d7343bbb82562a) Importer(815301076,1909f56bfc062723c751e8b465ee728b)  -> (artifact id: '2ed7db59885fc4c866f86437f54ecca1') in 3.092998 seconds 
========================================================================
Received Import Request.
  Time since last request: 0.000051 seconds.
  path: Assets/3. Prefebs/Units/My/Warband/HeadHunter Standard.prefab
  artifactKey: Guid(79e3e79dae4815247a26e597863cf9bd) Importer(815301076,1909f56bfc062723c751e8b465ee728b)
Start importing Assets/3. Prefebs/Units/My/Warband/HeadHunter Standard.prefab using Guid(79e3e79dae4815247a26e597863cf9bd) Importer(815301076,1909f56bfc062723c751e8b465ee728b)  -> (artifact id: '5cac9b0ea26b4bd74543088d2816c451') in 2.403311 seconds 
========================================================================
Received Prepare
Registering precompiled user dll's ...
Registered in 0.017719 seconds.
Begin MonoManager ReloadAssembly
Symbol file LoadedFromMemory doesn't match image D:\Unity 프로젝트\RTS-GAME\RTS GAME\Library\PackageCache\com.unity.visualscripting@1.7.8\Editor\VisualScripting.Core\Dependencies\YamlDotNet\Unity.VisualScripting.YamlDotNet.dll
Symbol file LoadedFromMemory doesn't match image D:\Unity 프로젝트\RTS-GAME\RTS GAME\Library\PackageCache\com.unity.visualscripting@1.7.8\Editor\VisualScripting.Core\Dependencies\DotNetZip\Unity.VisualScripting.IonicZip.dll
Native extension for WindowsStandalone target not found
Native extension for Android target not found
Refreshing native plugins compatible for Editor in 2.34 ms, found 3 plugins.
Preloading 0 native plugins for Editor in 0.00 ms.
Mono: successfully reloaded assembly
- Completed reload, in  3.306 seconds
Domain Reload Profiling:
	ReloadAssembly (3307ms)
		BeginReloadAssembly (392ms)
			ExecutionOrderSort (0ms)
			DisableScriptedObjects (19ms)
			BackupInstance (0ms)
			ReleaseScriptingObjects (0ms)
			CreateAndSetChildDomain (95ms)
		EndReloadAssembly (2676ms)
			LoadAssemblies (316ms)
			RebuildTransferFunctionScriptingTraits (0ms)
			SetupTypeCache (1030ms)
			ReleaseScriptCaches (10ms)
			RebuildScriptCaches (185ms)
			SetupLoadedEditorAssemblies (963ms)
				LogAssemblyErrors (0ms)
				InitializePlatformSupportModulesInManaged (60ms)
				SetLoadedEditorAssemblies (1ms)
				RefreshPlugins (3ms)
				BeforeProcessingInitializeOnLoad (163ms)
				ProcessInitializeOnLoadAttributes (623ms)
				ProcessInitializeOnLoadMethodAttributes (100ms)
				AfterProcessingInitializeOnLoad (11ms)
				EditorAssembliesLoaded (1ms)
			ExecutionOrderSort2 (0ms)
			AwakeInstancesAfterBackupRestoration (45ms)
Platform modules already initialized, skipping
Refreshing native plugins compatible for Editor in 11.98 ms, found 3 plugins.
Preloading 0 native plugins for Editor in 0.00 ms.
Unloading 3514 Unused Serialized files (Serialized files now loaded: 0)
Unloading 18 unused Assets / (24.6 KB). Loaded Objects now: 4034.
Memory consumption went from 144.6 MB to 144.5 MB.
Total: 5.321900 ms (FindLiveObjects: 0.819900 ms CreateObjectMapping: 0.743600 ms MarkObjects: 3.724000 ms  DeleteObjects: 0.032500 ms)

AssetImportParameters requested are different than current active one (requested -> active):
  custom:video-decoder-ogg-theora: a1e56fd34408186e4bbccfd4996cb3dc -> 
  custom:container-muxer-webm: aa71ff27fc2769a1b78a27578f13a17b -> 
  custom:container-demuxer-webm: 4f35f7cbe854078d1ac9338744f61a02 -> 
  custom:video-encoder-webm-vp8: eb34c28f22e8b96e1ab97ce403110664 -> 
  custom:video-codec-MediaFoundation-h265: 746d11721c4dcdbdad8f713fa42b33f4 -> 
  custom:audio-encoder-webm-vorbis: bf7c407c2cedff20999df2af8eb42d56 -> 
  custom:framework-win-MediaFoundation: 216162199b28c13a410421893ffa2e32 -> 
  custom:container-demuxer-ogg: 62fdf1f143b41e24485cea50d1cbac27 -> 
  custom:video-decoder-webm-vp8: 9c59270c3fd7afecdb556c50c9e8de78 -> 
  custom:audio-decoder-ogg-vorbis: bf7c407c2cedff20999df2af8eb42d56 -> 
========================================================================
Received Prepare
Registering precompiled user dll's ...
Registered in 0.015227 seconds.
Begin MonoManager ReloadAssembly
Symbol file LoadedFromMemory doesn't match image D:\Unity 프로젝트\RTS-GAME\RTS GAME\Library\PackageCache\com.unity.visualscripting@1.7.8\Editor\VisualScripting.Core\Dependencies\YamlDotNet\Unity.VisualScripting.YamlDotNet.dll
Symbol file LoadedFromMemory doesn't match image D:\Unity 프로젝트\RTS-GAME\RTS GAME\Library\PackageCache\com.unity.visualscripting@1.7.8\Editor\VisualScripting.Core\Dependencies\DotNetZip\Unity.VisualScripting.IonicZip.dll
Native extension for WindowsStandalone target not found
Native extension for Android target not found
Refreshing native plugins compatible for Editor in 2.69 ms, found 3 plugins.
Preloading 0 native plugins for Editor in 0.00 ms.
Mono: successfully reloaded assembly
- Completed reload, in  4.198 seconds
Domain Reload Profiling:
	ReloadAssembly (4200ms)
		BeginReloadAssembly (566ms)
			ExecutionOrderSort (0ms)
			DisableScriptedObjects (35ms)
			BackupInstance (0ms)
			ReleaseScriptingObjects (0ms)
			CreateAndSetChildDomain (81ms)
		EndReloadAssembly (3318ms)
			LoadAssemblies (530ms)
			RebuildTransferFunctionScriptingTraits (0ms)
			SetupTypeCache (1015ms)
			ReleaseScriptCaches (2ms)
			RebuildScriptCaches (202ms)
			SetupLoadedEditorAssemblies (1531ms)
				LogAssemblyErrors (0ms)
				InitializePlatformSupportModulesInManaged (77ms)
				SetLoadedEditorAssemblies (2ms)
				RefreshPlugins (3ms)
				BeforeProcessingInitializeOnLoad (262ms)
				ProcessInitializeOnLoadAttributes (991ms)
				ProcessInitializeOnLoadMethodAttributes (185ms)
				AfterProcessingInitializeOnLoad (12ms)
				EditorAssembliesLoaded (0ms)
			ExecutionOrderSort2 (0ms)
			AwakeInstancesAfterBackupRestoration (46ms)
Platform modules already initialized, skipping
Refreshing native plugins compatible for Editor in 4.70 ms, found 3 plugins.
Preloading 0 native plugins for Editor in 0.00 ms.
Unloading 3514 Unused Serialized files (Serialized files now loaded: 0)
Unloading 18 unused Assets / (24.7 KB). Loaded Objects now: 4037.
Memory consumption went from 144.6 MB to 144.5 MB.
Total: 13.591600 ms (FindLiveObjects: 0.595300 ms CreateObjectMapping: 0.604200 ms MarkObjects: 12.305400 ms  DeleteObjects: 0.085100 ms)

AssetImportParameters requested are different than current active one (requested -> active):
  custom:video-decoder-ogg-theora: a1e56fd34408186e4bbccfd4996cb3dc -> 
  custom:container-muxer-webm: aa71ff27fc2769a1b78a27578f13a17b -> 
  custom:container-demuxer-webm: 4f35f7cbe854078d1ac9338744f61a02 -> 
  custom:video-encoder-webm-vp8: eb34c28f22e8b96e1ab97ce403110664 -> 
  custom:video-codec-MediaFoundation-h265: 746d11721c4dcdbdad8f713fa42b33f4 -> 
  custom:audio-encoder-webm-vorbis: bf7c407c2cedff20999df2af8eb42d56 -> 
  custom:framework-win-MediaFoundation: 216162199b28c13a410421893ffa2e32 -> 
  custom:container-demuxer-ogg: 62fdf1f143b41e24485cea50d1cbac27 -> 
  custom:video-decoder-webm-vp8: 9c59270c3fd7afecdb556c50c9e8de78 -> 
  custom:audio-decoder-ogg-vorbis: bf7c407c2cedff20999df2af8eb42d56 -> 
========================================================================
Received Import Request.
  Time since last request: 23.373182 seconds.
  path: Assets/3. Prefebs/Units/My/Warband/Minion Standard.prefab
  artifactKey: Guid(52d20adc58c68e948a2240c8f04fd644) Importer(815301076,1909f56bfc062723c751e8b465ee728b)
Start importing Assets/3. Prefebs/Units/My/Warband/Minion Standard.prefab using Guid(52d20adc58c68e948a2240c8f04fd644) Importer(815301076,1909f56bfc062723c751e8b465ee728b)  -> (artifact id: 'd236734048a3ad050de9e8939f3ad1ae') in 1.889411 seconds 
========================================================================
Received Import Request.
  Time since last request: 26.650592 seconds.
  path: Assets/RTS Mini Legion Fantasy PBR/Mini Legion Human PBR/Meshes/Footman_Default.fbx
  artifactKey: Guid(80a7a657c76f98d498e0de6c108c509b) Importer(815301076,1909f56bfc062723c751e8b465ee728b)
Start importing Assets/RTS Mini Legion Fantasy PBR/Mini Legion Human PBR/Meshes/Footman_Default.fbx using Guid(80a7a657c76f98d498e0de6c108c509b) Importer(815301076,1909f56bfc062723c751e8b465ee728b)  -> (artifact id: '98665c2591a9bf1f738375ea527b149e') in 0.551992 seconds 
========================================================================
Received Import Request.
  Time since last request: 0.000057 seconds.
  path: Assets/RTS Mini Legion Fantasy PBR/Mini Legion Human PBR/Meshes/Griffin_Default.fbx
  artifactKey: Guid(3fd8c6231965a3e49b05cc710e979d21) Importer(815301076,1909f56bfc062723c751e8b465ee728b)
Start importing Assets/RTS Mini Legion Fantasy PBR/Mini Legion Human PBR/Meshes/Griffin_Default.fbx using Guid(3fd8c6231965a3e49b05cc710e979d21) Importer(815301076,1909f56bfc062723c751e8b465ee728b)  -> (artifact id: '2ea704a2d43b02c210c99b13f3daceae') in 0.132010 seconds 
========================================================================
Received Import Request.
  Time since last request: 0.000042 seconds.
  path: Assets/RTS Mini Legion Fantasy PBR/Mini Legion Human PBR/Meshes/Knight_Default.fbx
  artifactKey: Guid(a765fdc3eb3b7b047b2ad91edf248951) Importer(815301076,1909f56bfc062723c751e8b465ee728b)
Start importing Assets/RTS Mini Legion Fantasy PBR/Mini Legion Human PBR/Meshes/Knight_Default.fbx using Guid(a765fdc3eb3b7b047b2ad91edf248951) Importer(815301076,1909f56bfc062723c751e8b465ee728b)  -> (artifact id: '22062fedd71d0cc120e59b77ef8976a3') in 0.075210 seconds 
========================================================================
Received Import Request.
  Time since last request: 0.000122 seconds.
  path: Assets/RTS Mini Legion Fantasy PBR/Mini Legion Human PBR/Meshes/SiegeEngine_Default.fbx
  artifactKey: Guid(bf1e427ad46c6de45b9fc19a10cc3008) Importer(815301076,1909f56bfc062723c751e8b465ee728b)
Start importing Assets/RTS Mini Legion Fantasy PBR/Mini Legion Human PBR/Meshes/SiegeEngine_Default.fbx using Guid(bf1e427ad46c6de45b9fc19a10cc3008) Importer(815301076,1909f56bfc062723c751e8b465ee728b)  -> (artifact id: '13bfccc9d34b2887c7b2d0ecea40267c') in 0.142675 seconds 
========================================================================
Received Import Request.
  Time since last request: 0.065797 seconds.
  path: Assets/RTS Mini Legion Fantasy PBR/Mini Legion Human PBR/Animations/Archer/Archer_Attack02_Routine.fbx
  artifactKey: Guid(66984a16ec82bb0419ed070b4816ce3b) Importer(815301076,1909f56bfc062723c751e8b465ee728b)
Start importing Assets/RTS Mini Legion Fantasy PBR/Mini Legion Human PBR/Animations/Archer/Archer_Attack02_Routine.fbx using Guid(66984a16ec82bb0419ed070b4816ce3b) Importer(815301076,1909f56bfc062723c751e8b465ee728b)  -> (artifact id: '7e3e3ac1f4a5a3d1e9b5c24ecc14326a') in 0.123073 seconds 
========================================================================
Received Import Request.
  Time since last request: 0.000038 seconds.
  path: Assets/RTS Mini Legion Fantasy PBR/Mini Legion Human PBR/Animations/Archer/Archer_Victory.fbx
  artifactKey: Guid(a96f18fcde7c4e94a8fab7314eec3df3) Importer(815301076,1909f56bfc062723c751e8b465ee728b)
Start importing Assets/RTS Mini Legion Fantasy PBR/Mini Legion Human PBR/Animations/Archer/Archer_Victory.fbx using Guid(a96f18fcde7c4e94a8fab7314eec3df3) Importer(815301076,1909f56bfc062723c751e8b465ee728b)  -> (artifact id: 'b92db62e67909d4b9b76557cdec33612') in 0.166774 seconds 
========================================================================
Received Import Request.
  Time since last request: 0.000054 seconds.
  path: Assets/RTS Mini Legion Fantasy PBR/Mini Legion Human PBR/Animations/Archer/Archer_attack02_Start.fbx
  artifactKey: Guid(fb6d093b9589b984fbf5148b570fbcaf) Importer(815301076,1909f56bfc062723c751e8b465ee728b)
Start importing Assets/RTS Mini Legion Fantasy PBR/Mini Legion Human PBR/Animations/Archer/Archer_attack02_Start.fbx using Guid(fb6d093b9589b984fbf5148b570fbcaf) Importer(815301076,1909f56bfc062723c751e8b465ee728b)  -> (artifact id: '7cbd7d583cafdb8c95d4aeababe7bf6e') in 0.214978 seconds 
========================================================================
Received Import Request.
  Time since last request: 0.000042 seconds.
  path: Assets/RTS Mini Legion Fantasy PBR/Mini Legion Human PBR/Animations/Archer/Archer_Run.fbx
  artifactKey: Guid(31dd593f42e0a2d4f9e5b7ae0539cf3a) Importer(815301076,1909f56bfc062723c751e8b465ee728b)
Start importing Assets/RTS Mini Legion Fantasy PBR/Mini Legion Human PBR/Animations/Archer/Archer_Run.fbx using Guid(31dd593f42e0a2d4f9e5b7ae0539cf3a) Importer(815301076,1909f56bfc062723c751e8b465ee728b)  -> (artifact id: '195e0aa6c745afad9195d8ef541ef0cb') in 0.116432 seconds 
========================================================================
Received Import Request.
  Time since last request: 5.365644 seconds.
  path: Assets/3. Prefebs/Units/My/Human/Griffin_Standard_PBR.prefab
  artifactKey: Guid(70a5fd203cb01e94eaa0ff6f5e2e990d) Importer(815301076,1909f56bfc062723c751e8b465ee728b)
Start importing Assets/3. Prefebs/Units/My/Human/Griffin_Standard_PBR.prefab using Guid(70a5fd203cb01e94eaa0ff6f5e2e990d) Importer(815301076,1909f56bfc062723c751e8b465ee728b)  -> (artifact id: '311596f1b970904d5dbc475b8d766769') in 2.325857 seconds 
========================================================================
Received Import Request.
  Time since last request: 0.000029 seconds.
  path: Assets/3. Prefebs/Units/My/Human/Horseman_Standard_PBR.prefab
  artifactKey: Guid(eed858001959d9c4c85152d984d42f21) Importer(815301076,1909f56bfc062723c751e8b465ee728b)
Start importing Assets/3. Prefebs/Units/My/Human/Horseman_Standard_PBR.prefab using Guid(eed858001959d9c4c85152d984d42f21) Importer(815301076,1909f56bfc062723c751e8b465ee728b)  -> (artifact id: '8484378cba6c4a194e8ac5b9e0d9c050') in 1.906302 seconds 
========================================================================
Received Import Request.
  Time since last request: 0.042730 seconds.
  path: Assets/3. Prefebs/Units/My/Human/Knight_Standard_PBR.prefab
  artifactKey: Guid(a781d5759ef7f2747981d392b926d8cf) Importer(815301076,1909f56bfc062723c751e8b465ee728b)
Start importing Assets/3. Prefebs/Units/My/Human/Knight_Standard_PBR.prefab using Guid(a781d5759ef7f2747981d392b926d8cf) Importer(815301076,1909f56bfc062723c751e8b465ee728b)  -> (artifact id: '672ea9be85fb09a973c377fbd8ea5125') in 1.193945 seconds 
========================================================================
Received Import Request.
  Time since last request: 12.501978 seconds.
  path: Assets/RTS Mini Legion Fantasy PBR/Mini Legion Human PBR/Animations/Griffin/Griffin_Death.fbx
  artifactKey: Guid(97fd4ab269349b4459e1126b8757a64b) Importer(815301076,1909f56bfc062723c751e8b465ee728b)
Start importing Assets/RTS Mini Legion Fantasy PBR/Mini Legion Human PBR/Animations/Griffin/Griffin_Death.fbx using Guid(97fd4ab269349b4459e1126b8757a64b) Importer(815301076,1909f56bfc062723c751e8b465ee728b)  -> (artifact id: 'ce0d322fe653db7ec9888763071f1a57') in 0.100349 seconds 
========================================================================
Received Import Request.
  Time since last request: 0.000035 seconds.
  path: Assets/RTS Mini Legion Fantasy PBR/Mini Legion Human PBR/Animations/Griffin/Griffin_Victory.fbx
  artifactKey: Guid(ccb80214f071299498c7d83dbbc5183a) Importer(815301076,1909f56bfc062723c751e8b465ee728b)
Start importing Assets/RTS Mini Legion Fantasy PBR/Mini Legion Human PBR/Animations/Griffin/Griffin_Victory.fbx using Guid(ccb80214f071299498c7d83dbbc5183a) Importer(815301076,1909f56bfc062723c751e8b465ee728b)  -> (artifact id: 'daf5e4f693dae55c94041bae936d4752') in 0.117844 seconds 
Editor requested this worker to shutdown with reason: Scaling down because of idle timeout
AssetImportWorker is now disconnected from the server
Process exiting
Exiting without the bug reporter. Application will terminate with return code 0