Using pre-set license
Built from '2021.3/staging' branch; Version is '2021.3.11f1 (0a5ca18544bf) revision 679073'; Using compiler version '192829333'; Build Type 'Release'
OS: 'Windows 10  (10.0.19045) 64bit Core' Language: 'ko' Physical Memory: 8105 MB
BatchMode: 1, IsHumanControllingUs: 0, StartBugReporterOnCrash: 0, Is64bit: 1, IsPro: 1

COMMAND LINE ARGUMENTS:
D:\Unity\2021.3.11f1\Editor\Unity.exe
-adb2
-batchMode
-noUpm
-name
AssetImportWorker10
-projectPath
D:/Unity 프로젝트/RTS-GAME/RTS GAME
-logFile
Logs/AssetImportWorker10.log
-srvPort
58766
Successfully changed project path to: D:/Unity 프로젝트/RTS-GAME/RTS GAME
D:/Unity 프로젝트/RTS-GAME/RTS GAME
[UnityMemory] Configuration Parameters - Can be set up in boot.config
    "memorysetup-bucket-allocator-granularity=16"
    "memorysetup-bucket-allocator-bucket-count=8"
    "memorysetup-bucket-allocator-block-size=33554432"
    "memorysetup-bucket-allocator-block-count=8"
    "memorysetup-main-allocator-block-size=16777216"
    "memorysetup-thread-allocator-block-size=16777216"
    "memorysetup-gfx-main-allocator-block-size=16777216"
    "memorysetup-gfx-thread-allocator-block-size=16777216"
    "memorysetup-cache-allocator-block-size=4194304"
    "memorysetup-typetree-allocator-block-size=2097152"
    "memorysetup-profiler-bucket-allocator-granularity=16"
    "memorysetup-profiler-bucket-allocator-bucket-count=8"
    "memorysetup-profiler-bucket-allocator-block-size=33554432"
    "memorysetup-profiler-bucket-allocator-block-count=8"
    "memorysetup-profiler-allocator-block-size=16777216"
    "memorysetup-profiler-editor-allocator-block-size=1048576"
    "memorysetup-temp-allocator-size-main=16777216"
    "memorysetup-job-temp-allocator-block-size=2097152"
    "memorysetup-job-temp-allocator-block-size-background=1048576"
    "memorysetup-job-temp-allocator-reduction-small-platforms=262144"
    "memorysetup-temp-allocator-size-background-worker=32768"
    "memorysetup-temp-allocator-size-job-worker=262144"
    "memorysetup-temp-allocator-size-preload-manager=33554432"
    "memorysetup-temp-allocator-size-nav-mesh-worker=65536"
    "memorysetup-temp-allocator-size-audio-worker=65536"
    "memorysetup-temp-allocator-size-cloud-worker=32768"
    "memorysetup-temp-allocator-size-gi-baking-worker=262144"
    "memorysetup-temp-allocator-size-gfx=262144"
Refreshing native plugins compatible for Editor in 255.07 ms, found 3 plugins.
Preloading 0 native plugins for Editor in 0.00 ms.
Initialize engine version: 2021.3.11f1 (0a5ca18544bf)
[Subsystems] Discovering subsystems at path D:/Unity/2021.3.11f1/Editor/Data/Resources/UnitySubsystems
[Subsystems] Discovering subsystems at path D:/Unity 프로젝트/RTS-GAME/RTS GAME/Assets
GfxDevice: creating device client; threaded=0; jobified=0
Direct3D:
    Version:  Direct3D 11.0 [level 11.1]
    Renderer: NVIDIA GeForce GTX 1050 (ID=0x1c8d)
    Vendor:   NVIDIA
    VRAM:     4021 MB
    Driver:   24.21.13.9907
Initialize mono
Mono path[0] = 'D:/Unity/2021.3.11f1/Editor/Data/Managed'
Mono path[1] = 'D:/Unity/2021.3.11f1/Editor/Data/MonoBleedingEdge/lib/mono/unityjit-win32'
Mono config path = 'D:/Unity/2021.3.11f1/Editor/Data/MonoBleedingEdge/etc'
Using monoOptions --debugger-agent=transport=dt_socket,embedding=1,server=y,suspend=n,address=127.0.0.1:56188
Begin MonoManager ReloadAssembly
Registering precompiled unity dll's ...
Register platform support module: D:/Unity/2021.3.11f1/Editor/Data/PlaybackEngines/AndroidPlayer/UnityEditor.Android.Extensions.dll
Register platform support module: D:/Unity/2021.3.11f1/Editor/Data/PlaybackEngines/WindowsStandaloneSupport/UnityEditor.WindowsStandalone.Extensions.dll
Registered in 0.008795 seconds.
Native extension for WindowsStandalone target not found
Native extension for Android target not found
Refreshing native plugins compatible for Editor in 795.74 ms, found 3 plugins.
Preloading 0 native plugins for Editor in 0.00 ms.
Mono: successfully reloaded assembly
- Completed reload, in  3.609 seconds
Domain Reload Profiling:
	ReloadAssembly (3611ms)
		BeginReloadAssembly (636ms)
			ExecutionOrderSort (0ms)
			DisableScriptedObjects (0ms)
			BackupInstance (0ms)
			ReleaseScriptingObjects (0ms)
			CreateAndSetChildDomain (1ms)
		EndReloadAssembly (2692ms)
			LoadAssemblies (635ms)
			RebuildTransferFunctionScriptingTraits (0ms)
			SetupTypeCache (330ms)
			ReleaseScriptCaches (0ms)
			RebuildScriptCaches (302ms)
			SetupLoadedEditorAssemblies (1808ms)
				LogAssemblyErrors (0ms)
				InitializePlatformSupportModulesInManaged (220ms)
				SetLoadedEditorAssemblies (5ms)
				RefreshPlugins (796ms)
				BeforeProcessingInitializeOnLoad (3ms)
				ProcessInitializeOnLoadAttributes (342ms)
				ProcessInitializeOnLoadMethodAttributes (441ms)
				AfterProcessingInitializeOnLoad (0ms)
				EditorAssembliesLoaded (0ms)
			ExecutionOrderSort2 (0ms)
			AwakeInstancesAfterBackupRestoration (0ms)
Platform modules already initialized, skipping
Registering precompiled user dll's ...
Registered in 0.048988 seconds.
Begin MonoManager ReloadAssembly
Symbol file LoadedFromMemory doesn't match image D:\Unity 프로젝트\RTS-GAME\RTS GAME\Library\PackageCache\com.unity.visualscripting@1.7.8\Editor\VisualScripting.Core\Dependencies\YamlDotNet\Unity.VisualScripting.YamlDotNet.dll
Symbol file LoadedFromMemory doesn't match image D:\Unity 프로젝트\RTS-GAME\RTS GAME\Library\PackageCache\com.unity.visualscripting@1.7.8\Editor\VisualScripting.Core\Dependencies\DotNetZip\Unity.VisualScripting.IonicZip.dll
Native extension for WindowsStandalone target not found
Native extension for Android target not found
Refreshing native plugins compatible for Editor in 1.08 ms, found 3 plugins.
Preloading 0 native plugins for Editor in 0.00 ms.
Mono: successfully reloaded assembly
- Completed reload, in  4.087 seconds
Domain Reload Profiling:
	ReloadAssembly (4100ms)
		BeginReloadAssembly (413ms)
			ExecutionOrderSort (0ms)
			DisableScriptedObjects (15ms)
			BackupInstance (0ms)
			ReleaseScriptingObjects (0ms)
			CreateAndSetChildDomain (165ms)
		EndReloadAssembly (3451ms)
			LoadAssemblies (231ms)
			RebuildTransferFunctionScriptingTraits (0ms)
			SetupTypeCache (655ms)
			ReleaseScriptCaches (1ms)
			RebuildScriptCaches (125ms)
			SetupLoadedEditorAssemblies (2295ms)
				LogAssemblyErrors (0ms)
				InitializePlatformSupportModulesInManaged (33ms)
				SetLoadedEditorAssemblies (4ms)
				RefreshPlugins (1ms)
				BeforeProcessingInitializeOnLoad (196ms)
				ProcessInitializeOnLoadAttributes (1649ms)
				ProcessInitializeOnLoadMethodAttributes (389ms)
				AfterProcessingInitializeOnLoad (22ms)
				EditorAssembliesLoaded (1ms)
			ExecutionOrderSort2 (0ms)
			AwakeInstancesAfterBackupRestoration (57ms)
Platform modules already initialized, skipping
========================================================================
Worker process is ready to serve import requests
Launched and connected shader compiler UnityShaderCompiler.exe after 0.79 seconds
Refreshing native plugins compatible for Editor in 2.94 ms, found 3 plugins.
Preloading 0 native plugins for Editor in 0.00 ms.
Unloading 3769 Unused Serialized files (Serialized files now loaded: 0)
Unloading 35 unused Assets / (57.6 KB). Loaded Objects now: 4237.
Memory consumption went from 136.9 MB to 136.8 MB.
Total: 11.701700 ms (FindLiveObjects: 0.650400 ms CreateObjectMapping: 0.620800 ms MarkObjects: 9.967600 ms  DeleteObjects: 0.459800 ms)

AssetImportParameters requested are different than current active one (requested -> active):
  custom:video-decoder-ogg-theora: a1e56fd34408186e4bbccfd4996cb3dc -> 
  custom:container-muxer-webm: aa71ff27fc2769a1b78a27578f13a17b -> 
  custom:container-demuxer-webm: 4f35f7cbe854078d1ac9338744f61a02 -> 
  custom:video-encoder-webm-vp8: eb34c28f22e8b96e1ab97ce403110664 -> 
  custom:video-codec-MediaFoundation-h265: 746d11721c4dcdbdad8f713fa42b33f4 -> 
  custom:audio-encoder-webm-vorbis: bf7c407c2cedff20999df2af8eb42d56 -> 
  custom:framework-win-MediaFoundation: 216162199b28c13a410421893ffa2e32 -> 
  custom:container-demuxer-ogg: 62fdf1f143b41e24485cea50d1cbac27 -> 
  custom:video-decoder-webm-vp8: 9c59270c3fd7afecdb556c50c9e8de78 -> 
  custom:audio-decoder-ogg-vorbis: bf7c407c2cedff20999df2af8eb42d56 -> 
========================================================================
Received Import Request.
  Time since last request: 613797.756489 seconds.
  path: Assets/3. Prefebs/Units/Enemy/Warband/Grunt MaskTint.prefab
  artifactKey: Guid(61a7e064e43aec844b472a65deed7108) Importer(815301076,1909f56bfc062723c751e8b465ee728b)
Start importing Assets/3. Prefebs/Units/Enemy/Warband/Grunt MaskTint.prefab using Guid(61a7e064e43aec844b472a65deed7108) Importer(815301076,1909f56bfc062723c751e8b465ee728b)  -> (artifact id: '4335d8a2c33917229a749c756518939b') in 3.183388 seconds 
========================================================================
Received Import Request.
  Time since last request: 1.898216 seconds.
  path: Assets/3. Prefebs/Units/Enemy/Warband/Grunt MaskTint.prefab
  artifactKey: Guid(61a7e064e43aec844b472a65deed7108) Importer(815301076,1909f56bfc062723c751e8b465ee728b)
Start importing Assets/3. Prefebs/Units/Enemy/Warband/Grunt MaskTint.prefab using Guid(61a7e064e43aec844b472a65deed7108) Importer(815301076,1909f56bfc062723c751e8b465ee728b)  -> (artifact id: '7abc34c3d2b707586bf55c532c00a5f6') in 0.688794 seconds 
========================================================================
Received Import Request.
  Time since last request: 8.172345 seconds.
  path: Assets/3. Prefebs/Units/Enemy/Warband/HeadHunter MaskTint.prefab
  artifactKey: Guid(e06f38d5825478a429d2611234faa09a) Importer(815301076,1909f56bfc062723c751e8b465ee728b)
Start importing Assets/3. Prefebs/Units/Enemy/Warband/HeadHunter MaskTint.prefab using Guid(e06f38d5825478a429d2611234faa09a) Importer(815301076,1909f56bfc062723c751e8b465ee728b)  -> (artifact id: 'cb114e71ce05f1aa63856a58ef241872') in 1.801073 seconds 
========================================================================
Received Import Request.
  Time since last request: 7.199696 seconds.
  path: Assets/3. Prefebs/Units/Enemy/Warband/HogRider MaskTint.prefab
  artifactKey: Guid(1cb4e22c6ff636d458d3309c63d00d5d) Importer(815301076,1909f56bfc062723c751e8b465ee728b)
Start importing Assets/3. Prefebs/Units/Enemy/Warband/HogRider MaskTint.prefab using Guid(1cb4e22c6ff636d458d3309c63d00d5d) Importer(815301076,1909f56bfc062723c751e8b465ee728b)  -> (artifact id: '5c5ab590b19c2d7bd03f1616846d0869') in 1.760803 seconds 
========================================================================
Received Import Request.
  Time since last request: 1.513809 seconds.
  path: Assets/3. Prefebs/Units/Enemy/Warband/HogRider MaskTint.prefab
  artifactKey: Guid(1cb4e22c6ff636d458d3309c63d00d5d) Importer(815301076,1909f56bfc062723c751e8b465ee728b)
Start importing Assets/3. Prefebs/Units/Enemy/Warband/HogRider MaskTint.prefab using Guid(1cb4e22c6ff636d458d3309c63d00d5d) Importer(815301076,1909f56bfc062723c751e8b465ee728b)  -> (artifact id: 'a6f876ca13dc9a3d403a26d5a2974f0d') in 2.319371 seconds 
========================================================================
Received Import Request.
  Time since last request: 8.237072 seconds.
  path: Assets/3. Prefebs/Units/Enemy/Warband/Warlock MaskTint.prefab
  artifactKey: Guid(98c8ba3fc4259c2419e8ef73b72dad5d) Importer(815301076,1909f56bfc062723c751e8b465ee728b)
Start importing Assets/3. Prefebs/Units/Enemy/Warband/Warlock MaskTint.prefab using Guid(98c8ba3fc4259c2419e8ef73b72dad5d) Importer(815301076,1909f56bfc062723c751e8b465ee728b)  -> (artifact id: 'aadddb4004d5e09a387fe8525cfb891f') in 1.721770 seconds 
========================================================================
Received Import Request.
  Time since last request: 0.473322 seconds.
  path: Assets/3. Prefebs/Units/Enemy/Warband/Warlock MaskTint.prefab
  artifactKey: Guid(98c8ba3fc4259c2419e8ef73b72dad5d) Importer(815301076,1909f56bfc062723c751e8b465ee728b)
Start importing Assets/3. Prefebs/Units/Enemy/Warband/Warlock MaskTint.prefab using Guid(98c8ba3fc4259c2419e8ef73b72dad5d) Importer(815301076,1909f56bfc062723c751e8b465ee728b)  -> (artifact id: 'a66f494558b58bee48818f9634817cc2') in 1.467435 seconds 
========================================================================
Received Import Request.
  Time since last request: 85.754094 seconds.
  path: Assets/3. Prefebs/Units/My/Warband/Warlock Standard.prefab
  artifactKey: Guid(4c67c04846a72e64688a2ac506212673) Importer(815301076,1909f56bfc062723c751e8b465ee728b)
Start importing Assets/3. Prefebs/Units/My/Warband/Warlock Standard.prefab using Guid(4c67c04846a72e64688a2ac506212673) Importer(815301076,1909f56bfc062723c751e8b465ee728b)  -> (artifact id: '8598f848c7339431e659c778ebc3c433') in 0.876959 seconds 
========================================================================
Received Import Request.
  Time since last request: 7.775400 seconds.
  path: Assets/3. Prefebs/Units/My/Warband/Warlock Standard.prefab
  artifactKey: Guid(4c67c04846a72e64688a2ac506212673) Importer(815301076,1909f56bfc062723c751e8b465ee728b)
Start importing Assets/3. Prefebs/Units/My/Warband/Warlock Standard.prefab using Guid(4c67c04846a72e64688a2ac506212673) Importer(815301076,1909f56bfc062723c751e8b465ee728b)  -> (artifact id: '0e7d2f5d5c47e5fc4740d46f7ddd32f6') in 0.982110 seconds 
