Using pre-set license
Built from '2021.3/staging' branch; Version is '2021.3.11f1 (0a5ca18544bf) revision 679073'; Using compiler version '192829333'; Build Type 'Release'
OS: 'Windows 10  (10.0.19044) 64bit Professional' Language: 'ko' Physical Memory: 16197 MB
BatchMode: 1, IsHumanControllingUs: 0, StartBugReporterOnCrash: 0, Is64bit: 1, IsPro: 1

COMMAND LINE ARGUMENTS:
C:\Program Files\Unity\Hub\Editor\2021.3.11f1\Editor\Unity.exe
-adb2
-batchMode
-noUpm
-name
AssetImportWorker8
-projectPath
C:/Users/alstn/Documents/GitHub/RTS-GAME/RTS GAME
-logFile
Logs/AssetImportWorker8.log
-srvPort
56588
Successfully changed project path to: C:/Users/alstn/Documents/GitHub/RTS-GAME/RTS GAME
C:/Users/alstn/Documents/GitHub/RTS-GAME/RTS GAME
[UnityMemory] Configuration Parameters - Can be set up in boot.config
    "memorysetup-bucket-allocator-granularity=16"
    "memorysetup-bucket-allocator-bucket-count=8"
    "memorysetup-bucket-allocator-block-size=33554432"
    "memorysetup-bucket-allocator-block-count=8"
    "memorysetup-main-allocator-block-size=16777216"
    "memorysetup-thread-allocator-block-size=16777216"
    "memorysetup-gfx-main-allocator-block-size=16777216"
    "memorysetup-gfx-thread-allocator-block-size=16777216"
    "memorysetup-cache-allocator-block-size=4194304"
    "memorysetup-typetree-allocator-block-size=2097152"
    "memorysetup-profiler-bucket-allocator-granularity=16"
    "memorysetup-profiler-bucket-allocator-bucket-count=8"
    "memorysetup-profiler-bucket-allocator-block-size=33554432"
    "memorysetup-profiler-bucket-allocator-block-count=8"
    "memorysetup-profiler-allocator-block-size=16777216"
    "memorysetup-profiler-editor-allocator-block-size=1048576"
    "memorysetup-temp-allocator-size-main=16777216"
    "memorysetup-job-temp-allocator-block-size=2097152"
    "memorysetup-job-temp-allocator-block-size-background=1048576"
    "memorysetup-job-temp-allocator-reduction-small-platforms=262144"
    "memorysetup-temp-allocator-size-background-worker=32768"
    "memorysetup-temp-allocator-size-job-worker=262144"
    "memorysetup-temp-allocator-size-preload-manager=33554432"
    "memorysetup-temp-allocator-size-nav-mesh-worker=65536"
    "memorysetup-temp-allocator-size-audio-worker=65536"
    "memorysetup-temp-allocator-size-cloud-worker=32768"
    "memorysetup-temp-allocator-size-gi-baking-worker=262144"
    "memorysetup-temp-allocator-size-gfx=262144"
Refreshing native plugins compatible for Editor in 69.33 ms, found 3 plugins.
Preloading 0 native plugins for Editor in 0.00 ms.
Initialize engine version: 2021.3.11f1 (0a5ca18544bf)
[Subsystems] Discovering subsystems at path C:/Program Files/Unity/Hub/Editor/2021.3.11f1/Editor/Data/Resources/UnitySubsystems
[Subsystems] Discovering subsystems at path C:/Users/alstn/Documents/GitHub/RTS-GAME/RTS GAME/Assets
GfxDevice: creating device client; threaded=0; jobified=0
Direct3D:
    Version:  Direct3D 11.0 [level 11.1]
    Renderer: AMD Radeon RX 6600 (ID=0x73ff)
    Vendor:   ATI
    VRAM:     8147 MB
    Driver:   31.0.14033.1012
Initialize mono
Mono path[0] = 'C:/Program Files/Unity/Hub/Editor/2021.3.11f1/Editor/Data/Managed'
Mono path[1] = 'C:/Program Files/Unity/Hub/Editor/2021.3.11f1/Editor/Data/MonoBleedingEdge/lib/mono/unityjit-win32'
Mono config path = 'C:/Program Files/Unity/Hub/Editor/2021.3.11f1/Editor/Data/MonoBleedingEdge/etc'
Using monoOptions --debugger-agent=transport=dt_socket,embedding=1,server=y,suspend=n,address=127.0.0.1:56344
Begin MonoManager ReloadAssembly
Registering precompiled unity dll's ...
Register platform support module: C:/Program Files/Unity/Hub/Editor/2021.3.11f1/Editor/Data/PlaybackEngines/AndroidPlayer/UnityEditor.Android.Extensions.dll
Register platform support module: C:/Program Files/Unity/Hub/Editor/2021.3.11f1/Editor/Data/PlaybackEngines/iOSSupport/UnityEditor.iOS.Extensions.dll
Register platform support module: C:/Program Files/Unity/Hub/Editor/2021.3.11f1/Editor/Data/PlaybackEngines/WindowsStandaloneSupport/UnityEditor.WindowsStandalone.Extensions.dll
Registered in 0.007855 seconds.
Native extension for WindowsStandalone target not found
[usbmuxd] Start listen thread
[usbmuxd] Listen thread started
Native extension for iOS target not found
Native extension for Android target not found
Refreshing native plugins compatible for Editor in 59.44 ms, found 3 plugins.
Preloading 0 native plugins for Editor in 0.00 ms.
Mono: successfully reloaded assembly
- Completed reload, in  0.490 seconds
Domain Reload Profiling:
	ReloadAssembly (491ms)
		BeginReloadAssembly (56ms)
			ExecutionOrderSort (0ms)
			DisableScriptedObjects (0ms)
			BackupInstance (0ms)
			ReleaseScriptingObjects (0ms)
			CreateAndSetChildDomain (1ms)
		EndReloadAssembly (351ms)
			LoadAssemblies (55ms)
			RebuildTransferFunctionScriptingTraits (0ms)
			SetupTypeCache (74ms)
			ReleaseScriptCaches (0ms)
			RebuildScriptCaches (24ms)
			SetupLoadedEditorAssemblies (212ms)
				LogAssemblyErrors (0ms)
				InitializePlatformSupportModulesInManaged (51ms)
				SetLoadedEditorAssemblies (1ms)
				RefreshPlugins (60ms)
				BeforeProcessingInitializeOnLoad (1ms)
				ProcessInitializeOnLoadAttributes (65ms)
				ProcessInitializeOnLoadMethodAttributes (34ms)
				AfterProcessingInitializeOnLoad (0ms)
				EditorAssembliesLoaded (0ms)
			ExecutionOrderSort2 (0ms)
			AwakeInstancesAfterBackupRestoration (0ms)
Platform modules already initialized, skipping
Registering precompiled user dll's ...
Registered in 0.005600 seconds.
Begin MonoManager ReloadAssembly
Symbol file LoadedFromMemory doesn't match image C:\Users\alstn\Documents\GitHub\RTS-GAME\RTS GAME\Library\PackageCache\com.unity.visualscripting@1.7.8\Editor\VisualScripting.Core\Dependencies\YamlDotNet\Unity.VisualScripting.YamlDotNet.dll
Symbol file LoadedFromMemory doesn't match image C:\Users\alstn\Documents\GitHub\RTS-GAME\RTS GAME\Library\PackageCache\com.unity.visualscripting@1.7.8\Editor\VisualScripting.Core\Dependencies\DotNetZip\Unity.VisualScripting.IonicZip.dll
Native extension for WindowsStandalone target not found
Native extension for iOS target not found
Native extension for Android target not found
Refreshing native plugins compatible for Editor in 0.49 ms, found 3 plugins.
Preloading 0 native plugins for Editor in 0.00 ms.
Mono: successfully reloaded assembly
- Completed reload, in  0.943 seconds
Domain Reload Profiling:
	ReloadAssembly (943ms)
		BeginReloadAssembly (203ms)
			ExecutionOrderSort (0ms)
			DisableScriptedObjects (4ms)
			BackupInstance (0ms)
			ReleaseScriptingObjects (0ms)
			CreateAndSetChildDomain (119ms)
		EndReloadAssembly (645ms)
			LoadAssemblies (74ms)
			RebuildTransferFunctionScriptingTraits (0ms)
			SetupTypeCache (212ms)
			ReleaseScriptCaches (0ms)
			RebuildScriptCaches (38ms)
			SetupLoadedEditorAssemblies (295ms)
				LogAssemblyErrors (0ms)
				InitializePlatformSupportModulesInManaged (21ms)
				SetLoadedEditorAssemblies (0ms)
				RefreshPlugins (1ms)
				BeforeProcessingInitializeOnLoad (66ms)
				ProcessInitializeOnLoadAttributes (168ms)
				ProcessInitializeOnLoadMethodAttributes (32ms)
				AfterProcessingInitializeOnLoad (8ms)
				EditorAssembliesLoaded (0ms)
			ExecutionOrderSort2 (0ms)
			AwakeInstancesAfterBackupRestoration (5ms)
Platform modules already initialized, skipping
========================================================================
Worker process is ready to serve import requests
Launched and connected shader compiler UnityShaderCompiler.exe after 0.04 seconds
Refreshing native plugins compatible for Editor in 0.50 ms, found 3 plugins.
Preloading 0 native plugins for Editor in 0.00 ms.
Unloading 3529 Unused Serialized files (Serialized files now loaded: 0)
Unloading 31 unused Assets / (114.2 KB). Loaded Objects now: 3997.
Memory consumption went from 132.8 MB to 132.7 MB.
Total: 2.918100 ms (FindLiveObjects: 0.177700 ms CreateObjectMapping: 0.081300 ms MarkObjects: 2.525100 ms  DeleteObjects: 0.133100 ms)

AssetImportParameters requested are different than current active one (requested -> active):
  custom:video-decoder-ogg-theora: a1e56fd34408186e4bbccfd4996cb3dc -> 
  custom:container-muxer-webm: aa71ff27fc2769a1b78a27578f13a17b -> 
  custom:container-demuxer-webm: 4f35f7cbe854078d1ac9338744f61a02 -> 
  custom:video-encoder-webm-vp8: eb34c28f22e8b96e1ab97ce403110664 -> 
  custom:video-codec-MediaFoundation-h265: 746d11721c4dcdbdad8f713fa42b33f4 -> 
  custom:audio-encoder-webm-vorbis: bf7c407c2cedff20999df2af8eb42d56 -> 
  custom:framework-win-MediaFoundation: 216162199b28c13a410421893ffa2e32 -> 
  custom:container-demuxer-ogg: 62fdf1f143b41e24485cea50d1cbac27 -> 
  custom:video-decoder-webm-vp8: 9c59270c3fd7afecdb556c50c9e8de78 -> 
  custom:audio-decoder-ogg-vorbis: bf7c407c2cedff20999df2af8eb42d56 -> 
========================================================================
Received Import Request.
  Time since last request: 908018.891961 seconds.
  path: Assets/RTS Mini Legion Fantasy PBR/Mini Legion Human PBR/Animations/Knight/Knight.controller
  artifactKey: Guid(e5c5883853b66ad41a8859f01aa96c44) Importer(815301076,1909f56bfc062723c751e8b465ee728b)
Start importing Assets/RTS Mini Legion Fantasy PBR/Mini Legion Human PBR/Animations/Knight/Knight.controller using Guid(e5c5883853b66ad41a8859f01aa96c44) Importer(815301076,1909f56bfc062723c751e8b465ee728b)  -> (artifact id: '752e2162a272a98cae5f451f2c1391e4') in 0.034355 seconds 
========================================================================
Received Import Request.
  Time since last request: 249.123594 seconds.
  path: Assets/RTS Mini Legion Fantasy PBR/Mini Legion Human PBR/Animations/Mage/Mage_Attack01.fbx
  artifactKey: Guid(10fb3feb324bfc14699633782366a37c) Importer(815301076,1909f56bfc062723c751e8b465ee728b)
Start importing Assets/RTS Mini Legion Fantasy PBR/Mini Legion Human PBR/Animations/Mage/Mage_Attack01.fbx using Guid(10fb3feb324bfc14699633782366a37c) Importer(815301076,1909f56bfc062723c751e8b465ee728b)  -> (artifact id: '1390707ca919a40236bf86b06ae2bbcf') in 0.134668 seconds 
========================================================================
Received Import Request.
  Time since last request: 0.000020 seconds.
  path: Assets/RTS Mini Legion Fantasy PBR/Mini Legion Human PBR/Animations/Mage/Mage_Channeling.fbx
  artifactKey: Guid(591b42dd07d6f764e826d25818a657a3) Importer(815301076,1909f56bfc062723c751e8b465ee728b)
Start importing Assets/RTS Mini Legion Fantasy PBR/Mini Legion Human PBR/Animations/Mage/Mage_Channeling.fbx using Guid(591b42dd07d6f764e826d25818a657a3) Importer(815301076,1909f56bfc062723c751e8b465ee728b)  -> (artifact id: 'b02bb2c0df77da571e455ae54b8d5444') in 0.023811 seconds 
========================================================================
Received Import Request.
  Time since last request: 0.000020 seconds.
  path: Assets/RTS Mini Legion Fantasy PBR/Mini Legion Human PBR/Animations/Mage/Mage_Victory.fbx
  artifactKey: Guid(061dff21888e6064abff659118b1beae) Importer(815301076,1909f56bfc062723c751e8b465ee728b)
Start importing Assets/RTS Mini Legion Fantasy PBR/Mini Legion Human PBR/Animations/Mage/Mage_Victory.fbx using Guid(061dff21888e6064abff659118b1beae) Importer(815301076,1909f56bfc062723c751e8b465ee728b)  -> (artifact id: '7695a5cacfd19f2a32ea45a951a57ec8') in 0.026630 seconds 
========================================================================
Received Import Request.
  Time since last request: 40.187644 seconds.
  path: Assets/RTS Mini Legion Fantasy PBR/Mini Legion Human PBR/Animations/Mage/Mage.controller
  artifactKey: Guid(d84c90007b5a27444acdd7e5e3c061e1) Importer(815301076,1909f56bfc062723c751e8b465ee728b)
Start importing Assets/RTS Mini Legion Fantasy PBR/Mini Legion Human PBR/Animations/Mage/Mage.controller using Guid(d84c90007b5a27444acdd7e5e3c061e1) Importer(815301076,1909f56bfc062723c751e8b465ee728b)  -> (artifact id: '53fcc9278f64d8b8c687980a2f803633') in 0.010469 seconds 
========================================================================
Received Import Request.
  Time since last request: 51.762968 seconds.
  path: Assets/RTS Mini Legion Fantasy PBR/Mini Legion Human PBR/Prefabs/Archer_MaskTint_PBR.prefab
  artifactKey: Guid(1f6bd790195ecb24b8a15f105fd5b8cc) Importer(815301076,1909f56bfc062723c751e8b465ee728b)
Start importing Assets/RTS Mini Legion Fantasy PBR/Mini Legion Human PBR/Prefabs/Archer_MaskTint_PBR.prefab using Guid(1f6bd790195ecb24b8a15f105fd5b8cc) Importer(815301076,1909f56bfc062723c751e8b465ee728b)  -> (artifact id: '84eb37c085a8e40ad076c7213b228a7c') in 0.332803 seconds 
========================================================================
Received Import Request.
  Time since last request: 0.000024 seconds.
  path: Assets/RTS Mini Legion Fantasy PBR/Mini Legion Human PBR/Prefabs/Horseman_MaskTint_PBR.prefab
  artifactKey: Guid(59b324b4f29ed2744afaa69c2a3d07c5) Importer(815301076,1909f56bfc062723c751e8b465ee728b)
Start importing Assets/RTS Mini Legion Fantasy PBR/Mini Legion Human PBR/Prefabs/Horseman_MaskTint_PBR.prefab using Guid(59b324b4f29ed2744afaa69c2a3d07c5) Importer(815301076,1909f56bfc062723c751e8b465ee728b)  -> (artifact id: '4437d893ef6878a072eda8adc4339cf5') in 0.171096 seconds 
========================================================================
Received Import Request.
  Time since last request: 0.000044 seconds.
  path: Assets/RTS Mini Legion Fantasy PBR/Mini Legion Human PBR/Prefabs/Griffin_Standard_PBR.prefab
  artifactKey: Guid(3f64128d889615c40af20932376b6623) Importer(815301076,1909f56bfc062723c751e8b465ee728b)
Start importing Assets/RTS Mini Legion Fantasy PBR/Mini Legion Human PBR/Prefabs/Griffin_Standard_PBR.prefab using Guid(3f64128d889615c40af20932376b6623) Importer(815301076,1909f56bfc062723c751e8b465ee728b)  -> (artifact id: '5a49bdd7a89a537e7706242787c4c9d4') in 0.232915 seconds 
========================================================================
Received Import Request.
  Time since last request: 0.000027 seconds.
  path: Assets/RTS Mini Legion Fantasy PBR/Mini Legion Human PBR/Prefabs/Footman_MaskTint_PBR.prefab
  artifactKey: Guid(c6cf683f5d9f8434b805accfe50c6776) Importer(815301076,1909f56bfc062723c751e8b465ee728b)
Start importing Assets/RTS Mini Legion Fantasy PBR/Mini Legion Human PBR/Prefabs/Footman_MaskTint_PBR.prefab using Guid(c6cf683f5d9f8434b805accfe50c6776) Importer(815301076,1909f56bfc062723c751e8b465ee728b)  -> (artifact id: '5dfc1ebda86eecbe91c3c19b664b16cb') in 0.207499 seconds 
========================================================================
Received Import Request.
  Time since last request: 0.000052 seconds.
  path: Assets/RTS Mini Legion Fantasy PBR/Mini Legion Human PBR/Prefabs/Mage_Standard_PBR.prefab
  artifactKey: Guid(910c5e08d2262d84fb81f1244abb0203) Importer(815301076,1909f56bfc062723c751e8b465ee728b)
Start importing Assets/RTS Mini Legion Fantasy PBR/Mini Legion Human PBR/Prefabs/Mage_Standard_PBR.prefab using Guid(910c5e08d2262d84fb81f1244abb0203) Importer(815301076,1909f56bfc062723c751e8b465ee728b)  -> (artifact id: 'db6e7c05da80c6ee1c96c04813b1a6c4') in 0.241049 seconds 
========================================================================
Received Import Request.
  Time since last request: 0.000029 seconds.
  path: Assets/RTS Mini Legion Fantasy PBR/Mini Legion Human PBR/Prefabs/Horseman_Standard_PBR.prefab
  artifactKey: Guid(f82dfd85b4b5e68419f26eea3505c38d) Importer(815301076,1909f56bfc062723c751e8b465ee728b)
Start importing Assets/RTS Mini Legion Fantasy PBR/Mini Legion Human PBR/Prefabs/Horseman_Standard_PBR.prefab using Guid(f82dfd85b4b5e68419f26eea3505c38d) Importer(815301076,1909f56bfc062723c751e8b465ee728b)  -> (artifact id: '3cd268e6ead1ccd83a67488a168a892a') in 0.284855 seconds 
========================================================================
Received Import Request.
  Time since last request: 0.000046 seconds.
  path: Assets/RTS Mini Legion Fantasy PBR/Mini Legion Human PBR/Prefabs/Arrow_MaskTint_PBR.prefab
  artifactKey: Guid(1564820e12bb87d42825fbdba90a6bbe) Importer(815301076,1909f56bfc062723c751e8b465ee728b)
Start importing Assets/RTS Mini Legion Fantasy PBR/Mini Legion Human PBR/Prefabs/Arrow_MaskTint_PBR.prefab using Guid(1564820e12bb87d42825fbdba90a6bbe) Importer(815301076,1909f56bfc062723c751e8b465ee728b)  -> (artifact id: 'ac0714c038481ff1325405c86ca3eaa9') in 0.231772 seconds 
========================================================================
Received Import Request.
  Time since last request: 0.010113 seconds.
  path: Assets/RTS Mini Legion Fantasy PBR/Mini Legion Human PBR/Prefabs/Arrow_Standard_PBR.prefab
  artifactKey: Guid(183ac3d3c1f24904f8cf5b32a2df8e72) Importer(815301076,1909f56bfc062723c751e8b465ee728b)
Start importing Assets/RTS Mini Legion Fantasy PBR/Mini Legion Human PBR/Prefabs/Arrow_Standard_PBR.prefab using Guid(183ac3d3c1f24904f8cf5b32a2df8e72) Importer(815301076,1909f56bfc062723c751e8b465ee728b)  -> (artifact id: 'ecf0faed305a86cfd71a41f46fe880d9') in 0.242963 seconds 
========================================================================
Received Import Request.
  Time since last request: 0.000024 seconds.
  path: Assets/RTS Mini Legion Fantasy PBR/Mini Legion Human PBR/Prefabs/SiegeEngine_Standard_PBR.prefab
  artifactKey: Guid(6f6dfe953abe4da4e8cb674a610b409a) Importer(815301076,1909f56bfc062723c751e8b465ee728b)
Start importing Assets/RTS Mini Legion Fantasy PBR/Mini Legion Human PBR/Prefabs/SiegeEngine_Standard_PBR.prefab using Guid(6f6dfe953abe4da4e8cb674a610b409a) Importer(815301076,1909f56bfc062723c751e8b465ee728b)  -> (artifact id: '588eb428331fb1ddbadb0988240beffd') in 0.227611 seconds 
========================================================================
Received Import Request.
  Time since last request: 19.079091 seconds.
  path: Assets/RTS Mini Legion Fantasy PBR/Mini Legion Human PBR/Meshes/Archer_Arrow.fbx
  artifactKey: Guid(9449d94729654824bb5a6bd9138eb008) Importer(815301076,1909f56bfc062723c751e8b465ee728b)
Start importing Assets/RTS Mini Legion Fantasy PBR/Mini Legion Human PBR/Meshes/Archer_Arrow.fbx using Guid(9449d94729654824bb5a6bd9138eb008) Importer(815301076,1909f56bfc062723c751e8b465ee728b)  -> (artifact id: 'ee6c11551d11bbf2056593f8fdb80df1') in 0.018926 seconds 
========================================================================
Received Import Request.
  Time since last request: 0.000015 seconds.
  path: Assets/RTS Mini Legion Fantasy PBR/Mini Legion Human PBR/Meshes/Horseman_Default.fbx
  artifactKey: Guid(5a7eb8f0a9269b748a649a15f9e39d52) Importer(815301076,1909f56bfc062723c751e8b465ee728b)
Start importing Assets/RTS Mini Legion Fantasy PBR/Mini Legion Human PBR/Meshes/Horseman_Default.fbx using Guid(5a7eb8f0a9269b748a649a15f9e39d52) Importer(815301076,1909f56bfc062723c751e8b465ee728b)  -> (artifact id: '1c55b46e181d0dbb4647e023a6655aa4') in 0.021295 seconds 
========================================================================
Received Import Request.
  Time since last request: 0.000017 seconds.
  path: Assets/RTS Mini Legion Fantasy PBR/Mini Legion Human PBR/Meshes/Griffin_Default.fbx
  artifactKey: Guid(3fd8c6231965a3e49b05cc710e979d21) Importer(815301076,1909f56bfc062723c751e8b465ee728b)
Start importing Assets/RTS Mini Legion Fantasy PBR/Mini Legion Human PBR/Meshes/Griffin_Default.fbx using Guid(3fd8c6231965a3e49b05cc710e979d21) Importer(815301076,1909f56bfc062723c751e8b465ee728b)  -> (artifact id: 'c70d58643f64bfad3d0f166129775b3d') in 0.023194 seconds 
========================================================================
Received Import Request.
  Time since last request: 0.000025 seconds.
  path: Assets/RTS Mini Legion Fantasy PBR/Mini Legion Human PBR/Meshes/Knight_Default.fbx
  artifactKey: Guid(a765fdc3eb3b7b047b2ad91edf248951) Importer(815301076,1909f56bfc062723c751e8b465ee728b)
Start importing Assets/RTS Mini Legion Fantasy PBR/Mini Legion Human PBR/Meshes/Knight_Default.fbx using Guid(a765fdc3eb3b7b047b2ad91edf248951) Importer(815301076,1909f56bfc062723c751e8b465ee728b)  -> (artifact id: 'c01cf07792627c6230b4266f2c393e1b') in 0.023987 seconds 
========================================================================
Received Import Request.
  Time since last request: 0.000027 seconds.
  path: Assets/RTS Mini Legion Fantasy PBR/Mini Legion Human PBR/Meshes/Mage_Default.fbx
  artifactKey: Guid(85817aa52585f7c448b111fe88f56c41) Importer(815301076,1909f56bfc062723c751e8b465ee728b)
Start importing Assets/RTS Mini Legion Fantasy PBR/Mini Legion Human PBR/Meshes/Mage_Default.fbx using Guid(85817aa52585f7c448b111fe88f56c41) Importer(815301076,1909f56bfc062723c751e8b465ee728b)  -> (artifact id: 'e5b5710913192e9290e8e8d1c61e0586') in 0.022767 seconds 
Editor requested this worker to shutdown with reason: Scaling down because of idle timeout
AssetImportWorker is now disconnected from the server
Process exiting
Exiting without the bug reporter. Application will terminate with return code 0