Using pre-set license
Built from '2021.3/staging' branch; Version is '2021.3.11f1 (0a5ca18544bf) revision 679073'; Using compiler version '192829333'; Build Type 'Release'
OS: 'Windows 10  (10.0.19045) 64bit Core' Language: 'ko' Physical Memory: 8105 MB
BatchMode: 1, IsHumanControllingUs: 0, StartBugReporterOnCrash: 0, Is64bit: 1, IsPro: 1

COMMAND LINE ARGUMENTS:
D:\Unity\2021.3.11f1\Editor\Unity.exe
-adb2
-batchMode
-noUpm
-name
AssetImportWorker12
-projectPath
D:/Unity 프로젝트/RTS-GAME/RTS GAME
-logFile
Logs/AssetImportWorker12.log
-srvPort
59952
Successfully changed project path to: D:/Unity 프로젝트/RTS-GAME/RTS GAME
D:/Unity 프로젝트/RTS-GAME/RTS GAME
[UnityMemory] Configuration Parameters - Can be set up in boot.config
    "memorysetup-bucket-allocator-granularity=16"
    "memorysetup-bucket-allocator-bucket-count=8"
    "memorysetup-bucket-allocator-block-size=33554432"
    "memorysetup-bucket-allocator-block-count=8"
    "memorysetup-main-allocator-block-size=16777216"
    "memorysetup-thread-allocator-block-size=16777216"
    "memorysetup-gfx-main-allocator-block-size=16777216"
    "memorysetup-gfx-thread-allocator-block-size=16777216"
    "memorysetup-cache-allocator-block-size=4194304"
    "memorysetup-typetree-allocator-block-size=2097152"
    "memorysetup-profiler-bucket-allocator-granularity=16"
    "memorysetup-profiler-bucket-allocator-bucket-count=8"
    "memorysetup-profiler-bucket-allocator-block-size=33554432"
    "memorysetup-profiler-bucket-allocator-block-count=8"
    "memorysetup-profiler-allocator-block-size=16777216"
    "memorysetup-profiler-editor-allocator-block-size=1048576"
    "memorysetup-temp-allocator-size-main=16777216"
    "memorysetup-job-temp-allocator-block-size=2097152"
    "memorysetup-job-temp-allocator-block-size-background=1048576"
    "memorysetup-job-temp-allocator-reduction-small-platforms=262144"
    "memorysetup-temp-allocator-size-background-worker=32768"
    "memorysetup-temp-allocator-size-job-worker=262144"
    "memorysetup-temp-allocator-size-preload-manager=33554432"
    "memorysetup-temp-allocator-size-nav-mesh-worker=65536"
    "memorysetup-temp-allocator-size-audio-worker=65536"
    "memorysetup-temp-allocator-size-cloud-worker=32768"
    "memorysetup-temp-allocator-size-gi-baking-worker=262144"
    "memorysetup-temp-allocator-size-gfx=262144"
Refreshing native plugins compatible for Editor in 266.62 ms, found 3 plugins.
Preloading 0 native plugins for Editor in 0.00 ms.
Initialize engine version: 2021.3.11f1 (0a5ca18544bf)
[Subsystems] Discovering subsystems at path D:/Unity/2021.3.11f1/Editor/Data/Resources/UnitySubsystems
[Subsystems] Discovering subsystems at path D:/Unity 프로젝트/RTS-GAME/RTS GAME/Assets
GfxDevice: creating device client; threaded=0; jobified=0
Direct3D:
    Version:  Direct3D 11.0 [level 11.1]
    Renderer: NVIDIA GeForce GTX 1050 (ID=0x1c8d)
    Vendor:   NVIDIA
    VRAM:     4021 MB
    Driver:   24.21.13.9907
Initialize mono
Mono path[0] = 'D:/Unity/2021.3.11f1/Editor/Data/Managed'
Mono path[1] = 'D:/Unity/2021.3.11f1/Editor/Data/MonoBleedingEdge/lib/mono/unityjit-win32'
Mono config path = 'D:/Unity/2021.3.11f1/Editor/Data/MonoBleedingEdge/etc'
Using monoOptions --debugger-agent=transport=dt_socket,embedding=1,server=y,suspend=n,address=127.0.0.1:56472
Begin MonoManager ReloadAssembly
Registering precompiled unity dll's ...
Register platform support module: D:/Unity/2021.3.11f1/Editor/Data/PlaybackEngines/AndroidPlayer/UnityEditor.Android.Extensions.dll
Register platform support module: D:/Unity/2021.3.11f1/Editor/Data/PlaybackEngines/WindowsStandaloneSupport/UnityEditor.WindowsStandalone.Extensions.dll
Registered in 0.004305 seconds.
Native extension for WindowsStandalone target not found
Native extension for Android target not found
Refreshing native plugins compatible for Editor in 150.81 ms, found 3 plugins.
Preloading 0 native plugins for Editor in 0.00 ms.
Mono: successfully reloaded assembly
- Completed reload, in  1.353 seconds
Domain Reload Profiling:
	ReloadAssembly (1354ms)
		BeginReloadAssembly (187ms)
			ExecutionOrderSort (0ms)
			DisableScriptedObjects (0ms)
			BackupInstance (0ms)
			ReleaseScriptingObjects (0ms)
			CreateAndSetChildDomain (1ms)
		EndReloadAssembly (984ms)
			LoadAssemblies (195ms)
			RebuildTransferFunctionScriptingTraits (0ms)
			SetupTypeCache (213ms)
			ReleaseScriptCaches (0ms)
			RebuildScriptCaches (67ms)
			SetupLoadedEditorAssemblies (612ms)
				LogAssemblyErrors (0ms)
				InitializePlatformSupportModulesInManaged (116ms)
				SetLoadedEditorAssemblies (0ms)
				RefreshPlugins (151ms)
				BeforeProcessingInitializeOnLoad (2ms)
				ProcessInitializeOnLoadAttributes (223ms)
				ProcessInitializeOnLoadMethodAttributes (120ms)
				AfterProcessingInitializeOnLoad (0ms)
				EditorAssembliesLoaded (0ms)
			ExecutionOrderSort2 (0ms)
			AwakeInstancesAfterBackupRestoration (0ms)
Platform modules already initialized, skipping
Registering precompiled user dll's ...
Registered in 0.024375 seconds.
Begin MonoManager ReloadAssembly
Symbol file LoadedFromMemory doesn't match image D:\Unity 프로젝트\RTS-GAME\RTS GAME\Library\PackageCache\com.unity.visualscripting@1.7.8\Editor\VisualScripting.Core\Dependencies\YamlDotNet\Unity.VisualScripting.YamlDotNet.dll
Symbol file LoadedFromMemory doesn't match image D:\Unity 프로젝트\RTS-GAME\RTS GAME\Library\PackageCache\com.unity.visualscripting@1.7.8\Editor\VisualScripting.Core\Dependencies\DotNetZip\Unity.VisualScripting.IonicZip.dll
Native extension for WindowsStandalone target not found
Native extension for Android target not found
Refreshing native plugins compatible for Editor in 0.82 ms, found 3 plugins.
Preloading 0 native plugins for Editor in 0.00 ms.
Mono: successfully reloaded assembly
- Completed reload, in  2.358 seconds
Domain Reload Profiling:
	ReloadAssembly (2360ms)
		BeginReloadAssembly (395ms)
			ExecutionOrderSort (0ms)
			DisableScriptedObjects (17ms)
			BackupInstance (0ms)
			ReleaseScriptingObjects (0ms)
			CreateAndSetChildDomain (148ms)
		EndReloadAssembly (1698ms)
			LoadAssemblies (225ms)
			RebuildTransferFunctionScriptingTraits (0ms)
			SetupTypeCache (599ms)
			ReleaseScriptCaches (1ms)
			RebuildScriptCaches (108ms)
			SetupLoadedEditorAssemblies (746ms)
				LogAssemblyErrors (0ms)
				InitializePlatformSupportModulesInManaged (22ms)
				SetLoadedEditorAssemblies (1ms)
				RefreshPlugins (1ms)
				BeforeProcessingInitializeOnLoad (158ms)
				ProcessInitializeOnLoadAttributes (474ms)
				ProcessInitializeOnLoadMethodAttributes (83ms)
				AfterProcessingInitializeOnLoad (7ms)
				EditorAssembliesLoaded (1ms)
			ExecutionOrderSort2 (0ms)
			AwakeInstancesAfterBackupRestoration (24ms)
Platform modules already initialized, skipping
========================================================================
Worker process is ready to serve import requests
Launched and connected shader compiler UnityShaderCompiler.exe after 0.22 seconds
Refreshing native plugins compatible for Editor in 1.22 ms, found 3 plugins.
Preloading 0 native plugins for Editor in 0.00 ms.
Unloading 3538 Unused Serialized files (Serialized files now loaded: 0)
Unloading 29 unused Assets / (57.1 KB). Loaded Objects now: 4010.
Memory consumption went from 129.4 MB to 129.3 MB.
Total: 7.463400 ms (FindLiveObjects: 0.605200 ms CreateObjectMapping: 0.517400 ms MarkObjects: 5.927900 ms  DeleteObjects: 0.409100 ms)

AssetImportParameters requested are different than current active one (requested -> active):
  custom:video-decoder-ogg-theora: a1e56fd34408186e4bbccfd4996cb3dc -> 
  custom:container-muxer-webm: aa71ff27fc2769a1b78a27578f13a17b -> 
  custom:container-demuxer-webm: 4f35f7cbe854078d1ac9338744f61a02 -> 
  custom:video-encoder-webm-vp8: eb34c28f22e8b96e1ab97ce403110664 -> 
  custom:video-codec-MediaFoundation-h265: 746d11721c4dcdbdad8f713fa42b33f4 -> 
  custom:audio-encoder-webm-vorbis: bf7c407c2cedff20999df2af8eb42d56 -> 
  custom:framework-win-MediaFoundation: 216162199b28c13a410421893ffa2e32 -> 
  custom:container-demuxer-ogg: 62fdf1f143b41e24485cea50d1cbac27 -> 
  custom:video-decoder-webm-vp8: 9c59270c3fd7afecdb556c50c9e8de78 -> 
  custom:audio-decoder-ogg-vorbis: bf7c407c2cedff20999df2af8eb42d56 -> 
========================================================================
Received Import Request.
  Time since last request: 160704.087201 seconds.
  path: Assets/RTS Mini Legion Fantasy PBR/Mini Legion Undead PBR/Animations/Death Knight/Attack02.fbx
  artifactKey: Guid(c21850fcb72fe2348900a643c9afeace) Importer(815301076,1909f56bfc062723c751e8b465ee728b)
Start importing Assets/RTS Mini Legion Fantasy PBR/Mini Legion Undead PBR/Animations/Death Knight/Attack02.fbx using Guid(c21850fcb72fe2348900a643c9afeace) Importer(815301076,1909f56bfc062723c751e8b465ee728b)  -> (artifact id: '9ae6d01c309a9f77e926b3ca4b5d38b0') in 0.610982 seconds 
========================================================================
Received Import Request.
  Time since last request: 24.113005 seconds.
  path: Assets/RTS Mini Legion Fantasy PBR/Mini Legion Undead PBR/Animations/Death Rider/Attack02.fbx
  artifactKey: Guid(be042303039cdb14a8aca305491ddaa2) Importer(815301076,1909f56bfc062723c751e8b465ee728b)
Start importing Assets/RTS Mini Legion Fantasy PBR/Mini Legion Undead PBR/Animations/Death Rider/Attack02.fbx using Guid(be042303039cdb14a8aca305491ddaa2) Importer(815301076,1909f56bfc062723c751e8b465ee728b)  -> (artifact id: 'ae5531c024e2273e269d5269f69d12e2') in 0.099824 seconds 
========================================================================
Received Import Request.
  Time since last request: 0.000058 seconds.
  path: Assets/RTS Mini Legion Fantasy PBR/Mini Legion Undead PBR/Animations/Death Rider/Walk.fbx
  artifactKey: Guid(de39573c0a52aa34992bc585f2057d98) Importer(815301076,1909f56bfc062723c751e8b465ee728b)
Start importing Assets/RTS Mini Legion Fantasy PBR/Mini Legion Undead PBR/Animations/Death Rider/Walk.fbx using Guid(de39573c0a52aa34992bc585f2057d98) Importer(815301076,1909f56bfc062723c751e8b465ee728b)  -> (artifact id: 'd423ea2777159ab9bd244e39e850568e') in 0.114326 seconds 
========================================================================
Received Import Request.
  Time since last request: 0.000067 seconds.
  path: Assets/RTS Mini Legion Fantasy PBR/Mini Legion Undead PBR/Animations/Death Rider/Run.fbx
  artifactKey: Guid(102200d7c79359847893690dc034ddee) Importer(815301076,1909f56bfc062723c751e8b465ee728b)
Start importing Assets/RTS Mini Legion Fantasy PBR/Mini Legion Undead PBR/Animations/Death Rider/Run.fbx using Guid(102200d7c79359847893690dc034ddee) Importer(815301076,1909f56bfc062723c751e8b465ee728b)  -> (artifact id: '48937008a20fe7b02e91b1d518a3291f') in 0.117804 seconds 
========================================================================
Received Import Request.
  Time since last request: 24.792467 seconds.
  path: Assets/RTS Mini Legion Fantasy PBR/Mini Legion Undead PBR/Animations/Gargolye/attack02.fbx
  artifactKey: Guid(8345fd24153f04744a70235a5bb6f9e7) Importer(815301076,1909f56bfc062723c751e8b465ee728b)
Start importing Assets/RTS Mini Legion Fantasy PBR/Mini Legion Undead PBR/Animations/Gargolye/attack02.fbx using Guid(8345fd24153f04744a70235a5bb6f9e7) Importer(815301076,1909f56bfc062723c751e8b465ee728b)  -> (artifact id: '4698313522f984fb0fab52f17a4bf5e7') in 0.217391 seconds 
========================================================================
Received Import Request.
  Time since last request: 0.000108 seconds.
  path: Assets/RTS Mini Legion Fantasy PBR/Mini Legion Undead PBR/Animations/Gargolye/Fly.fbx
  artifactKey: Guid(fe35e511575cb964788d81b89ff3681d) Importer(815301076,1909f56bfc062723c751e8b465ee728b)
Start importing Assets/RTS Mini Legion Fantasy PBR/Mini Legion Undead PBR/Animations/Gargolye/Fly.fbx using Guid(fe35e511575cb964788d81b89ff3681d) Importer(815301076,1909f56bfc062723c751e8b465ee728b)  -> (artifact id: '072765a95c7a2a95699be258d5181b8b') in 0.246817 seconds 
========================================================================
Received Import Request.
  Time since last request: 302.360059 seconds.
  path: Assets/RTS Mini Legion Fantasy PBR/Mini Legion Undead PBR/Animations/Lich/Attack01.fbx
  artifactKey: Guid(afee0e0c9f9beef47b711a0b0e6a046d) Importer(815301076,1909f56bfc062723c751e8b465ee728b)
Start importing Assets/RTS Mini Legion Fantasy PBR/Mini Legion Undead PBR/Animations/Lich/Attack01.fbx using Guid(afee0e0c9f9beef47b711a0b0e6a046d) Importer(815301076,1909f56bfc062723c751e8b465ee728b)  -> (artifact id: 'fa0c2072b849f4e9efa0efc3d1b1b5a8') in 0.579888 seconds 
========================================================================
Received Import Request.
  Time since last request: 0.000051 seconds.
  path: Assets/RTS Mini Legion Fantasy PBR/Mini Legion Undead PBR/Animations/Lich/Die.fbx
  artifactKey: Guid(fcea19173afd63348ae33e695ff1e35f) Importer(815301076,1909f56bfc062723c751e8b465ee728b)
Start importing Assets/RTS Mini Legion Fantasy PBR/Mini Legion Undead PBR/Animations/Lich/Die.fbx using Guid(fcea19173afd63348ae33e695ff1e35f) Importer(815301076,1909f56bfc062723c751e8b465ee728b)  -> (artifact id: 'cd9719f0fb6bec29bcf5f6113e43e2a6') in 0.161743 seconds 
========================================================================
Received Import Request.
  Time since last request: 0.000062 seconds.
  path: Assets/RTS Mini Legion Fantasy PBR/Mini Legion Undead PBR/Animations/Lich/Victory.fbx
  artifactKey: Guid(5dfebcd9392e84e47a34ee055ea475a9) Importer(815301076,1909f56bfc062723c751e8b465ee728b)
Start importing Assets/RTS Mini Legion Fantasy PBR/Mini Legion Undead PBR/Animations/Lich/Victory.fbx using Guid(5dfebcd9392e84e47a34ee055ea475a9) Importer(815301076,1909f56bfc062723c751e8b465ee728b)  -> (artifact id: '1c3d69047d59751d4a2bd250f98e8b02') in 0.149339 seconds 
========================================================================
Received Import Request.
  Time since last request: 0.000042 seconds.
  path: Assets/RTS Mini Legion Fantasy PBR/Mini Legion Undead PBR/Animations/Lich/GetHit.fbx
  artifactKey: Guid(a33d202c43c4a3c408682f3ea0f0edf3) Importer(815301076,1909f56bfc062723c751e8b465ee728b)
Start importing Assets/RTS Mini Legion Fantasy PBR/Mini Legion Undead PBR/Animations/Lich/GetHit.fbx using Guid(a33d202c43c4a3c408682f3ea0f0edf3) Importer(815301076,1909f56bfc062723c751e8b465ee728b)  -> (artifact id: '83884c5ca5845e6b8efaa4a69612fd59') in 0.139021 seconds 
========================================================================
Received Import Request.
  Time since last request: 30.588688 seconds.
  path: Assets/RTS Mini Legion Fantasy PBR/Mini Legion Undead PBR/Animations/Siege Engine/Attack01.fbx
  artifactKey: Guid(8d2a028d263b7814c99aed9621ccb3d5) Importer(815301076,1909f56bfc062723c751e8b465ee728b)
Start importing Assets/RTS Mini Legion Fantasy PBR/Mini Legion Undead PBR/Animations/Siege Engine/Attack01.fbx using Guid(8d2a028d263b7814c99aed9621ccb3d5) Importer(815301076,1909f56bfc062723c751e8b465ee728b)  -> (artifact id: '5002d99f2691a1e909f24d9e5dcd61ca') in 0.182725 seconds 
========================================================================
Received Import Request.
  Time since last request: 0.000067 seconds.
  path: Assets/RTS Mini Legion Fantasy PBR/Mini Legion Undead PBR/Animations/Siege Engine/Idle.fbx
  artifactKey: Guid(db5dc7bff2bf761479e0676037939ff8) Importer(815301076,1909f56bfc062723c751e8b465ee728b)
Start importing Assets/RTS Mini Legion Fantasy PBR/Mini Legion Undead PBR/Animations/Siege Engine/Idle.fbx using Guid(db5dc7bff2bf761479e0676037939ff8) Importer(815301076,1909f56bfc062723c751e8b465ee728b)  -> (artifact id: '09b2987a76aa46ad2025252c8072a080') in 0.186049 seconds 
========================================================================
Received Import Request.
  Time since last request: 0.000053 seconds.
  path: Assets/RTS Mini Legion Fantasy PBR/Mini Legion Undead PBR/Animations/Siege Engine/GetHit.fbx
  artifactKey: Guid(b3b998ea59d61d042837100a5554ccfe) Importer(815301076,1909f56bfc062723c751e8b465ee728b)
Start importing Assets/RTS Mini Legion Fantasy PBR/Mini Legion Undead PBR/Animations/Siege Engine/GetHit.fbx using Guid(b3b998ea59d61d042837100a5554ccfe) Importer(815301076,1909f56bfc062723c751e8b465ee728b)  -> (artifact id: '66402f019053cbfe1b4c9cfc943f9495') in 0.101015 seconds 
========================================================================
Received Import Request.
  Time since last request: 32.095215 seconds.
  path: Assets/RTS Mini Legion Fantasy PBR/Mini Legion Undead PBR/Animations/Skeleton Warrior/Attack01.fbx
  artifactKey: Guid(cf8faa0fd14115249ab6494fc1a7551a) Importer(815301076,1909f56bfc062723c751e8b465ee728b)
Start importing Assets/RTS Mini Legion Fantasy PBR/Mini Legion Undead PBR/Animations/Skeleton Warrior/Attack01.fbx using Guid(cf8faa0fd14115249ab6494fc1a7551a) Importer(815301076,1909f56bfc062723c751e8b465ee728b)  -> (artifact id: '7c943ce98777e236df919dcc4fb5e84f') in 0.256875 seconds 
========================================================================
Received Import Request.
  Time since last request: 0.000053 seconds.
  path: Assets/RTS Mini Legion Fantasy PBR/Mini Legion Undead PBR/Animations/Skeleton Warrior/GetHit.fbx
  artifactKey: Guid(82f1ec3c62d16f9429f7e7f6a0d14230) Importer(815301076,1909f56bfc062723c751e8b465ee728b)
Start importing Assets/RTS Mini Legion Fantasy PBR/Mini Legion Undead PBR/Animations/Skeleton Warrior/GetHit.fbx using Guid(82f1ec3c62d16f9429f7e7f6a0d14230) Importer(815301076,1909f56bfc062723c751e8b465ee728b)  -> (artifact id: 'f8c952c86b1eaef379cc6f16b8220f72') in 0.165969 seconds 
========================================================================
Received Import Request.
  Time since last request: 28.159487 seconds.
  path: Assets/RTS Mini Legion Fantasy PBR/Mini Legion Warband PBR/Animations/Band Wagon/Attack01.fbx
  artifactKey: Guid(9390af38dee47b04598e07c96de446e7) Importer(815301076,1909f56bfc062723c751e8b465ee728b)
Start importing Assets/RTS Mini Legion Fantasy PBR/Mini Legion Warband PBR/Animations/Band Wagon/Attack01.fbx using Guid(9390af38dee47b04598e07c96de446e7) Importer(815301076,1909f56bfc062723c751e8b465ee728b)  -> (artifact id: '6f03f59d41414f5475ddf980e77368a2') in 0.231782 seconds 
========================================================================
Received Import Request.
  Time since last request: 0.000035 seconds.
  path: Assets/RTS Mini Legion Fantasy PBR/Mini Legion Warband PBR/Animations/Band Wagon/GetHit.fbx
  artifactKey: Guid(11be5025c8ab18b49a43019265533cc1) Importer(815301076,1909f56bfc062723c751e8b465ee728b)
Start importing Assets/RTS Mini Legion Fantasy PBR/Mini Legion Warband PBR/Animations/Band Wagon/GetHit.fbx using Guid(11be5025c8ab18b49a43019265533cc1) Importer(815301076,1909f56bfc062723c751e8b465ee728b)  -> (artifact id: 'f9a41847e596f1afca3783d0fa39c645') in 0.082060 seconds 
========================================================================
Received Import Request.
  Time since last request: 29.641668 seconds.
  path: Assets/RTS Mini Legion Fantasy PBR/Mini Legion Warband PBR/Animations/Berserker/Attack01.fbx
  artifactKey: Guid(af7eef8bf93845f4e8194d40bfb85310) Importer(815301076,1909f56bfc062723c751e8b465ee728b)
Start importing Assets/RTS Mini Legion Fantasy PBR/Mini Legion Warband PBR/Animations/Berserker/Attack01.fbx using Guid(af7eef8bf93845f4e8194d40bfb85310) Importer(815301076,1909f56bfc062723c751e8b465ee728b)  -> (artifact id: '5ef4c3790725631a570b1c40dd54b1e1') in 0.173369 seconds 
========================================================================
Received Import Request.
  Time since last request: 0.003144 seconds.
  path: Assets/RTS Mini Legion Fantasy PBR/Mini Legion Warband PBR/Animations/Berserker/Victory.fbx
  artifactKey: Guid(842641a6b0d7a8241bc20bd7b108f1a5) Importer(815301076,1909f56bfc062723c751e8b465ee728b)
Start importing Assets/RTS Mini Legion Fantasy PBR/Mini Legion Warband PBR/Animations/Berserker/Victory.fbx using Guid(842641a6b0d7a8241bc20bd7b108f1a5) Importer(815301076,1909f56bfc062723c751e8b465ee728b)  -> (artifact id: 'c595bd6358437986e9349a91dd19db4f') in 0.075608 seconds 
========================================================================
Received Import Request.
  Time since last request: 0.000073 seconds.
  path: Assets/RTS Mini Legion Fantasy PBR/Mini Legion Warband PBR/Animations/Berserker/Walk.fbx
  artifactKey: Guid(853019221cd7d4c44a4cd0143b0a4998) Importer(815301076,1909f56bfc062723c751e8b465ee728b)
Start importing Assets/RTS Mini Legion Fantasy PBR/Mini Legion Warband PBR/Animations/Berserker/Walk.fbx using Guid(853019221cd7d4c44a4cd0143b0a4998) Importer(815301076,1909f56bfc062723c751e8b465ee728b)  -> (artifact id: 'fdae1051683bef1ecc07fbe4d1f722c3') in 0.093758 seconds 
========================================================================
Received Import Request.
  Time since last request: 46.790244 seconds.
  path: Assets/RTS Mini Legion Fantasy PBR/Mini Legion Warband PBR/Animations/Head Hunter/Attack01_routine.fbx
  artifactKey: Guid(9b18053e99f1375489b93c788d5c1f21) Importer(815301076,1909f56bfc062723c751e8b465ee728b)
Start importing Assets/RTS Mini Legion Fantasy PBR/Mini Legion Warband PBR/Animations/Head Hunter/Attack01_routine.fbx using Guid(9b18053e99f1375489b93c788d5c1f21) Importer(815301076,1909f56bfc062723c751e8b465ee728b)  -> (artifact id: '01555fd35f94e0343d8793666905d227') in 0.139523 seconds 
========================================================================
Received Import Request.
  Time since last request: 0.000057 seconds.
  path: Assets/RTS Mini Legion Fantasy PBR/Mini Legion Warband PBR/Animations/Head Hunter/GetHit.fbx
  artifactKey: Guid(4289576490460cb4b86831d57496678a) Importer(815301076,1909f56bfc062723c751e8b465ee728b)
Start importing Assets/RTS Mini Legion Fantasy PBR/Mini Legion Warband PBR/Animations/Head Hunter/GetHit.fbx using Guid(4289576490460cb4b86831d57496678a) Importer(815301076,1909f56bfc062723c751e8b465ee728b)  -> (artifact id: '1c2f748223edde451d67eef9791dee5a') in 0.151000 seconds 
========================================================================
Received Import Request.
  Time since last request: 0.000042 seconds.
  path: Assets/RTS Mini Legion Fantasy PBR/Mini Legion Warband PBR/Animations/Head Hunter/Die.fbx
  artifactKey: Guid(46f2363fbc697254697a8ec2b7b40c0b) Importer(815301076,1909f56bfc062723c751e8b465ee728b)
Start importing Assets/RTS Mini Legion Fantasy PBR/Mini Legion Warband PBR/Animations/Head Hunter/Die.fbx using Guid(46f2363fbc697254697a8ec2b7b40c0b) Importer(815301076,1909f56bfc062723c751e8b465ee728b)  -> (artifact id: '4b01d829c7f35c55ea621b9c5fbb742e') in 0.070735 seconds 
========================================================================
Received Import Request.
  Time since last request: 0.000044 seconds.
  path: Assets/RTS Mini Legion Fantasy PBR/Mini Legion Warband PBR/Animations/Head Hunter/Attack02_start.fbx
  artifactKey: Guid(5f557a3ab62fae44fbe7519e12d69e58) Importer(815301076,1909f56bfc062723c751e8b465ee728b)
Start importing Assets/RTS Mini Legion Fantasy PBR/Mini Legion Warband PBR/Animations/Head Hunter/Attack02_start.fbx using Guid(5f557a3ab62fae44fbe7519e12d69e58) Importer(815301076,1909f56bfc062723c751e8b465ee728b)  -> (artifact id: '8650b9f5d5efcfdb5966d54f8d8bcfe1') in 0.153178 seconds 
========================================================================
Received Import Request.
  Time since last request: 29.993535 seconds.
  path: Assets/RTS Mini Legion Fantasy PBR/Mini Legion Warband PBR/Animations/Hog Rider/Attack01.fbx
  artifactKey: Guid(e720d463c1f3b0745ad9ba0e75f40cfe) Importer(815301076,1909f56bfc062723c751e8b465ee728b)
Start importing Assets/RTS Mini Legion Fantasy PBR/Mini Legion Warband PBR/Animations/Hog Rider/Attack01.fbx using Guid(e720d463c1f3b0745ad9ba0e75f40cfe) Importer(815301076,1909f56bfc062723c751e8b465ee728b)  -> (artifact id: 'aa729f50be856af7e227967189960dce') in 0.181616 seconds 
========================================================================
Received Import Request.
  Time since last request: 0.000034 seconds.
  path: Assets/RTS Mini Legion Fantasy PBR/Mini Legion Warband PBR/Animations/Hog Rider/Run.fbx
  artifactKey: Guid(820dbfedb5c98184fb61b2da622adde3) Importer(815301076,1909f56bfc062723c751e8b465ee728b)
Start importing Assets/RTS Mini Legion Fantasy PBR/Mini Legion Warband PBR/Animations/Hog Rider/Run.fbx using Guid(820dbfedb5c98184fb61b2da622adde3) Importer(815301076,1909f56bfc062723c751e8b465ee728b)  -> (artifact id: 'ad017b4d39a51533a49c06429af7479d') in 0.116635 seconds 
========================================================================
Received Import Request.
  Time since last request: 0.000041 seconds.
  path: Assets/RTS Mini Legion Fantasy PBR/Mini Legion Warband PBR/Animations/Hog Rider/GetHit.fbx
  artifactKey: Guid(e12d04fcc60343f47a1a53b39fc0c139) Importer(815301076,1909f56bfc062723c751e8b465ee728b)
Start importing Assets/RTS Mini Legion Fantasy PBR/Mini Legion Warband PBR/Animations/Hog Rider/GetHit.fbx using Guid(e12d04fcc60343f47a1a53b39fc0c139) Importer(815301076,1909f56bfc062723c751e8b465ee728b)  -> (artifact id: 'f244f5ded368885081833eaa0662ae20') in 0.165704 seconds 
========================================================================
Received Import Request.
  Time since last request: 24.168115 seconds.
  path: Assets/RTS Mini Legion Fantasy PBR/Mini Legion Warband PBR/Animations/Warlock/Warlock.controller
  artifactKey: Guid(ce1a4945015645f498d791986528a286) Importer(815301076,1909f56bfc062723c751e8b465ee728b)
Start importing Assets/RTS Mini Legion Fantasy PBR/Mini Legion Warband PBR/Animations/Warlock/Warlock.controller using Guid(ce1a4945015645f498d791986528a286) Importer(815301076,1909f56bfc062723c751e8b465ee728b)  -> (artifact id: '25537b174abea1a6e420df6313fa981e') in 0.316524 seconds 
========================================================================
Received Import Request.
  Time since last request: 1.685190 seconds.
  path: Assets/RTS Mini Legion Fantasy PBR/Mini Legion Warband PBR/Animations/Warlock/Attack01.fbx
  artifactKey: Guid(d2110512e422c1a45b79509e0919368f) Importer(815301076,1909f56bfc062723c751e8b465ee728b)
Start importing Assets/RTS Mini Legion Fantasy PBR/Mini Legion Warband PBR/Animations/Warlock/Attack01.fbx using Guid(d2110512e422c1a45b79509e0919368f) Importer(815301076,1909f56bfc062723c751e8b465ee728b)  -> (artifact id: '822d9f46db23fc722da8624523f2b8fd') in 0.066312 seconds 
========================================================================
Received Import Request.
  Time since last request: 0.000090 seconds.
  path: Assets/RTS Mini Legion Fantasy PBR/Mini Legion Warband PBR/Animations/Warlock/Idle.fbx
  artifactKey: Guid(5cee79dd58efe2e40bb7a66ef8db7eb2) Importer(815301076,1909f56bfc062723c751e8b465ee728b)
Start importing Assets/RTS Mini Legion Fantasy PBR/Mini Legion Warband PBR/Animations/Warlock/Idle.fbx using Guid(5cee79dd58efe2e40bb7a66ef8db7eb2) Importer(815301076,1909f56bfc062723c751e8b465ee728b)  -> (artifact id: '291b524703203bb42f31d6018270188d') in 0.082898 seconds 
========================================================================
Received Import Request.
  Time since last request: 0.000068 seconds.
  path: Assets/RTS Mini Legion Fantasy PBR/Mini Legion Warband PBR/Animations/Warlock/Victory.fbx
  artifactKey: Guid(f70c139b8bb019c48b0ea11b592f39b2) Importer(815301076,1909f56bfc062723c751e8b465ee728b)
Start importing Assets/RTS Mini Legion Fantasy PBR/Mini Legion Warband PBR/Animations/Warlock/Victory.fbx using Guid(f70c139b8bb019c48b0ea11b592f39b2) Importer(815301076,1909f56bfc062723c751e8b465ee728b)  -> (artifact id: '5cf534548c505e9708bb56529544d10e') in 0.057208 seconds 
========================================================================
Received Import Request.
  Time since last request: 27.257873 seconds.
  path: Assets/RTS Mini Legion Fantasy PBR/Mini Legion Human PBR/Animations/SiegeEngine/SiegeEngine_Attack01.fbx
  artifactKey: Guid(11f7edc5494ab8b4f9d1d01bb06eb832) Importer(815301076,1909f56bfc062723c751e8b465ee728b)
Start importing Assets/RTS Mini Legion Fantasy PBR/Mini Legion Human PBR/Animations/SiegeEngine/SiegeEngine_Attack01.fbx using Guid(11f7edc5494ab8b4f9d1d01bb06eb832) Importer(815301076,1909f56bfc062723c751e8b465ee728b)  -> (artifact id: 'b351dce048c861b69319d7d97a887d71') in 0.095794 seconds 
========================================================================
Received Import Request.
  Time since last request: 0.000045 seconds.
  path: Assets/RTS Mini Legion Fantasy PBR/Mini Legion Human PBR/Animations/SiegeEngine/SiegeEngine_Victory.fbx
  artifactKey: Guid(58260c93c8672a64a902375927d9c967) Importer(815301076,1909f56bfc062723c751e8b465ee728b)
Start importing Assets/RTS Mini Legion Fantasy PBR/Mini Legion Human PBR/Animations/SiegeEngine/SiegeEngine_Victory.fbx using Guid(58260c93c8672a64a902375927d9c967) Importer(815301076,1909f56bfc062723c751e8b465ee728b)  -> (artifact id: '4740b4dbf7d05a759a482ce74767ee13') in 0.073085 seconds 
========================================================================
Received Import Request.
  Time since last request: 11.364436 seconds.
  path: Assets/3. Prefebs/Units/My/Warband/Bandwagon Standard.prefab
  artifactKey: Guid(334dc27e9305392439bd74caaf3086bc) Importer(815301076,1909f56bfc062723c751e8b465ee728b)
Start importing Assets/3. Prefebs/Units/My/Warband/Bandwagon Standard.prefab using Guid(334dc27e9305392439bd74caaf3086bc) Importer(815301076,1909f56bfc062723c751e8b465ee728b)  -> (artifact id: '6c4261132dbf95749d4bfc33ec097e8d') in 2.073229 seconds 
========================================================================
Received Import Request.
  Time since last request: 0.000045 seconds.
  path: Assets/3. Prefebs/Units/My/Warband/HogRider Standard.prefab
  artifactKey: Guid(9bd6067e840a7354e9c23e9af517ee06) Importer(815301076,1909f56bfc062723c751e8b465ee728b)
Start importing Assets/3. Prefebs/Units/My/Warband/HogRider Standard.prefab using Guid(9bd6067e840a7354e9c23e9af517ee06) Importer(815301076,1909f56bfc062723c751e8b465ee728b)  -> (artifact id: '99038d6795c2ca99163ce6338ddec6b2') in 0.946259 seconds 
========================================================================
Received Import Request.
  Time since last request: 0.000195 seconds.
  path: Assets/3. Prefebs/Units/My/Warband/Warlock Standard.prefab
  artifactKey: Guid(4c67c04846a72e64688a2ac506212673) Importer(815301076,1909f56bfc062723c751e8b465ee728b)
Start importing Assets/3. Prefebs/Units/My/Warband/Warlock Standard.prefab using Guid(4c67c04846a72e64688a2ac506212673) Importer(815301076,1909f56bfc062723c751e8b465ee728b)  -> (artifact id: '20a72074eaf7096b46f5f2b70a0b0abf') in 0.947673 seconds 
========================================================================
Received Prepare
Registering precompiled user dll's ...
Registered in 0.015875 seconds.
Begin MonoManager ReloadAssembly
Symbol file LoadedFromMemory doesn't match image D:\Unity 프로젝트\RTS-GAME\RTS GAME\Library\PackageCache\com.unity.visualscripting@1.7.8\Editor\VisualScripting.Core\Dependencies\YamlDotNet\Unity.VisualScripting.YamlDotNet.dll
Symbol file LoadedFromMemory doesn't match image D:\Unity 프로젝트\RTS-GAME\RTS GAME\Library\PackageCache\com.unity.visualscripting@1.7.8\Editor\VisualScripting.Core\Dependencies\DotNetZip\Unity.VisualScripting.IonicZip.dll
Native extension for WindowsStandalone target not found
Native extension for Android target not found
Refreshing native plugins compatible for Editor in 2.07 ms, found 3 plugins.
Preloading 0 native plugins for Editor in 0.00 ms.
Mono: successfully reloaded assembly
- Completed reload, in  3.603 seconds
Domain Reload Profiling:
	ReloadAssembly (3605ms)
		BeginReloadAssembly (442ms)
			ExecutionOrderSort (0ms)
			DisableScriptedObjects (22ms)
			BackupInstance (0ms)
			ReleaseScriptingObjects (0ms)
			CreateAndSetChildDomain (133ms)
		EndReloadAssembly (2804ms)
			LoadAssemblies (298ms)
			RebuildTransferFunctionScriptingTraits (0ms)
			SetupTypeCache (995ms)
			ReleaseScriptCaches (3ms)
			RebuildScriptCaches (163ms)
			SetupLoadedEditorAssemblies (1120ms)
				LogAssemblyErrors (0ms)
				InitializePlatformSupportModulesInManaged (56ms)
				SetLoadedEditorAssemblies (1ms)
				RefreshPlugins (6ms)
				BeforeProcessingInitializeOnLoad (202ms)
				ProcessInitializeOnLoadAttributes (728ms)
				ProcessInitializeOnLoadMethodAttributes (113ms)
				AfterProcessingInitializeOnLoad (13ms)
				EditorAssembliesLoaded (1ms)
			ExecutionOrderSort2 (0ms)
			AwakeInstancesAfterBackupRestoration (75ms)
Platform modules already initialized, skipping
Refreshing native plugins compatible for Editor in 5.60 ms, found 3 plugins.
Preloading 0 native plugins for Editor in 0.00 ms.
Unloading 3514 Unused Serialized files (Serialized files now loaded: 0)
Unloading 18 unused Assets / (24.6 KB). Loaded Objects now: 4026.
Memory consumption went from 144.8 MB to 144.7 MB.
Total: 12.101800 ms (FindLiveObjects: 3.296800 ms CreateObjectMapping: 1.506600 ms MarkObjects: 7.264200 ms  DeleteObjects: 0.032800 ms)

AssetImportParameters requested are different than current active one (requested -> active):
  custom:video-decoder-ogg-theora: a1e56fd34408186e4bbccfd4996cb3dc -> 
  custom:container-muxer-webm: aa71ff27fc2769a1b78a27578f13a17b -> 
  custom:container-demuxer-webm: 4f35f7cbe854078d1ac9338744f61a02 -> 
  custom:video-encoder-webm-vp8: eb34c28f22e8b96e1ab97ce403110664 -> 
  custom:video-codec-MediaFoundation-h265: 746d11721c4dcdbdad8f713fa42b33f4 -> 
  custom:audio-encoder-webm-vorbis: bf7c407c2cedff20999df2af8eb42d56 -> 
  custom:framework-win-MediaFoundation: 216162199b28c13a410421893ffa2e32 -> 
  custom:container-demuxer-ogg: 62fdf1f143b41e24485cea50d1cbac27 -> 
  custom:video-decoder-webm-vp8: 9c59270c3fd7afecdb556c50c9e8de78 -> 
  custom:audio-decoder-ogg-vorbis: bf7c407c2cedff20999df2af8eb42d56 -> 
========================================================================
Received Prepare
Registering precompiled user dll's ...
Registered in 0.013687 seconds.
Begin MonoManager ReloadAssembly
Symbol file LoadedFromMemory doesn't match image D:\Unity 프로젝트\RTS-GAME\RTS GAME\Library\PackageCache\com.unity.visualscripting@1.7.8\Editor\VisualScripting.Core\Dependencies\YamlDotNet\Unity.VisualScripting.YamlDotNet.dll
Symbol file LoadedFromMemory doesn't match image D:\Unity 프로젝트\RTS-GAME\RTS GAME\Library\PackageCache\com.unity.visualscripting@1.7.8\Editor\VisualScripting.Core\Dependencies\DotNetZip\Unity.VisualScripting.IonicZip.dll
Native extension for WindowsStandalone target not found
Native extension for Android target not found
Refreshing native plugins compatible for Editor in 1.85 ms, found 3 plugins.
Preloading 0 native plugins for Editor in 0.00 ms.
Mono: successfully reloaded assembly
- Completed reload, in  3.997 seconds
Domain Reload Profiling:
	ReloadAssembly (3998ms)
		BeginReloadAssembly (442ms)
			ExecutionOrderSort (0ms)
			DisableScriptedObjects (17ms)
			BackupInstance (0ms)
			ReleaseScriptingObjects (0ms)
			CreateAndSetChildDomain (101ms)
		EndReloadAssembly (3225ms)
			LoadAssemblies (357ms)
			RebuildTransferFunctionScriptingTraits (0ms)
			SetupTypeCache (1072ms)
			ReleaseScriptCaches (3ms)
			RebuildScriptCaches (242ms)
			SetupLoadedEditorAssemblies (1415ms)
				LogAssemblyErrors (0ms)
				InitializePlatformSupportModulesInManaged (102ms)
				SetLoadedEditorAssemblies (8ms)
				RefreshPlugins (2ms)
				BeforeProcessingInitializeOnLoad (254ms)
				ProcessInitializeOnLoadAttributes (915ms)
				ProcessInitializeOnLoadMethodAttributes (119ms)
				AfterProcessingInitializeOnLoad (14ms)
				EditorAssembliesLoaded (0ms)
			ExecutionOrderSort2 (0ms)
			AwakeInstancesAfterBackupRestoration (69ms)
Platform modules already initialized, skipping
Refreshing native plugins compatible for Editor in 4.56 ms, found 3 plugins.
Preloading 0 native plugins for Editor in 0.00 ms.
Unloading 3514 Unused Serialized files (Serialized files now loaded: 0)
Unloading 18 unused Assets / (24.6 KB). Loaded Objects now: 4029.
Memory consumption went from 144.8 MB to 144.8 MB.
Total: 11.052400 ms (FindLiveObjects: 3.319100 ms CreateObjectMapping: 1.761300 ms MarkObjects: 5.922100 ms  DeleteObjects: 0.047200 ms)

AssetImportParameters requested are different than current active one (requested -> active):
  custom:video-decoder-ogg-theora: a1e56fd34408186e4bbccfd4996cb3dc -> 
  custom:container-muxer-webm: aa71ff27fc2769a1b78a27578f13a17b -> 
  custom:container-demuxer-webm: 4f35f7cbe854078d1ac9338744f61a02 -> 
  custom:video-encoder-webm-vp8: eb34c28f22e8b96e1ab97ce403110664 -> 
  custom:video-codec-MediaFoundation-h265: 746d11721c4dcdbdad8f713fa42b33f4 -> 
  custom:audio-encoder-webm-vorbis: bf7c407c2cedff20999df2af8eb42d56 -> 
  custom:framework-win-MediaFoundation: 216162199b28c13a410421893ffa2e32 -> 
  custom:container-demuxer-ogg: 62fdf1f143b41e24485cea50d1cbac27 -> 
  custom:video-decoder-webm-vp8: 9c59270c3fd7afecdb556c50c9e8de78 -> 
  custom:audio-decoder-ogg-vorbis: bf7c407c2cedff20999df2af8eb42d56 -> 
========================================================================
Received Prepare
Registering precompiled user dll's ...
Registered in 0.055093 seconds.
Begin MonoManager ReloadAssembly
Symbol file LoadedFromMemory doesn't match image D:\Unity 프로젝트\RTS-GAME\RTS GAME\Library\PackageCache\com.unity.visualscripting@1.7.8\Editor\VisualScripting.Core\Dependencies\YamlDotNet\Unity.VisualScripting.YamlDotNet.dll
Symbol file LoadedFromMemory doesn't match image D:\Unity 프로젝트\RTS-GAME\RTS GAME\Library\PackageCache\com.unity.visualscripting@1.7.8\Editor\VisualScripting.Core\Dependencies\DotNetZip\Unity.VisualScripting.IonicZip.dll
Native extension for WindowsStandalone target not found
Native extension for Android target not found
Refreshing native plugins compatible for Editor in 0.98 ms, found 3 plugins.
Preloading 0 native plugins for Editor in 0.00 ms.
Mono: successfully reloaded assembly
- Completed reload, in  2.397 seconds
Domain Reload Profiling:
	ReloadAssembly (2398ms)
		BeginReloadAssembly (490ms)
			ExecutionOrderSort (0ms)
			DisableScriptedObjects (46ms)
			BackupInstance (0ms)
			ReleaseScriptingObjects (2ms)
			CreateAndSetChildDomain (154ms)
		EndReloadAssembly (1706ms)
			LoadAssemblies (271ms)
			RebuildTransferFunctionScriptingTraits (0ms)
			SetupTypeCache (651ms)
			ReleaseScriptCaches (2ms)
			RebuildScriptCaches (83ms)
			SetupLoadedEditorAssemblies (665ms)
				LogAssemblyErrors (0ms)
				InitializePlatformSupportModulesInManaged (42ms)
				SetLoadedEditorAssemblies (2ms)
				RefreshPlugins (1ms)
				BeforeProcessingInitializeOnLoad (127ms)
				ProcessInitializeOnLoadAttributes (422ms)
				ProcessInitializeOnLoadMethodAttributes (63ms)
				AfterProcessingInitializeOnLoad (8ms)
				EditorAssembliesLoaded (0ms)
			ExecutionOrderSort2 (0ms)
			AwakeInstancesAfterBackupRestoration (29ms)
Platform modules already initialized, skipping
Refreshing native plugins compatible for Editor in 5.61 ms, found 3 plugins.
Preloading 0 native plugins for Editor in 0.00 ms.
Unloading 3514 Unused Serialized files (Serialized files now loaded: 0)
Unloading 18 unused Assets / (24.7 KB). Loaded Objects now: 4032.
Memory consumption went from 144.8 MB to 144.8 MB.
Total: 3.985100 ms (FindLiveObjects: 0.585300 ms CreateObjectMapping: 0.310300 ms MarkObjects: 3.059600 ms  DeleteObjects: 0.028500 ms)

AssetImportParameters requested are different than current active one (requested -> active):
  custom:video-decoder-ogg-theora: a1e56fd34408186e4bbccfd4996cb3dc -> 
  custom:container-muxer-webm: aa71ff27fc2769a1b78a27578f13a17b -> 
  custom:container-demuxer-webm: 4f35f7cbe854078d1ac9338744f61a02 -> 
  custom:video-encoder-webm-vp8: eb34c28f22e8b96e1ab97ce403110664 -> 
  custom:video-codec-MediaFoundation-h265: 746d11721c4dcdbdad8f713fa42b33f4 -> 
  custom:audio-encoder-webm-vorbis: bf7c407c2cedff20999df2af8eb42d56 -> 
  custom:framework-win-MediaFoundation: 216162199b28c13a410421893ffa2e32 -> 
  custom:container-demuxer-ogg: 62fdf1f143b41e24485cea50d1cbac27 -> 
  custom:video-decoder-webm-vp8: 9c59270c3fd7afecdb556c50c9e8de78 -> 
  custom:audio-decoder-ogg-vorbis: bf7c407c2cedff20999df2af8eb42d56 -> 
========================================================================
Received Prepare
Registering precompiled user dll's ...
Registered in 0.017641 seconds.
Begin MonoManager ReloadAssembly
Symbol file LoadedFromMemory doesn't match image D:\Unity 프로젝트\RTS-GAME\RTS GAME\Library\PackageCache\com.unity.visualscripting@1.7.8\Editor\VisualScripting.Core\Dependencies\YamlDotNet\Unity.VisualScripting.YamlDotNet.dll
Symbol file LoadedFromMemory doesn't match image D:\Unity 프로젝트\RTS-GAME\RTS GAME\Library\PackageCache\com.unity.visualscripting@1.7.8\Editor\VisualScripting.Core\Dependencies\DotNetZip\Unity.VisualScripting.IonicZip.dll
Native extension for WindowsStandalone target not found
Native extension for Android target not found
Refreshing native plugins compatible for Editor in 1.89 ms, found 3 plugins.
Preloading 0 native plugins for Editor in 0.00 ms.
Mono: successfully reloaded assembly
- Completed reload, in  3.142 seconds
Domain Reload Profiling:
	ReloadAssembly (3144ms)
		BeginReloadAssembly (377ms)
			ExecutionOrderSort (0ms)
			DisableScriptedObjects (19ms)
			BackupInstance (0ms)
			ReleaseScriptingObjects (0ms)
			CreateAndSetChildDomain (87ms)
		EndReloadAssembly (2435ms)
			LoadAssemblies (272ms)
			RebuildTransferFunctionScriptingTraits (0ms)
			SetupTypeCache (891ms)
			ReleaseScriptCaches (3ms)
			RebuildScriptCaches (157ms)
			SetupLoadedEditorAssemblies (1028ms)
				LogAssemblyErrors (0ms)
				InitializePlatformSupportModulesInManaged (56ms)
				SetLoadedEditorAssemblies (3ms)
				RefreshPlugins (2ms)
				BeforeProcessingInitializeOnLoad (198ms)
				ProcessInitializeOnLoadAttributes (656ms)
				ProcessInitializeOnLoadMethodAttributes (107ms)
				AfterProcessingInitializeOnLoad (6ms)
				EditorAssembliesLoaded (0ms)
			ExecutionOrderSort2 (0ms)
			AwakeInstancesAfterBackupRestoration (30ms)
Platform modules already initialized, skipping
Refreshing native plugins compatible for Editor in 5.88 ms, found 3 plugins.
Preloading 0 native plugins for Editor in 0.00 ms.
Unloading 3514 Unused Serialized files (Serialized files now loaded: 0)
Unloading 18 unused Assets / (24.7 KB). Loaded Objects now: 4035.
Memory consumption went from 144.8 MB to 144.8 MB.
Total: 5.262200 ms (FindLiveObjects: 0.570000 ms CreateObjectMapping: 0.462800 ms MarkObjects: 4.186800 ms  DeleteObjects: 0.041200 ms)

AssetImportParameters requested are different than current active one (requested -> active):
  custom:video-decoder-ogg-theora: a1e56fd34408186e4bbccfd4996cb3dc -> 
  custom:container-muxer-webm: aa71ff27fc2769a1b78a27578f13a17b -> 
  custom:container-demuxer-webm: 4f35f7cbe854078d1ac9338744f61a02 -> 
  custom:video-encoder-webm-vp8: eb34c28f22e8b96e1ab97ce403110664 -> 
  custom:video-codec-MediaFoundation-h265: 746d11721c4dcdbdad8f713fa42b33f4 -> 
  custom:audio-encoder-webm-vorbis: bf7c407c2cedff20999df2af8eb42d56 -> 
  custom:framework-win-MediaFoundation: 216162199b28c13a410421893ffa2e32 -> 
  custom:container-demuxer-ogg: 62fdf1f143b41e24485cea50d1cbac27 -> 
  custom:video-decoder-webm-vp8: 9c59270c3fd7afecdb556c50c9e8de78 -> 
  custom:audio-decoder-ogg-vorbis: bf7c407c2cedff20999df2af8eb42d56 -> 
========================================================================
Received Prepare
Registering precompiled user dll's ...
Registered in 0.010509 seconds.
Begin MonoManager ReloadAssembly
Symbol file LoadedFromMemory doesn't match image D:\Unity 프로젝트\RTS-GAME\RTS GAME\Library\PackageCache\com.unity.visualscripting@1.7.8\Editor\VisualScripting.Core\Dependencies\YamlDotNet\Unity.VisualScripting.YamlDotNet.dll
Symbol file LoadedFromMemory doesn't match image D:\Unity 프로젝트\RTS-GAME\RTS GAME\Library\PackageCache\com.unity.visualscripting@1.7.8\Editor\VisualScripting.Core\Dependencies\DotNetZip\Unity.VisualScripting.IonicZip.dll
Native extension for WindowsStandalone target not found
Native extension for Android target not found
Refreshing native plugins compatible for Editor in 2.05 ms, found 3 plugins.
Preloading 0 native plugins for Editor in 0.00 ms.
Mono: successfully reloaded assembly
- Completed reload, in  4.903 seconds
Domain Reload Profiling:
	ReloadAssembly (4909ms)
		BeginReloadAssembly (473ms)
			ExecutionOrderSort (0ms)
			DisableScriptedObjects (13ms)
			BackupInstance (0ms)
			ReleaseScriptingObjects (0ms)
			CreateAndSetChildDomain (104ms)
		EndReloadAssembly (3917ms)
			LoadAssemblies (737ms)
			RebuildTransferFunctionScriptingTraits (0ms)
			SetupTypeCache (1639ms)
			ReleaseScriptCaches (10ms)
			RebuildScriptCaches (126ms)
			SetupLoadedEditorAssemblies (1301ms)
				LogAssemblyErrors (0ms)
				InitializePlatformSupportModulesInManaged (93ms)
				SetLoadedEditorAssemblies (6ms)
				RefreshPlugins (2ms)
				BeforeProcessingInitializeOnLoad (312ms)
				ProcessInitializeOnLoadAttributes (742ms)
				ProcessInitializeOnLoadMethodAttributes (137ms)
				AfterProcessingInitializeOnLoad (9ms)
				EditorAssembliesLoaded (0ms)
			ExecutionOrderSort2 (0ms)
			AwakeInstancesAfterBackupRestoration (47ms)
Platform modules already initialized, skipping
Refreshing native plugins compatible for Editor in 7.28 ms, found 3 plugins.
Preloading 0 native plugins for Editor in 0.00 ms.
Unloading 3514 Unused Serialized files (Serialized files now loaded: 0)
Unloading 18 unused Assets / (24.7 KB). Loaded Objects now: 4038.
Memory consumption went from 144.8 MB to 144.8 MB.
Total: 10.681400 ms (FindLiveObjects: 2.597900 ms CreateObjectMapping: 1.014400 ms MarkObjects: 7.029000 ms  DeleteObjects: 0.037300 ms)

AssetImportParameters requested are different than current active one (requested -> active):
  custom:video-decoder-ogg-theora: a1e56fd34408186e4bbccfd4996cb3dc -> 
  custom:container-muxer-webm: aa71ff27fc2769a1b78a27578f13a17b -> 
  custom:container-demuxer-webm: 4f35f7cbe854078d1ac9338744f61a02 -> 
  custom:video-encoder-webm-vp8: eb34c28f22e8b96e1ab97ce403110664 -> 
  custom:video-codec-MediaFoundation-h265: 746d11721c4dcdbdad8f713fa42b33f4 -> 
  custom:audio-encoder-webm-vorbis: bf7c407c2cedff20999df2af8eb42d56 -> 
  custom:framework-win-MediaFoundation: 216162199b28c13a410421893ffa2e32 -> 
  custom:container-demuxer-ogg: 62fdf1f143b41e24485cea50d1cbac27 -> 
  custom:video-decoder-webm-vp8: 9c59270c3fd7afecdb556c50c9e8de78 -> 
  custom:audio-decoder-ogg-vorbis: bf7c407c2cedff20999df2af8eb42d56 -> 
========================================================================
Received Prepare
Registering precompiled user dll's ...
Registered in 0.013661 seconds.
Begin MonoManager ReloadAssembly
Symbol file LoadedFromMemory doesn't match image D:\Unity 프로젝트\RTS-GAME\RTS GAME\Library\PackageCache\com.unity.visualscripting@1.7.8\Editor\VisualScripting.Core\Dependencies\YamlDotNet\Unity.VisualScripting.YamlDotNet.dll
Symbol file LoadedFromMemory doesn't match image D:\Unity 프로젝트\RTS-GAME\RTS GAME\Library\PackageCache\com.unity.visualscripting@1.7.8\Editor\VisualScripting.Core\Dependencies\DotNetZip\Unity.VisualScripting.IonicZip.dll
Native extension for WindowsStandalone target not found
Native extension for Android target not found
Refreshing native plugins compatible for Editor in 4.63 ms, found 3 plugins.
Preloading 0 native plugins for Editor in 0.00 ms.
Mono: successfully reloaded assembly
- Completed reload, in  3.321 seconds
Domain Reload Profiling:
	ReloadAssembly (3323ms)
		BeginReloadAssembly (543ms)
			ExecutionOrderSort (0ms)
			DisableScriptedObjects (17ms)
			BackupInstance (0ms)
			ReleaseScriptingObjects (0ms)
			CreateAndSetChildDomain (114ms)
		EndReloadAssembly (2389ms)
			LoadAssemblies (472ms)
			RebuildTransferFunctionScriptingTraits (0ms)
			SetupTypeCache (850ms)
			ReleaseScriptCaches (3ms)
			RebuildScriptCaches (113ms)
			SetupLoadedEditorAssemblies (1040ms)
				LogAssemblyErrors (0ms)
				InitializePlatformSupportModulesInManaged (75ms)
				SetLoadedEditorAssemblies (1ms)
				RefreshPlugins (5ms)
				BeforeProcessingInitializeOnLoad (157ms)
				ProcessInitializeOnLoadAttributes (706ms)
				ProcessInitializeOnLoadMethodAttributes (89ms)
				AfterProcessingInitializeOnLoad (6ms)
				EditorAssembliesLoaded (0ms)
			ExecutionOrderSort2 (0ms)
			AwakeInstancesAfterBackupRestoration (40ms)
Platform modules already initialized, skipping
Refreshing native plugins compatible for Editor in 6.76 ms, found 3 plugins.
Preloading 0 native plugins for Editor in 0.00 ms.
Unloading 3514 Unused Serialized files (Serialized files now loaded: 0)
Unloading 18 unused Assets / (24.6 KB). Loaded Objects now: 4041.
Memory consumption went from 144.8 MB to 144.8 MB.
Total: 8.473900 ms (FindLiveObjects: 1.741200 ms CreateObjectMapping: 1.139900 ms MarkObjects: 5.546900 ms  DeleteObjects: 0.041300 ms)

AssetImportParameters requested are different than current active one (requested -> active):
  custom:video-decoder-ogg-theora: a1e56fd34408186e4bbccfd4996cb3dc -> 
  custom:container-muxer-webm: aa71ff27fc2769a1b78a27578f13a17b -> 
  custom:container-demuxer-webm: 4f35f7cbe854078d1ac9338744f61a02 -> 
  custom:video-encoder-webm-vp8: eb34c28f22e8b96e1ab97ce403110664 -> 
  custom:video-codec-MediaFoundation-h265: 746d11721c4dcdbdad8f713fa42b33f4 -> 
  custom:audio-encoder-webm-vorbis: bf7c407c2cedff20999df2af8eb42d56 -> 
  custom:framework-win-MediaFoundation: 216162199b28c13a410421893ffa2e32 -> 
  custom:container-demuxer-ogg: 62fdf1f143b41e24485cea50d1cbac27 -> 
  custom:video-decoder-webm-vp8: 9c59270c3fd7afecdb556c50c9e8de78 -> 
  custom:audio-decoder-ogg-vorbis: bf7c407c2cedff20999df2af8eb42d56 -> 
========================================================================
Received Prepare
Registering precompiled user dll's ...
Registered in 0.014598 seconds.
Begin MonoManager ReloadAssembly
Symbol file LoadedFromMemory doesn't match image D:\Unity 프로젝트\RTS-GAME\RTS GAME\Library\PackageCache\com.unity.visualscripting@1.7.8\Editor\VisualScripting.Core\Dependencies\YamlDotNet\Unity.VisualScripting.YamlDotNet.dll
Symbol file LoadedFromMemory doesn't match image D:\Unity 프로젝트\RTS-GAME\RTS GAME\Library\PackageCache\com.unity.visualscripting@1.7.8\Editor\VisualScripting.Core\Dependencies\DotNetZip\Unity.VisualScripting.IonicZip.dll
Native extension for WindowsStandalone target not found
Native extension for Android target not found
Refreshing native plugins compatible for Editor in 1.45 ms, found 3 plugins.
Preloading 0 native plugins for Editor in 0.00 ms.
Mono: successfully reloaded assembly
- Completed reload, in  3.698 seconds
Domain Reload Profiling:
	ReloadAssembly (3700ms)
		BeginReloadAssembly (429ms)
			ExecutionOrderSort (0ms)
			DisableScriptedObjects (15ms)
			BackupInstance (0ms)
			ReleaseScriptingObjects (0ms)
			CreateAndSetChildDomain (101ms)
		EndReloadAssembly (2991ms)
			LoadAssemblies (370ms)
			RebuildTransferFunctionScriptingTraits (0ms)
			SetupTypeCache (1000ms)
			ReleaseScriptCaches (3ms)
			RebuildScriptCaches (188ms)
			SetupLoadedEditorAssemblies (1242ms)
				LogAssemblyErrors (0ms)
				InitializePlatformSupportModulesInManaged (102ms)
				SetLoadedEditorAssemblies (1ms)
				RefreshPlugins (2ms)
				BeforeProcessingInitializeOnLoad (218ms)
				ProcessInitializeOnLoadAttributes (783ms)
				ProcessInitializeOnLoadMethodAttributes (118ms)
				AfterProcessingInitializeOnLoad (17ms)
				EditorAssembliesLoaded (1ms)
			ExecutionOrderSort2 (0ms)
			AwakeInstancesAfterBackupRestoration (77ms)
Platform modules already initialized, skipping
Refreshing native plugins compatible for Editor in 3.99 ms, found 3 plugins.
Preloading 0 native plugins for Editor in 0.00 ms.
Unloading 3514 Unused Serialized files (Serialized files now loaded: 0)
Unloading 18 unused Assets / (24.7 KB). Loaded Objects now: 4044.
Memory consumption went from 144.8 MB to 144.8 MB.
Total: 8.410900 ms (FindLiveObjects: 0.810500 ms CreateObjectMapping: 0.726900 ms MarkObjects: 6.828600 ms  DeleteObjects: 0.042600 ms)

AssetImportParameters requested are different than current active one (requested -> active):
  custom:video-decoder-ogg-theora: a1e56fd34408186e4bbccfd4996cb3dc -> 
  custom:container-muxer-webm: aa71ff27fc2769a1b78a27578f13a17b -> 
  custom:container-demuxer-webm: 4f35f7cbe854078d1ac9338744f61a02 -> 
  custom:video-encoder-webm-vp8: eb34c28f22e8b96e1ab97ce403110664 -> 
  custom:video-codec-MediaFoundation-h265: 746d11721c4dcdbdad8f713fa42b33f4 -> 
  custom:audio-encoder-webm-vorbis: bf7c407c2cedff20999df2af8eb42d56 -> 
  custom:framework-win-MediaFoundation: 216162199b28c13a410421893ffa2e32 -> 
  custom:container-demuxer-ogg: 62fdf1f143b41e24485cea50d1cbac27 -> 
  custom:video-decoder-webm-vp8: 9c59270c3fd7afecdb556c50c9e8de78 -> 
  custom:audio-decoder-ogg-vorbis: bf7c407c2cedff20999df2af8eb42d56 -> 
========================================================================
Received Import Request.
  Time since last request: 488.220775 seconds.
  path: Assets/2. Scripts/MonsterAI/AIUnit.cs
  artifactKey: Guid(b03e4da558c4d374fbcf2acf54f8758c) Importer(815301076,1909f56bfc062723c751e8b465ee728b)
Start importing Assets/2. Scripts/MonsterAI/AIUnit.cs using Guid(b03e4da558c4d374fbcf2acf54f8758c) Importer(815301076,1909f56bfc062723c751e8b465ee728b)  -> (artifact id: 'e6873de053d2290ebf472bf44172ac72') in 0.041347 seconds 
========================================================================
Received Import Request.
  Time since last request: 37.985794 seconds.
  path: Assets/2. Scripts/MonsterAI/AIUnit.cs
  artifactKey: Guid(b03e4da558c4d374fbcf2acf54f8758c) Importer(815301076,1909f56bfc062723c751e8b465ee728b)
Start importing Assets/2. Scripts/MonsterAI/AIUnit.cs using Guid(b03e4da558c4d374fbcf2acf54f8758c) Importer(815301076,1909f56bfc062723c751e8b465ee728b)  -> (artifact id: '495b6829a3a4b198e8b5781c6892ba12') in 0.001783 seconds 
========================================================================
Received Prepare
Registering precompiled user dll's ...
Registered in 0.016783 seconds.
Begin MonoManager ReloadAssembly
Symbol file LoadedFromMemory doesn't match image D:\Unity 프로젝트\RTS-GAME\RTS GAME\Library\PackageCache\com.unity.visualscripting@1.7.8\Editor\VisualScripting.Core\Dependencies\YamlDotNet\Unity.VisualScripting.YamlDotNet.dll
Symbol file LoadedFromMemory doesn't match image D:\Unity 프로젝트\RTS-GAME\RTS GAME\Library\PackageCache\com.unity.visualscripting@1.7.8\Editor\VisualScripting.Core\Dependencies\DotNetZip\Unity.VisualScripting.IonicZip.dll
Native extension for WindowsStandalone target not found
Native extension for Android target not found
Refreshing native plugins compatible for Editor in 4.25 ms, found 3 plugins.
Preloading 0 native plugins for Editor in 0.00 ms.
Mono: successfully reloaded assembly
- Completed reload, in  2.847 seconds
Domain Reload Profiling:
	ReloadAssembly (2849ms)
		BeginReloadAssembly (409ms)
			ExecutionOrderSort (0ms)
			DisableScriptedObjects (18ms)
			BackupInstance (0ms)
			ReleaseScriptingObjects (0ms)
			CreateAndSetChildDomain (87ms)
		EndReloadAssembly (2136ms)
			LoadAssemblies (361ms)
			RebuildTransferFunctionScriptingTraits (0ms)
			SetupTypeCache (769ms)
			ReleaseScriptCaches (8ms)
			RebuildScriptCaches (116ms)
			SetupLoadedEditorAssemblies (831ms)
				LogAssemblyErrors (0ms)
				InitializePlatformSupportModulesInManaged (48ms)
				SetLoadedEditorAssemblies (1ms)
				RefreshPlugins (5ms)
				BeforeProcessingInitializeOnLoad (153ms)
				ProcessInitializeOnLoadAttributes (536ms)
				ProcessInitializeOnLoadMethodAttributes (80ms)
				AfterProcessingInitializeOnLoad (8ms)
				EditorAssembliesLoaded (0ms)
			ExecutionOrderSort2 (0ms)
			AwakeInstancesAfterBackupRestoration (37ms)
Platform modules already initialized, skipping
Refreshing native plugins compatible for Editor in 4.40 ms, found 3 plugins.
Preloading 0 native plugins for Editor in 0.00 ms.
Unloading 3514 Unused Serialized files (Serialized files now loaded: 0)
Unloading 18 unused Assets / (24.6 KB). Loaded Objects now: 4047.
Memory consumption went from 144.8 MB to 144.8 MB.
Total: 5.016900 ms (FindLiveObjects: 0.342300 ms CreateObjectMapping: 0.241900 ms MarkObjects: 4.378100 ms  DeleteObjects: 0.052600 ms)

AssetImportParameters requested are different than current active one (requested -> active):
  custom:video-decoder-ogg-theora: a1e56fd34408186e4bbccfd4996cb3dc -> 
  custom:container-muxer-webm: aa71ff27fc2769a1b78a27578f13a17b -> 
  custom:container-demuxer-webm: 4f35f7cbe854078d1ac9338744f61a02 -> 
  custom:video-encoder-webm-vp8: eb34c28f22e8b96e1ab97ce403110664 -> 
  custom:video-codec-MediaFoundation-h265: 746d11721c4dcdbdad8f713fa42b33f4 -> 
  custom:audio-encoder-webm-vorbis: bf7c407c2cedff20999df2af8eb42d56 -> 
  custom:framework-win-MediaFoundation: 216162199b28c13a410421893ffa2e32 -> 
  custom:container-demuxer-ogg: 62fdf1f143b41e24485cea50d1cbac27 -> 
  custom:video-decoder-webm-vp8: 9c59270c3fd7afecdb556c50c9e8de78 -> 
  custom:audio-decoder-ogg-vorbis: bf7c407c2cedff20999df2af8eb42d56 -> 
========================================================================
Received Prepare
Registering precompiled user dll's ...
Registered in 0.016062 seconds.
Begin MonoManager ReloadAssembly
Symbol file LoadedFromMemory doesn't match image D:\Unity 프로젝트\RTS-GAME\RTS GAME\Library\PackageCache\com.unity.visualscripting@1.7.8\Editor\VisualScripting.Core\Dependencies\YamlDotNet\Unity.VisualScripting.YamlDotNet.dll
Symbol file LoadedFromMemory doesn't match image D:\Unity 프로젝트\RTS-GAME\RTS GAME\Library\PackageCache\com.unity.visualscripting@1.7.8\Editor\VisualScripting.Core\Dependencies\DotNetZip\Unity.VisualScripting.IonicZip.dll
Native extension for WindowsStandalone target not found
Native extension for Android target not found
Refreshing native plugins compatible for Editor in 1.22 ms, found 3 plugins.
Preloading 0 native plugins for Editor in 0.00 ms.
Mono: successfully reloaded assembly
- Completed reload, in  3.382 seconds
Domain Reload Profiling:
	ReloadAssembly (3389ms)
		BeginReloadAssembly (390ms)
			ExecutionOrderSort (0ms)
			DisableScriptedObjects (18ms)
			BackupInstance (0ms)
			ReleaseScriptingObjects (0ms)
			CreateAndSetChildDomain (97ms)
		EndReloadAssembly (2754ms)
			LoadAssemblies (320ms)
			RebuildTransferFunctionScriptingTraits (0ms)
			SetupTypeCache (989ms)
			ReleaseScriptCaches (4ms)
			RebuildScriptCaches (161ms)
			SetupLoadedEditorAssemblies (1115ms)
				LogAssemblyErrors (0ms)
				InitializePlatformSupportModulesInManaged (61ms)
				SetLoadedEditorAssemblies (1ms)
				RefreshPlugins (1ms)
				BeforeProcessingInitializeOnLoad (220ms)
				ProcessInitializeOnLoadAttributes (726ms)
				ProcessInitializeOnLoadMethodAttributes (99ms)
				AfterProcessingInitializeOnLoad (7ms)
				EditorAssembliesLoaded (0ms)
			ExecutionOrderSort2 (0ms)
			AwakeInstancesAfterBackupRestoration (86ms)
Platform modules already initialized, skipping
Refreshing native plugins compatible for Editor in 4.48 ms, found 3 plugins.
Preloading 0 native plugins for Editor in 0.00 ms.
Unloading 3514 Unused Serialized files (Serialized files now loaded: 0)
Unloading 18 unused Assets / (24.7 KB). Loaded Objects now: 4050.
Memory consumption went from 144.8 MB to 144.8 MB.
Total: 9.284700 ms (FindLiveObjects: 0.621200 ms CreateObjectMapping: 0.360800 ms MarkObjects: 8.263700 ms  DeleteObjects: 0.037400 ms)

AssetImportParameters requested are different than current active one (requested -> active):
  custom:video-decoder-ogg-theora: a1e56fd34408186e4bbccfd4996cb3dc -> 
  custom:container-muxer-webm: aa71ff27fc2769a1b78a27578f13a17b -> 
  custom:container-demuxer-webm: 4f35f7cbe854078d1ac9338744f61a02 -> 
  custom:video-encoder-webm-vp8: eb34c28f22e8b96e1ab97ce403110664 -> 
  custom:video-codec-MediaFoundation-h265: 746d11721c4dcdbdad8f713fa42b33f4 -> 
  custom:audio-encoder-webm-vorbis: bf7c407c2cedff20999df2af8eb42d56 -> 
  custom:framework-win-MediaFoundation: 216162199b28c13a410421893ffa2e32 -> 
  custom:container-demuxer-ogg: 62fdf1f143b41e24485cea50d1cbac27 -> 
  custom:video-decoder-webm-vp8: 9c59270c3fd7afecdb556c50c9e8de78 -> 
  custom:audio-decoder-ogg-vorbis: bf7c407c2cedff20999df2af8eb42d56 -> 
========================================================================
Received Prepare
Registering precompiled user dll's ...
Registered in 0.013456 seconds.
Begin MonoManager ReloadAssembly
Symbol file LoadedFromMemory doesn't match image D:\Unity 프로젝트\RTS-GAME\RTS GAME\Library\PackageCache\com.unity.visualscripting@1.7.8\Editor\VisualScripting.Core\Dependencies\YamlDotNet\Unity.VisualScripting.YamlDotNet.dll
Symbol file LoadedFromMemory doesn't match image D:\Unity 프로젝트\RTS-GAME\RTS GAME\Library\PackageCache\com.unity.visualscripting@1.7.8\Editor\VisualScripting.Core\Dependencies\DotNetZip\Unity.VisualScripting.IonicZip.dll
Native extension for WindowsStandalone target not found
Native extension for Android target not found
Refreshing native plugins compatible for Editor in 5.17 ms, found 3 plugins.
Preloading 0 native plugins for Editor in 0.00 ms.
Mono: successfully reloaded assembly
- Completed reload, in  3.254 seconds
Domain Reload Profiling:
	ReloadAssembly (3259ms)
		BeginReloadAssembly (358ms)
			ExecutionOrderSort (0ms)
			DisableScriptedObjects (12ms)
			BackupInstance (0ms)
			ReleaseScriptingObjects (0ms)
			CreateAndSetChildDomain (100ms)
		EndReloadAssembly (2694ms)
			LoadAssemblies (273ms)
			RebuildTransferFunctionScriptingTraits (0ms)
			SetupTypeCache (930ms)
			ReleaseScriptCaches (3ms)
			RebuildScriptCaches (172ms)
			SetupLoadedEditorAssemblies (1172ms)
				LogAssemblyErrors (0ms)
				InitializePlatformSupportModulesInManaged (79ms)
				SetLoadedEditorAssemblies (3ms)
				RefreshPlugins (5ms)
				BeforeProcessingInitializeOnLoad (265ms)
				ProcessInitializeOnLoadAttributes (687ms)
				ProcessInitializeOnLoadMethodAttributes (118ms)
				AfterProcessingInitializeOnLoad (15ms)
				EditorAssembliesLoaded (0ms)
			ExecutionOrderSort2 (0ms)
			AwakeInstancesAfterBackupRestoration (42ms)
Platform modules already initialized, skipping
Refreshing native plugins compatible for Editor in 10.24 ms, found 3 plugins.
Preloading 0 native plugins for Editor in 0.00 ms.
Unloading 3514 Unused Serialized files (Serialized files now loaded: 0)
Unloading 18 unused Assets / (24.6 KB). Loaded Objects now: 4053.
Memory consumption went from 144.8 MB to 144.8 MB.
Total: 6.083100 ms (FindLiveObjects: 0.415500 ms CreateObjectMapping: 0.422000 ms MarkObjects: 5.205300 ms  DeleteObjects: 0.038900 ms)

AssetImportParameters requested are different than current active one (requested -> active):
  custom:video-decoder-ogg-theora: a1e56fd34408186e4bbccfd4996cb3dc -> 
  custom:container-muxer-webm: aa71ff27fc2769a1b78a27578f13a17b -> 
  custom:container-demuxer-webm: 4f35f7cbe854078d1ac9338744f61a02 -> 
  custom:video-encoder-webm-vp8: eb34c28f22e8b96e1ab97ce403110664 -> 
  custom:video-codec-MediaFoundation-h265: 746d11721c4dcdbdad8f713fa42b33f4 -> 
  custom:audio-encoder-webm-vorbis: bf7c407c2cedff20999df2af8eb42d56 -> 
  custom:framework-win-MediaFoundation: 216162199b28c13a410421893ffa2e32 -> 
  custom:container-demuxer-ogg: 62fdf1f143b41e24485cea50d1cbac27 -> 
  custom:video-decoder-webm-vp8: 9c59270c3fd7afecdb556c50c9e8de78 -> 
  custom:audio-decoder-ogg-vorbis: bf7c407c2cedff20999df2af8eb42d56 -> 
========================================================================
Received Prepare
Registering precompiled user dll's ...
Registered in 0.021558 seconds.
Begin MonoManager ReloadAssembly
Symbol file LoadedFromMemory doesn't match image D:\Unity 프로젝트\RTS-GAME\RTS GAME\Library\PackageCache\com.unity.visualscripting@1.7.8\Editor\VisualScripting.Core\Dependencies\YamlDotNet\Unity.VisualScripting.YamlDotNet.dll
Symbol file LoadedFromMemory doesn't match image D:\Unity 프로젝트\RTS-GAME\RTS GAME\Library\PackageCache\com.unity.visualscripting@1.7.8\Editor\VisualScripting.Core\Dependencies\DotNetZip\Unity.VisualScripting.IonicZip.dll
Native extension for WindowsStandalone target not found
Native extension for Android target not found
Refreshing native plugins compatible for Editor in 3.76 ms, found 3 plugins.
Preloading 0 native plugins for Editor in 0.00 ms.
Mono: successfully reloaded assembly
- Completed reload, in  3.869 seconds
Domain Reload Profiling:
	ReloadAssembly (3876ms)
		BeginReloadAssembly (550ms)
			ExecutionOrderSort (0ms)
			DisableScriptedObjects (15ms)
			BackupInstance (0ms)
			ReleaseScriptingObjects (0ms)
			CreateAndSetChildDomain (118ms)
		EndReloadAssembly (2949ms)
			LoadAssemblies (386ms)
			RebuildTransferFunctionScriptingTraits (1ms)
			SetupTypeCache (1152ms)
			ReleaseScriptCaches (3ms)
			RebuildScriptCaches (179ms)
			SetupLoadedEditorAssemblies (1169ms)
				LogAssemblyErrors (0ms)
				InitializePlatformSupportModulesInManaged (95ms)
				SetLoadedEditorAssemblies (4ms)
				RefreshPlugins (4ms)
				BeforeProcessingInitializeOnLoad (160ms)
				ProcessInitializeOnLoadAttributes (765ms)
				ProcessInitializeOnLoadMethodAttributes (132ms)
				AfterProcessingInitializeOnLoad (9ms)
				EditorAssembliesLoaded (0ms)
			ExecutionOrderSort2 (0ms)
			AwakeInstancesAfterBackupRestoration (37ms)
Platform modules already initialized, skipping
Refreshing native plugins compatible for Editor in 18.31 ms, found 3 plugins.
Preloading 0 native plugins for Editor in 0.00 ms.
Unloading 3514 Unused Serialized files (Serialized files now loaded: 0)
Unloading 18 unused Assets / (24.6 KB). Loaded Objects now: 4056.
Memory consumption went from 144.9 MB to 144.8 MB.
Total: 14.260600 ms (FindLiveObjects: 0.396500 ms CreateObjectMapping: 0.531700 ms MarkObjects: 13.167900 ms  DeleteObjects: 0.162800 ms)

AssetImportParameters requested are different than current active one (requested -> active):
  custom:video-decoder-ogg-theora: a1e56fd34408186e4bbccfd4996cb3dc -> 
  custom:container-muxer-webm: aa71ff27fc2769a1b78a27578f13a17b -> 
  custom:container-demuxer-webm: 4f35f7cbe854078d1ac9338744f61a02 -> 
  custom:video-encoder-webm-vp8: eb34c28f22e8b96e1ab97ce403110664 -> 
  custom:video-codec-MediaFoundation-h265: 746d11721c4dcdbdad8f713fa42b33f4 -> 
  custom:audio-encoder-webm-vorbis: bf7c407c2cedff20999df2af8eb42d56 -> 
  custom:framework-win-MediaFoundation: 216162199b28c13a410421893ffa2e32 -> 
  custom:container-demuxer-ogg: 62fdf1f143b41e24485cea50d1cbac27 -> 
  custom:video-decoder-webm-vp8: 9c59270c3fd7afecdb556c50c9e8de78 -> 
  custom:audio-decoder-ogg-vorbis: bf7c407c2cedff20999df2af8eb42d56 -> 
========================================================================
Received Prepare
Registering precompiled user dll's ...
Registered in 0.013524 seconds.
Begin MonoManager ReloadAssembly
Symbol file LoadedFromMemory doesn't match image D:\Unity 프로젝트\RTS-GAME\RTS GAME\Library\PackageCache\com.unity.visualscripting@1.7.8\Editor\VisualScripting.Core\Dependencies\YamlDotNet\Unity.VisualScripting.YamlDotNet.dll
Symbol file LoadedFromMemory doesn't match image D:\Unity 프로젝트\RTS-GAME\RTS GAME\Library\PackageCache\com.unity.visualscripting@1.7.8\Editor\VisualScripting.Core\Dependencies\DotNetZip\Unity.VisualScripting.IonicZip.dll
Native extension for WindowsStandalone target not found
Native extension for Android target not found
Refreshing native plugins compatible for Editor in 1.15 ms, found 3 plugins.
Preloading 0 native plugins for Editor in 0.00 ms.
Mono: successfully reloaded assembly
- Completed reload, in  2.575 seconds
Domain Reload Profiling:
	ReloadAssembly (2579ms)
		BeginReloadAssembly (335ms)
			ExecutionOrderSort (0ms)
			DisableScriptedObjects (14ms)
			BackupInstance (0ms)
			ReleaseScriptingObjects (1ms)
			CreateAndSetChildDomain (75ms)
		EndReloadAssembly (2014ms)
			LoadAssemblies (266ms)
			RebuildTransferFunctionScriptingTraits (0ms)
			SetupTypeCache (697ms)
			ReleaseScriptCaches (6ms)
			RebuildScriptCaches (84ms)
			SetupLoadedEditorAssemblies (832ms)
				LogAssemblyErrors (0ms)
				InitializePlatformSupportModulesInManaged (58ms)
				SetLoadedEditorAssemblies (1ms)
				RefreshPlugins (1ms)
				BeforeProcessingInitializeOnLoad (133ms)
				ProcessInitializeOnLoadAttributes (531ms)
				ProcessInitializeOnLoadMethodAttributes (103ms)
				AfterProcessingInitializeOnLoad (5ms)
				EditorAssembliesLoaded (0ms)
			ExecutionOrderSort2 (0ms)
			AwakeInstancesAfterBackupRestoration (45ms)
Platform modules already initialized, skipping
Refreshing native plugins compatible for Editor in 3.31 ms, found 3 plugins.
Preloading 0 native plugins for Editor in 0.00 ms.
Unloading 3514 Unused Serialized files (Serialized files now loaded: 0)
Unloading 18 unused Assets / (24.6 KB). Loaded Objects now: 4059.
Memory consumption went from 144.9 MB to 144.8 MB.
Total: 3.681600 ms (FindLiveObjects: 0.358300 ms CreateObjectMapping: 0.184200 ms MarkObjects: 3.065400 ms  DeleteObjects: 0.072600 ms)

AssetImportParameters requested are different than current active one (requested -> active):
  custom:video-decoder-ogg-theora: a1e56fd34408186e4bbccfd4996cb3dc -> 
  custom:container-muxer-webm: aa71ff27fc2769a1b78a27578f13a17b -> 
  custom:container-demuxer-webm: 4f35f7cbe854078d1ac9338744f61a02 -> 
  custom:video-encoder-webm-vp8: eb34c28f22e8b96e1ab97ce403110664 -> 
  custom:video-codec-MediaFoundation-h265: 746d11721c4dcdbdad8f713fa42b33f4 -> 
  custom:audio-encoder-webm-vorbis: bf7c407c2cedff20999df2af8eb42d56 -> 
  custom:framework-win-MediaFoundation: 216162199b28c13a410421893ffa2e32 -> 
  custom:container-demuxer-ogg: 62fdf1f143b41e24485cea50d1cbac27 -> 
  custom:video-decoder-webm-vp8: 9c59270c3fd7afecdb556c50c9e8de78 -> 
  custom:audio-decoder-ogg-vorbis: bf7c407c2cedff20999df2af8eb42d56 -> 
========================================================================
Received Prepare
Registering precompiled user dll's ...
Registered in 0.029903 seconds.
Begin MonoManager ReloadAssembly
Symbol file LoadedFromMemory doesn't match image D:\Unity 프로젝트\RTS-GAME\RTS GAME\Library\PackageCache\com.unity.visualscripting@1.7.8\Editor\VisualScripting.Core\Dependencies\YamlDotNet\Unity.VisualScripting.YamlDotNet.dll
Symbol file LoadedFromMemory doesn't match image D:\Unity 프로젝트\RTS-GAME\RTS GAME\Library\PackageCache\com.unity.visualscripting@1.7.8\Editor\VisualScripting.Core\Dependencies\DotNetZip\Unity.VisualScripting.IonicZip.dll
Native extension for WindowsStandalone target not found
Native extension for Android target not found
Refreshing native plugins compatible for Editor in 1.03 ms, found 3 plugins.
Preloading 0 native plugins for Editor in 0.00 ms.
Mono: successfully reloaded assembly
- Completed reload, in  2.943 seconds
Domain Reload Profiling:
	ReloadAssembly (2946ms)
		BeginReloadAssembly (718ms)
			ExecutionOrderSort (0ms)
			DisableScriptedObjects (19ms)
			BackupInstance (0ms)
			ReleaseScriptingObjects (0ms)
			CreateAndSetChildDomain (204ms)
		EndReloadAssembly (1980ms)
			LoadAssemblies (502ms)
			RebuildTransferFunctionScriptingTraits (0ms)
			SetupTypeCache (747ms)
			ReleaseScriptCaches (2ms)
			RebuildScriptCaches (103ms)
			SetupLoadedEditorAssemblies (789ms)
				LogAssemblyErrors (0ms)
				InitializePlatformSupportModulesInManaged (46ms)
				SetLoadedEditorAssemblies (1ms)
				RefreshPlugins (1ms)
				BeforeProcessingInitializeOnLoad (177ms)
				ProcessInitializeOnLoadAttributes (469ms)
				ProcessInitializeOnLoadMethodAttributes (88ms)
				AfterProcessingInitializeOnLoad (7ms)
				EditorAssembliesLoaded (0ms)
			ExecutionOrderSort2 (0ms)
			AwakeInstancesAfterBackupRestoration (28ms)
Platform modules already initialized, skipping
Refreshing native plugins compatible for Editor in 10.18 ms, found 3 plugins.
Preloading 0 native plugins for Editor in 0.00 ms.
Unloading 3514 Unused Serialized files (Serialized files now loaded: 0)
Unloading 18 unused Assets / (24.7 KB). Loaded Objects now: 4062.
Memory consumption went from 144.9 MB to 144.8 MB.
Total: 23.742500 ms (FindLiveObjects: 1.439500 ms CreateObjectMapping: 3.461000 ms MarkObjects: 18.787400 ms  DeleteObjects: 0.052400 ms)

AssetImportParameters requested are different than current active one (requested -> active):
  custom:video-decoder-ogg-theora: a1e56fd34408186e4bbccfd4996cb3dc -> 
  custom:container-muxer-webm: aa71ff27fc2769a1b78a27578f13a17b -> 
  custom:container-demuxer-webm: 4f35f7cbe854078d1ac9338744f61a02 -> 
  custom:video-encoder-webm-vp8: eb34c28f22e8b96e1ab97ce403110664 -> 
  custom:video-codec-MediaFoundation-h265: 746d11721c4dcdbdad8f713fa42b33f4 -> 
  custom:audio-encoder-webm-vorbis: bf7c407c2cedff20999df2af8eb42d56 -> 
  custom:framework-win-MediaFoundation: 216162199b28c13a410421893ffa2e32 -> 
  custom:container-demuxer-ogg: 62fdf1f143b41e24485cea50d1cbac27 -> 
  custom:video-decoder-webm-vp8: 9c59270c3fd7afecdb556c50c9e8de78 -> 
  custom:audio-decoder-ogg-vorbis: bf7c407c2cedff20999df2af8eb42d56 -> 
========================================================================
Received Prepare
Registering precompiled user dll's ...
Registered in 0.024685 seconds.
Begin MonoManager ReloadAssembly
Symbol file LoadedFromMemory doesn't match image D:\Unity 프로젝트\RTS-GAME\RTS GAME\Library\PackageCache\com.unity.visualscripting@1.7.8\Editor\VisualScripting.Core\Dependencies\YamlDotNet\Unity.VisualScripting.YamlDotNet.dll
Symbol file LoadedFromMemory doesn't match image D:\Unity 프로젝트\RTS-GAME\RTS GAME\Library\PackageCache\com.unity.visualscripting@1.7.8\Editor\VisualScripting.Core\Dependencies\DotNetZip\Unity.VisualScripting.IonicZip.dll
Native extension for WindowsStandalone target not found
Native extension for Android target not found
Refreshing native plugins compatible for Editor in 8.15 ms, found 3 plugins.
Preloading 0 native plugins for Editor in 0.00 ms.
Mono: successfully reloaded assembly
- Completed reload, in  3.464 seconds
Domain Reload Profiling:
	ReloadAssembly (3466ms)
		BeginReloadAssembly (447ms)
			ExecutionOrderSort (0ms)
			DisableScriptedObjects (17ms)
			BackupInstance (0ms)
			ReleaseScriptingObjects (0ms)
			CreateAndSetChildDomain (111ms)
		EndReloadAssembly (2652ms)
			LoadAssemblies (402ms)
			RebuildTransferFunctionScriptingTraits (0ms)
			SetupTypeCache (866ms)
			ReleaseScriptCaches (9ms)
			RebuildScriptCaches (165ms)
			SetupLoadedEditorAssemblies (1127ms)
				LogAssemblyErrors (0ms)
				InitializePlatformSupportModulesInManaged (83ms)
				SetLoadedEditorAssemblies (1ms)
				RefreshPlugins (8ms)
				BeforeProcessingInitializeOnLoad (170ms)
				ProcessInitializeOnLoadAttributes (726ms)
				ProcessInitializeOnLoadMethodAttributes (127ms)
				AfterProcessingInitializeOnLoad (12ms)
				EditorAssembliesLoaded (0ms)
			ExecutionOrderSort2 (0ms)
			AwakeInstancesAfterBackupRestoration (45ms)
Platform modules already initialized, skipping
Refreshing native plugins compatible for Editor in 9.57 ms, found 3 plugins.
Preloading 0 native plugins for Editor in 0.00 ms.
Unloading 3514 Unused Serialized files (Serialized files now loaded: 0)
Unloading 18 unused Assets / (24.7 KB). Loaded Objects now: 4065.
Memory consumption went from 144.9 MB to 144.9 MB.
Total: 20.521800 ms (FindLiveObjects: 0.827000 ms CreateObjectMapping: 0.656700 ms MarkObjects: 18.960500 ms  DeleteObjects: 0.075400 ms)

AssetImportParameters requested are different than current active one (requested -> active):
  custom:video-decoder-ogg-theora: a1e56fd34408186e4bbccfd4996cb3dc -> 
  custom:container-muxer-webm: aa71ff27fc2769a1b78a27578f13a17b -> 
  custom:container-demuxer-webm: 4f35f7cbe854078d1ac9338744f61a02 -> 
  custom:video-encoder-webm-vp8: eb34c28f22e8b96e1ab97ce403110664 -> 
  custom:video-codec-MediaFoundation-h265: 746d11721c4dcdbdad8f713fa42b33f4 -> 
  custom:audio-encoder-webm-vorbis: bf7c407c2cedff20999df2af8eb42d56 -> 
  custom:framework-win-MediaFoundation: 216162199b28c13a410421893ffa2e32 -> 
  custom:container-demuxer-ogg: 62fdf1f143b41e24485cea50d1cbac27 -> 
  custom:video-decoder-webm-vp8: 9c59270c3fd7afecdb556c50c9e8de78 -> 
  custom:audio-decoder-ogg-vorbis: bf7c407c2cedff20999df2af8eb42d56 -> 
========================================================================
Received Prepare
Registering precompiled user dll's ...
Registered in 0.010646 seconds.
Begin MonoManager ReloadAssembly
Symbol file LoadedFromMemory doesn't match image D:\Unity 프로젝트\RTS-GAME\RTS GAME\Library\PackageCache\com.unity.visualscripting@1.7.8\Editor\VisualScripting.Core\Dependencies\YamlDotNet\Unity.VisualScripting.YamlDotNet.dll
Symbol file LoadedFromMemory doesn't match image D:\Unity 프로젝트\RTS-GAME\RTS GAME\Library\PackageCache\com.unity.visualscripting@1.7.8\Editor\VisualScripting.Core\Dependencies\DotNetZip\Unity.VisualScripting.IonicZip.dll
Native extension for WindowsStandalone target not found
Native extension for Android target not found
Refreshing native plugins compatible for Editor in 1.53 ms, found 3 plugins.
Preloading 0 native plugins for Editor in 0.00 ms.
Mono: successfully reloaded assembly
- Completed reload, in  2.432 seconds
Domain Reload Profiling:
	ReloadAssembly (2434ms)
		BeginReloadAssembly (325ms)
			ExecutionOrderSort (0ms)
			DisableScriptedObjects (13ms)
			BackupInstance (0ms)
			ReleaseScriptingObjects (0ms)
			CreateAndSetChildDomain (92ms)
		EndReloadAssembly (1910ms)
			LoadAssemblies (251ms)
			RebuildTransferFunctionScriptingTraits (0ms)
			SetupTypeCache (609ms)
			ReleaseScriptCaches (4ms)
			RebuildScriptCaches (103ms)
			SetupLoadedEditorAssemblies (857ms)
				LogAssemblyErrors (0ms)
				InitializePlatformSupportModulesInManaged (49ms)
				SetLoadedEditorAssemblies (1ms)
				RefreshPlugins (2ms)
				BeforeProcessingInitializeOnLoad (149ms)
				ProcessInitializeOnLoadAttributes (553ms)
				ProcessInitializeOnLoadMethodAttributes (93ms)
				AfterProcessingInitializeOnLoad (9ms)
				EditorAssembliesLoaded (1ms)
			ExecutionOrderSort2 (0ms)
			AwakeInstancesAfterBackupRestoration (51ms)
Platform modules already initialized, skipping
Refreshing native plugins compatible for Editor in 4.58 ms, found 3 plugins.
Preloading 0 native plugins for Editor in 0.00 ms.
Unloading 3514 Unused Serialized files (Serialized files now loaded: 0)
Unloading 18 unused Assets / (24.6 KB). Loaded Objects now: 4068.
Memory consumption went from 144.9 MB to 144.9 MB.
Total: 9.047000 ms (FindLiveObjects: 1.923700 ms CreateObjectMapping: 0.819400 ms MarkObjects: 6.269200 ms  DeleteObjects: 0.032900 ms)

AssetImportParameters requested are different than current active one (requested -> active):
  custom:video-decoder-ogg-theora: a1e56fd34408186e4bbccfd4996cb3dc -> 
  custom:container-muxer-webm: aa71ff27fc2769a1b78a27578f13a17b -> 
  custom:container-demuxer-webm: 4f35f7cbe854078d1ac9338744f61a02 -> 
  custom:video-encoder-webm-vp8: eb34c28f22e8b96e1ab97ce403110664 -> 
  custom:video-codec-MediaFoundation-h265: 746d11721c4dcdbdad8f713fa42b33f4 -> 
  custom:audio-encoder-webm-vorbis: bf7c407c2cedff20999df2af8eb42d56 -> 
  custom:framework-win-MediaFoundation: 216162199b28c13a410421893ffa2e32 -> 
  custom:container-demuxer-ogg: 62fdf1f143b41e24485cea50d1cbac27 -> 
  custom:video-decoder-webm-vp8: 9c59270c3fd7afecdb556c50c9e8de78 -> 
  custom:audio-decoder-ogg-vorbis: bf7c407c2cedff20999df2af8eb42d56 -> 
========================================================================
Received Prepare
Registering precompiled user dll's ...
Registered in 0.014892 seconds.
Begin MonoManager ReloadAssembly
Symbol file LoadedFromMemory doesn't match image D:\Unity 프로젝트\RTS-GAME\RTS GAME\Library\PackageCache\com.unity.visualscripting@1.7.8\Editor\VisualScripting.Core\Dependencies\YamlDotNet\Unity.VisualScripting.YamlDotNet.dll
Symbol file LoadedFromMemory doesn't match image D:\Unity 프로젝트\RTS-GAME\RTS GAME\Library\PackageCache\com.unity.visualscripting@1.7.8\Editor\VisualScripting.Core\Dependencies\DotNetZip\Unity.VisualScripting.IonicZip.dll
Native extension for WindowsStandalone target not found
Native extension for Android target not found
Refreshing native plugins compatible for Editor in 1.00 ms, found 3 plugins.
Preloading 0 native plugins for Editor in 0.00 ms.
Mono: successfully reloaded assembly
- Completed reload, in  2.499 seconds
Domain Reload Profiling:
	ReloadAssembly (2505ms)
		BeginReloadAssembly (276ms)
			ExecutionOrderSort (0ms)
			DisableScriptedObjects (11ms)
			BackupInstance (0ms)
			ReleaseScriptingObjects (0ms)
			CreateAndSetChildDomain (53ms)
		EndReloadAssembly (2029ms)
			LoadAssemblies (221ms)
			RebuildTransferFunctionScriptingTraits (0ms)
			SetupTypeCache (597ms)
			ReleaseScriptCaches (4ms)
			RebuildScriptCaches (135ms)
			SetupLoadedEditorAssemblies (953ms)
				LogAssemblyErrors (0ms)
				InitializePlatformSupportModulesInManaged (51ms)
				SetLoadedEditorAssemblies (1ms)
				RefreshPlugins (1ms)
				BeforeProcessingInitializeOnLoad (166ms)
				ProcessInitializeOnLoadAttributes (622ms)
				ProcessInitializeOnLoadMethodAttributes (103ms)
				AfterProcessingInitializeOnLoad (9ms)
				EditorAssembliesLoaded (0ms)
			ExecutionOrderSort2 (0ms)
			AwakeInstancesAfterBackupRestoration (37ms)
Platform modules already initialized, skipping
Refreshing native plugins compatible for Editor in 4.43 ms, found 3 plugins.
Preloading 0 native plugins for Editor in 0.00 ms.
Unloading 3514 Unused Serialized files (Serialized files now loaded: 0)
Unloading 18 unused Assets / (24.6 KB). Loaded Objects now: 4071.
Memory consumption went from 144.9 MB to 144.9 MB.
Total: 22.245000 ms (FindLiveObjects: 1.038200 ms CreateObjectMapping: 1.689100 ms MarkObjects: 19.290900 ms  DeleteObjects: 0.223900 ms)

AssetImportParameters requested are different than current active one (requested -> active):
  custom:video-decoder-ogg-theora: a1e56fd34408186e4bbccfd4996cb3dc -> 
  custom:container-muxer-webm: aa71ff27fc2769a1b78a27578f13a17b -> 
  custom:container-demuxer-webm: 4f35f7cbe854078d1ac9338744f61a02 -> 
  custom:video-encoder-webm-vp8: eb34c28f22e8b96e1ab97ce403110664 -> 
  custom:video-codec-MediaFoundation-h265: 746d11721c4dcdbdad8f713fa42b33f4 -> 
  custom:audio-encoder-webm-vorbis: bf7c407c2cedff20999df2af8eb42d56 -> 
  custom:framework-win-MediaFoundation: 216162199b28c13a410421893ffa2e32 -> 
  custom:container-demuxer-ogg: 62fdf1f143b41e24485cea50d1cbac27 -> 
  custom:video-decoder-webm-vp8: 9c59270c3fd7afecdb556c50c9e8de78 -> 
  custom:audio-decoder-ogg-vorbis: bf7c407c2cedff20999df2af8eb42d56 -> 
