Using pre-set license
Built from '2021.3/staging' branch; Version is '2021.3.11f1 (0a5ca18544bf) revision 679073'; Using compiler version '192829333'; Build Type 'Release'
OS: 'Windows 10  (10.0.19045) 64bit Core' Language: 'ko' Physical Memory: 8105 MB
BatchMode: 1, IsHumanControllingUs: 0, StartBugReporterOnCrash: 0, Is64bit: 1, IsPro: 1

COMMAND LINE ARGUMENTS:
D:\Unity\2021.3.11f1\Editor\Unity.exe
-adb2
-batchMode
-noUpm
-name
AssetImportWorker6
-projectPath
D:/Unity 프로젝트/RTS-GAME/RTS GAME
-logFile
Logs/AssetImportWorker6.log
-srvPort
62816
Successfully changed project path to: D:/Unity 프로젝트/RTS-GAME/RTS GAME
D:/Unity 프로젝트/RTS-GAME/RTS GAME
[UnityMemory] Configuration Parameters - Can be set up in boot.config
    "memorysetup-bucket-allocator-granularity=16"
    "memorysetup-bucket-allocator-bucket-count=8"
    "memorysetup-bucket-allocator-block-size=33554432"
    "memorysetup-bucket-allocator-block-count=8"
    "memorysetup-main-allocator-block-size=16777216"
    "memorysetup-thread-allocator-block-size=16777216"
    "memorysetup-gfx-main-allocator-block-size=16777216"
    "memorysetup-gfx-thread-allocator-block-size=16777216"
    "memorysetup-cache-allocator-block-size=4194304"
    "memorysetup-typetree-allocator-block-size=2097152"
    "memorysetup-profiler-bucket-allocator-granularity=16"
    "memorysetup-profiler-bucket-allocator-bucket-count=8"
    "memorysetup-profiler-bucket-allocator-block-size=33554432"
    "memorysetup-profiler-bucket-allocator-block-count=8"
    "memorysetup-profiler-allocator-block-size=16777216"
    "memorysetup-profiler-editor-allocator-block-size=1048576"
    "memorysetup-temp-allocator-size-main=16777216"
    "memorysetup-job-temp-allocator-block-size=2097152"
    "memorysetup-job-temp-allocator-block-size-background=1048576"
    "memorysetup-job-temp-allocator-reduction-small-platforms=262144"
    "memorysetup-temp-allocator-size-background-worker=32768"
    "memorysetup-temp-allocator-size-job-worker=262144"
    "memorysetup-temp-allocator-size-preload-manager=33554432"
    "memorysetup-temp-allocator-size-nav-mesh-worker=65536"
    "memorysetup-temp-allocator-size-audio-worker=65536"
    "memorysetup-temp-allocator-size-cloud-worker=32768"
    "memorysetup-temp-allocator-size-gi-baking-worker=262144"
    "memorysetup-temp-allocator-size-gfx=262144"
Refreshing native plugins compatible for Editor in 253.27 ms, found 3 plugins.
Preloading 0 native plugins for Editor in 0.00 ms.
Initialize engine version: 2021.3.11f1 (0a5ca18544bf)
[Subsystems] Discovering subsystems at path D:/Unity/2021.3.11f1/Editor/Data/Resources/UnitySubsystems
[Subsystems] Discovering subsystems at path D:/Unity 프로젝트/RTS-GAME/RTS GAME/Assets
GfxDevice: creating device client; threaded=0; jobified=0
Direct3D:
    Version:  Direct3D 11.0 [level 11.1]
    Renderer: NVIDIA GeForce GTX 1050 (ID=0x1c8d)
    Vendor:   NVIDIA
    VRAM:     4021 MB
    Driver:   24.21.13.9907
Initialize mono
Mono path[0] = 'D:/Unity/2021.3.11f1/Editor/Data/Managed'
Mono path[1] = 'D:/Unity/2021.3.11f1/Editor/Data/MonoBleedingEdge/lib/mono/unityjit-win32'
Mono config path = 'D:/Unity/2021.3.11f1/Editor/Data/MonoBleedingEdge/etc'
Using monoOptions --debugger-agent=transport=dt_socket,embedding=1,server=y,suspend=n,address=127.0.0.1:56844
Begin MonoManager ReloadAssembly
Registering precompiled unity dll's ...
Register platform support module: D:/Unity/2021.3.11f1/Editor/Data/PlaybackEngines/AndroidPlayer/UnityEditor.Android.Extensions.dll
Register platform support module: D:/Unity/2021.3.11f1/Editor/Data/PlaybackEngines/WindowsStandaloneSupport/UnityEditor.WindowsStandalone.Extensions.dll
Registered in 0.011882 seconds.
Native extension for WindowsStandalone target not found
Native extension for Android target not found
Refreshing native plugins compatible for Editor in 261.57 ms, found 3 plugins.
Preloading 0 native plugins for Editor in 0.00 ms.
Mono: successfully reloaded assembly
- Completed reload, in  2.459 seconds
Domain Reload Profiling:
	ReloadAssembly (2461ms)
		BeginReloadAssembly (200ms)
			ExecutionOrderSort (0ms)
			DisableScriptedObjects (0ms)
			BackupInstance (0ms)
			ReleaseScriptingObjects (0ms)
			CreateAndSetChildDomain (1ms)
		EndReloadAssembly (2017ms)
			LoadAssemblies (197ms)
			RebuildTransferFunctionScriptingTraits (0ms)
			SetupTypeCache (218ms)
			ReleaseScriptCaches (0ms)
			RebuildScriptCaches (79ms)
			SetupLoadedEditorAssemblies (1617ms)
				LogAssemblyErrors (0ms)
				InitializePlatformSupportModulesInManaged (242ms)
				SetLoadedEditorAssemblies (4ms)
				RefreshPlugins (262ms)
				BeforeProcessingInitializeOnLoad (5ms)
				ProcessInitializeOnLoadAttributes (809ms)
				ProcessInitializeOnLoadMethodAttributes (296ms)
				AfterProcessingInitializeOnLoad (0ms)
				EditorAssembliesLoaded (0ms)
			ExecutionOrderSort2 (0ms)
			AwakeInstancesAfterBackupRestoration (0ms)
Platform modules already initialized, skipping
Registering precompiled user dll's ...
Registered in 0.018160 seconds.
Begin MonoManager ReloadAssembly
Symbol file LoadedFromMemory doesn't match image D:\Unity 프로젝트\RTS-GAME\RTS GAME\Library\PackageCache\com.unity.visualscripting@1.7.8\Editor\VisualScripting.Core\Dependencies\YamlDotNet\Unity.VisualScripting.YamlDotNet.dll
Symbol file LoadedFromMemory doesn't match image D:\Unity 프로젝트\RTS-GAME\RTS GAME\Library\PackageCache\com.unity.visualscripting@1.7.8\Editor\VisualScripting.Core\Dependencies\DotNetZip\Unity.VisualScripting.IonicZip.dll
Native extension for WindowsStandalone target not found
Native extension for Android target not found
Refreshing native plugins compatible for Editor in 0.92 ms, found 3 plugins.
Preloading 0 native plugins for Editor in 0.00 ms.
Mono: successfully reloaded assembly
- Completed reload, in  2.140 seconds
Domain Reload Profiling:
	ReloadAssembly (2141ms)
		BeginReloadAssembly (345ms)
			ExecutionOrderSort (0ms)
			DisableScriptedObjects (10ms)
			BackupInstance (0ms)
			ReleaseScriptingObjects (0ms)
			CreateAndSetChildDomain (146ms)
		EndReloadAssembly (1582ms)
			LoadAssemblies (209ms)
			RebuildTransferFunctionScriptingTraits (0ms)
			SetupTypeCache (517ms)
			ReleaseScriptCaches (1ms)
			RebuildScriptCaches (109ms)
			SetupLoadedEditorAssemblies (692ms)
				LogAssemblyErrors (0ms)
				InitializePlatformSupportModulesInManaged (25ms)
				SetLoadedEditorAssemblies (1ms)
				RefreshPlugins (1ms)
				BeforeProcessingInitializeOnLoad (148ms)
				ProcessInitializeOnLoadAttributes (447ms)
				ProcessInitializeOnLoadMethodAttributes (66ms)
				AfterProcessingInitializeOnLoad (5ms)
				EditorAssembliesLoaded (0ms)
			ExecutionOrderSort2 (0ms)
			AwakeInstancesAfterBackupRestoration (25ms)
Platform modules already initialized, skipping
========================================================================
Worker process is ready to serve import requests
Launched and connected shader compiler UnityShaderCompiler.exe after 0.40 seconds
Refreshing native plugins compatible for Editor in 0.86 ms, found 3 plugins.
Preloading 0 native plugins for Editor in 0.00 ms.
Unloading 3546 Unused Serialized files (Serialized files now loaded: 0)
Unloading 29 unused Assets / (57.0 KB). Loaded Objects now: 4019.
Memory consumption went from 129.9 MB to 129.8 MB.
Total: 7.806600 ms (FindLiveObjects: 0.520700 ms CreateObjectMapping: 0.486900 ms MarkObjects: 6.635800 ms  DeleteObjects: 0.161200 ms)

AssetImportParameters requested are different than current active one (requested -> active):
  custom:video-decoder-ogg-theora: a1e56fd34408186e4bbccfd4996cb3dc -> 
  custom:container-muxer-webm: aa71ff27fc2769a1b78a27578f13a17b -> 
  custom:container-demuxer-webm: 4f35f7cbe854078d1ac9338744f61a02 -> 
  custom:video-encoder-webm-vp8: eb34c28f22e8b96e1ab97ce403110664 -> 
  custom:video-codec-MediaFoundation-h265: 746d11721c4dcdbdad8f713fa42b33f4 -> 
  custom:audio-encoder-webm-vorbis: bf7c407c2cedff20999df2af8eb42d56 -> 
  custom:framework-win-MediaFoundation: 216162199b28c13a410421893ffa2e32 -> 
  custom:container-demuxer-ogg: 62fdf1f143b41e24485cea50d1cbac27 -> 
  custom:video-decoder-webm-vp8: 9c59270c3fd7afecdb556c50c9e8de78 -> 
  custom:audio-decoder-ogg-vorbis: bf7c407c2cedff20999df2af8eb42d56 -> 
========================================================================
Received Prepare
Registering precompiled user dll's ...
Registered in 0.011101 seconds.
Begin MonoManager ReloadAssembly
Symbol file LoadedFromMemory doesn't match image D:\Unity 프로젝트\RTS-GAME\RTS GAME\Library\PackageCache\com.unity.visualscripting@1.7.8\Editor\VisualScripting.Core\Dependencies\YamlDotNet\Unity.VisualScripting.YamlDotNet.dll
Symbol file LoadedFromMemory doesn't match image D:\Unity 프로젝트\RTS-GAME\RTS GAME\Library\PackageCache\com.unity.visualscripting@1.7.8\Editor\VisualScripting.Core\Dependencies\DotNetZip\Unity.VisualScripting.IonicZip.dll
Native extension for WindowsStandalone target not found
Native extension for Android target not found
Refreshing native plugins compatible for Editor in 0.83 ms, found 3 plugins.
Preloading 0 native plugins for Editor in 0.00 ms.
Mono: successfully reloaded assembly
- Completed reload, in  2.006 seconds
Domain Reload Profiling:
	ReloadAssembly (2007ms)
		BeginReloadAssembly (369ms)
			ExecutionOrderSort (0ms)
			DisableScriptedObjects (12ms)
			BackupInstance (0ms)
			ReleaseScriptingObjects (0ms)
			CreateAndSetChildDomain (81ms)
		EndReloadAssembly (1454ms)
			LoadAssemblies (278ms)
			RebuildTransferFunctionScriptingTraits (0ms)
			SetupTypeCache (570ms)
			ReleaseScriptCaches (2ms)
			RebuildScriptCaches (88ms)
			SetupLoadedEditorAssemblies (573ms)
				LogAssemblyErrors (0ms)
				InitializePlatformSupportModulesInManaged (35ms)
				SetLoadedEditorAssemblies (1ms)
				RefreshPlugins (1ms)
				BeforeProcessingInitializeOnLoad (104ms)
				ProcessInitializeOnLoadAttributes (370ms)
				ProcessInitializeOnLoadMethodAttributes (56ms)
				AfterProcessingInitializeOnLoad (5ms)
				EditorAssembliesLoaded (0ms)
			ExecutionOrderSort2 (0ms)
			AwakeInstancesAfterBackupRestoration (25ms)
Platform modules already initialized, skipping
Refreshing native plugins compatible for Editor in 4.08 ms, found 3 plugins.
Preloading 0 native plugins for Editor in 0.00 ms.
Unloading 3521 Unused Serialized files (Serialized files now loaded: 0)
Unloading 18 unused Assets / (24.6 KB). Loaded Objects now: 4022.
Memory consumption went from 127.7 MB to 127.7 MB.
Total: 4.080800 ms (FindLiveObjects: 0.337700 ms CreateObjectMapping: 0.187500 ms MarkObjects: 3.513600 ms  DeleteObjects: 0.040500 ms)

AssetImportParameters requested are different than current active one (requested -> active):
  custom:video-decoder-ogg-theora: a1e56fd34408186e4bbccfd4996cb3dc -> 
  custom:container-muxer-webm: aa71ff27fc2769a1b78a27578f13a17b -> 
  custom:container-demuxer-webm: 4f35f7cbe854078d1ac9338744f61a02 -> 
  custom:video-encoder-webm-vp8: eb34c28f22e8b96e1ab97ce403110664 -> 
  custom:video-codec-MediaFoundation-h265: 746d11721c4dcdbdad8f713fa42b33f4 -> 
  custom:audio-encoder-webm-vorbis: bf7c407c2cedff20999df2af8eb42d56 -> 
  custom:framework-win-MediaFoundation: 216162199b28c13a410421893ffa2e32 -> 
  custom:container-demuxer-ogg: 62fdf1f143b41e24485cea50d1cbac27 -> 
  custom:video-decoder-webm-vp8: 9c59270c3fd7afecdb556c50c9e8de78 -> 
  custom:audio-decoder-ogg-vorbis: bf7c407c2cedff20999df2af8eb42d56 -> 
========================================================================
Received Import Request.
  Time since last request: 591469.536626 seconds.
  path: Assets/3. Prefebs/Units/My/Warband/Berserker Standard.prefab
  artifactKey: Guid(e331f429439fa6f418d7343bbb82562a) Importer(815301076,1909f56bfc062723c751e8b465ee728b)
Start importing Assets/3. Prefebs/Units/My/Warband/Berserker Standard.prefab using Guid(e331f429439fa6f418d7343bbb82562a) Importer(815301076,1909f56bfc062723c751e8b465ee728b)  -> (artifact id: '6e95a0a3380a1473187b80dfce5cd239') in 2.958558 seconds 
========================================================================
Received Import Request.
  Time since last request: 0.000081 seconds.
  path: Assets/3. Prefebs/Units/My/Warband/HeadHunter Standard.prefab
  artifactKey: Guid(79e3e79dae4815247a26e597863cf9bd) Importer(815301076,1909f56bfc062723c751e8b465ee728b)
Start importing Assets/3. Prefebs/Units/My/Warband/HeadHunter Standard.prefab using Guid(79e3e79dae4815247a26e597863cf9bd) Importer(815301076,1909f56bfc062723c751e8b465ee728b)  -> (artifact id: '9824afbdcc92bed4a87fbab655062590') in 0.832847 seconds 
========================================================================
Received Import Request.
  Time since last request: 0.002218 seconds.
  path: Assets/3. Prefebs/Units/My/Warband/Drake Standard.prefab
  artifactKey: Guid(74c6a11887ecd8b4493ca558900afa66) Importer(815301076,1909f56bfc062723c751e8b465ee728b)
Start importing Assets/3. Prefebs/Units/My/Warband/Drake Standard.prefab using Guid(74c6a11887ecd8b4493ca558900afa66) Importer(815301076,1909f56bfc062723c751e8b465ee728b)  -> (artifact id: 'b4ce38690e0712d4b6034ad4eecb69f1') in 0.555329 seconds 
========================================================================
Received Import Request.
  Time since last request: 0.000040 seconds.
  path: Assets/3. Prefebs/Units/My/Warband/Warlock Standard.prefab
  artifactKey: Guid(4c67c04846a72e64688a2ac506212673) Importer(815301076,1909f56bfc062723c751e8b465ee728b)
Start importing Assets/3. Prefebs/Units/My/Warband/Warlock Standard.prefab using Guid(4c67c04846a72e64688a2ac506212673) Importer(815301076,1909f56bfc062723c751e8b465ee728b)  -> (artifact id: 'ca715fbd1b0a65235667c24f0ee8dd3b') in 0.282731 seconds 
========================================================================
Received Import Request.
  Time since last request: 0.622104 seconds.
  path: Assets/3. Prefebs/Units/My/Human/Footman_Standard_PBR.prefab
  artifactKey: Guid(4dd157582750fea488763a03a48b8aed) Importer(815301076,1909f56bfc062723c751e8b465ee728b)
Start importing Assets/3. Prefebs/Units/My/Human/Footman_Standard_PBR.prefab using Guid(4dd157582750fea488763a03a48b8aed) Importer(815301076,1909f56bfc062723c751e8b465ee728b)  -> (artifact id: '650941527df6e2ad5d129d661168c576') in 1.848188 seconds 
========================================================================
Received Import Request.
  Time since last request: 0.000058 seconds.
  path: Assets/3. Prefebs/Units/My/Human/SiegeEngine_Standard_PBR.prefab
  artifactKey: Guid(eca79a1fd5ed8d64481de118dd265670) Importer(815301076,1909f56bfc062723c751e8b465ee728b)
Start importing Assets/3. Prefebs/Units/My/Human/SiegeEngine_Standard_PBR.prefab using Guid(eca79a1fd5ed8d64481de118dd265670) Importer(815301076,1909f56bfc062723c751e8b465ee728b)  -> (artifact id: '471d4592984340292768b43e77314de7') in 1.388181 seconds 
========================================================================
Received Import Request.
  Time since last request: 0.000072 seconds.
  path: Assets/3. Prefebs/Units/My/Human/Horseman_Standard_PBR.prefab
  artifactKey: Guid(eed858001959d9c4c85152d984d42f21) Importer(815301076,1909f56bfc062723c751e8b465ee728b)
Start importing Assets/3. Prefebs/Units/My/Human/Horseman_Standard_PBR.prefab using Guid(eed858001959d9c4c85152d984d42f21) Importer(815301076,1909f56bfc062723c751e8b465ee728b)  -> (artifact id: 'e3931fc3b0ce09be63e77c9817edeb90') in 0.928034 seconds 
========================================================================
Received Import Request.
  Time since last request: 0.000035 seconds.
  path: Assets/3. Prefebs/Units/My/Human/Knight_Standard_PBR.prefab
  artifactKey: Guid(a781d5759ef7f2747981d392b926d8cf) Importer(815301076,1909f56bfc062723c751e8b465ee728b)
Start importing Assets/3. Prefebs/Units/My/Human/Knight_Standard_PBR.prefab using Guid(a781d5759ef7f2747981d392b926d8cf) Importer(815301076,1909f56bfc062723c751e8b465ee728b)  -> (artifact id: 'e6226070ad8194fc44f1ac9f3e57aa93') in 0.789061 seconds 
========================================================================
Received Import Request.
  Time since last request: 2.196191 seconds.
  path: Assets/RTS Mini Legion Fantasy PBR/Mini Legion Human PBR/Meshes/Archer_Default.fbx
  artifactKey: Guid(f83ada511e4381849bce2b821bc4d683) Importer(815301076,1909f56bfc062723c751e8b465ee728b)
Start importing Assets/RTS Mini Legion Fantasy PBR/Mini Legion Human PBR/Meshes/Archer_Default.fbx using Guid(f83ada511e4381849bce2b821bc4d683) Importer(815301076,1909f56bfc062723c751e8b465ee728b)  -> (artifact id: '62ab090bff50d018d49c2c105c61430e') in 0.318481 seconds 
========================================================================
Received Import Request.
  Time since last request: 0.000043 seconds.
  path: Assets/RTS Mini Legion Fantasy PBR/Mini Legion Human PBR/Meshes/Horseman_Default.fbx
  artifactKey: Guid(5a7eb8f0a9269b748a649a15f9e39d52) Importer(815301076,1909f56bfc062723c751e8b465ee728b)
Start importing Assets/RTS Mini Legion Fantasy PBR/Mini Legion Human PBR/Meshes/Horseman_Default.fbx using Guid(5a7eb8f0a9269b748a649a15f9e39d52) Importer(815301076,1909f56bfc062723c751e8b465ee728b)  -> (artifact id: '04b377fe3d1e111a0b1bb2aa0e6c0d4b') in 0.065748 seconds 
========================================================================
Received Import Request.
  Time since last request: 0.000039 seconds.
  path: Assets/RTS Mini Legion Fantasy PBR/Mini Legion Human PBR/Meshes/Griffin_Default.fbx
  artifactKey: Guid(3fd8c6231965a3e49b05cc710e979d21) Importer(815301076,1909f56bfc062723c751e8b465ee728b)
Start importing Assets/RTS Mini Legion Fantasy PBR/Mini Legion Human PBR/Meshes/Griffin_Default.fbx using Guid(3fd8c6231965a3e49b05cc710e979d21) Importer(815301076,1909f56bfc062723c751e8b465ee728b)  -> (artifact id: '2ea704a2d43b02c210c99b13f3daceae') in 0.034782 seconds 
========================================================================
Received Import Request.
  Time since last request: 0.000040 seconds.
  path: Assets/RTS Mini Legion Fantasy PBR/Mini Legion Human PBR/Meshes/Knight_Default.fbx
  artifactKey: Guid(a765fdc3eb3b7b047b2ad91edf248951) Importer(815301076,1909f56bfc062723c751e8b465ee728b)
Start importing Assets/RTS Mini Legion Fantasy PBR/Mini Legion Human PBR/Meshes/Knight_Default.fbx using Guid(a765fdc3eb3b7b047b2ad91edf248951) Importer(815301076,1909f56bfc062723c751e8b465ee728b)  -> (artifact id: '22062fedd71d0cc120e59b77ef8976a3') in 0.049757 seconds 
========================================================================
Received Import Request.
  Time since last request: 0.000036 seconds.
  path: Assets/RTS Mini Legion Fantasy PBR/Mini Legion Human PBR/Meshes/Mage_Default.fbx
  artifactKey: Guid(85817aa52585f7c448b111fe88f56c41) Importer(815301076,1909f56bfc062723c751e8b465ee728b)
Start importing Assets/RTS Mini Legion Fantasy PBR/Mini Legion Human PBR/Meshes/Mage_Default.fbx using Guid(85817aa52585f7c448b111fe88f56c41) Importer(815301076,1909f56bfc062723c751e8b465ee728b)  -> (artifact id: '0bf54773398158822e9fe700793ec77f') in 0.052132 seconds 
========================================================================
Received Import Request.
  Time since last request: 22.099347 seconds.
  path: Assets/RTS Mini Legion Fantasy PBR/Mini Legion Human PBR/Animations/Archer/Archer_Attack01_Start.fbx
  artifactKey: Guid(9a51aabbef2ec75438f36f217675f3b8) Importer(815301076,1909f56bfc062723c751e8b465ee728b)
Start importing Assets/RTS Mini Legion Fantasy PBR/Mini Legion Human PBR/Animations/Archer/Archer_Attack01_Start.fbx using Guid(9a51aabbef2ec75438f36f217675f3b8) Importer(815301076,1909f56bfc062723c751e8b465ee728b)  -> (artifact id: '26a1af8a87a5f69c20b65a86653e8bce') in 0.111767 seconds 
========================================================================
Received Import Request.
  Time since last request: 0.000028 seconds.
  path: Assets/RTS Mini Legion Fantasy PBR/Mini Legion Human PBR/Animations/Archer/Archer_GetHit.fbx
  artifactKey: Guid(b3ce16fccca3cd54d8b250faf4a38926) Importer(815301076,1909f56bfc062723c751e8b465ee728b)
Start importing Assets/RTS Mini Legion Fantasy PBR/Mini Legion Human PBR/Animations/Archer/Archer_GetHit.fbx using Guid(b3ce16fccca3cd54d8b250faf4a38926) Importer(815301076,1909f56bfc062723c751e8b465ee728b)  -> (artifact id: 'b26d276cceba7fedd7cee46e633bf6ef') in 0.052123 seconds 
========================================================================
Received Import Request.
  Time since last request: 0.000027 seconds.
  path: Assets/RTS Mini Legion Fantasy PBR/Mini Legion Human PBR/Animations/Archer/Archer_Attack02_Routine.fbx
  artifactKey: Guid(66984a16ec82bb0419ed070b4816ce3b) Importer(815301076,1909f56bfc062723c751e8b465ee728b)
Start importing Assets/RTS Mini Legion Fantasy PBR/Mini Legion Human PBR/Animations/Archer/Archer_Attack02_Routine.fbx using Guid(66984a16ec82bb0419ed070b4816ce3b) Importer(815301076,1909f56bfc062723c751e8b465ee728b)  -> (artifact id: '7e3e3ac1f4a5a3d1e9b5c24ecc14326a') in 0.151178 seconds 
========================================================================
Received Import Request.
  Time since last request: 0.000073 seconds.
  path: Assets/RTS Mini Legion Fantasy PBR/Mini Legion Human PBR/Animations/Archer/Archer_Idle.fbx
  artifactKey: Guid(efd53a409eabce94aa425d15d914fd81) Importer(815301076,1909f56bfc062723c751e8b465ee728b)
Start importing Assets/RTS Mini Legion Fantasy PBR/Mini Legion Human PBR/Animations/Archer/Archer_Idle.fbx using Guid(efd53a409eabce94aa425d15d914fd81) Importer(815301076,1909f56bfc062723c751e8b465ee728b)  -> (artifact id: 'f877b416b68638e41860ca4c58a2a345') in 0.075291 seconds 
========================================================================
Received Import Request.
  Time since last request: 0.000029 seconds.
  path: Assets/RTS Mini Legion Fantasy PBR/Mini Legion Human PBR/Animations/Archer/Archer_Run.fbx
  artifactKey: Guid(31dd593f42e0a2d4f9e5b7ae0539cf3a) Importer(815301076,1909f56bfc062723c751e8b465ee728b)
Start importing Assets/RTS Mini Legion Fantasy PBR/Mini Legion Human PBR/Animations/Archer/Archer_Run.fbx using Guid(31dd593f42e0a2d4f9e5b7ae0539cf3a) Importer(815301076,1909f56bfc062723c751e8b465ee728b)  -> (artifact id: '195e0aa6c745afad9195d8ef541ef0cb') in 0.140768 seconds 
========================================================================
Received Import Request.
  Time since last request: 178.290574 seconds.
  path: Assets/RTS Mini Legion Fantasy PBR/Mini Legion Human PBR/Animations/Footman/Footman_Attack02.fbx
  artifactKey: Guid(650edd4fceac6d2448ddfb648fb63ea7) Importer(815301076,1909f56bfc062723c751e8b465ee728b)
Start importing Assets/RTS Mini Legion Fantasy PBR/Mini Legion Human PBR/Animations/Footman/Footman_Attack02.fbx using Guid(650edd4fceac6d2448ddfb648fb63ea7) Importer(815301076,1909f56bfc062723c751e8b465ee728b)  -> (artifact id: '5de044574807ae86432b6891dac0e84b') in 0.048931 seconds 
========================================================================
Received Import Request.
  Time since last request: 0.000036 seconds.
  path: Assets/RTS Mini Legion Fantasy PBR/Mini Legion Human PBR/Animations/Footman/Footman_Idle.fbx
  artifactKey: Guid(bfa077caef223d9448cbd1bf4036a7c5) Importer(815301076,1909f56bfc062723c751e8b465ee728b)
Start importing Assets/RTS Mini Legion Fantasy PBR/Mini Legion Human PBR/Animations/Footman/Footman_Idle.fbx using Guid(bfa077caef223d9448cbd1bf4036a7c5) Importer(815301076,1909f56bfc062723c751e8b465ee728b)  -> (artifact id: 'f3be355ad9d9a7bb4b5c2ca7410dec20') in 0.073293 seconds 
========================================================================
Received Import Request.
  Time since last request: 0.000027 seconds.
  path: Assets/RTS Mini Legion Fantasy PBR/Mini Legion Human PBR/Animations/Footman/Footman_Defend.fbx
  artifactKey: Guid(9a82867acaee6854a9e78020e78273e7) Importer(815301076,1909f56bfc062723c751e8b465ee728b)
Start importing Assets/RTS Mini Legion Fantasy PBR/Mini Legion Human PBR/Animations/Footman/Footman_Defend.fbx using Guid(9a82867acaee6854a9e78020e78273e7) Importer(815301076,1909f56bfc062723c751e8b465ee728b)  -> (artifact id: 'b97e5ce0567d71695e35681bc5b52168') in 0.080680 seconds 
========================================================================
Received Import Request.
  Time since last request: 0.000050 seconds.
  path: Assets/RTS Mini Legion Fantasy PBR/Mini Legion Human PBR/Animations/Footman/Footman_GetHit.fbx
  artifactKey: Guid(49716605228992c45aacf398bd1b0a09) Importer(815301076,1909f56bfc062723c751e8b465ee728b)
Start importing Assets/RTS Mini Legion Fantasy PBR/Mini Legion Human PBR/Animations/Footman/Footman_GetHit.fbx using Guid(49716605228992c45aacf398bd1b0a09) Importer(815301076,1909f56bfc062723c751e8b465ee728b)  -> (artifact id: 'a6c7eec8f79fd51f69d6719ad900c62f') in 0.052049 seconds 
========================================================================
Received Import Request.
  Time since last request: 0.000029 seconds.
  path: Assets/RTS Mini Legion Fantasy PBR/Mini Legion Human PBR/Animations/Footman/Footman_Death.fbx
  artifactKey: Guid(9c8d06e08bd56634fa4cb05dad5bac2f) Importer(815301076,1909f56bfc062723c751e8b465ee728b)
Start importing Assets/RTS Mini Legion Fantasy PBR/Mini Legion Human PBR/Animations/Footman/Footman_Death.fbx using Guid(9c8d06e08bd56634fa4cb05dad5bac2f) Importer(815301076,1909f56bfc062723c751e8b465ee728b)  -> (artifact id: 'a42f7b61bc6788cb71ed2fc9be8afa1a') in 0.068987 seconds 
========================================================================
Received Import Request.
  Time since last request: 0.000029 seconds.
  path: Assets/RTS Mini Legion Fantasy PBR/Mini Legion Human PBR/Animations/Footman/Footman_Run.fbx
  artifactKey: Guid(e5cea6f02cc389149bf456540c624826) Importer(815301076,1909f56bfc062723c751e8b465ee728b)
Start importing Assets/RTS Mini Legion Fantasy PBR/Mini Legion Human PBR/Animations/Footman/Footman_Run.fbx using Guid(e5cea6f02cc389149bf456540c624826) Importer(815301076,1909f56bfc062723c751e8b465ee728b)  -> (artifact id: 'b61b71f7f8dfc2016aec469b3ce0119a') in 0.233668 seconds 
========================================================================
Received Import Request.
  Time since last request: 0.048526 seconds.
  path: Assets/RTS Mini Legion Fantasy PBR/Mini Legion Human PBR/Animations/Griffin/Griffin_Attack02.fbx
  artifactKey: Guid(17321763fa360db429540c9f2fcc8971) Importer(815301076,1909f56bfc062723c751e8b465ee728b)
Start importing Assets/RTS Mini Legion Fantasy PBR/Mini Legion Human PBR/Animations/Griffin/Griffin_Attack02.fbx using Guid(17321763fa360db429540c9f2fcc8971) Importer(815301076,1909f56bfc062723c751e8b465ee728b)  -> (artifact id: 'aced6c591c687774d26daa1afd80666c') in 0.105807 seconds 
========================================================================
Received Import Request.
  Time since last request: 0.000089 seconds.
  path: Assets/RTS Mini Legion Fantasy PBR/Mini Legion Human PBR/Animations/Griffin/Griffin_Victory.fbx
  artifactKey: Guid(ccb80214f071299498c7d83dbbc5183a) Importer(815301076,1909f56bfc062723c751e8b465ee728b)
Start importing Assets/RTS Mini Legion Fantasy PBR/Mini Legion Human PBR/Animations/Griffin/Griffin_Victory.fbx using Guid(ccb80214f071299498c7d83dbbc5183a) Importer(815301076,1909f56bfc062723c751e8b465ee728b)  -> (artifact id: 'daf5e4f693dae55c94041bae936d4752') in 0.049704 seconds 
========================================================================
Received Import Request.
  Time since last request: 0.000033 seconds.
  path: Assets/RTS Mini Legion Fantasy PBR/Mini Legion Human PBR/Animations/Griffin/Griffin_Fly.fbx
  artifactKey: Guid(2dd11a148bd913b41b39eb739aea8d5b) Importer(815301076,1909f56bfc062723c751e8b465ee728b)
Start importing Assets/RTS Mini Legion Fantasy PBR/Mini Legion Human PBR/Animations/Griffin/Griffin_Fly.fbx using Guid(2dd11a148bd913b41b39eb739aea8d5b) Importer(815301076,1909f56bfc062723c751e8b465ee728b)  -> (artifact id: '7cd7119ffb861cad20ccd6aca9e654a1') in 0.045941 seconds 
========================================================================
Received Import Request.
  Time since last request: 1.103458 seconds.
  path: Assets/RTS Mini Legion Fantasy PBR/Mini Legion Human PBR/Animations/Horseman/Horseman_Attack02.fbx
  artifactKey: Guid(1b668680e8e63004aace0a820b692c8a) Importer(815301076,1909f56bfc062723c751e8b465ee728b)
Start importing Assets/RTS Mini Legion Fantasy PBR/Mini Legion Human PBR/Animations/Horseman/Horseman_Attack02.fbx using Guid(1b668680e8e63004aace0a820b692c8a) Importer(815301076,1909f56bfc062723c751e8b465ee728b)  -> (artifact id: '864782028d92f0d31aacebc357def3b9') in 0.165853 seconds 
========================================================================
Received Import Request.
  Time since last request: 0.000040 seconds.
  path: Assets/RTS Mini Legion Fantasy PBR/Mini Legion Human PBR/Animations/Horseman/Horseman_Idle.fbx
  artifactKey: Guid(05511be62bba2684f9b48bb5da8eca4d) Importer(815301076,1909f56bfc062723c751e8b465ee728b)
Start importing Assets/RTS Mini Legion Fantasy PBR/Mini Legion Human PBR/Animations/Horseman/Horseman_Idle.fbx using Guid(05511be62bba2684f9b48bb5da8eca4d) Importer(815301076,1909f56bfc062723c751e8b465ee728b)  -> (artifact id: 'ede3005380eb56164545d801a217f6e6') in 0.047557 seconds 
========================================================================
Received Import Request.
  Time since last request: 0.000055 seconds.
  path: Assets/RTS Mini Legion Fantasy PBR/Mini Legion Human PBR/Animations/Horseman/Horseman_GetHit.fbx
  artifactKey: Guid(ba3547ea2019541449e8a43c9e63d522) Importer(815301076,1909f56bfc062723c751e8b465ee728b)
Start importing Assets/RTS Mini Legion Fantasy PBR/Mini Legion Human PBR/Animations/Horseman/Horseman_GetHit.fbx using Guid(ba3547ea2019541449e8a43c9e63d522) Importer(815301076,1909f56bfc062723c751e8b465ee728b)  -> (artifact id: '94f9193475ee04ac1e5d84362f0b19ca') in 0.035533 seconds 
========================================================================
Received Import Request.
  Time since last request: 48.867966 seconds.
  path: Assets/RTS Mini Legion Fantasy PBR/Mini Legion Human PBR/Animations/Knight/Knight_Attack02.fbx
  artifactKey: Guid(cadafe4f386d3e042bf97b0054275aa9) Importer(815301076,1909f56bfc062723c751e8b465ee728b)
Start importing Assets/RTS Mini Legion Fantasy PBR/Mini Legion Human PBR/Animations/Knight/Knight_Attack02.fbx using Guid(cadafe4f386d3e042bf97b0054275aa9) Importer(815301076,1909f56bfc062723c751e8b465ee728b)  -> (artifact id: '3645a38c120d7b8eb60f41904014c5a6') in 0.133024 seconds 
========================================================================
Received Import Request.
  Time since last request: 0.000026 seconds.
  path: Assets/RTS Mini Legion Fantasy PBR/Mini Legion Human PBR/Animations/Knight/Knight_Victory.fbx
  artifactKey: Guid(2b13702f7d902cf43ac5df2253eb27a5) Importer(815301076,1909f56bfc062723c751e8b465ee728b)
Start importing Assets/RTS Mini Legion Fantasy PBR/Mini Legion Human PBR/Animations/Knight/Knight_Victory.fbx using Guid(2b13702f7d902cf43ac5df2253eb27a5) Importer(815301076,1909f56bfc062723c751e8b465ee728b)  -> (artifact id: '1cb985beac67cf4fcc0c1eb7e9a49fc3') in 0.037874 seconds 
========================================================================
Received Import Request.
  Time since last request: 0.000056 seconds.
  path: Assets/RTS Mini Legion Fantasy PBR/Mini Legion Human PBR/Animations/Knight/Knight_Walk.fbx
  artifactKey: Guid(a2c419c8f73915a4893ebe3d100baed4) Importer(815301076,1909f56bfc062723c751e8b465ee728b)
Start importing Assets/RTS Mini Legion Fantasy PBR/Mini Legion Human PBR/Animations/Knight/Knight_Walk.fbx using Guid(a2c419c8f73915a4893ebe3d100baed4) Importer(815301076,1909f56bfc062723c751e8b465ee728b)  -> (artifact id: '9267261883c355b7ddb1335113d8183f') in 0.042259 seconds 
========================================================================
Received Import Request.
  Time since last request: 0.000034 seconds.
  path: Assets/RTS Mini Legion Fantasy PBR/Mini Legion Human PBR/Animations/Knight/Knight_GetHit.fbx
  artifactKey: Guid(7072b7b727212ea4abe0f1b8b4b72efc) Importer(815301076,1909f56bfc062723c751e8b465ee728b)
Start importing Assets/RTS Mini Legion Fantasy PBR/Mini Legion Human PBR/Animations/Knight/Knight_GetHit.fbx using Guid(7072b7b727212ea4abe0f1b8b4b72efc) Importer(815301076,1909f56bfc062723c751e8b465ee728b)  -> (artifact id: '0bda2dfe37add23ef33ce2fec4941966') in 0.035828 seconds 
========================================================================
Received Import Request.
  Time since last request: 0.784046 seconds.
  path: Assets/RTS Mini Legion Fantasy PBR/Mini Legion Human PBR/Animations/Mage/Mage_Attack02.fbx
  artifactKey: Guid(5d820c2adb97f8e49a2b48937e5bc560) Importer(815301076,1909f56bfc062723c751e8b465ee728b)
Start importing Assets/RTS Mini Legion Fantasy PBR/Mini Legion Human PBR/Animations/Mage/Mage_Attack02.fbx using Guid(5d820c2adb97f8e49a2b48937e5bc560) Importer(815301076,1909f56bfc062723c751e8b465ee728b)  -> (artifact id: 'fafedfd2acbadb26526e067f6e8e0443') in 0.033308 seconds 
========================================================================
Received Import Request.
  Time since last request: 0.000028 seconds.
  path: Assets/RTS Mini Legion Fantasy PBR/Mini Legion Human PBR/Animations/Mage/Mage_Walk.fbx
  artifactKey: Guid(90f044139a98fcb42b4c00ea6e0fcb8b) Importer(815301076,1909f56bfc062723c751e8b465ee728b)
Start importing Assets/RTS Mini Legion Fantasy PBR/Mini Legion Human PBR/Animations/Mage/Mage_Walk.fbx using Guid(90f044139a98fcb42b4c00ea6e0fcb8b) Importer(815301076,1909f56bfc062723c751e8b465ee728b)  -> (artifact id: '3fc61053dc42e691fae3560bc3732dc9') in 0.044706 seconds 
========================================================================
Received Import Request.
  Time since last request: 0.000052 seconds.
  path: Assets/RTS Mini Legion Fantasy PBR/Mini Legion Human PBR/Animations/Mage/Mage_GetHit.fbx
  artifactKey: Guid(2c2ca45794b07284c94f0f726ba8e3e9) Importer(815301076,1909f56bfc062723c751e8b465ee728b)
Start importing Assets/RTS Mini Legion Fantasy PBR/Mini Legion Human PBR/Animations/Mage/Mage_GetHit.fbx using Guid(2c2ca45794b07284c94f0f726ba8e3e9) Importer(815301076,1909f56bfc062723c751e8b465ee728b)  -> (artifact id: 'd7aca5de113f7bfea156e2832f1abd82') in 0.050136 seconds 
========================================================================
Received Import Request.
  Time since last request: 21.118789 seconds.
  path: Assets/RTS Mini Legion Fantasy PBR/Mini Legion Human PBR/Animations/SiegeEngine/SiegeEngine_Attack02.fbx
  artifactKey: Guid(762efc0fe35d1eb44a672e43aaeac3f0) Importer(815301076,1909f56bfc062723c751e8b465ee728b)
Start importing Assets/RTS Mini Legion Fantasy PBR/Mini Legion Human PBR/Animations/SiegeEngine/SiegeEngine_Attack02.fbx using Guid(762efc0fe35d1eb44a672e43aaeac3f0) Importer(815301076,1909f56bfc062723c751e8b465ee728b)  -> (artifact id: '3021736b2a4293f22f6440ef6996c522') in 0.142117 seconds 
========================================================================
Received Import Request.
  Time since last request: 0.000045 seconds.
  path: Assets/RTS Mini Legion Fantasy PBR/Mini Legion Human PBR/Animations/SiegeEngine/SiegeEngine_Move.fbx
  artifactKey: Guid(b1e73d39ad22cbd4d9f21599cc100c7f) Importer(815301076,1909f56bfc062723c751e8b465ee728b)
Start importing Assets/RTS Mini Legion Fantasy PBR/Mini Legion Human PBR/Animations/SiegeEngine/SiegeEngine_Move.fbx using Guid(b1e73d39ad22cbd4d9f21599cc100c7f) Importer(815301076,1909f56bfc062723c751e8b465ee728b)  -> (artifact id: '7fd06679a6c07ddc5ceda03512c519f8') in 0.049503 seconds 
========================================================================
Received Import Request.
  Time since last request: 2.529830 seconds.
  path: Assets/RTS Mini Legion Fantasy PBR/Mini Legion Human PBR/Animations/Worker/Worker_GetHit.fbx
  artifactKey: Guid(178f0075b830a344ca9dcb7ae315176c) Importer(815301076,1909f56bfc062723c751e8b465ee728b)
Start importing Assets/RTS Mini Legion Fantasy PBR/Mini Legion Human PBR/Animations/Worker/Worker_GetHit.fbx using Guid(178f0075b830a344ca9dcb7ae315176c) Importer(815301076,1909f56bfc062723c751e8b465ee728b)  -> (artifact id: '9fcbf6b2d8a9f51048de57afc73c3ce2') in 0.123232 seconds 
========================================================================
Received Import Request.
  Time since last request: 0.000038 seconds.
  path: Assets/RTS Mini Legion Fantasy PBR/Mini Legion Human PBR/Animations/Worker/Worker_Work_Start.fbx
  artifactKey: Guid(adc18a231e56aed4baa222caa4d85880) Importer(815301076,1909f56bfc062723c751e8b465ee728b)
Start importing Assets/RTS Mini Legion Fantasy PBR/Mini Legion Human PBR/Animations/Worker/Worker_Work_Start.fbx using Guid(adc18a231e56aed4baa222caa4d85880) Importer(815301076,1909f56bfc062723c751e8b465ee728b)  -> (artifact id: 'f62e93d0486f4e7b4935408f8b839b4b') in 0.122890 seconds 
========================================================================
Received Import Request.
  Time since last request: 0.000036 seconds.
  path: Assets/RTS Mini Legion Fantasy PBR/Mini Legion Human PBR/Animations/Worker/Worker_Walk.fbx
  artifactKey: Guid(b2918bbbedb444d40b7ca5695c331910) Importer(815301076,1909f56bfc062723c751e8b465ee728b)
Start importing Assets/RTS Mini Legion Fantasy PBR/Mini Legion Human PBR/Animations/Worker/Worker_Walk.fbx using Guid(b2918bbbedb444d40b7ca5695c331910) Importer(815301076,1909f56bfc062723c751e8b465ee728b)  -> (artifact id: 'eab94428f8806a92cd03f90096f5ba83') in 0.094110 seconds 
========================================================================
Received Import Request.
  Time since last request: 4.438467 seconds.
  path: Assets/RTS Mini Legion Fantasy PBR/Mini Legion Sentinel PBR/Animations/Battle Owl/Attack02(Wave Attack).fbx
  artifactKey: Guid(399f1e1dbe3353947b9f29531c29a632) Importer(815301076,1909f56bfc062723c751e8b465ee728b)
Start importing Assets/RTS Mini Legion Fantasy PBR/Mini Legion Sentinel PBR/Animations/Battle Owl/Attack02(Wave Attack).fbx using Guid(399f1e1dbe3353947b9f29531c29a632) Importer(815301076,1909f56bfc062723c751e8b465ee728b)  -> (artifact id: '4fe421cc9015ef2f60cf1409bc1e45cf') in 0.099050 seconds 
========================================================================
Received Import Request.
  Time since last request: 0.000066 seconds.
  path: Assets/RTS Mini Legion Fantasy PBR/Mini Legion Sentinel PBR/Animations/Battle Owl/Fly.fbx
  artifactKey: Guid(3e14f5a57a417134dbc77ed54cadeb9e) Importer(815301076,1909f56bfc062723c751e8b465ee728b)
Start importing Assets/RTS Mini Legion Fantasy PBR/Mini Legion Sentinel PBR/Animations/Battle Owl/Fly.fbx using Guid(3e14f5a57a417134dbc77ed54cadeb9e) Importer(815301076,1909f56bfc062723c751e8b465ee728b)  -> (artifact id: 'ef65d7e4ef1688e1cb6f79405fe20170') in 0.126469 seconds 
========================================================================
Received Import Request.
  Time since last request: 0.000247 seconds.
  path: Assets/RTS Mini Legion Fantasy PBR/Mini Legion Sentinel PBR/Animations/Battle Owl/Victory.fbx
  artifactKey: Guid(3efefde3105bf3a40b71a731c071b299) Importer(815301076,1909f56bfc062723c751e8b465ee728b)
Start importing Assets/RTS Mini Legion Fantasy PBR/Mini Legion Sentinel PBR/Animations/Battle Owl/Victory.fbx using Guid(3efefde3105bf3a40b71a731c071b299) Importer(815301076,1909f56bfc062723c751e8b465ee728b)  -> (artifact id: '90aacccd85c856bba63f81f83f97332f') in 0.040443 seconds 
========================================================================
Received Import Request.
  Time since last request: 24.957877 seconds.
  path: Assets/RTS Mini Legion Fantasy PBR/Mini Legion Sentinel PBR/Animations/Demon Hunter/Attack02.fbx
  artifactKey: Guid(a05f276edf440d14f9359dea4940896d) Importer(815301076,1909f56bfc062723c751e8b465ee728b)
Start importing Assets/RTS Mini Legion Fantasy PBR/Mini Legion Sentinel PBR/Animations/Demon Hunter/Attack02.fbx using Guid(a05f276edf440d14f9359dea4940896d) Importer(815301076,1909f56bfc062723c751e8b465ee728b)  -> (artifact id: '9190d275862dfe25ce46cb940c5cd329') in 0.076969 seconds 
========================================================================
Received Import Request.
  Time since last request: 0.000039 seconds.
  path: Assets/RTS Mini Legion Fantasy PBR/Mini Legion Sentinel PBR/Animations/Demon Hunter/Victory.fbx
  artifactKey: Guid(14dcd6c5211a82b47a0521a024bfb919) Importer(815301076,1909f56bfc062723c751e8b465ee728b)
Start importing Assets/RTS Mini Legion Fantasy PBR/Mini Legion Sentinel PBR/Animations/Demon Hunter/Victory.fbx using Guid(14dcd6c5211a82b47a0521a024bfb919) Importer(815301076,1909f56bfc062723c751e8b465ee728b)  -> (artifact id: 'b6e32863edeef2d5e4c3d4c410315115') in 0.058884 seconds 
========================================================================
Received Import Request.
  Time since last request: 2.868185 seconds.
  path: Assets/RTS Mini Legion Fantasy PBR/Mini Legion Sentinel PBR/Animations/Elf Ranger/Attack01Start.fbx
  artifactKey: Guid(a91baec8746707e4db03f57434dac83c) Importer(815301076,1909f56bfc062723c751e8b465ee728b)
Start importing Assets/RTS Mini Legion Fantasy PBR/Mini Legion Sentinel PBR/Animations/Elf Ranger/Attack01Start.fbx using Guid(a91baec8746707e4db03f57434dac83c) Importer(815301076,1909f56bfc062723c751e8b465ee728b)  -> (artifact id: '3d9b2befcce61c937c562b69a846714e') in 0.181640 seconds 
========================================================================
Received Import Request.
  Time since last request: 0.000023 seconds.
  path: Assets/RTS Mini Legion Fantasy PBR/Mini Legion Sentinel PBR/Animations/Elf Ranger/Run.fbx
  artifactKey: Guid(6325924410d1e134991ad71265249ddf) Importer(815301076,1909f56bfc062723c751e8b465ee728b)
Start importing Assets/RTS Mini Legion Fantasy PBR/Mini Legion Sentinel PBR/Animations/Elf Ranger/Run.fbx using Guid(6325924410d1e134991ad71265249ddf) Importer(815301076,1909f56bfc062723c751e8b465ee728b)  -> (artifact id: '3dbfd34fc52e8057b00bcafbe5c73171') in 0.131334 seconds 
========================================================================
Received Import Request.
  Time since last request: 0.000061 seconds.
  path: Assets/RTS Mini Legion Fantasy PBR/Mini Legion Sentinel PBR/Animations/Elf Ranger/Attack02Start.fbx
  artifactKey: Guid(191d38db8f4335642a745773cee99c97) Importer(815301076,1909f56bfc062723c751e8b465ee728b)
Start importing Assets/RTS Mini Legion Fantasy PBR/Mini Legion Sentinel PBR/Animations/Elf Ranger/Attack02Start.fbx using Guid(191d38db8f4335642a745773cee99c97) Importer(815301076,1909f56bfc062723c751e8b465ee728b)  -> (artifact id: '20b43408329f11b0a292454c8c2d998d') in 0.091084 seconds 
========================================================================
Received Import Request.
  Time since last request: 2.886871 seconds.
  path: Assets/RTS Mini Legion Fantasy PBR/Mini Legion Sentinel PBR/Animations/Dryad/Attack02.fbx
  artifactKey: Guid(99c7568ed024c054cb683e8dedbcc377) Importer(815301076,1909f56bfc062723c751e8b465ee728b)
Start importing Assets/RTS Mini Legion Fantasy PBR/Mini Legion Sentinel PBR/Animations/Dryad/Attack02.fbx using Guid(99c7568ed024c054cb683e8dedbcc377) Importer(815301076,1909f56bfc062723c751e8b465ee728b)  -> (artifact id: '6e5e465f70676b030c15980e30473fb2') in 0.074765 seconds 
========================================================================
Received Import Request.
  Time since last request: 0.000037 seconds.
  path: Assets/RTS Mini Legion Fantasy PBR/Mini Legion Sentinel PBR/Animations/Dryad/Run.fbx
  artifactKey: Guid(45dee96f1fce8374d9e13d96fbbf75aa) Importer(815301076,1909f56bfc062723c751e8b465ee728b)
Start importing Assets/RTS Mini Legion Fantasy PBR/Mini Legion Sentinel PBR/Animations/Dryad/Run.fbx using Guid(45dee96f1fce8374d9e13d96fbbf75aa) Importer(815301076,1909f56bfc062723c751e8b465ee728b)  -> (artifact id: '18e09efb9038b66e7cfbf003d1d101bb') in 0.098959 seconds 
========================================================================
Received Import Request.
  Time since last request: 0.000029 seconds.
  path: Assets/RTS Mini Legion Fantasy PBR/Mini Legion Sentinel PBR/Animations/Dryad/Get Hit.fbx
  artifactKey: Guid(6a96e3fa4717c7a48baa64c46a0c7e05) Importer(815301076,1909f56bfc062723c751e8b465ee728b)
Start importing Assets/RTS Mini Legion Fantasy PBR/Mini Legion Sentinel PBR/Animations/Dryad/Get Hit.fbx using Guid(6a96e3fa4717c7a48baa64c46a0c7e05) Importer(815301076,1909f56bfc062723c751e8b465ee728b)  -> (artifact id: 'e0f5e56d2dae6f9d97d639b1b4d8b2e9') in 0.044623 seconds 
========================================================================
Received Import Request.
  Time since last request: 4.358042 seconds.
  path: Assets/RTS Mini Legion Fantasy PBR/Mini Legion Sentinel PBR/Animations/Druid/Attack02.fbx
  artifactKey: Guid(200fab095a2c0a841a7806fbda33b3cb) Importer(815301076,1909f56bfc062723c751e8b465ee728b)
Start importing Assets/RTS Mini Legion Fantasy PBR/Mini Legion Sentinel PBR/Animations/Druid/Attack02.fbx using Guid(200fab095a2c0a841a7806fbda33b3cb) Importer(815301076,1909f56bfc062723c751e8b465ee728b)  -> (artifact id: '041f8a22ead2be990e2a1bc8a4838271') in 0.087521 seconds 
========================================================================
Received Import Request.
  Time since last request: 0.000047 seconds.
  path: Assets/RTS Mini Legion Fantasy PBR/Mini Legion Sentinel PBR/Animations/Druid/Walk.fbx
  artifactKey: Guid(380dc0e09fc25cd41b0c4739c841acb4) Importer(815301076,1909f56bfc062723c751e8b465ee728b)
Start importing Assets/RTS Mini Legion Fantasy PBR/Mini Legion Sentinel PBR/Animations/Druid/Walk.fbx using Guid(380dc0e09fc25cd41b0c4739c841acb4) Importer(815301076,1909f56bfc062723c751e8b465ee728b)  -> (artifact id: 'c1ce92b01ef9b546183a49db13cd7616') in 0.114204 seconds 
========================================================================
Received Import Request.
  Time since last request: 5.538940 seconds.
  path: Assets/RTS Mini Legion Fantasy PBR/Mini Legion Sentinel PBR/Animations/Knome/Get Hit.fbx
  artifactKey: Guid(8c9b15dde48431f4bb6766d774ca47a7) Importer(815301076,1909f56bfc062723c751e8b465ee728b)
Start importing Assets/RTS Mini Legion Fantasy PBR/Mini Legion Sentinel PBR/Animations/Knome/Get Hit.fbx using Guid(8c9b15dde48431f4bb6766d774ca47a7) Importer(815301076,1909f56bfc062723c751e8b465ee728b)  -> (artifact id: '563501082fb04d339d9209f58f54247c') in 0.072503 seconds 
========================================================================
Received Import Request.
  Time since last request: 0.000041 seconds.
  path: Assets/RTS Mini Legion Fantasy PBR/Mini Legion Sentinel PBR/Animations/Knome/Work_Start.fbx
  artifactKey: Guid(f7de9a9f208752146abeaa1dae3d7963) Importer(815301076,1909f56bfc062723c751e8b465ee728b)
Start importing Assets/RTS Mini Legion Fantasy PBR/Mini Legion Sentinel PBR/Animations/Knome/Work_Start.fbx using Guid(f7de9a9f208752146abeaa1dae3d7963) Importer(815301076,1909f56bfc062723c751e8b465ee728b)  -> (artifact id: '1ab0a7dd8aaca2a50003de401cf07522') in 0.118123 seconds 
========================================================================
Received Import Request.
  Time since last request: 0.000042 seconds.
  path: Assets/RTS Mini Legion Fantasy PBR/Mini Legion Sentinel PBR/Animations/Knome/Victory.fbx
  artifactKey: Guid(7ed3ce0e8227cd64994a42b79f861b38) Importer(815301076,1909f56bfc062723c751e8b465ee728b)
Start importing Assets/RTS Mini Legion Fantasy PBR/Mini Legion Sentinel PBR/Animations/Knome/Victory.fbx using Guid(7ed3ce0e8227cd64994a42b79f861b38) Importer(815301076,1909f56bfc062723c751e8b465ee728b)  -> (artifact id: '5830196a2bc492c895a8009fcbac7157') in 0.093144 seconds 
========================================================================
Received Import Request.
  Time since last request: 0.026917 seconds.
  path: Assets/RTS Mini Legion Fantasy PBR/Mini Legion Sentinel PBR/Animations/Rock Golem/Attack02.fbx
  artifactKey: Guid(f19746fd4a907ac4d9673b076bdc9999) Importer(815301076,1909f56bfc062723c751e8b465ee728b)
Start importing Assets/RTS Mini Legion Fantasy PBR/Mini Legion Sentinel PBR/Animations/Rock Golem/Attack02.fbx using Guid(f19746fd4a907ac4d9673b076bdc9999) Importer(815301076,1909f56bfc062723c751e8b465ee728b)  -> (artifact id: '3a0efe6124332d214a04693419d5c6ea') in 0.070586 seconds 
========================================================================
Received Import Request.
  Time since last request: 0.000027 seconds.
  path: Assets/RTS Mini Legion Fantasy PBR/Mini Legion Sentinel PBR/Animations/Rock Golem/Get Hit.fbx
  artifactKey: Guid(896e95778c3f3514c9f561ae20a698b2) Importer(815301076,1909f56bfc062723c751e8b465ee728b)
Start importing Assets/RTS Mini Legion Fantasy PBR/Mini Legion Sentinel PBR/Animations/Rock Golem/Get Hit.fbx using Guid(896e95778c3f3514c9f561ae20a698b2) Importer(815301076,1909f56bfc062723c751e8b465ee728b)  -> (artifact id: '03f33a48129b02d0e7258ec5c71902d9') in 0.057199 seconds 
========================================================================
Received Import Request.
  Time since last request: 0.000061 seconds.
  path: Assets/RTS Mini Legion Fantasy PBR/Mini Legion Sentinel PBR/Animations/Rock Golem/Victory.fbx
  artifactKey: Guid(6e42b2d18251fbe4bbdfc72a0fb79495) Importer(815301076,1909f56bfc062723c751e8b465ee728b)
Start importing Assets/RTS Mini Legion Fantasy PBR/Mini Legion Sentinel PBR/Animations/Rock Golem/Victory.fbx using Guid(6e42b2d18251fbe4bbdfc72a0fb79495) Importer(815301076,1909f56bfc062723c751e8b465ee728b)  -> (artifact id: '96c9914798e0f06e14fc35501d6b7a88') in 0.053504 seconds 
========================================================================
Received Import Request.
  Time since last request: 1.768822 seconds.
  path: Assets/RTS Mini Legion Fantasy PBR/Mini Legion Sentinel PBR/Animations/Treeant/attack02.fbx
  artifactKey: Guid(a07531790c0fa844981d9439970714d1) Importer(815301076,1909f56bfc062723c751e8b465ee728b)
Start importing Assets/RTS Mini Legion Fantasy PBR/Mini Legion Sentinel PBR/Animations/Treeant/attack02.fbx using Guid(a07531790c0fa844981d9439970714d1) Importer(815301076,1909f56bfc062723c751e8b465ee728b)  -> (artifact id: '7a8073ebd1e4dc29e609a823915450fb') in 0.093419 seconds 
========================================================================
Received Import Request.
  Time since last request: 0.000054 seconds.
  path: Assets/RTS Mini Legion Fantasy PBR/Mini Legion Sentinel PBR/Animations/Treeant/Victory.fbx
  artifactKey: Guid(1b84e30b4ab0f7f4faca784a9b5ab4ae) Importer(815301076,1909f56bfc062723c751e8b465ee728b)
Start importing Assets/RTS Mini Legion Fantasy PBR/Mini Legion Sentinel PBR/Animations/Treeant/Victory.fbx using Guid(1b84e30b4ab0f7f4faca784a9b5ab4ae) Importer(815301076,1909f56bfc062723c751e8b465ee728b)  -> (artifact id: '65c3e1e0d62778e96ba5311261d34480') in 0.176887 seconds 
========================================================================
Received Import Request.
  Time since last request: 0.000069 seconds.
  path: Assets/RTS Mini Legion Fantasy PBR/Mini Legion Sentinel PBR/Animations/Treeant/GetHit.fbx
  artifactKey: Guid(b154622ffa7f53b40a35d27d6ea41f95) Importer(815301076,1909f56bfc062723c751e8b465ee728b)
Start importing Assets/RTS Mini Legion Fantasy PBR/Mini Legion Sentinel PBR/Animations/Treeant/GetHit.fbx using Guid(b154622ffa7f53b40a35d27d6ea41f95) Importer(815301076,1909f56bfc062723c751e8b465ee728b)  -> (artifact id: '27a93c812d7d7d798282e001a5be6fea') in 0.063520 seconds 
========================================================================
Received Import Request.
  Time since last request: 86.214772 seconds.
  path: Assets/RTS Mini Legion Fantasy PBR/Mini Legion Sentinel PBR/Materials/MaskTintPBR 2.mat
  artifactKey: Guid(1b0f54a91bcba614cbf14c979a2ecc11) Importer(815301076,1909f56bfc062723c751e8b465ee728b)
Start importing Assets/RTS Mini Legion Fantasy PBR/Mini Legion Sentinel PBR/Materials/MaskTintPBR 2.mat using Guid(1b0f54a91bcba614cbf14c979a2ecc11) Importer(815301076,1909f56bfc062723c751e8b465ee728b)  -> (artifact id: '2b3baa45f380c457fa140f8f764cb0be') in 2.161820 seconds 
========================================================================
Received Import Request.
  Time since last request: 0.000050 seconds.
  path: Assets/RTS Mini Legion Fantasy PBR/Mini Legion Sentinel PBR/Materials/StandardPBR.mat
  artifactKey: Guid(3ffa0b8f269c5ed4788546744b2fcfc6) Importer(815301076,1909f56bfc062723c751e8b465ee728b)
Start importing Assets/RTS Mini Legion Fantasy PBR/Mini Legion Sentinel PBR/Materials/StandardPBR.mat using Guid(3ffa0b8f269c5ed4788546744b2fcfc6) Importer(815301076,1909f56bfc062723c751e8b465ee728b)  -> (artifact id: '870ae7e8a0b4bf423490fc813348b2d8') in 1.170596 seconds 
========================================================================
Received Import Request.
  Time since last request: 2.916020 seconds.
  path: Assets/RTS Mini Legion Fantasy PBR/Mini Legion Undead PBR/Animations/Crossbowman/Attack01_routine.fbx
  artifactKey: Guid(7c5c2f1932fe18440800049b594567b5) Importer(815301076,1909f56bfc062723c751e8b465ee728b)
Start importing Assets/RTS Mini Legion Fantasy PBR/Mini Legion Undead PBR/Animations/Crossbowman/Attack01_routine.fbx using Guid(7c5c2f1932fe18440800049b594567b5) Importer(815301076,1909f56bfc062723c751e8b465ee728b)  -> (artifact id: 'e03e249d9d14e58f0a19fb966da321b1') in 0.095298 seconds 
========================================================================
Received Import Request.
  Time since last request: 0.000031 seconds.
  path: Assets/RTS Mini Legion Fantasy PBR/Mini Legion Undead PBR/Animations/Crossbowman/Attack02.fbx
  artifactKey: Guid(4b2c9c0bbae625d49a092d138743f767) Importer(815301076,1909f56bfc062723c751e8b465ee728b)
Start importing Assets/RTS Mini Legion Fantasy PBR/Mini Legion Undead PBR/Animations/Crossbowman/Attack02.fbx using Guid(4b2c9c0bbae625d49a092d138743f767) Importer(815301076,1909f56bfc062723c751e8b465ee728b)  -> (artifact id: '207e16846cb5dae84f3d31aaa622a86a') in 0.124685 seconds 
========================================================================
Received Import Request.
  Time since last request: 0.000049 seconds.
  path: Assets/RTS Mini Legion Fantasy PBR/Mini Legion Undead PBR/Animations/Crossbowman/Victory.fbx
  artifactKey: Guid(eaa417cab4feac644a0bff6f9dcf1248) Importer(815301076,1909f56bfc062723c751e8b465ee728b)
Start importing Assets/RTS Mini Legion Fantasy PBR/Mini Legion Undead PBR/Animations/Crossbowman/Victory.fbx using Guid(eaa417cab4feac644a0bff6f9dcf1248) Importer(815301076,1909f56bfc062723c751e8b465ee728b)  -> (artifact id: '9563e265f62fb5a57b621585a951da29') in 0.211179 seconds 
========================================================================
Received Import Request.
  Time since last request: 0.000053 seconds.
  path: Assets/RTS Mini Legion Fantasy PBR/Mini Legion Undead PBR/Animations/Crossbowman/Idle.fbx
  artifactKey: Guid(14caebe64c8296741bac04638a594051) Importer(815301076,1909f56bfc062723c751e8b465ee728b)
Start importing Assets/RTS Mini Legion Fantasy PBR/Mini Legion Undead PBR/Animations/Crossbowman/Idle.fbx using Guid(14caebe64c8296741bac04638a594051) Importer(815301076,1909f56bfc062723c751e8b465ee728b)  -> (artifact id: 'c2aaf72e6a06307dceec977f29998e21') in 0.096928 seconds 
========================================================================
Received Import Request.
  Time since last request: 16.613776 seconds.
  path: Assets/RTS Mini Legion Fantasy PBR/Mini Legion Undead PBR/Animations/Death Knight/Attack02.fbx
  artifactKey: Guid(c21850fcb72fe2348900a643c9afeace) Importer(815301076,1909f56bfc062723c751e8b465ee728b)
Start importing Assets/RTS Mini Legion Fantasy PBR/Mini Legion Undead PBR/Animations/Death Knight/Attack02.fbx using Guid(c21850fcb72fe2348900a643c9afeace) Importer(815301076,1909f56bfc062723c751e8b465ee728b)  -> (artifact id: '9ae6d01c309a9f77e926b3ca4b5d38b0') in 0.175056 seconds 
========================================================================
Received Import Request.
  Time since last request: 0.000051 seconds.
  path: Assets/RTS Mini Legion Fantasy PBR/Mini Legion Undead PBR/Animations/Death Knight/Walk.fbx
  artifactKey: Guid(19d234ff1ab51364e905f2e22a0c53f5) Importer(815301076,1909f56bfc062723c751e8b465ee728b)
Start importing Assets/RTS Mini Legion Fantasy PBR/Mini Legion Undead PBR/Animations/Death Knight/Walk.fbx using Guid(19d234ff1ab51364e905f2e22a0c53f5) Importer(815301076,1909f56bfc062723c751e8b465ee728b)  -> (artifact id: '6ce86922fc87ae8586f119cdda8fc616') in 0.123370 seconds 
========================================================================
Received Import Request.
  Time since last request: 0.000032 seconds.
  path: Assets/RTS Mini Legion Fantasy PBR/Mini Legion Undead PBR/Animations/Death Knight/GetHit.fbx
  artifactKey: Guid(fb1b34985b5c1524380be9c002e418ad) Importer(815301076,1909f56bfc062723c751e8b465ee728b)
Start importing Assets/RTS Mini Legion Fantasy PBR/Mini Legion Undead PBR/Animations/Death Knight/GetHit.fbx using Guid(fb1b34985b5c1524380be9c002e418ad) Importer(815301076,1909f56bfc062723c751e8b465ee728b)  -> (artifact id: 'f9bc0eef14d1efd3a942f587361a3930') in 0.085117 seconds 
========================================================================
Received Import Request.
  Time since last request: 0.218116 seconds.
  path: Assets/RTS Mini Legion Fantasy PBR/Mini Legion Undead PBR/Animations/Death Rider/Attack02.fbx
  artifactKey: Guid(be042303039cdb14a8aca305491ddaa2) Importer(815301076,1909f56bfc062723c751e8b465ee728b)
Start importing Assets/RTS Mini Legion Fantasy PBR/Mini Legion Undead PBR/Animations/Death Rider/Attack02.fbx using Guid(be042303039cdb14a8aca305491ddaa2) Importer(815301076,1909f56bfc062723c751e8b465ee728b)  -> (artifact id: 'ae5531c024e2273e269d5269f69d12e2') in 0.071312 seconds 
========================================================================
Received Import Request.
  Time since last request: 0.000044 seconds.
  path: Assets/RTS Mini Legion Fantasy PBR/Mini Legion Undead PBR/Animations/Death Rider/Victory.fbx
  artifactKey: Guid(cbe3e3bdeae4fad4fa2b15bf317f3f8d) Importer(815301076,1909f56bfc062723c751e8b465ee728b)
Start importing Assets/RTS Mini Legion Fantasy PBR/Mini Legion Undead PBR/Animations/Death Rider/Victory.fbx using Guid(cbe3e3bdeae4fad4fa2b15bf317f3f8d) Importer(815301076,1909f56bfc062723c751e8b465ee728b)  -> (artifact id: '99b6c6950d9d8ff82e029fdd372df628') in 0.057660 seconds 
========================================================================
Received Import Request.
  Time since last request: 0.000023 seconds.
  path: Assets/RTS Mini Legion Fantasy PBR/Mini Legion Undead PBR/Animations/Death Rider/Idle.fbx
  artifactKey: Guid(d44fcd17b04bde04ab0bd88814bfb282) Importer(815301076,1909f56bfc062723c751e8b465ee728b)
Start importing Assets/RTS Mini Legion Fantasy PBR/Mini Legion Undead PBR/Animations/Death Rider/Idle.fbx using Guid(d44fcd17b04bde04ab0bd88814bfb282) Importer(815301076,1909f56bfc062723c751e8b465ee728b)  -> (artifact id: '2e22c27ae2b9982e43f2535ab7f646d8') in 0.041058 seconds 
========================================================================
Received Import Request.
  Time since last request: 3.855065 seconds.
  path: Assets/RTS Mini Legion Fantasy PBR/Mini Legion Undead PBR/Animations/Gargolye/attack02.fbx
  artifactKey: Guid(8345fd24153f04744a70235a5bb6f9e7) Importer(815301076,1909f56bfc062723c751e8b465ee728b)
Start importing Assets/RTS Mini Legion Fantasy PBR/Mini Legion Undead PBR/Animations/Gargolye/attack02.fbx using Guid(8345fd24153f04744a70235a5bb6f9e7) Importer(815301076,1909f56bfc062723c751e8b465ee728b)  -> (artifact id: '4698313522f984fb0fab52f17a4bf5e7') in 0.064945 seconds 
========================================================================
Received Import Request.
  Time since last request: 0.000039 seconds.
  path: Assets/RTS Mini Legion Fantasy PBR/Mini Legion Undead PBR/Animations/Gargolye/GetHit.fbx
  artifactKey: Guid(66a8e24773d40e24a95143dcb3faf78d) Importer(815301076,1909f56bfc062723c751e8b465ee728b)
Start importing Assets/RTS Mini Legion Fantasy PBR/Mini Legion Undead PBR/Animations/Gargolye/GetHit.fbx using Guid(66a8e24773d40e24a95143dcb3faf78d) Importer(815301076,1909f56bfc062723c751e8b465ee728b)  -> (artifact id: 'c95281e1cfa57648e760d3b649bd19c7') in 0.129973 seconds 
Editor requested this worker to shutdown with reason: Scaling down because of idle timeout
AssetImportWorker is now disconnected from the server
Process exiting
Exiting without the bug reporter. Application will terminate with return code 0