Using pre-set license
Built from '2021.3/staging' branch; Version is '2021.3.11f1 (0a5ca18544bf) revision 679073'; Using compiler version '192829333'; Build Type 'Release'
OS: 'Windows 10  (10.0.19044) 64bit Professional' Language: 'ko' Physical Memory: 16197 MB
BatchMode: 1, IsHumanControllingUs: 0, StartBugReporterOnCrash: 0, Is64bit: 1, IsPro: 1

COMMAND LINE ARGUMENTS:
C:\Program Files\Unity\Hub\Editor\2021.3.11f1\Editor\Unity.exe
-adb2
-batchMode
-noUpm
-name
AssetImportWorker12
-projectPath
C:/Users/alstn/Documents/GitHub/RTS-GAME/RTS GAME
-logFile
Logs/AssetImportWorker12.log
-srvPort
63452
Successfully changed project path to: C:/Users/alstn/Documents/GitHub/RTS-GAME/RTS GAME
C:/Users/alstn/Documents/GitHub/RTS-GAME/RTS GAME
[UnityMemory] Configuration Parameters - Can be set up in boot.config
    "memorysetup-bucket-allocator-granularity=16"
    "memorysetup-bucket-allocator-bucket-count=8"
    "memorysetup-bucket-allocator-block-size=33554432"
    "memorysetup-bucket-allocator-block-count=8"
    "memorysetup-main-allocator-block-size=16777216"
    "memorysetup-thread-allocator-block-size=16777216"
    "memorysetup-gfx-main-allocator-block-size=16777216"
    "memorysetup-gfx-thread-allocator-block-size=16777216"
    "memorysetup-cache-allocator-block-size=4194304"
    "memorysetup-typetree-allocator-block-size=2097152"
    "memorysetup-profiler-bucket-allocator-granularity=16"
    "memorysetup-profiler-bucket-allocator-bucket-count=8"
    "memorysetup-profiler-bucket-allocator-block-size=33554432"
    "memorysetup-profiler-bucket-allocator-block-count=8"
    "memorysetup-profiler-allocator-block-size=16777216"
    "memorysetup-profiler-editor-allocator-block-size=1048576"
    "memorysetup-temp-allocator-size-main=16777216"
    "memorysetup-job-temp-allocator-block-size=2097152"
    "memorysetup-job-temp-allocator-block-size-background=1048576"
    "memorysetup-job-temp-allocator-reduction-small-platforms=262144"
    "memorysetup-temp-allocator-size-background-worker=32768"
    "memorysetup-temp-allocator-size-job-worker=262144"
    "memorysetup-temp-allocator-size-preload-manager=33554432"
    "memorysetup-temp-allocator-size-nav-mesh-worker=65536"
    "memorysetup-temp-allocator-size-audio-worker=65536"
    "memorysetup-temp-allocator-size-cloud-worker=32768"
    "memorysetup-temp-allocator-size-gi-baking-worker=262144"
    "memorysetup-temp-allocator-size-gfx=262144"
Refreshing native plugins compatible for Editor in 155.74 ms, found 3 plugins.
Preloading 0 native plugins for Editor in 0.00 ms.
Initialize engine version: 2021.3.11f1 (0a5ca18544bf)
[Subsystems] Discovering subsystems at path C:/Program Files/Unity/Hub/Editor/2021.3.11f1/Editor/Data/Resources/UnitySubsystems
[Subsystems] Discovering subsystems at path C:/Users/alstn/Documents/GitHub/RTS-GAME/RTS GAME/Assets
GfxDevice: creating device client; threaded=0; jobified=0
Direct3D:
    Version:  Direct3D 11.0 [level 11.1]
    Renderer: AMD Radeon RX 6600 (ID=0x73ff)
    Vendor:   ATI
    VRAM:     8147 MB
    Driver:   31.0.14033.1012
Initialize mono
Mono path[0] = 'C:/Program Files/Unity/Hub/Editor/2021.3.11f1/Editor/Data/Managed'
Mono path[1] = 'C:/Program Files/Unity/Hub/Editor/2021.3.11f1/Editor/Data/MonoBleedingEdge/lib/mono/unityjit-win32'
Mono config path = 'C:/Program Files/Unity/Hub/Editor/2021.3.11f1/Editor/Data/MonoBleedingEdge/etc'
Using monoOptions --debugger-agent=transport=dt_socket,embedding=1,server=y,suspend=n,address=127.0.0.1:56260
Begin MonoManager ReloadAssembly
Registering precompiled unity dll's ...
Register platform support module: C:/Program Files/Unity/Hub/Editor/2021.3.11f1/Editor/Data/PlaybackEngines/AndroidPlayer/UnityEditor.Android.Extensions.dll
Register platform support module: C:/Program Files/Unity/Hub/Editor/2021.3.11f1/Editor/Data/PlaybackEngines/iOSSupport/UnityEditor.iOS.Extensions.dll
Register platform support module: C:/Program Files/Unity/Hub/Editor/2021.3.11f1/Editor/Data/PlaybackEngines/WindowsStandaloneSupport/UnityEditor.WindowsStandalone.Extensions.dll
Registered in 0.023757 seconds.
Native extension for WindowsStandalone target not found
[usbmuxd] Start listen thread
[usbmuxd] Listen thread started
Native extension for iOS target not found
Native extension for Android target not found
Refreshing native plugins compatible for Editor in 57.04 ms, found 3 plugins.
Preloading 0 native plugins for Editor in 0.00 ms.
Mono: successfully reloaded assembly
- Completed reload, in  0.664 seconds
Domain Reload Profiling:
	ReloadAssembly (664ms)
		BeginReloadAssembly (159ms)
			ExecutionOrderSort (0ms)
			DisableScriptedObjects (0ms)
			BackupInstance (0ms)
			ReleaseScriptingObjects (0ms)
			CreateAndSetChildDomain (1ms)
		EndReloadAssembly (345ms)
			LoadAssemblies (157ms)
			RebuildTransferFunctionScriptingTraits (0ms)
			SetupTypeCache (79ms)
			ReleaseScriptCaches (0ms)
			RebuildScriptCaches (19ms)
			SetupLoadedEditorAssemblies (208ms)
				LogAssemblyErrors (0ms)
				InitializePlatformSupportModulesInManaged (49ms)
				SetLoadedEditorAssemblies (1ms)
				RefreshPlugins (57ms)
				BeforeProcessingInitializeOnLoad (1ms)
				ProcessInitializeOnLoadAttributes (66ms)
				ProcessInitializeOnLoadMethodAttributes (33ms)
				AfterProcessingInitializeOnLoad (0ms)
				EditorAssembliesLoaded (0ms)
			ExecutionOrderSort2 (0ms)
			AwakeInstancesAfterBackupRestoration (0ms)
Platform modules already initialized, skipping
Registering precompiled user dll's ...
Registered in 0.004941 seconds.
Begin MonoManager ReloadAssembly
Symbol file LoadedFromMemory doesn't match image C:\Users\alstn\Documents\GitHub\RTS-GAME\RTS GAME\Library\PackageCache\com.unity.visualscripting@1.7.8\Editor\VisualScripting.Core\Dependencies\YamlDotNet\Unity.VisualScripting.YamlDotNet.dll
Symbol file LoadedFromMemory doesn't match image C:\Users\alstn\Documents\GitHub\RTS-GAME\RTS GAME\Library\PackageCache\com.unity.visualscripting@1.7.8\Editor\VisualScripting.Core\Dependencies\DotNetZip\Unity.VisualScripting.IonicZip.dll
Native extension for WindowsStandalone target not found
Native extension for iOS target not found
Native extension for Android target not found
Refreshing native plugins compatible for Editor in 0.45 ms, found 3 plugins.
Preloading 0 native plugins for Editor in 0.00 ms.
Mono: successfully reloaded assembly
- Completed reload, in  0.875 seconds
Domain Reload Profiling:
	ReloadAssembly (876ms)
		BeginReloadAssembly (187ms)
			ExecutionOrderSort (0ms)
			DisableScriptedObjects (4ms)
			BackupInstance (0ms)
			ReleaseScriptingObjects (0ms)
			CreateAndSetChildDomain (117ms)
		EndReloadAssembly (601ms)
			LoadAssemblies (66ms)
			RebuildTransferFunctionScriptingTraits (0ms)
			SetupTypeCache (187ms)
			ReleaseScriptCaches (0ms)
			RebuildScriptCaches (36ms)
			SetupLoadedEditorAssemblies (282ms)
				LogAssemblyErrors (0ms)
				InitializePlatformSupportModulesInManaged (24ms)
				SetLoadedEditorAssemblies (0ms)
				RefreshPlugins (0ms)
				BeforeProcessingInitializeOnLoad (61ms)
				ProcessInitializeOnLoadAttributes (160ms)
				ProcessInitializeOnLoadMethodAttributes (28ms)
				AfterProcessingInitializeOnLoad (8ms)
				EditorAssembliesLoaded (0ms)
			ExecutionOrderSort2 (0ms)
			AwakeInstancesAfterBackupRestoration (5ms)
Platform modules already initialized, skipping
========================================================================
Worker process is ready to serve import requests
Launched and connected shader compiler UnityShaderCompiler.exe after 0.04 seconds
Refreshing native plugins compatible for Editor in 0.44 ms, found 3 plugins.
Preloading 0 native plugins for Editor in 0.00 ms.
Unloading 3535 Unused Serialized files (Serialized files now loaded: 0)
Unloading 29 unused Assets / (57.0 KB). Loaded Objects now: 4005.
Memory consumption went from 132.7 MB to 132.7 MB.
Total: 2.533400 ms (FindLiveObjects: 0.174300 ms CreateObjectMapping: 0.075500 ms MarkObjects: 2.204900 ms  DeleteObjects: 0.077600 ms)

AssetImportParameters requested are different than current active one (requested -> active):
  custom:video-decoder-ogg-theora: a1e56fd34408186e4bbccfd4996cb3dc -> 
  custom:container-muxer-webm: aa71ff27fc2769a1b78a27578f13a17b -> 
  custom:container-demuxer-webm: 4f35f7cbe854078d1ac9338744f61a02 -> 
  custom:video-encoder-webm-vp8: eb34c28f22e8b96e1ab97ce403110664 -> 
  custom:video-codec-MediaFoundation-h265: 746d11721c4dcdbdad8f713fa42b33f4 -> 
  custom:audio-encoder-webm-vorbis: bf7c407c2cedff20999df2af8eb42d56 -> 
  custom:framework-win-MediaFoundation: 216162199b28c13a410421893ffa2e32 -> 
  custom:container-demuxer-ogg: 62fdf1f143b41e24485cea50d1cbac27 -> 
  custom:video-decoder-webm-vp8: 9c59270c3fd7afecdb556c50c9e8de78 -> 
  custom:audio-decoder-ogg-vorbis: bf7c407c2cedff20999df2af8eb42d56 -> 
========================================================================
Received Import Request.
  Time since last request: 40203.201609 seconds.
  path: Assets/RTS Mini Legion Fantasy PBR/Mini Legion Sentinel PBR/Materials/MaskTintPBR 2.mat
  artifactKey: Guid(1b0f54a91bcba614cbf14c979a2ecc11) Importer(815301076,1909f56bfc062723c751e8b465ee728b)
Start importing Assets/RTS Mini Legion Fantasy PBR/Mini Legion Sentinel PBR/Materials/MaskTintPBR 2.mat using Guid(1b0f54a91bcba614cbf14c979a2ecc11) Importer(815301076,1909f56bfc062723c751e8b465ee728b)  -> (artifact id: '802f1357d8de5983e5cc7bec0ca8999a') in 0.454145 seconds 
========================================================================
Received Import Request.
  Time since last request: 0.637674 seconds.
  path: Assets/RTS Mini Legion Fantasy PBR/Mini Legion Sentinel PBR/Meshes/Demon Hunter Default.fbx
  artifactKey: Guid(abf7c88e509134b498f0abf19f1fdc33) Importer(815301076,1909f56bfc062723c751e8b465ee728b)
Start importing Assets/RTS Mini Legion Fantasy PBR/Mini Legion Sentinel PBR/Meshes/Demon Hunter Default.fbx using Guid(abf7c88e509134b498f0abf19f1fdc33) Importer(815301076,1909f56bfc062723c751e8b465ee728b)  -> (artifact id: '345bdbe76e63166584fc9205ee6ae8fb') in 0.099042 seconds 
========================================================================
Received Import Request.
  Time since last request: 0.000022 seconds.
  path: Assets/RTS Mini Legion Fantasy PBR/Mini Legion Sentinel PBR/Meshes/RockMesh.fbx
  artifactKey: Guid(c1b118c6aba911c4b9edbfeca5785ca8) Importer(815301076,1909f56bfc062723c751e8b465ee728b)
Start importing Assets/RTS Mini Legion Fantasy PBR/Mini Legion Sentinel PBR/Meshes/RockMesh.fbx using Guid(c1b118c6aba911c4b9edbfeca5785ca8) Importer(815301076,1909f56bfc062723c751e8b465ee728b)  -> (artifact id: 'fff094a6cc55246ffb512d00bbda4582') in 0.025487 seconds 
========================================================================
Received Import Request.
  Time since last request: 0.000023 seconds.
  path: Assets/RTS Mini Legion Fantasy PBR/Mini Legion Sentinel PBR/Meshes/Stage.fbx
  artifactKey: Guid(5de352c58e6982a488adfd6928c17470) Importer(815301076,1909f56bfc062723c751e8b465ee728b)
Start importing Assets/RTS Mini Legion Fantasy PBR/Mini Legion Sentinel PBR/Meshes/Stage.fbx using Guid(5de352c58e6982a488adfd6928c17470) Importer(815301076,1909f56bfc062723c751e8b465ee728b)  -> (artifact id: '36d8ec15fd57b5ec613a5446d31099d7') in 0.014213 seconds 
========================================================================
Received Import Request.
  Time since last request: 0.448703 seconds.
  path: Assets/RTS Mini Legion Fantasy PBR/Mini Legion Sentinel PBR/Prefabs/Battle Owl StandardPBR.prefab
  artifactKey: Guid(082efe6b753d5ad4d91ef2a9734b3150) Importer(815301076,1909f56bfc062723c751e8b465ee728b)
Start importing Assets/RTS Mini Legion Fantasy PBR/Mini Legion Sentinel PBR/Prefabs/Battle Owl StandardPBR.prefab using Guid(082efe6b753d5ad4d91ef2a9734b3150) Importer(815301076,1909f56bfc062723c751e8b465ee728b)  -> (artifact id: '090abfa0e0602d928f5d3e27f0080610') in 0.276002 seconds 
========================================================================
Received Import Request.
  Time since last request: 0.000049 seconds.
  path: Assets/RTS Mini Legion Fantasy PBR/Mini Legion Sentinel PBR/Prefabs/Rock Golem MaskTintPBR.prefab
  artifactKey: Guid(fab392df2fc7f314ca1814ba8885b9d3) Importer(815301076,1909f56bfc062723c751e8b465ee728b)
Start importing Assets/RTS Mini Legion Fantasy PBR/Mini Legion Sentinel PBR/Prefabs/Rock Golem MaskTintPBR.prefab using Guid(fab392df2fc7f314ca1814ba8885b9d3) Importer(815301076,1909f56bfc062723c751e8b465ee728b)  -> (artifact id: '36da5a68a95b5978295281b48e9179b3') in 0.302052 seconds 
========================================================================
Received Import Request.
  Time since last request: 0.000032 seconds.
  path: Assets/RTS Mini Legion Fantasy PBR/Mini Legion Sentinel PBR/Prefabs/Knome StandardPBR.prefab
  artifactKey: Guid(482bcf53a931c294cb05700e097dfa3b) Importer(815301076,1909f56bfc062723c751e8b465ee728b)
Start importing Assets/RTS Mini Legion Fantasy PBR/Mini Legion Sentinel PBR/Prefabs/Knome StandardPBR.prefab using Guid(482bcf53a931c294cb05700e097dfa3b) Importer(815301076,1909f56bfc062723c751e8b465ee728b)  -> (artifact id: '70dc77c1636c5dd02e313ed790a6aacc') in 0.269663 seconds 
========================================================================
Received Import Request.
  Time since last request: 0.000029 seconds.
  path: Assets/RTS Mini Legion Fantasy PBR/Mini Legion Sentinel PBR/Prefabs/Druid MaskTintPBR.prefab
  artifactKey: Guid(3fd678722a38d4746a929b5c615e4018) Importer(815301076,1909f56bfc062723c751e8b465ee728b)
Start importing Assets/RTS Mini Legion Fantasy PBR/Mini Legion Sentinel PBR/Prefabs/Druid MaskTintPBR.prefab using Guid(3fd678722a38d4746a929b5c615e4018) Importer(815301076,1909f56bfc062723c751e8b465ee728b)  -> (artifact id: '3fab9950c577129b7bb46ad45512ac1f') in 0.303268 seconds 
========================================================================
Received Import Request.
  Time since last request: 0.000026 seconds.
  path: Assets/RTS Mini Legion Fantasy PBR/Mini Legion Sentinel PBR/Prefabs/RockStandardPBR.prefab
  artifactKey: Guid(b487174ae0b422c4eb6a5a2f5792d42e) Importer(815301076,1909f56bfc062723c751e8b465ee728b)
Start importing Assets/RTS Mini Legion Fantasy PBR/Mini Legion Sentinel PBR/Prefabs/RockStandardPBR.prefab using Guid(b487174ae0b422c4eb6a5a2f5792d42e) Importer(815301076,1909f56bfc062723c751e8b465ee728b)  -> (artifact id: '5d197d1ade7860c662914f20ceff7438') in 0.300323 seconds 
========================================================================
Received Import Request.
  Time since last request: 0.000030 seconds.
  path: Assets/RTS Mini Legion Fantasy PBR/Mini Legion Sentinel PBR/Prefabs/Elf Ranger MaskTintPBR.prefab
  artifactKey: Guid(1c66a04e2728b9c45aa5c8bc37e2db70) Importer(815301076,1909f56bfc062723c751e8b465ee728b)
Start importing Assets/RTS Mini Legion Fantasy PBR/Mini Legion Sentinel PBR/Prefabs/Elf Ranger MaskTintPBR.prefab using Guid(1c66a04e2728b9c45aa5c8bc37e2db70) Importer(815301076,1909f56bfc062723c751e8b465ee728b)  -> (artifact id: '01fe81bfa6bbfa8dc04e3a414e50234c') in 0.264031 seconds 
========================================================================
Received Import Request.
  Time since last request: 372.990457 seconds.
  path: Assets/4. Image/Human_Archer.png
  artifactKey: Guid(a30346554c296b1408b00ca8f1cc9085) Importer(815301076,1909f56bfc062723c751e8b465ee728b)
Start importing Assets/4. Image/Human_Archer.png using Guid(a30346554c296b1408b00ca8f1cc9085) Importer(815301076,1909f56bfc062723c751e8b465ee728b)  -> (artifact id: '988963ec59d56b85733a375ff00ad938') in 0.039590 seconds 
========================================================================
Received Import Request.
  Time since last request: 0.000031 seconds.
  path: Assets/4. Image/Human_Worker.png
  artifactKey: Guid(cbe30e59cc87ca541bd72193550b4164) Importer(815301076,1909f56bfc062723c751e8b465ee728b)
Start importing Assets/4. Image/Human_Worker.png using Guid(cbe30e59cc87ca541bd72193550b4164) Importer(815301076,1909f56bfc062723c751e8b465ee728b)  -> (artifact id: '5005177f44ba65d554ab3daa818cc910') in 0.015079 seconds 
========================================================================
Received Import Request.
  Time since last request: 0.000022 seconds.
  path: Assets/4. Image/Human_Griffin.png
  artifactKey: Guid(533b0b9e078b99a4c80b5657f38771d9) Importer(815301076,1909f56bfc062723c751e8b465ee728b)
Start importing Assets/4. Image/Human_Griffin.png using Guid(533b0b9e078b99a4c80b5657f38771d9) Importer(815301076,1909f56bfc062723c751e8b465ee728b)  -> (artifact id: 'f5f6f4ae3d54f9d66e567497a2882030') in 0.012960 seconds 
========================================================================
Received Import Request.
  Time since last request: 0.000020 seconds.
  path: Assets/4. Image/Human_Knight.png
  artifactKey: Guid(a8247d2e9c27a3d4a924686a906c0821) Importer(815301076,1909f56bfc062723c751e8b465ee728b)
Start importing Assets/4. Image/Human_Knight.png using Guid(a8247d2e9c27a3d4a924686a906c0821) Importer(815301076,1909f56bfc062723c751e8b465ee728b)  -> (artifact id: 'd92b467277eeee71d7208f6f6ae36ae6') in 0.010684 seconds 
========================================================================
Received Import Request.
  Time since last request: 8.659598 seconds.
  path: Assets/4. Image/Human_Archer.png
  artifactKey: Guid(a30346554c296b1408b00ca8f1cc9085) Importer(815301076,1909f56bfc062723c751e8b465ee728b)
Start importing Assets/4. Image/Human_Archer.png using Guid(a30346554c296b1408b00ca8f1cc9085) Importer(815301076,1909f56bfc062723c751e8b465ee728b)  -> (artifact id: '77478648d61eab67161424b837f6adde') in 0.012093 seconds 
========================================================================
Received Import Request.
  Time since last request: 0.000060 seconds.
  path: Assets/4. Image/Human_SiegeEngine.png
  artifactKey: Guid(c503e6373d646a14687ea4b5a952632b) Importer(815301076,1909f56bfc062723c751e8b465ee728b)
Start importing Assets/4. Image/Human_SiegeEngine.png using Guid(c503e6373d646a14687ea4b5a952632b) Importer(815301076,1909f56bfc062723c751e8b465ee728b)  -> (artifact id: 'd0edcd182e2596ab2d8d071138b21d78') in 0.016996 seconds 
========================================================================
Received Import Request.
  Time since last request: 0.000026 seconds.
  path: Assets/4. Image/Human_Mage.png
  artifactKey: Guid(f3816d00ac8d3ff48aeb85c4ce5ad82c) Importer(815301076,1909f56bfc062723c751e8b465ee728b)
Start importing Assets/4. Image/Human_Mage.png using Guid(f3816d00ac8d3ff48aeb85c4ce5ad82c) Importer(815301076,1909f56bfc062723c751e8b465ee728b)  -> (artifact id: '9321ce7db64e095bde815a9ba6287f0f') in 0.012665 seconds 
========================================================================
Received Import Request.
  Time since last request: 9.946358 seconds.
  path: Assets/1. Scenes/MainMenu.unity
  artifactKey: Guid(9fc0d4010bbf28b4594072e72b8655ab) Importer(815301076,1909f56bfc062723c751e8b465ee728b)
Start importing Assets/1. Scenes/MainMenu.unity using Guid(9fc0d4010bbf28b4594072e72b8655ab) Importer(815301076,1909f56bfc062723c751e8b465ee728b)  -> (artifact id: 'c75760de41ce760efa9ef9890f6e954d') in 0.006001 seconds 
========================================================================
Received Import Request.
  Time since last request: 559.260159 seconds.
  path: Assets/4. Image/Human_Worker.png
  artifactKey: Guid(cbe30e59cc87ca541bd72193550b4164) Importer(815301076,1909f56bfc062723c751e8b465ee728b)
Start importing Assets/4. Image/Human_Worker.png using Guid(cbe30e59cc87ca541bd72193550b4164) Importer(815301076,1909f56bfc062723c751e8b465ee728b)  -> (artifact id: '1a6cd5d574081b5c7bf7ab6f99746816') in 0.023184 seconds 
========================================================================
Received Import Request.
  Time since last request: 11.829879 seconds.
  path: Assets/4. Image/Human_Knight.png
  artifactKey: Guid(a8247d2e9c27a3d4a924686a906c0821) Importer(815301076,1909f56bfc062723c751e8b465ee728b)
Start importing Assets/4. Image/Human_Knight.png using Guid(a8247d2e9c27a3d4a924686a906c0821) Importer(815301076,1909f56bfc062723c751e8b465ee728b)  -> (artifact id: 'a257af6e3c2f5a36235092d91d3492e9') in 0.016764 seconds 
========================================================================
Received Import Request.
  Time since last request: 5.564205 seconds.
  path: Assets/4. Image/Human_Mage.png
  artifactKey: Guid(f3816d00ac8d3ff48aeb85c4ce5ad82c) Importer(815301076,1909f56bfc062723c751e8b465ee728b)
Start importing Assets/4. Image/Human_Mage.png using Guid(f3816d00ac8d3ff48aeb85c4ce5ad82c) Importer(815301076,1909f56bfc062723c751e8b465ee728b)  -> (artifact id: '973ffb7b7197987c22ecabcda293f23d') in 0.016122 seconds 
========================================================================
Received Import Request.
  Time since last request: 30.017737 seconds.
  path: Assets/4. Image/Human_Footman.png
  artifactKey: Guid(fea82ef1b4e9f38438a82d2234a172b7) Importer(815301076,1909f56bfc062723c751e8b465ee728b)
Start importing Assets/4. Image/Human_Footman.png using Guid(fea82ef1b4e9f38438a82d2234a172b7) Importer(815301076,1909f56bfc062723c751e8b465ee728b)  -> (artifact id: '4cf180d7e64aa30f814a9adf7177afc8') in 0.015508 seconds 
========================================================================
Received Import Request.
  Time since last request: 9.806872 seconds.
  path: Assets/4. Image/Human_Archer.png
  artifactKey: Guid(a30346554c296b1408b00ca8f1cc9085) Importer(815301076,1909f56bfc062723c751e8b465ee728b)
Start importing Assets/4. Image/Human_Archer.png using Guid(a30346554c296b1408b00ca8f1cc9085) Importer(815301076,1909f56bfc062723c751e8b465ee728b)  -> (artifact id: '4bc127ae6c1357d83e6c9f8b75da7a11') in 0.015796 seconds 
========================================================================
Received Import Request.
  Time since last request: 7.535453 seconds.
  path: Assets/4. Image/Human_Griffin.png
  artifactKey: Guid(533b0b9e078b99a4c80b5657f38771d9) Importer(815301076,1909f56bfc062723c751e8b465ee728b)
Start importing Assets/4. Image/Human_Griffin.png using Guid(533b0b9e078b99a4c80b5657f38771d9) Importer(815301076,1909f56bfc062723c751e8b465ee728b)  -> (artifact id: 'bc3ae9e1f8a7f66465256c4b4b61419c') in 0.015214 seconds 
========================================================================
Received Import Request.
  Time since last request: 3.102509 seconds.
  path: Assets/4. Image/Human_SiegeEngine.png
  artifactKey: Guid(c503e6373d646a14687ea4b5a952632b) Importer(815301076,1909f56bfc062723c751e8b465ee728b)
Start importing Assets/4. Image/Human_SiegeEngine.png using Guid(c503e6373d646a14687ea4b5a952632b) Importer(815301076,1909f56bfc062723c751e8b465ee728b)  -> (artifact id: '5dfbb04b6d8aef4ddd73547d8926660a') in 0.014943 seconds 
========================================================================
Received Import Request.
  Time since last request: 2.435603 seconds.
  path: Assets/4. Image/Human_Horseman.png
  artifactKey: Guid(72e73e6a7638a034381971a649596a36) Importer(815301076,1909f56bfc062723c751e8b465ee728b)
Start importing Assets/4. Image/Human_Horseman.png using Guid(72e73e6a7638a034381971a649596a36) Importer(815301076,1909f56bfc062723c751e8b465ee728b)  -> (artifact id: 'aaebc4b75fb4c3fb2ae42c9e29b60047') in 0.015843 seconds 
========================================================================
Received Prepare
Registering precompiled user dll's ...
Registered in 0.006058 seconds.
Begin MonoManager ReloadAssembly
Symbol file LoadedFromMemory doesn't match image C:\Users\alstn\Documents\GitHub\RTS-GAME\RTS GAME\Library\PackageCache\com.unity.visualscripting@1.7.8\Editor\VisualScripting.Core\Dependencies\YamlDotNet\Unity.VisualScripting.YamlDotNet.dll
Symbol file LoadedFromMemory doesn't match image C:\Users\alstn\Documents\GitHub\RTS-GAME\RTS GAME\Library\PackageCache\com.unity.visualscripting@1.7.8\Editor\VisualScripting.Core\Dependencies\DotNetZip\Unity.VisualScripting.IonicZip.dll
Native extension for WindowsStandalone target not found
Native extension for iOS target not found
Native extension for Android target not found
Refreshing native plugins compatible for Editor in 0.49 ms, found 3 plugins.
Preloading 0 native plugins for Editor in 0.00 ms.
Mono: successfully reloaded assembly
- Completed reload, in  0.809 seconds
Domain Reload Profiling:
	ReloadAssembly (810ms)
		BeginReloadAssembly (113ms)
			ExecutionOrderSort (0ms)
			DisableScriptedObjects (3ms)
			BackupInstance (0ms)
			ReleaseScriptingObjects (0ms)
			CreateAndSetChildDomain (31ms)
		EndReloadAssembly (619ms)
			LoadAssemblies (72ms)
			RebuildTransferFunctionScriptingTraits (0ms)
			SetupTypeCache (202ms)
			ReleaseScriptCaches (1ms)
			RebuildScriptCaches (27ms)
			SetupLoadedEditorAssemblies (285ms)
				LogAssemblyErrors (0ms)
				InitializePlatformSupportModulesInManaged (27ms)
				SetLoadedEditorAssemblies (0ms)
				RefreshPlugins (1ms)
				BeforeProcessingInitializeOnLoad (56ms)
				ProcessInitializeOnLoadAttributes (164ms)
				ProcessInitializeOnLoadMethodAttributes (30ms)
				AfterProcessingInitializeOnLoad (9ms)
				EditorAssembliesLoaded (0ms)
			ExecutionOrderSort2 (0ms)
			AwakeInstancesAfterBackupRestoration (6ms)
Platform modules already initialized, skipping
Refreshing native plugins compatible for Editor in 1.86 ms, found 3 plugins.
Preloading 0 native plugins for Editor in 0.00 ms.
Unloading 3511 Unused Serialized files (Serialized files now loaded: 0)
Unloading 18 unused Assets / (24.6 KB). Loaded Objects now: 4081.
Memory consumption went from 148.2 MB to 148.2 MB.
Total: 2.218700 ms (FindLiveObjects: 0.179500 ms CreateObjectMapping: 0.077100 ms MarkObjects: 1.937600 ms  DeleteObjects: 0.023700 ms)

AssetImportParameters requested are different than current active one (requested -> active):
  custom:video-decoder-ogg-theora: a1e56fd34408186e4bbccfd4996cb3dc -> 
  custom:container-muxer-webm: aa71ff27fc2769a1b78a27578f13a17b -> 
  custom:container-demuxer-webm: 4f35f7cbe854078d1ac9338744f61a02 -> 
  custom:video-encoder-webm-vp8: eb34c28f22e8b96e1ab97ce403110664 -> 
  custom:video-codec-MediaFoundation-h265: 746d11721c4dcdbdad8f713fa42b33f4 -> 
  custom:audio-encoder-webm-vorbis: bf7c407c2cedff20999df2af8eb42d56 -> 
  custom:framework-win-MediaFoundation: 216162199b28c13a410421893ffa2e32 -> 
  custom:container-demuxer-ogg: 62fdf1f143b41e24485cea50d1cbac27 -> 
  custom:video-decoder-webm-vp8: 9c59270c3fd7afecdb556c50c9e8de78 -> 
  custom:audio-decoder-ogg-vorbis: bf7c407c2cedff20999df2af8eb42d56 -> 
========================================================================
Received Prepare
Registering precompiled user dll's ...
Registered in 0.005408 seconds.
Begin MonoManager ReloadAssembly
Symbol file LoadedFromMemory doesn't match image C:\Users\alstn\Documents\GitHub\RTS-GAME\RTS GAME\Library\PackageCache\com.unity.visualscripting@1.7.8\Editor\VisualScripting.Core\Dependencies\YamlDotNet\Unity.VisualScripting.YamlDotNet.dll
Symbol file LoadedFromMemory doesn't match image C:\Users\alstn\Documents\GitHub\RTS-GAME\RTS GAME\Library\PackageCache\com.unity.visualscripting@1.7.8\Editor\VisualScripting.Core\Dependencies\DotNetZip\Unity.VisualScripting.IonicZip.dll
Native extension for WindowsStandalone target not found
Native extension for iOS target not found
Native extension for Android target not found
Refreshing native plugins compatible for Editor in 0.52 ms, found 3 plugins.
Preloading 0 native plugins for Editor in 0.00 ms.
Mono: successfully reloaded assembly
- Completed reload, in  0.792 seconds
Domain Reload Profiling:
	ReloadAssembly (792ms)
		BeginReloadAssembly (118ms)
			ExecutionOrderSort (0ms)
			DisableScriptedObjects (5ms)
			BackupInstance (0ms)
			ReleaseScriptingObjects (0ms)
			CreateAndSetChildDomain (28ms)
		EndReloadAssembly (597ms)
			LoadAssemblies (77ms)
			RebuildTransferFunctionScriptingTraits (0ms)
			SetupTypeCache (189ms)
			ReleaseScriptCaches (1ms)
			RebuildScriptCaches (28ms)
			SetupLoadedEditorAssemblies (278ms)
				LogAssemblyErrors (0ms)
				InitializePlatformSupportModulesInManaged (29ms)
				SetLoadedEditorAssemblies (0ms)
				RefreshPlugins (1ms)
				BeforeProcessingInitializeOnLoad (52ms)
				ProcessInitializeOnLoadAttributes (157ms)
				ProcessInitializeOnLoadMethodAttributes (29ms)
				AfterProcessingInitializeOnLoad (11ms)
				EditorAssembliesLoaded (0ms)
			ExecutionOrderSort2 (0ms)
			AwakeInstancesAfterBackupRestoration (6ms)
Platform modules already initialized, skipping
Refreshing native plugins compatible for Editor in 1.65 ms, found 3 plugins.
Preloading 0 native plugins for Editor in 0.00 ms.
Unloading 3511 Unused Serialized files (Serialized files now loaded: 0)
Unloading 18 unused Assets / (24.6 KB). Loaded Objects now: 4084.
Memory consumption went from 148.2 MB to 148.2 MB.
Total: 2.729500 ms (FindLiveObjects: 0.197900 ms CreateObjectMapping: 0.133000 ms MarkObjects: 2.374300 ms  DeleteObjects: 0.023300 ms)

AssetImportParameters requested are different than current active one (requested -> active):
  custom:video-decoder-ogg-theora: a1e56fd34408186e4bbccfd4996cb3dc -> 
  custom:container-muxer-webm: aa71ff27fc2769a1b78a27578f13a17b -> 
  custom:container-demuxer-webm: 4f35f7cbe854078d1ac9338744f61a02 -> 
  custom:video-encoder-webm-vp8: eb34c28f22e8b96e1ab97ce403110664 -> 
  custom:video-codec-MediaFoundation-h265: 746d11721c4dcdbdad8f713fa42b33f4 -> 
  custom:audio-encoder-webm-vorbis: bf7c407c2cedff20999df2af8eb42d56 -> 
  custom:framework-win-MediaFoundation: 216162199b28c13a410421893ffa2e32 -> 
  custom:container-demuxer-ogg: 62fdf1f143b41e24485cea50d1cbac27 -> 
  custom:video-decoder-webm-vp8: 9c59270c3fd7afecdb556c50c9e8de78 -> 
  custom:audio-decoder-ogg-vorbis: bf7c407c2cedff20999df2af8eb42d56 -> 
========================================================================
Received Import Request.
  Time since last request: 285.141990 seconds.
  path: Assets/4. Image
  artifactKey: Guid(e29494c1fc140a54cb7c13fe4cc8b3a5) Importer(815301076,1909f56bfc062723c751e8b465ee728b)
Start importing Assets/4. Image using Guid(e29494c1fc140a54cb7c13fe4cc8b3a5) Importer(815301076,1909f56bfc062723c751e8b465ee728b)  -> (artifact id: '72de8d93e95186cac6bd1fecc3c5538d') in 0.013586 seconds 
========================================================================
Received Import Request.
  Time since last request: 4.460144 seconds.
  path: Assets/4. Image/Human
  artifactKey: Guid(dfba394ff1da16c40b45f269c9b95cae) Importer(815301076,1909f56bfc062723c751e8b465ee728b)
Start importing Assets/4. Image/Human using Guid(dfba394ff1da16c40b45f269c9b95cae) Importer(815301076,1909f56bfc062723c751e8b465ee728b)  -> (artifact id: 'a2b4d8b5d05a3a7b2bb44c623115635d') in 0.006762 seconds 
========================================================================
Received Import Request.
  Time since last request: 1.063909 seconds.
  path: Assets/4. Image/Human 1
  artifactKey: Guid(778e63f9e346d3542976ecd8233362b3) Importer(815301076,1909f56bfc062723c751e8b465ee728b)
Start importing Assets/4. Image/Human 1 using Guid(778e63f9e346d3542976ecd8233362b3) Importer(815301076,1909f56bfc062723c751e8b465ee728b)  -> (artifact id: '46d4e5d1002121ceec9e62cf20a75e72') in 0.005996 seconds 
========================================================================
Received Import Request.
  Time since last request: 0.373418 seconds.
  path: Assets/4. Image/Human 2
  artifactKey: Guid(f6eb49b6db86f73438509dac4ed29cc4) Importer(815301076,1909f56bfc062723c751e8b465ee728b)
Start importing Assets/4. Image/Human 2 using Guid(f6eb49b6db86f73438509dac4ed29cc4) Importer(815301076,1909f56bfc062723c751e8b465ee728b)  -> (artifact id: '2ae57322b457bdaf96078e9695e12d52') in 0.006875 seconds 
========================================================================
Received Import Request.
  Time since last request: 0.230294 seconds.
  path: Assets/4. Image/Human 3
  artifactKey: Guid(0be4785e42175dc4ba5b007fbef6b834) Importer(815301076,1909f56bfc062723c751e8b465ee728b)
Start importing Assets/4. Image/Human 3 using Guid(0be4785e42175dc4ba5b007fbef6b834) Importer(815301076,1909f56bfc062723c751e8b465ee728b)  -> (artifact id: '9c43e9d0c42c9d603593327cd8630456') in 0.005936 seconds 
========================================================================
Received Import Request.
  Time since last request: 4.464859 seconds.
  path: Assets/4. Image/Sentinel
  artifactKey: Guid(778e63f9e346d3542976ecd8233362b3) Importer(815301076,1909f56bfc062723c751e8b465ee728b)
Start importing Assets/4. Image/Sentinel using Guid(778e63f9e346d3542976ecd8233362b3) Importer(815301076,1909f56bfc062723c751e8b465ee728b)  -> (artifact id: '7cb120b607f6fc6dedbd5c35999cf7f5') in 0.005713 seconds 
========================================================================
Received Import Request.
  Time since last request: 6.403321 seconds.
  path: Assets/4. Image/Undead
  artifactKey: Guid(f6eb49b6db86f73438509dac4ed29cc4) Importer(815301076,1909f56bfc062723c751e8b465ee728b)
Start importing Assets/4. Image/Undead using Guid(f6eb49b6db86f73438509dac4ed29cc4) Importer(815301076,1909f56bfc062723c751e8b465ee728b)  -> (artifact id: 'b4ca57a565dfafdf1b4d3b56f6224bd4') in 0.005608 seconds 
========================================================================
Received Import Request.
  Time since last request: 6.034448 seconds.
  path: Assets/4. Image/Warband
  artifactKey: Guid(0be4785e42175dc4ba5b007fbef6b834) Importer(815301076,1909f56bfc062723c751e8b465ee728b)
Start importing Assets/4. Image/Warband using Guid(0be4785e42175dc4ba5b007fbef6b834) Importer(815301076,1909f56bfc062723c751e8b465ee728b)  -> (artifact id: 'd7e7aea4fd52dde6e284f291a463f6fb') in 0.006613 seconds 
========================================================================
Received Import Request.
  Time since last request: 18.829667 seconds.
  path: Assets/4. Image/Sentinel/Sentinel_Battle Owl.png
  artifactKey: Guid(b45f7340bb1bb744aa0b630c7e600d41) Importer(815301076,1909f56bfc062723c751e8b465ee728b)
Start importing Assets/4. Image/Sentinel/Sentinel_Battle Owl.png using Guid(b45f7340bb1bb744aa0b630c7e600d41) Importer(815301076,1909f56bfc062723c751e8b465ee728b)  -> (artifact id: 'd3cf52d25798368d88c9c4490025e99c') in 0.042447 seconds 
========================================================================
Received Import Request.
  Time since last request: 0.000025 seconds.
  path: Assets/4. Image/Sentinel/Sentinel_Dryad.png
  artifactKey: Guid(3e0f21e46ac55b54db87a9d3ef1d3d59) Importer(815301076,1909f56bfc062723c751e8b465ee728b)
Start importing Assets/4. Image/Sentinel/Sentinel_Dryad.png using Guid(3e0f21e46ac55b54db87a9d3ef1d3d59) Importer(815301076,1909f56bfc062723c751e8b465ee728b)  -> (artifact id: '1ddca236bf0097f1aec3c07c60c98470') in 0.018545 seconds 
========================================================================
Received Import Request.
  Time since last request: 0.000027 seconds.
  path: Assets/4. Image/Sentinel/Sentinel_Rock Golem.png
  artifactKey: Guid(8f7e634f7afeabf418b5430c168bb141) Importer(815301076,1909f56bfc062723c751e8b465ee728b)
Start importing Assets/4. Image/Sentinel/Sentinel_Rock Golem.png using Guid(8f7e634f7afeabf418b5430c168bb141) Importer(815301076,1909f56bfc062723c751e8b465ee728b)  -> (artifact id: '3f64b47e4e3ba117637da5aeceda2f94') in 0.016049 seconds 
========================================================================
Received Import Request.
  Time since last request: 0.000036 seconds.
  path: Assets/4. Image/Sentinel/Sentinel_Elf Ranger.png
  artifactKey: Guid(8b04ea1d803412447a87a11894d77643) Importer(815301076,1909f56bfc062723c751e8b465ee728b)
Start importing Assets/4. Image/Sentinel/Sentinel_Elf Ranger.png using Guid(8b04ea1d803412447a87a11894d77643) Importer(815301076,1909f56bfc062723c751e8b465ee728b)  -> (artifact id: '2aac6be6905eaf703fa83973f1205fd5') in 0.014377 seconds 
========================================================================
Received Import Request.
  Time since last request: 0.000030 seconds.
  path: Assets/4. Image/Sentinel/Sentinel_Treeant.png
  artifactKey: Guid(1fb04bdfca3ac7e4ca3a30c85f040cec) Importer(815301076,1909f56bfc062723c751e8b465ee728b)
Start importing Assets/4. Image/Sentinel/Sentinel_Treeant.png using Guid(1fb04bdfca3ac7e4ca3a30c85f040cec) Importer(815301076,1909f56bfc062723c751e8b465ee728b)  -> (artifact id: 'cddaacd253b126ba61cf3a9d8bdc7bf1') in 0.015395 seconds 
========================================================================
Received Import Request.
  Time since last request: 8.978461 seconds.
  path: Assets/4. Image/Sentinel/Sentinel_Battle Owl.png
  artifactKey: Guid(b45f7340bb1bb744aa0b630c7e600d41) Importer(815301076,1909f56bfc062723c751e8b465ee728b)
Start importing Assets/4. Image/Sentinel/Sentinel_Battle Owl.png using Guid(b45f7340bb1bb744aa0b630c7e600d41) Importer(815301076,1909f56bfc062723c751e8b465ee728b)  -> (artifact id: 'b4198b0622ef4415790be627f5e4f804') in 0.013422 seconds 
========================================================================
Received Import Request.
  Time since last request: 0.000037 seconds.
  path: Assets/4. Image/Sentinel/Sentinel_Dryad.png
  artifactKey: Guid(3e0f21e46ac55b54db87a9d3ef1d3d59) Importer(815301076,1909f56bfc062723c751e8b465ee728b)
Start importing Assets/4. Image/Sentinel/Sentinel_Dryad.png using Guid(3e0f21e46ac55b54db87a9d3ef1d3d59) Importer(815301076,1909f56bfc062723c751e8b465ee728b)  -> (artifact id: '8888548303cb8ee97ee67ec414075d91') in 0.016503 seconds 
========================================================================
Received Import Request.
  Time since last request: 0.000026 seconds.
  path: Assets/4. Image/Sentinel/Sentinel_Knome.png
  artifactKey: Guid(f0846c4b889070e498094a6ec1bb120e) Importer(815301076,1909f56bfc062723c751e8b465ee728b)
Start importing Assets/4. Image/Sentinel/Sentinel_Knome.png using Guid(f0846c4b889070e498094a6ec1bb120e) Importer(815301076,1909f56bfc062723c751e8b465ee728b)  -> (artifact id: 'dfd08c58272b62a7691e5879c482ea0a') in 0.012677 seconds 
========================================================================
Received Import Request.
  Time since last request: 0.000034 seconds.
  path: Assets/4. Image/Sentinel/Sentinel_Treeant.png
  artifactKey: Guid(1fb04bdfca3ac7e4ca3a30c85f040cec) Importer(815301076,1909f56bfc062723c751e8b465ee728b)
Start importing Assets/4. Image/Sentinel/Sentinel_Treeant.png using Guid(1fb04bdfca3ac7e4ca3a30c85f040cec) Importer(815301076,1909f56bfc062723c751e8b465ee728b)  -> (artifact id: '65b96ff785532455b82758fb321ac1e5') in 0.011548 seconds 
========================================================================
Received Import Request.
  Time since last request: 15.959581 seconds.
  path: Assets/3. Prefebs/createunit/Human_Unit.prefab
  artifactKey: Guid(17622ed15f20f2e43a8980894c4b0570) Importer(815301076,1909f56bfc062723c751e8b465ee728b)
Start importing Assets/3. Prefebs/createunit/Human_Unit.prefab using Guid(17622ed15f20f2e43a8980894c4b0570) Importer(815301076,1909f56bfc062723c751e8b465ee728b)  -> (artifact id: 'edf1618efd34314075e1d7e130210bb9') in 0.018357 seconds 
========================================================================
Received Import Request.
  Time since last request: 17.474894 seconds.
  path: Assets/4. Image/Sentinel/Sentinel_Knome.png
  artifactKey: Guid(f0846c4b889070e498094a6ec1bb120e) Importer(815301076,1909f56bfc062723c751e8b465ee728b)
Start importing Assets/4. Image/Sentinel/Sentinel_Knome.png using Guid(f0846c4b889070e498094a6ec1bb120e) Importer(815301076,1909f56bfc062723c751e8b465ee728b)  -> (artifact id: 'ee6d7ad5159284b52f071bd6bcbcaaf3') in 0.026362 seconds 
========================================================================
Received Import Request.
  Time since last request: 12.969581 seconds.
  path: Assets/4. Image/Sentinel/Sentinel_Demon Hunter.png
  artifactKey: Guid(e2925a2c861b24c4b833cd5b6e5c70af) Importer(815301076,1909f56bfc062723c751e8b465ee728b)
Start importing Assets/4. Image/Sentinel/Sentinel_Demon Hunter.png using Guid(e2925a2c861b24c4b833cd5b6e5c70af) Importer(815301076,1909f56bfc062723c751e8b465ee728b)  -> (artifact id: '5e90e3d21244bff490ae428f5eb9b3a3') in 0.017911 seconds 
========================================================================
Received Import Request.
  Time since last request: 5.824180 seconds.
  path: Assets/4. Image/Sentinel/Sentinel_Druid.png
  artifactKey: Guid(ae241c1a61a64054faa7fbc1d5fa5efe) Importer(815301076,1909f56bfc062723c751e8b465ee728b)
Start importing Assets/4. Image/Sentinel/Sentinel_Druid.png using Guid(ae241c1a61a64054faa7fbc1d5fa5efe) Importer(815301076,1909f56bfc062723c751e8b465ee728b)  -> (artifact id: 'fd5f2c1d80b5c27777124a0f5a39091f') in 0.016334 seconds 
========================================================================
Received Import Request.
  Time since last request: 6.399060 seconds.
  path: Assets/4. Image/Sentinel/Sentinel_Elf Ranger.png
  artifactKey: Guid(8b04ea1d803412447a87a11894d77643) Importer(815301076,1909f56bfc062723c751e8b465ee728b)
Start importing Assets/4. Image/Sentinel/Sentinel_Elf Ranger.png using Guid(8b04ea1d803412447a87a11894d77643) Importer(815301076,1909f56bfc062723c751e8b465ee728b)  -> (artifact id: '9d6333744f03b266faee97bef22ab8c3') in 0.014432 seconds 
========================================================================
Received Prepare
Registering precompiled user dll's ...
Registered in 0.005209 seconds.
Begin MonoManager ReloadAssembly
Symbol file LoadedFromMemory doesn't match image C:\Users\alstn\Documents\GitHub\RTS-GAME\RTS GAME\Library\PackageCache\com.unity.visualscripting@1.7.8\Editor\VisualScripting.Core\Dependencies\YamlDotNet\Unity.VisualScripting.YamlDotNet.dll
Symbol file LoadedFromMemory doesn't match image C:\Users\alstn\Documents\GitHub\RTS-GAME\RTS GAME\Library\PackageCache\com.unity.visualscripting@1.7.8\Editor\VisualScripting.Core\Dependencies\DotNetZip\Unity.VisualScripting.IonicZip.dll
Native extension for WindowsStandalone target not found
Native extension for iOS target not found
Native extension for Android target not found
Refreshing native plugins compatible for Editor in 0.68 ms, found 3 plugins.
Preloading 0 native plugins for Editor in 0.00 ms.
Mono: successfully reloaded assembly
- Completed reload, in  0.788 seconds
Domain Reload Profiling:
	ReloadAssembly (788ms)
		BeginReloadAssembly (122ms)
			ExecutionOrderSort (0ms)
			DisableScriptedObjects (4ms)
			BackupInstance (0ms)
			ReleaseScriptingObjects (0ms)
			CreateAndSetChildDomain (37ms)
		EndReloadAssembly (589ms)
			LoadAssemblies (72ms)
			RebuildTransferFunctionScriptingTraits (0ms)
			SetupTypeCache (182ms)
			ReleaseScriptCaches (1ms)
			RebuildScriptCaches (29ms)
			SetupLoadedEditorAssemblies (276ms)
				LogAssemblyErrors (0ms)
				InitializePlatformSupportModulesInManaged (25ms)
				SetLoadedEditorAssemblies (0ms)
				RefreshPlugins (1ms)
				BeforeProcessingInitializeOnLoad (56ms)
				ProcessInitializeOnLoadAttributes (156ms)
				ProcessInitializeOnLoadMethodAttributes (29ms)
				AfterProcessingInitializeOnLoad (9ms)
				EditorAssembliesLoaded (0ms)
			ExecutionOrderSort2 (0ms)
			AwakeInstancesAfterBackupRestoration (6ms)
Platform modules already initialized, skipping
Refreshing native plugins compatible for Editor in 1.52 ms, found 3 plugins.
Preloading 0 native plugins for Editor in 0.00 ms.
Unloading 3511 Unused Serialized files (Serialized files now loaded: 0)
Unloading 19 unused Assets / (25.3 KB). Loaded Objects now: 4100.
Memory consumption went from 148.3 MB to 148.2 MB.
Total: 2.243900 ms (FindLiveObjects: 0.178400 ms CreateObjectMapping: 0.074100 ms MarkObjects: 1.963900 ms  DeleteObjects: 0.026800 ms)

AssetImportParameters requested are different than current active one (requested -> active):
  custom:video-decoder-ogg-theora: a1e56fd34408186e4bbccfd4996cb3dc -> 
  custom:container-muxer-webm: aa71ff27fc2769a1b78a27578f13a17b -> 
  custom:container-demuxer-webm: 4f35f7cbe854078d1ac9338744f61a02 -> 
  custom:video-encoder-webm-vp8: eb34c28f22e8b96e1ab97ce403110664 -> 
  custom:video-codec-MediaFoundation-h265: 746d11721c4dcdbdad8f713fa42b33f4 -> 
  custom:audio-encoder-webm-vorbis: bf7c407c2cedff20999df2af8eb42d56 -> 
  custom:framework-win-MediaFoundation: 216162199b28c13a410421893ffa2e32 -> 
  custom:container-demuxer-ogg: 62fdf1f143b41e24485cea50d1cbac27 -> 
  custom:video-decoder-webm-vp8: 9c59270c3fd7afecdb556c50c9e8de78 -> 
  custom:audio-decoder-ogg-vorbis: bf7c407c2cedff20999df2af8eb42d56 -> 
========================================================================
Received Import Request.
  Time since last request: 20.314885 seconds.
  path: Assets/4. Image/Sentinel/Sentinel_Battle Owl.png
  artifactKey: Guid(b45f7340bb1bb744aa0b630c7e600d41) Importer(815301076,1909f56bfc062723c751e8b465ee728b)
Start importing Assets/4. Image/Sentinel/Sentinel_Battle Owl.png using Guid(b45f7340bb1bb744aa0b630c7e600d41) Importer(815301076,1909f56bfc062723c751e8b465ee728b)  -> (artifact id: '92ba3de6c6669dabbbb90087136e5d9c') in 0.046405 seconds 
========================================================================
Received Import Request.
  Time since last request: 7.399942 seconds.
  path: Assets/4. Image/Sentinel/Sentinel_Treeant.png
  artifactKey: Guid(1fb04bdfca3ac7e4ca3a30c85f040cec) Importer(815301076,1909f56bfc062723c751e8b465ee728b)
Start importing Assets/4. Image/Sentinel/Sentinel_Treeant.png using Guid(1fb04bdfca3ac7e4ca3a30c85f040cec) Importer(815301076,1909f56bfc062723c751e8b465ee728b)  -> (artifact id: '5e912919d4bebb26fce02fa5f2bbe686') in 0.018878 seconds 
========================================================================
Received Import Request.
  Time since last request: 3.282287 seconds.
  path: Assets/4. Image/Sentinel/Sentinel_Rock Golem.png
  artifactKey: Guid(8f7e634f7afeabf418b5430c168bb141) Importer(815301076,1909f56bfc062723c751e8b465ee728b)
Start importing Assets/4. Image/Sentinel/Sentinel_Rock Golem.png using Guid(8f7e634f7afeabf418b5430c168bb141) Importer(815301076,1909f56bfc062723c751e8b465ee728b)  -> (artifact id: '40e2a60642685b811218dc47ec0df0b7') in 0.015276 seconds 
========================================================================
Received Import Request.
  Time since last request: 2.457389 seconds.
  path: Assets/4. Image/Sentinel/Sentinel_Dryad.png
  artifactKey: Guid(3e0f21e46ac55b54db87a9d3ef1d3d59) Importer(815301076,1909f56bfc062723c751e8b465ee728b)
Start importing Assets/4. Image/Sentinel/Sentinel_Dryad.png using Guid(3e0f21e46ac55b54db87a9d3ef1d3d59) Importer(815301076,1909f56bfc062723c751e8b465ee728b)  -> (artifact id: '4247cb1db74cabf55b301439eb29ba72') in 0.016048 seconds 
========================================================================
Received Import Request.
  Time since last request: 3930.978809 seconds.
  path: Assets/RTS Mini Legion Fantasy PBR/Mini Legion Undead PBR/Prefabs/Bolt MaskTint.prefab
  artifactKey: Guid(374cb4e89cc75fe4183f0ef13e075124) Importer(815301076,1909f56bfc062723c751e8b465ee728b)
Start importing Assets/RTS Mini Legion Fantasy PBR/Mini Legion Undead PBR/Prefabs/Bolt MaskTint.prefab using Guid(374cb4e89cc75fe4183f0ef13e075124) Importer(815301076,1909f56bfc062723c751e8b465ee728b)  -> (artifact id: 'e2f09dc94f5028aab70adc4a35998b76') in 0.381364 seconds 
========================================================================
Received Import Request.
  Time since last request: 0.000151 seconds.
  path: Assets/RTS Mini Legion Fantasy PBR/Mini Legion Undead PBR/Prefabs/Death Rider MaskTint.prefab
  artifactKey: Guid(7b5442b9034748247be88c09a75c8294) Importer(815301076,1909f56bfc062723c751e8b465ee728b)
Start importing Assets/RTS Mini Legion Fantasy PBR/Mini Legion Undead PBR/Prefabs/Death Rider MaskTint.prefab using Guid(7b5442b9034748247be88c09a75c8294) Importer(815301076,1909f56bfc062723c751e8b465ee728b)  -> (artifact id: '1c6e05e75b7f636771594467a272a78b') in 0.202990 seconds 
========================================================================
Received Import Request.
  Time since last request: 0.000038 seconds.
  path: Assets/RTS Mini Legion Fantasy PBR/Mini Legion Undead PBR/Prefabs/Skeleton Warrior MaskTint.prefab
  artifactKey: Guid(fbd48747304af1e40b7533a49387d230) Importer(815301076,1909f56bfc062723c751e8b465ee728b)
Start importing Assets/RTS Mini Legion Fantasy PBR/Mini Legion Undead PBR/Prefabs/Skeleton Warrior MaskTint.prefab using Guid(fbd48747304af1e40b7533a49387d230) Importer(815301076,1909f56bfc062723c751e8b465ee728b)  -> (artifact id: 'f3dfba409becdb33bc8d5bcb5ebc358b') in 0.186978 seconds 
========================================================================
Received Import Request.
  Time since last request: 0.000023 seconds.
  path: Assets/RTS Mini Legion Fantasy PBR/Mini Legion Undead PBR/Prefabs/Lich MaskTint.prefab
  artifactKey: Guid(14a841ea7d3386848a14c76884013a5a) Importer(815301076,1909f56bfc062723c751e8b465ee728b)
Start importing Assets/RTS Mini Legion Fantasy PBR/Mini Legion Undead PBR/Prefabs/Lich MaskTint.prefab using Guid(14a841ea7d3386848a14c76884013a5a) Importer(815301076,1909f56bfc062723c751e8b465ee728b)  -> (artifact id: '779df7fb38728e6506ad363438740884') in 0.212184 seconds 
========================================================================
Received Import Request.
  Time since last request: 0.000026 seconds.
  path: Assets/RTS Mini Legion Fantasy PBR/Mini Legion Undead PBR/Prefabs/Lich Standard.prefab
  artifactKey: Guid(6296eefa2bfa8414a8f498b71c9c404a) Importer(815301076,1909f56bfc062723c751e8b465ee728b)
Start importing Assets/RTS Mini Legion Fantasy PBR/Mini Legion Undead PBR/Prefabs/Lich Standard.prefab using Guid(6296eefa2bfa8414a8f498b71c9c404a) Importer(815301076,1909f56bfc062723c751e8b465ee728b)  -> (artifact id: '4cc082bc8ad9cc82b83c6fa3c2d1ee9a') in 0.245140 seconds 
========================================================================
Received Import Request.
  Time since last request: 0.000031 seconds.
  path: Assets/RTS Mini Legion Fantasy PBR/Mini Legion Undead PBR/Prefabs/Crossbowman MaskTint.prefab
  artifactKey: Guid(e47f396cd9a0f0f4aa3fbbcce196f5e4) Importer(815301076,1909f56bfc062723c751e8b465ee728b)
Start importing Assets/RTS Mini Legion Fantasy PBR/Mini Legion Undead PBR/Prefabs/Crossbowman MaskTint.prefab using Guid(e47f396cd9a0f0f4aa3fbbcce196f5e4) Importer(815301076,1909f56bfc062723c751e8b465ee728b)  -> (artifact id: '359844ba855a3ba1a629cb1bc279a359') in 0.238661 seconds 
========================================================================
Received Import Request.
  Time since last request: 0.000024 seconds.
  path: Assets/RTS Mini Legion Fantasy PBR/Mini Legion Undead PBR/Prefabs/Siege Engine Standard.prefab
  artifactKey: Guid(2c25958eb09592448af61051d080e4e1) Importer(815301076,1909f56bfc062723c751e8b465ee728b)
Start importing Assets/RTS Mini Legion Fantasy PBR/Mini Legion Undead PBR/Prefabs/Siege Engine Standard.prefab using Guid(2c25958eb09592448af61051d080e4e1) Importer(815301076,1909f56bfc062723c751e8b465ee728b)  -> (artifact id: '4d6157143a1cbc0b9be830ca794981d9') in 0.177576 seconds 
========================================================================
Received Import Request.
  Time since last request: 0.003390 seconds.
  path: Assets/RTS Mini Legion Fantasy PBR/Mini Legion Undead PBR/Prefabs/Slave MaskTint.prefab
  artifactKey: Guid(8fe57ef4fcb67104d8150a98836f76dc) Importer(815301076,1909f56bfc062723c751e8b465ee728b)
Start importing Assets/RTS Mini Legion Fantasy PBR/Mini Legion Undead PBR/Prefabs/Slave MaskTint.prefab using Guid(8fe57ef4fcb67104d8150a98836f76dc) Importer(815301076,1909f56bfc062723c751e8b465ee728b)  -> (artifact id: 'f31d7d197f959b929a34abbabdf7dbd2') in 0.222136 seconds 
========================================================================
Received Import Request.
  Time since last request: 0.000048 seconds.
  path: Assets/RTS Mini Legion Fantasy PBR/Mini Legion Undead PBR/Prefabs/Death Knight MaskTint.prefab
  artifactKey: Guid(e36239ac0ec30b84494983471da9c9bc) Importer(815301076,1909f56bfc062723c751e8b465ee728b)
Start importing Assets/RTS Mini Legion Fantasy PBR/Mini Legion Undead PBR/Prefabs/Death Knight MaskTint.prefab using Guid(e36239ac0ec30b84494983471da9c9bc) Importer(815301076,1909f56bfc062723c751e8b465ee728b)  -> (artifact id: '9703a1aa6d846337da292732cdbf3082') in 0.239176 seconds 
========================================================================
Received Import Request.
  Time since last request: 0.000033 seconds.
  path: Assets/RTS Mini Legion Fantasy PBR/Mini Legion Undead PBR/Prefabs/Gargolye MaskTint.prefab
  artifactKey: Guid(dde8a6acc4502834b936cc3c549070c1) Importer(815301076,1909f56bfc062723c751e8b465ee728b)
Start importing Assets/RTS Mini Legion Fantasy PBR/Mini Legion Undead PBR/Prefabs/Gargolye MaskTint.prefab using Guid(dde8a6acc4502834b936cc3c549070c1) Importer(815301076,1909f56bfc062723c751e8b465ee728b)  -> (artifact id: '22d2d015b750a389f752afe37a573443') in 0.198334 seconds 
========================================================================
Received Import Request.
  Time since last request: 265.057420 seconds.
  path: Assets/4. Image/Undead/Undead_Death Knight.png
  artifactKey: Guid(be7430bfa5ed6e045a7be6f24523010e) Importer(815301076,1909f56bfc062723c751e8b465ee728b)
Start importing Assets/4. Image/Undead/Undead_Death Knight.png using Guid(be7430bfa5ed6e045a7be6f24523010e) Importer(815301076,1909f56bfc062723c751e8b465ee728b)  -> (artifact id: 'dcffa3e75e7fdb8b4109573c60a4cc48') in 0.020433 seconds 
========================================================================
Received Import Request.
  Time since last request: 0.000026 seconds.
  path: Assets/4. Image/Undead/Undead_Siege Engine.png
  artifactKey: Guid(f95cb3c3fe663e34a958b115748d8711) Importer(815301076,1909f56bfc062723c751e8b465ee728b)
Start importing Assets/4. Image/Undead/Undead_Siege Engine.png using Guid(f95cb3c3fe663e34a958b115748d8711) Importer(815301076,1909f56bfc062723c751e8b465ee728b)  -> (artifact id: '6d1abc8394e3f533c9bd21f1734b2b29') in 0.016444 seconds 
========================================================================
Received Import Request.
  Time since last request: 0.000018 seconds.
  path: Assets/4. Image/Undead/Undead_Gargolye.png
  artifactKey: Guid(d1c965fa23d39dc4386efe29932b45a1) Importer(815301076,1909f56bfc062723c751e8b465ee728b)
Start importing Assets/4. Image/Undead/Undead_Gargolye.png using Guid(d1c965fa23d39dc4386efe29932b45a1) Importer(815301076,1909f56bfc062723c751e8b465ee728b)  -> (artifact id: 'fbd9a3ae7430027c6d987b0d9478b6c9') in 0.016947 seconds 
========================================================================
Received Import Request.
  Time since last request: 0.000019 seconds.
  path: Assets/4. Image/Undead/Undead_Death Rider.png
  artifactKey: Guid(becf2dc853fd6994da1f7b14f65e4a14) Importer(815301076,1909f56bfc062723c751e8b465ee728b)
Start importing Assets/4. Image/Undead/Undead_Death Rider.png using Guid(becf2dc853fd6994da1f7b14f65e4a14) Importer(815301076,1909f56bfc062723c751e8b465ee728b)  -> (artifact id: '43a352db14dc8b150a8219d124ed94f7') in 0.013774 seconds 
========================================================================
Received Import Request.
  Time since last request: 0.000045 seconds.
  path: Assets/4. Image/Undead/Undead_Skeleton.png
  artifactKey: Guid(baeea7d75389fbc41bb19ea73b511ef7) Importer(815301076,1909f56bfc062723c751e8b465ee728b)
Start importing Assets/4. Image/Undead/Undead_Skeleton.png using Guid(baeea7d75389fbc41bb19ea73b511ef7) Importer(815301076,1909f56bfc062723c751e8b465ee728b)  -> (artifact id: '511728b8f085edda679557a85b9cf2da') in 0.012441 seconds 
========================================================================
Received Import Request.
  Time since last request: 0.000018 seconds.
  path: Assets/4. Image/Undead/Undead_Lich.png
  artifactKey: Guid(e98f9f2fada5c2c45b5debd2d05e382b) Importer(815301076,1909f56bfc062723c751e8b465ee728b)
Start importing Assets/4. Image/Undead/Undead_Lich.png using Guid(e98f9f2fada5c2c45b5debd2d05e382b) Importer(815301076,1909f56bfc062723c751e8b465ee728b)  -> (artifact id: 'f8d07d5222ca42b314b3a2bb15991ba2') in 0.012764 seconds 
========================================================================
Received Import Request.
  Time since last request: 7.896656 seconds.
  path: Assets/4. Image/Undead/Undead_Death Knight.png
  artifactKey: Guid(be7430bfa5ed6e045a7be6f24523010e) Importer(815301076,1909f56bfc062723c751e8b465ee728b)
Start importing Assets/4. Image/Undead/Undead_Death Knight.png using Guid(be7430bfa5ed6e045a7be6f24523010e) Importer(815301076,1909f56bfc062723c751e8b465ee728b)  -> (artifact id: '856ede6b096d5532d7ef6bad4d5dc5c3') in 0.011851 seconds 
========================================================================
Received Import Request.
  Time since last request: 0.000026 seconds.
  path: Assets/4. Image/Undead/Undead_Siege Engine.png
  artifactKey: Guid(f95cb3c3fe663e34a958b115748d8711) Importer(815301076,1909f56bfc062723c751e8b465ee728b)
Start importing Assets/4. Image/Undead/Undead_Siege Engine.png using Guid(f95cb3c3fe663e34a958b115748d8711) Importer(815301076,1909f56bfc062723c751e8b465ee728b)  -> (artifact id: '186a1374e4864830b3a1875cd677b081') in 0.011597 seconds 
========================================================================
Received Import Request.
  Time since last request: 0.000033 seconds.
  path: Assets/4. Image/Undead/Undead_Skeleton.png
  artifactKey: Guid(baeea7d75389fbc41bb19ea73b511ef7) Importer(815301076,1909f56bfc062723c751e8b465ee728b)
Start importing Assets/4. Image/Undead/Undead_Skeleton.png using Guid(baeea7d75389fbc41bb19ea73b511ef7) Importer(815301076,1909f56bfc062723c751e8b465ee728b)  -> (artifact id: 'f9f534fa8eca67e4d606414140a2938d') in 0.012197 seconds 
========================================================================
Received Import Request.
  Time since last request: 0.000031 seconds.
  path: Assets/4. Image/Undead/Undead_Lich.png
  artifactKey: Guid(e98f9f2fada5c2c45b5debd2d05e382b) Importer(815301076,1909f56bfc062723c751e8b465ee728b)
Start importing Assets/4. Image/Undead/Undead_Lich.png using Guid(e98f9f2fada5c2c45b5debd2d05e382b) Importer(815301076,1909f56bfc062723c751e8b465ee728b)  -> (artifact id: '98aec3f353e0ffbaccd340aebea0b5aa') in 0.012187 seconds 
========================================================================
Received Prepare
Registering precompiled user dll's ...
Registered in 0.005135 seconds.
Begin MonoManager ReloadAssembly
Symbol file LoadedFromMemory doesn't match image C:\Users\alstn\Documents\GitHub\RTS-GAME\RTS GAME\Library\PackageCache\com.unity.visualscripting@1.7.8\Editor\VisualScripting.Core\Dependencies\YamlDotNet\Unity.VisualScripting.YamlDotNet.dll
Symbol file LoadedFromMemory doesn't match image C:\Users\alstn\Documents\GitHub\RTS-GAME\RTS GAME\Library\PackageCache\com.unity.visualscripting@1.7.8\Editor\VisualScripting.Core\Dependencies\DotNetZip\Unity.VisualScripting.IonicZip.dll
Native extension for WindowsStandalone target not found
Native extension for iOS target not found
Native extension for Android target not found
Refreshing native plugins compatible for Editor in 0.68 ms, found 3 plugins.
Preloading 0 native plugins for Editor in 0.00 ms.
Mono: successfully reloaded assembly
- Completed reload, in  0.884 seconds
Domain Reload Profiling:
	ReloadAssembly (885ms)
		BeginReloadAssembly (149ms)
			ExecutionOrderSort (0ms)
			DisableScriptedObjects (7ms)
			BackupInstance (0ms)
			ReleaseScriptingObjects (0ms)
			CreateAndSetChildDomain (57ms)
		EndReloadAssembly (656ms)
			LoadAssemblies (67ms)
			RebuildTransferFunctionScriptingTraits (0ms)
			SetupTypeCache (207ms)
			ReleaseScriptCaches (1ms)
			RebuildScriptCaches (34ms)
			SetupLoadedEditorAssemblies (307ms)
				LogAssemblyErrors (0ms)
				InitializePlatformSupportModulesInManaged (28ms)
				SetLoadedEditorAssemblies (1ms)
				RefreshPlugins (1ms)
				BeforeProcessingInitializeOnLoad (65ms)
				ProcessInitializeOnLoadAttributes (172ms)
				ProcessInitializeOnLoadMethodAttributes (32ms)
				AfterProcessingInitializeOnLoad (9ms)
				EditorAssembliesLoaded (0ms)
			ExecutionOrderSort2 (0ms)
			AwakeInstancesAfterBackupRestoration (6ms)
Platform modules already initialized, skipping
Refreshing native plugins compatible for Editor in 1.44 ms, found 3 plugins.
Preloading 0 native plugins for Editor in 0.00 ms.
Unloading 3511 Unused Serialized files (Serialized files now loaded: 0)
Unloading 18 unused Assets / (24.7 KB). Loaded Objects now: 4113.
Memory consumption went from 148.4 MB to 148.4 MB.
Total: 2.704400 ms (FindLiveObjects: 0.243200 ms CreateObjectMapping: 0.115200 ms MarkObjects: 2.290900 ms  DeleteObjects: 0.054400 ms)

AssetImportParameters requested are different than current active one (requested -> active):
  custom:video-decoder-ogg-theora: a1e56fd34408186e4bbccfd4996cb3dc -> 
  custom:container-muxer-webm: aa71ff27fc2769a1b78a27578f13a17b -> 
  custom:container-demuxer-webm: 4f35f7cbe854078d1ac9338744f61a02 -> 
  custom:video-encoder-webm-vp8: eb34c28f22e8b96e1ab97ce403110664 -> 
  custom:video-codec-MediaFoundation-h265: 746d11721c4dcdbdad8f713fa42b33f4 -> 
  custom:audio-encoder-webm-vorbis: bf7c407c2cedff20999df2af8eb42d56 -> 
  custom:framework-win-MediaFoundation: 216162199b28c13a410421893ffa2e32 -> 
  custom:container-demuxer-ogg: 62fdf1f143b41e24485cea50d1cbac27 -> 
  custom:video-decoder-webm-vp8: 9c59270c3fd7afecdb556c50c9e8de78 -> 
  custom:audio-decoder-ogg-vorbis: bf7c407c2cedff20999df2af8eb42d56 -> 
Editor requested this worker to shutdown with reason: Scaling down because of idle timeout
AssetImportWorker is now disconnected from the server
Process exiting
Exiting without the bug reporter. Application will terminate with return code 0